        -:    0:Source:/opt/homebrew/Cellar/gcc@12/12.4.0/include/c++/12/bits/stl_algo.h
        -:    0:Graph:/Users/vadimleonov/Desktop/плюсы/SQL_lib/cmake-build-debug-coverage/lib/googletest/googletest/CMakeFiles/gtest.dir/src/gtest-all.cc.gcno
        -:    0:Data:/Users/vadimleonov/Desktop/плюсы/SQL_lib/cmake-build-debug-coverage/lib/googletest/googletest/CMakeFiles/gtest.dir/src/gtest-all.cc.gcda
        -:    0:Runs:1
        -:    1:// Algorithm implementation -*- C++ -*-
        -:    2:
        -:    3:// Copyright (C) 2001-2022 Free Software Foundation, Inc.
        -:    4://
        -:    5:// This file is part of the GNU ISO C++ Library.  This library is free
        -:    6:// software; you can redistribute it and/or modify it under the
        -:    7:// terms of the GNU General Public License as published by the
        -:    8:// Free Software Foundation; either version 3, or (at your option)
        -:    9:// any later version.
        -:   10:
        -:   11:// This library is distributed in the hope that it will be useful,
        -:   12:// but WITHOUT ANY WARRANTY; without even the implied warranty of
        -:   13:// MERCHANTABILITY or FITNESS FOR A PARTICULAR PURPOSE.  See the
        -:   14:// GNU General Public License for more details.
        -:   15:
        -:   16:// Under Section 7 of GPL version 3, you are granted additional
        -:   17:// permissions described in the GCC Runtime Library Exception, version
        -:   18:// 3.1, as published by the Free Software Foundation.
        -:   19:
        -:   20:// You should have received a copy of the GNU General Public License and
        -:   21:// a copy of the GCC Runtime Library Exception along with this program;
        -:   22:// see the files COPYING3 and COPYING.RUNTIME respectively.  If not, see
        -:   23:// <http://www.gnu.org/licenses/>.
        -:   24:
        -:   25:/*
        -:   26: *
        -:   27: * Copyright (c) 1994
        -:   28: * Hewlett-Packard Company
        -:   29: *
        -:   30: * Permission to use, copy, modify, distribute and sell this software
        -:   31: * and its documentation for any purpose is hereby granted without fee,
        -:   32: * provided that the above copyright notice appear in all copies and
        -:   33: * that both that copyright notice and this permission notice appear
        -:   34: * in supporting documentation.  Hewlett-Packard Company makes no
        -:   35: * representations about the suitability of this software for any
        -:   36: * purpose.  It is provided "as is" without express or implied warranty.
        -:   37: *
        -:   38: *
        -:   39: * Copyright (c) 1996
        -:   40: * Silicon Graphics Computer Systems, Inc.
        -:   41: *
        -:   42: * Permission to use, copy, modify, distribute and sell this software
        -:   43: * and its documentation for any purpose is hereby granted without fee,
        -:   44: * provided that the above copyright notice appear in all copies and
        -:   45: * that both that copyright notice and this permission notice appear
        -:   46: * in supporting documentation.  Silicon Graphics makes no
        -:   47: * representations about the suitability of this software for any
        -:   48: * purpose.  It is provided "as is" without express or implied warranty.
        -:   49: */
        -:   50:
        -:   51:/** @file bits/stl_algo.h
        -:   52: *  This is an internal header file, included by other library headers.
        -:   53: *  Do not attempt to use it directly. @headername{algorithm}
        -:   54: */
        -:   55:
        -:   56:#ifndef _STL_ALGO_H
        -:   57:#define _STL_ALGO_H 1
        -:   58:
        -:   59:#include <bits/algorithmfwd.h>
        -:   60:#include <bits/stl_heap.h>
        -:   61:#include <bits/stl_tempbuf.h>  // for _Temporary_buffer
        -:   62:#include <bits/predefined_ops.h>
        -:   63:
        -:   64:#if __cplusplus >= 201103L
        -:   65:#include <bits/uniform_int_dist.h>
        -:   66:#endif
        -:   67:
        -:   68:#if _GLIBCXX_HOSTED && (__cplusplus <= 201103L || _GLIBCXX_USE_DEPRECATED)
        -:   69:#include <cstdlib>	     // for rand
        -:   70:#endif
        -:   71:
        -:   72:// See concept_check.h for the __glibcxx_*_requires macros.
        -:   73:
        -:   74:namespace std _GLIBCXX_VISIBILITY(default)
        -:   75:{
        -:   76:_GLIBCXX_BEGIN_NAMESPACE_VERSION
        -:   77:
        -:   78:  /// Swaps the median value of *__a, *__b and *__c under __comp to *__result
        -:   79:  template<typename _Iterator, typename _Compare>
        -:   80:    _GLIBCXX20_CONSTEXPR
        -:   81:    void
        -:   82:    __move_median_to_first(_Iterator __result,_Iterator __a, _Iterator __b,
        -:   83:			   _Iterator __c, _Compare __comp)
        -:   84:    {
        -:   85:      if (__comp(__a, __b))
        -:   86:	{
        -:   87:	  if (__comp(__b, __c))
        -:   88:	    std::iter_swap(__result, __b);
        -:   89:	  else if (__comp(__a, __c))
        -:   90:	    std::iter_swap(__result, __c);
        -:   91:	  else
        -:   92:	    std::iter_swap(__result, __a);
        -:   93:	}
        -:   94:      else if (__comp(__a, __c))
        -:   95:	std::iter_swap(__result, __a);
        -:   96:      else if (__comp(__b, __c))
        -:   97:	std::iter_swap(__result, __c);
        -:   98:      else
        -:   99:	std::iter_swap(__result, __b);
        -:  100:    }
        -:  101:
        -:  102:  /// Provided for stable_partition to use.
        -:  103:  template<typename _InputIterator, typename _Predicate>
        -:  104:    _GLIBCXX20_CONSTEXPR
        -:  105:    inline _InputIterator
        -:  106:    __find_if_not(_InputIterator __first, _InputIterator __last,
        -:  107:		  _Predicate __pred)
        -:  108:    {
        -:  109:      return std::__find_if(__first, __last,
        -:  110:			    __gnu_cxx::__ops::__negate(__pred),
        -:  111:			    std::__iterator_category(__first));
        -:  112:    }
        -:  113:
        -:  114:  /// Like find_if_not(), but uses and updates a count of the
        -:  115:  /// remaining range length instead of comparing against an end
        -:  116:  /// iterator.
        -:  117:  template<typename _InputIterator, typename _Predicate, typename _Distance>
        -:  118:    _GLIBCXX20_CONSTEXPR
        -:  119:    _InputIterator
        -:  120:    __find_if_not_n(_InputIterator __first, _Distance& __len, _Predicate __pred)
        -:  121:    {
        -:  122:      for (; __len; --__len,  (void) ++__first)
        -:  123:	if (!__pred(__first))
        -:  124:	  break;
        -:  125:      return __first;
        -:  126:    }
        -:  127:
        -:  128:  // set_difference
        -:  129:  // set_intersection
        -:  130:  // set_symmetric_difference
        -:  131:  // set_union
        -:  132:  // for_each
        -:  133:  // find
        -:  134:  // find_if
        -:  135:  // find_first_of
        -:  136:  // adjacent_find
        -:  137:  // count
        -:  138:  // count_if
        -:  139:  // search
        -:  140:
        -:  141:  template<typename _ForwardIterator1, typename _ForwardIterator2,
        -:  142:	   typename _BinaryPredicate>
        -:  143:    _GLIBCXX20_CONSTEXPR
        -:  144:    _ForwardIterator1
        -:  145:    __search(_ForwardIterator1 __first1, _ForwardIterator1 __last1,
        -:  146:	     _ForwardIterator2 __first2, _ForwardIterator2 __last2,
        -:  147:	     _BinaryPredicate  __predicate)
        -:  148:    {
        -:  149:      // Test for empty ranges
        -:  150:      if (__first1 == __last1 || __first2 == __last2)
        -:  151:	return __first1;
        -:  152:
        -:  153:      // Test for a pattern of length 1.
        -:  154:      _ForwardIterator2 __p1(__first2);
        -:  155:      if (++__p1 == __last2)
        -:  156:	return std::__find_if(__first1, __last1,
        -:  157:		__gnu_cxx::__ops::__iter_comp_iter(__predicate, __first2));
        -:  158:
        -:  159:      // General case.
        -:  160:      _ForwardIterator1 __current = __first1;
        -:  161:
        -:  162:      for (;;)
        -:  163:	{
        -:  164:	  __first1 =
        -:  165:	    std::__find_if(__first1, __last1,
        -:  166:		__gnu_cxx::__ops::__iter_comp_iter(__predicate, __first2));
        -:  167:
        -:  168:	  if (__first1 == __last1)
        -:  169:	    return __last1;
        -:  170:
        -:  171:	  _ForwardIterator2 __p = __p1;
        -:  172:	  __current = __first1;
        -:  173:	  if (++__current == __last1)
        -:  174:	    return __last1;
        -:  175:
        -:  176:	  while (__predicate(__current, __p))
        -:  177:	    {
        -:  178:	      if (++__p == __last2)
        -:  179:		return __first1;
        -:  180:	      if (++__current == __last1)
        -:  181:		return __last1;
        -:  182:	    }
        -:  183:	  ++__first1;
        -:  184:	}
        -:  185:      return __first1;
        -:  186:    }
        -:  187:
        -:  188:  // search_n
        -:  189:
        -:  190:  /**
        -:  191:   *  This is an helper function for search_n overloaded for forward iterators.
        -:  192:  */
        -:  193:  template<typename _ForwardIterator, typename _Integer,
        -:  194:	   typename _UnaryPredicate>
        -:  195:    _GLIBCXX20_CONSTEXPR
        -:  196:    _ForwardIterator
        -:  197:    __search_n_aux(_ForwardIterator __first, _ForwardIterator __last,
        -:  198:		   _Integer __count, _UnaryPredicate __unary_pred,
        -:  199:		   std::forward_iterator_tag)
        -:  200:    {
        -:  201:      __first = std::__find_if(__first, __last, __unary_pred);
        -:  202:      while (__first != __last)
        -:  203:	{
        -:  204:	  typename iterator_traits<_ForwardIterator>::difference_type
        -:  205:	    __n = __count;
        -:  206:	  _ForwardIterator __i = __first;
        -:  207:	  ++__i;
        -:  208:	  while (__i != __last && __n != 1 && __unary_pred(__i))
        -:  209:	    {
        -:  210:	      ++__i;
        -:  211:	      --__n;
        -:  212:	    }
        -:  213:	  if (__n == 1)
        -:  214:	    return __first;
        -:  215:	  if (__i == __last)
        -:  216:	    return __last;
        -:  217:	  __first = std::__find_if(++__i, __last, __unary_pred);
        -:  218:	}
        -:  219:      return __last;
        -:  220:    }
        -:  221:
        -:  222:  /**
        -:  223:   *  This is an helper function for search_n overloaded for random access
        -:  224:   *  iterators.
        -:  225:  */
        -:  226:  template<typename _RandomAccessIter, typename _Integer,
        -:  227:	   typename _UnaryPredicate>
        -:  228:    _GLIBCXX20_CONSTEXPR
        -:  229:    _RandomAccessIter
        -:  230:    __search_n_aux(_RandomAccessIter __first, _RandomAccessIter __last,
        -:  231:		   _Integer __count, _UnaryPredicate __unary_pred,
        -:  232:		   std::random_access_iterator_tag)
        -:  233:    {
        -:  234:      typedef typename std::iterator_traits<_RandomAccessIter>::difference_type
        -:  235:	_DistanceType;
        -:  236:
        -:  237:      _DistanceType __tailSize = __last - __first;
        -:  238:      _DistanceType __remainder = __count;
        -:  239:
        -:  240:      while (__remainder <= __tailSize) // the main loop...
        -:  241:	{
        -:  242:	  __first += __remainder;
        -:  243:	  __tailSize -= __remainder;
        -:  244:	  // __first here is always pointing to one past the last element of
        -:  245:	  // next possible match.
        -:  246:	  _RandomAccessIter __backTrack = __first; 
        -:  247:	  while (__unary_pred(--__backTrack))
        -:  248:	    {
        -:  249:	      if (--__remainder == 0)
        -:  250:		return (__first - __count); // Success
        -:  251:	    }
        -:  252:	  __remainder = __count + 1 - (__first - __backTrack);
        -:  253:	}
        -:  254:      return __last; // Failure
        -:  255:    }
        -:  256:
        -:  257:  template<typename _ForwardIterator, typename _Integer,
        -:  258:	   typename _UnaryPredicate>
        -:  259:    _GLIBCXX20_CONSTEXPR
        -:  260:    _ForwardIterator
        -:  261:    __search_n(_ForwardIterator __first, _ForwardIterator __last,
        -:  262:	       _Integer __count,
        -:  263:	       _UnaryPredicate __unary_pred)
        -:  264:    {
        -:  265:      if (__count <= 0)
        -:  266:	return __first;
        -:  267:
        -:  268:      if (__count == 1)
        -:  269:	return std::__find_if(__first, __last, __unary_pred);
        -:  270:
        -:  271:      return std::__search_n_aux(__first, __last, __count, __unary_pred,
        -:  272:				 std::__iterator_category(__first));
        -:  273:    }
        -:  274:
        -:  275:  // find_end for forward iterators.
        -:  276:  template<typename _ForwardIterator1, typename _ForwardIterator2,
        -:  277:	   typename _BinaryPredicate>
        -:  278:    _GLIBCXX20_CONSTEXPR
        -:  279:    _ForwardIterator1
        -:  280:    __find_end(_ForwardIterator1 __first1, _ForwardIterator1 __last1,
        -:  281:	       _ForwardIterator2 __first2, _ForwardIterator2 __last2,
        -:  282:	       forward_iterator_tag, forward_iterator_tag,
        -:  283:	       _BinaryPredicate __comp)
        -:  284:    {
        -:  285:      if (__first2 == __last2)
        -:  286:	return __last1;
        -:  287:
        -:  288:      _ForwardIterator1 __result = __last1;
        -:  289:      while (1)
        -:  290:	{
        -:  291:	  _ForwardIterator1 __new_result
        -:  292:	    = std::__search(__first1, __last1, __first2, __last2, __comp);
        -:  293:	  if (__new_result == __last1)
        -:  294:	    return __result;
        -:  295:	  else
        -:  296:	    {
        -:  297:	      __result = __new_result;
        -:  298:	      __first1 = __new_result;
        -:  299:	      ++__first1;
        -:  300:	    }
        -:  301:	}
        -:  302:    }
        -:  303:
        -:  304:  // find_end for bidirectional iterators (much faster).
        -:  305:  template<typename _BidirectionalIterator1, typename _BidirectionalIterator2,
        -:  306:	   typename _BinaryPredicate>
        -:  307:    _GLIBCXX20_CONSTEXPR
        -:  308:    _BidirectionalIterator1
        -:  309:    __find_end(_BidirectionalIterator1 __first1,
        -:  310:	       _BidirectionalIterator1 __last1,
        -:  311:	       _BidirectionalIterator2 __first2,
        -:  312:	       _BidirectionalIterator2 __last2,
        -:  313:	       bidirectional_iterator_tag, bidirectional_iterator_tag,
        -:  314:	       _BinaryPredicate __comp)
        -:  315:    {
        -:  316:      // concept requirements
        -:  317:      __glibcxx_function_requires(_BidirectionalIteratorConcept<
        -:  318:				  _BidirectionalIterator1>)
        -:  319:      __glibcxx_function_requires(_BidirectionalIteratorConcept<
        -:  320:				  _BidirectionalIterator2>)
        -:  321:
        -:  322:      typedef reverse_iterator<_BidirectionalIterator1> _RevIterator1;
        -:  323:      typedef reverse_iterator<_BidirectionalIterator2> _RevIterator2;
        -:  324:
        -:  325:      _RevIterator1 __rlast1(__first1);
        -:  326:      _RevIterator2 __rlast2(__first2);
        -:  327:      _RevIterator1 __rresult = std::__search(_RevIterator1(__last1), __rlast1,
        -:  328:					      _RevIterator2(__last2), __rlast2,
        -:  329:					      __comp);
        -:  330:
        -:  331:      if (__rresult == __rlast1)
        -:  332:	return __last1;
        -:  333:      else
        -:  334:	{
        -:  335:	  _BidirectionalIterator1 __result = __rresult.base();
        -:  336:	  std::advance(__result, -std::distance(__first2, __last2));
        -:  337:	  return __result;
        -:  338:	}
        -:  339:    }
        -:  340:
        -:  341:  /**
        -:  342:   *  @brief  Find last matching subsequence in a sequence.
        -:  343:   *  @ingroup non_mutating_algorithms
        -:  344:   *  @param  __first1  Start of range to search.
        -:  345:   *  @param  __last1   End of range to search.
        -:  346:   *  @param  __first2  Start of sequence to match.
        -:  347:   *  @param  __last2   End of sequence to match.
        -:  348:   *  @return   The last iterator @c i in the range
        -:  349:   *  @p [__first1,__last1-(__last2-__first2)) such that @c *(i+N) ==
        -:  350:   *  @p *(__first2+N) for each @c N in the range @p
        -:  351:   *  [0,__last2-__first2), or @p __last1 if no such iterator exists.
        -:  352:   *
        -:  353:   *  Searches the range @p [__first1,__last1) for a sub-sequence that
        -:  354:   *  compares equal value-by-value with the sequence given by @p
        -:  355:   *  [__first2,__last2) and returns an iterator to the __first
        -:  356:   *  element of the sub-sequence, or @p __last1 if the sub-sequence
        -:  357:   *  is not found.  The sub-sequence will be the last such
        -:  358:   *  subsequence contained in [__first1,__last1).
        -:  359:   *
        -:  360:   *  Because the sub-sequence must lie completely within the range @p
        -:  361:   *  [__first1,__last1) it must start at a position less than @p
        -:  362:   *  __last1-(__last2-__first2) where @p __last2-__first2 is the
        -:  363:   *  length of the sub-sequence.  This means that the returned
        -:  364:   *  iterator @c i will be in the range @p
        -:  365:   *  [__first1,__last1-(__last2-__first2))
        -:  366:  */
        -:  367:  template<typename _ForwardIterator1, typename _ForwardIterator2>
        -:  368:    _GLIBCXX20_CONSTEXPR
        -:  369:    inline _ForwardIterator1
        -:  370:    find_end(_ForwardIterator1 __first1, _ForwardIterator1 __last1,
        -:  371:	     _ForwardIterator2 __first2, _ForwardIterator2 __last2)
        -:  372:    {
        -:  373:      // concept requirements
        -:  374:      __glibcxx_function_requires(_ForwardIteratorConcept<_ForwardIterator1>)
        -:  375:      __glibcxx_function_requires(_ForwardIteratorConcept<_ForwardIterator2>)
        -:  376:      __glibcxx_function_requires(_EqualOpConcept<
        -:  377:	    typename iterator_traits<_ForwardIterator1>::value_type,
        -:  378:	    typename iterator_traits<_ForwardIterator2>::value_type>)
        -:  379:      __glibcxx_requires_valid_range(__first1, __last1);
        -:  380:      __glibcxx_requires_valid_range(__first2, __last2);
        -:  381:
        -:  382:      return std::__find_end(__first1, __last1, __first2, __last2,
        -:  383:			     std::__iterator_category(__first1),
        -:  384:			     std::__iterator_category(__first2),
        -:  385:			     __gnu_cxx::__ops::__iter_equal_to_iter());
        -:  386:    }
        -:  387:
        -:  388:  /**
        -:  389:   *  @brief  Find last matching subsequence in a sequence using a predicate.
        -:  390:   *  @ingroup non_mutating_algorithms
        -:  391:   *  @param  __first1  Start of range to search.
        -:  392:   *  @param  __last1   End of range to search.
        -:  393:   *  @param  __first2  Start of sequence to match.
        -:  394:   *  @param  __last2   End of sequence to match.
        -:  395:   *  @param  __comp    The predicate to use.
        -:  396:   *  @return The last iterator @c i in the range @p
        -:  397:   *  [__first1,__last1-(__last2-__first2)) such that @c
        -:  398:   *  predicate(*(i+N), @p (__first2+N)) is true for each @c N in the
        -:  399:   *  range @p [0,__last2-__first2), or @p __last1 if no such iterator
        -:  400:   *  exists.
        -:  401:   *
        -:  402:   *  Searches the range @p [__first1,__last1) for a sub-sequence that
        -:  403:   *  compares equal value-by-value with the sequence given by @p
        -:  404:   *  [__first2,__last2) using comp as a predicate and returns an
        -:  405:   *  iterator to the first element of the sub-sequence, or @p __last1
        -:  406:   *  if the sub-sequence is not found.  The sub-sequence will be the
        -:  407:   *  last such subsequence contained in [__first,__last1).
        -:  408:   *
        -:  409:   *  Because the sub-sequence must lie completely within the range @p
        -:  410:   *  [__first1,__last1) it must start at a position less than @p
        -:  411:   *  __last1-(__last2-__first2) where @p __last2-__first2 is the
        -:  412:   *  length of the sub-sequence.  This means that the returned
        -:  413:   *  iterator @c i will be in the range @p
        -:  414:   *  [__first1,__last1-(__last2-__first2))
        -:  415:  */
        -:  416:  template<typename _ForwardIterator1, typename _ForwardIterator2,
        -:  417:	   typename _BinaryPredicate>
        -:  418:    _GLIBCXX20_CONSTEXPR
        -:  419:    inline _ForwardIterator1
        -:  420:    find_end(_ForwardIterator1 __first1, _ForwardIterator1 __last1,
        -:  421:	     _ForwardIterator2 __first2, _ForwardIterator2 __last2,
        -:  422:	     _BinaryPredicate __comp)
        -:  423:    {
        -:  424:      // concept requirements
        -:  425:      __glibcxx_function_requires(_ForwardIteratorConcept<_ForwardIterator1>)
        -:  426:      __glibcxx_function_requires(_ForwardIteratorConcept<_ForwardIterator2>)
        -:  427:      __glibcxx_function_requires(_BinaryPredicateConcept<_BinaryPredicate,
        -:  428:	    typename iterator_traits<_ForwardIterator1>::value_type,
        -:  429:	    typename iterator_traits<_ForwardIterator2>::value_type>)
        -:  430:      __glibcxx_requires_valid_range(__first1, __last1);
        -:  431:      __glibcxx_requires_valid_range(__first2, __last2);
        -:  432:
        -:  433:      return std::__find_end(__first1, __last1, __first2, __last2,
        -:  434:			     std::__iterator_category(__first1),
        -:  435:			     std::__iterator_category(__first2),
        -:  436:			     __gnu_cxx::__ops::__iter_comp_iter(__comp));
        -:  437:    }
        -:  438:
        -:  439:#if __cplusplus >= 201103L
        -:  440:  /**
        -:  441:   *  @brief  Checks that a predicate is true for all the elements
        -:  442:   *          of a sequence.
        -:  443:   *  @ingroup non_mutating_algorithms
        -:  444:   *  @param  __first   An input iterator.
        -:  445:   *  @param  __last    An input iterator.
        -:  446:   *  @param  __pred    A predicate.
        -:  447:   *  @return  True if the check is true, false otherwise.
        -:  448:   *
        -:  449:   *  Returns true if @p __pred is true for each element in the range
        -:  450:   *  @p [__first,__last), and false otherwise.
        -:  451:  */
        -:  452:  template<typename _InputIterator, typename _Predicate>
        -:  453:    _GLIBCXX20_CONSTEXPR
        -:  454:    inline bool
        -:  455:    all_of(_InputIterator __first, _InputIterator __last, _Predicate __pred)
        -:  456:    { return __last == std::find_if_not(__first, __last, __pred); }
        -:  457:
        -:  458:  /**
        -:  459:   *  @brief  Checks that a predicate is false for all the elements
        -:  460:   *          of a sequence.
        -:  461:   *  @ingroup non_mutating_algorithms
        -:  462:   *  @param  __first   An input iterator.
        -:  463:   *  @param  __last    An input iterator.
        -:  464:   *  @param  __pred    A predicate.
        -:  465:   *  @return  True if the check is true, false otherwise.
        -:  466:   *
        -:  467:   *  Returns true if @p __pred is false for each element in the range
        -:  468:   *  @p [__first,__last), and false otherwise.
        -:  469:  */
        -:  470:  template<typename _InputIterator, typename _Predicate>
        -:  471:    _GLIBCXX20_CONSTEXPR
        -:  472:    inline bool
       13:  473:    none_of(_InputIterator __first, _InputIterator __last, _Predicate __pred)
       13:  474:    { return __last == _GLIBCXX_STD_A::find_if(__first, __last, __pred); }
------------------
_ZSt7none_ofIN9__gnu_cxx17__normal_iteratorIPKNSt7__cxx1112basic_stringIcSt11char_traitsIcESaIcEEESt6vectorIS7_SaIS7_EEEEZNK7testing8internal12_GLOBAL__N_114UnitTestFilter11MatchesNameERS8_EUlSI_E_EbT_SK_T0_:
function _ZSt7none_ofIN9__gnu_cxx17__normal_iteratorIPKNSt7__cxx1112basic_stringIcSt11char_traitsIcESaIcEEESt6vectorIS7_SaIS7_EEEEZNK7testing8internal12_GLOBAL__N_114UnitTestFilter11MatchesNameERS8_EUlSI_E_EbT_SK_T0_ called 4 returned 100% blocks executed 100%
        4:  473:    none_of(_InputIterator __first, _InputIterator __last, _Predicate __pred)
        4:  474:    { return __last == _GLIBCXX_STD_A::find_if(__first, __last, __pred); }
        4:  474-block  0
call    0 returned 4
branch  1 taken 4 (fallthrough)
branch  2 taken 0 (throw)
        4:  474-block  1
call    3 returned 4
        4:  474-block  2
------------------
_ZSt7none_ofIN9__gnu_cxx17__normal_iteratorIPKcNSt7__cxx1112basic_stringIcSt11char_traitsIcESaIcEEEEEZN7testing8internal12_GLOBAL__N_113IsGlobPatternERKS9_EUlcE_EbT_SH_T0_:
function _ZSt7none_ofIN9__gnu_cxx17__normal_iteratorIPKcNSt7__cxx1112basic_stringIcSt11char_traitsIcESaIcEEEEEZN7testing8internal12_GLOBAL__N_113IsGlobPatternERKS9_EUlcE_EbT_SH_T0_ called 9 returned 100% blocks executed 100%
        9:  473:    none_of(_InputIterator __first, _InputIterator __last, _Predicate __pred)
        9:  474:    { return __last == _GLIBCXX_STD_A::find_if(__first, __last, __pred); }
        9:  474-block  0
call    0 returned 9
branch  1 taken 9 (fallthrough)
branch  2 taken 0 (throw)
        9:  474-block  1
call    3 returned 9
        9:  474-block  2
------------------
        -:  475:
        -:  476:  /**
        -:  477:   *  @brief  Checks that a predicate is true for at least one element
        -:  478:   *          of a sequence.
        -:  479:   *  @ingroup non_mutating_algorithms
        -:  480:   *  @param  __first   An input iterator.
        -:  481:   *  @param  __last    An input iterator.
        -:  482:   *  @param  __pred    A predicate.
        -:  483:   *  @return  True if the check is true, false otherwise.
        -:  484:   *
        -:  485:   *  Returns true if an element exists in the range @p
        -:  486:   *  [__first,__last) such that @p __pred is true, and false
        -:  487:   *  otherwise.
        -:  488:  */
        -:  489:  template<typename _InputIterator, typename _Predicate>
        -:  490:    _GLIBCXX20_CONSTEXPR
        -:  491:    inline bool
       13:  492:    any_of(_InputIterator __first, _InputIterator __last, _Predicate __pred)
       13:  493:    { return !std::none_of(__first, __last, __pred); }
------------------
_ZSt6any_ofIN9__gnu_cxx17__normal_iteratorIPKNSt7__cxx1112basic_stringIcSt11char_traitsIcESaIcEEESt6vectorIS7_SaIS7_EEEEZNK7testing8internal12_GLOBAL__N_114UnitTestFilter11MatchesNameERS8_EUlSI_E_EbT_SK_T0_:
function _ZSt6any_ofIN9__gnu_cxx17__normal_iteratorIPKNSt7__cxx1112basic_stringIcSt11char_traitsIcESaIcEEESt6vectorIS7_SaIS7_EEEEZNK7testing8internal12_GLOBAL__N_114UnitTestFilter11MatchesNameERS8_EUlSI_E_EbT_SK_T0_ called 4 returned 100% blocks executed 100%
        4:  492:    any_of(_InputIterator __first, _InputIterator __last, _Predicate __pred)
        4:  493:    { return !std::none_of(__first, __last, __pred); }
        4:  493-block  0
call    0 returned 4
------------------
_ZSt6any_ofIN9__gnu_cxx17__normal_iteratorIPKcNSt7__cxx1112basic_stringIcSt11char_traitsIcESaIcEEEEEZN7testing8internal12_GLOBAL__N_113IsGlobPatternERKS9_EUlcE_EbT_SH_T0_:
function _ZSt6any_ofIN9__gnu_cxx17__normal_iteratorIPKcNSt7__cxx1112basic_stringIcSt11char_traitsIcESaIcEEEEEZN7testing8internal12_GLOBAL__N_113IsGlobPatternERKS9_EUlcE_EbT_SH_T0_ called 9 returned 100% blocks executed 100%
        9:  492:    any_of(_InputIterator __first, _InputIterator __last, _Predicate __pred)
        9:  493:    { return !std::none_of(__first, __last, __pred); }
        9:  493-block  0
call    0 returned 9
------------------
        -:  494:
        -:  495:  /**
        -:  496:   *  @brief  Find the first element in a sequence for which a
        -:  497:   *          predicate is false.
        -:  498:   *  @ingroup non_mutating_algorithms
        -:  499:   *  @param  __first  An input iterator.
        -:  500:   *  @param  __last   An input iterator.
        -:  501:   *  @param  __pred   A predicate.
        -:  502:   *  @return   The first iterator @c i in the range @p [__first,__last)
        -:  503:   *  such that @p __pred(*i) is false, or @p __last if no such iterator exists.
        -:  504:  */
        -:  505:  template<typename _InputIterator, typename _Predicate>
        -:  506:    _GLIBCXX20_CONSTEXPR
        -:  507:    inline _InputIterator
        -:  508:    find_if_not(_InputIterator __first, _InputIterator __last,
        -:  509:		_Predicate __pred)
        -:  510:    {
        -:  511:      // concept requirements
        -:  512:      __glibcxx_function_requires(_InputIteratorConcept<_InputIterator>)
        -:  513:      __glibcxx_function_requires(_UnaryPredicateConcept<_Predicate,
        -:  514:	      typename iterator_traits<_InputIterator>::value_type>)
        -:  515:      __glibcxx_requires_valid_range(__first, __last);
        -:  516:      return std::__find_if_not(__first, __last,
        -:  517:				__gnu_cxx::__ops::__pred_iter(__pred));
        -:  518:    }
        -:  519:
        -:  520:  /**
        -:  521:   *  @brief  Checks whether the sequence is partitioned.
        -:  522:   *  @ingroup mutating_algorithms
        -:  523:   *  @param  __first  An input iterator.
        -:  524:   *  @param  __last   An input iterator.
        -:  525:   *  @param  __pred   A predicate.
        -:  526:   *  @return  True if the range @p [__first,__last) is partioned by @p __pred,
        -:  527:   *  i.e. if all elements that satisfy @p __pred appear before those that
        -:  528:   *  do not.
        -:  529:  */
        -:  530:  template<typename _InputIterator, typename _Predicate>
        -:  531:    _GLIBCXX20_CONSTEXPR
        -:  532:    inline bool
        -:  533:    is_partitioned(_InputIterator __first, _InputIterator __last,
        -:  534:		   _Predicate __pred)
        -:  535:    {
        -:  536:      __first = std::find_if_not(__first, __last, __pred);
        -:  537:      if (__first == __last)
        -:  538:	return true;
        -:  539:      ++__first;
        -:  540:      return std::none_of(__first, __last, __pred);
        -:  541:    }
        -:  542:
        -:  543:  /**
        -:  544:   *  @brief  Find the partition point of a partitioned range.
        -:  545:   *  @ingroup mutating_algorithms
        -:  546:   *  @param  __first   An iterator.
        -:  547:   *  @param  __last    Another iterator.
        -:  548:   *  @param  __pred    A predicate.
        -:  549:   *  @return  An iterator @p mid such that @p all_of(__first, mid, __pred)
        -:  550:   *           and @p none_of(mid, __last, __pred) are both true.
        -:  551:  */
        -:  552:  template<typename _ForwardIterator, typename _Predicate>
        -:  553:    _GLIBCXX20_CONSTEXPR
        -:  554:    _ForwardIterator
        -:  555:    partition_point(_ForwardIterator __first, _ForwardIterator __last,
        -:  556:		    _Predicate __pred)
        -:  557:    {
        -:  558:      // concept requirements
        -:  559:      __glibcxx_function_requires(_ForwardIteratorConcept<_ForwardIterator>)
        -:  560:      __glibcxx_function_requires(_UnaryPredicateConcept<_Predicate,
        -:  561:	      typename iterator_traits<_ForwardIterator>::value_type>)
        -:  562:
        -:  563:      // A specific debug-mode test will be necessary...
        -:  564:      __glibcxx_requires_valid_range(__first, __last);
        -:  565:
        -:  566:      typedef typename iterator_traits<_ForwardIterator>::difference_type
        -:  567:	_DistanceType;
        -:  568:
        -:  569:      _DistanceType __len = std::distance(__first, __last);
        -:  570:
        -:  571:      while (__len > 0)
        -:  572:	{
        -:  573:	  _DistanceType __half = __len >> 1;
        -:  574:	  _ForwardIterator __middle = __first;
        -:  575:	  std::advance(__middle, __half);
        -:  576:	  if (__pred(*__middle))
        -:  577:	    {
        -:  578:	      __first = __middle;
        -:  579:	      ++__first;
        -:  580:	      __len = __len - __half - 1;
        -:  581:	    }
        -:  582:	  else
        -:  583:	    __len = __half;
        -:  584:	}
        -:  585:      return __first;
        -:  586:    }
        -:  587:#endif
        -:  588:
        -:  589:  template<typename _InputIterator, typename _OutputIterator,
        -:  590:	   typename _Predicate>
        -:  591:    _GLIBCXX20_CONSTEXPR
        -:  592:    _OutputIterator
        -:  593:    __remove_copy_if(_InputIterator __first, _InputIterator __last,
        -:  594:		     _OutputIterator __result, _Predicate __pred)
        -:  595:    {
        -:  596:      for (; __first != __last; ++__first)
        -:  597:	if (!__pred(__first))
        -:  598:	  {
        -:  599:	    *__result = *__first;
        -:  600:	    ++__result;
        -:  601:	  }
        -:  602:      return __result;
        -:  603:    }
        -:  604:
        -:  605:  /**
        -:  606:   *  @brief Copy a sequence, removing elements of a given value.
        -:  607:   *  @ingroup mutating_algorithms
        -:  608:   *  @param  __first   An input iterator.
        -:  609:   *  @param  __last    An input iterator.
        -:  610:   *  @param  __result  An output iterator.
        -:  611:   *  @param  __value   The value to be removed.
        -:  612:   *  @return   An iterator designating the end of the resulting sequence.
        -:  613:   *
        -:  614:   *  Copies each element in the range @p [__first,__last) not equal
        -:  615:   *  to @p __value to the range beginning at @p __result.
        -:  616:   *  remove_copy() is stable, so the relative order of elements that
        -:  617:   *  are copied is unchanged.
        -:  618:  */
        -:  619:  template<typename _InputIterator, typename _OutputIterator, typename _Tp>
        -:  620:    _GLIBCXX20_CONSTEXPR
        -:  621:    inline _OutputIterator
        -:  622:    remove_copy(_InputIterator __first, _InputIterator __last,
        -:  623:		_OutputIterator __result, const _Tp& __value)
        -:  624:    {
        -:  625:      // concept requirements
        -:  626:      __glibcxx_function_requires(_InputIteratorConcept<_InputIterator>)
        -:  627:      __glibcxx_function_requires(_OutputIteratorConcept<_OutputIterator,
        -:  628:	    typename iterator_traits<_InputIterator>::value_type>)
        -:  629:      __glibcxx_function_requires(_EqualOpConcept<
        -:  630:	    typename iterator_traits<_InputIterator>::value_type, _Tp>)
        -:  631:      __glibcxx_requires_valid_range(__first, __last);
        -:  632:
        -:  633:      return std::__remove_copy_if(__first, __last, __result,
        -:  634:	__gnu_cxx::__ops::__iter_equals_val(__value));
        -:  635:    }
        -:  636:
        -:  637:  /**
        -:  638:   *  @brief Copy a sequence, removing elements for which a predicate is true.
        -:  639:   *  @ingroup mutating_algorithms
        -:  640:   *  @param  __first   An input iterator.
        -:  641:   *  @param  __last    An input iterator.
        -:  642:   *  @param  __result  An output iterator.
        -:  643:   *  @param  __pred    A predicate.
        -:  644:   *  @return   An iterator designating the end of the resulting sequence.
        -:  645:   *
        -:  646:   *  Copies each element in the range @p [__first,__last) for which
        -:  647:   *  @p __pred returns false to the range beginning at @p __result.
        -:  648:   *
        -:  649:   *  remove_copy_if() is stable, so the relative order of elements that are
        -:  650:   *  copied is unchanged.
        -:  651:  */
        -:  652:  template<typename _InputIterator, typename _OutputIterator,
        -:  653:	   typename _Predicate>
        -:  654:    _GLIBCXX20_CONSTEXPR
        -:  655:    inline _OutputIterator
        -:  656:    remove_copy_if(_InputIterator __first, _InputIterator __last,
        -:  657:		   _OutputIterator __result, _Predicate __pred)
        -:  658:    {
        -:  659:      // concept requirements
        -:  660:      __glibcxx_function_requires(_InputIteratorConcept<_InputIterator>)
        -:  661:      __glibcxx_function_requires(_OutputIteratorConcept<_OutputIterator,
        -:  662:	    typename iterator_traits<_InputIterator>::value_type>)
        -:  663:      __glibcxx_function_requires(_UnaryPredicateConcept<_Predicate,
        -:  664:	    typename iterator_traits<_InputIterator>::value_type>)
        -:  665:      __glibcxx_requires_valid_range(__first, __last);
        -:  666:
        -:  667:      return std::__remove_copy_if(__first, __last, __result,
        -:  668:				   __gnu_cxx::__ops::__pred_iter(__pred));
        -:  669:    }
        -:  670:
        -:  671:#if __cplusplus >= 201103L
        -:  672:  /**
        -:  673:   *  @brief Copy the elements of a sequence for which a predicate is true.
        -:  674:   *  @ingroup mutating_algorithms
        -:  675:   *  @param  __first   An input iterator.
        -:  676:   *  @param  __last    An input iterator.
        -:  677:   *  @param  __result  An output iterator.
        -:  678:   *  @param  __pred    A predicate.
        -:  679:   *  @return   An iterator designating the end of the resulting sequence.
        -:  680:   *
        -:  681:   *  Copies each element in the range @p [__first,__last) for which
        -:  682:   *  @p __pred returns true to the range beginning at @p __result.
        -:  683:   *
        -:  684:   *  copy_if() is stable, so the relative order of elements that are
        -:  685:   *  copied is unchanged.
        -:  686:  */
        -:  687:  template<typename _InputIterator, typename _OutputIterator,
        -:  688:	   typename _Predicate>
        -:  689:    _GLIBCXX20_CONSTEXPR
        -:  690:    _OutputIterator
        -:  691:    copy_if(_InputIterator __first, _InputIterator __last,
        -:  692:	    _OutputIterator __result, _Predicate __pred)
        -:  693:    {
        -:  694:      // concept requirements
        -:  695:      __glibcxx_function_requires(_InputIteratorConcept<_InputIterator>)
        -:  696:      __glibcxx_function_requires(_OutputIteratorConcept<_OutputIterator,
        -:  697:	    typename iterator_traits<_InputIterator>::value_type>)
        -:  698:      __glibcxx_function_requires(_UnaryPredicateConcept<_Predicate,
        -:  699:	    typename iterator_traits<_InputIterator>::value_type>)
        -:  700:      __glibcxx_requires_valid_range(__first, __last);
        -:  701:
        -:  702:      for (; __first != __last; ++__first)
        -:  703:	if (__pred(*__first))
        -:  704:	  {
        -:  705:	    *__result = *__first;
        -:  706:	    ++__result;
        -:  707:	  }
        -:  708:      return __result;
        -:  709:    }
        -:  710:
        -:  711:  template<typename _InputIterator, typename _Size, typename _OutputIterator>
        -:  712:    _GLIBCXX20_CONSTEXPR
        -:  713:    _OutputIterator
        -:  714:    __copy_n(_InputIterator __first, _Size __n,
        -:  715:	     _OutputIterator __result, input_iterator_tag)
        -:  716:    {
        -:  717:      return std::__niter_wrap(__result,
        -:  718:			       __copy_n_a(__first, __n,
        -:  719:					  std::__niter_base(__result), true));
        -:  720:    }
        -:  721:
        -:  722:  template<typename _RandomAccessIterator, typename _Size,
        -:  723:	   typename _OutputIterator>
        -:  724:    _GLIBCXX20_CONSTEXPR
        -:  725:    inline _OutputIterator
        -:  726:    __copy_n(_RandomAccessIterator __first, _Size __n,
        -:  727:	     _OutputIterator __result, random_access_iterator_tag)
        -:  728:    { return std::copy(__first, __first + __n, __result); }
        -:  729:
        -:  730:  /**
        -:  731:   *  @brief Copies the range [first,first+n) into [result,result+n).
        -:  732:   *  @ingroup mutating_algorithms
        -:  733:   *  @param  __first  An input iterator.
        -:  734:   *  @param  __n      The number of elements to copy.
        -:  735:   *  @param  __result An output iterator.
        -:  736:   *  @return  result+n.
        -:  737:   *
        -:  738:   *  This inline function will boil down to a call to @c memmove whenever
        -:  739:   *  possible.  Failing that, if random access iterators are passed, then the
        -:  740:   *  loop count will be known (and therefore a candidate for compiler
        -:  741:   *  optimizations such as unrolling).
        -:  742:  */
        -:  743:  template<typename _InputIterator, typename _Size, typename _OutputIterator>
        -:  744:    _GLIBCXX20_CONSTEXPR
        -:  745:    inline _OutputIterator
        -:  746:    copy_n(_InputIterator __first, _Size __n, _OutputIterator __result)
        -:  747:    {
        -:  748:      // concept requirements
        -:  749:      __glibcxx_function_requires(_InputIteratorConcept<_InputIterator>)
        -:  750:      __glibcxx_function_requires(_OutputIteratorConcept<_OutputIterator,
        -:  751:	    typename iterator_traits<_InputIterator>::value_type>)
        -:  752:
        -:  753:      const auto __n2 = std::__size_to_integer(__n);
        -:  754:      if (__n2 <= 0)
        -:  755:	return __result;
        -:  756:
        -:  757:      __glibcxx_requires_can_increment(__first, __n2);
        -:  758:      __glibcxx_requires_can_increment(__result, __n2);
        -:  759:
        -:  760:      return std::__copy_n(__first, __n2, __result,
        -:  761:			   std::__iterator_category(__first));
        -:  762:    }
        -:  763:
        -:  764:  /**
        -:  765:   *  @brief Copy the elements of a sequence to separate output sequences
        -:  766:   *         depending on the truth value of a predicate.
        -:  767:   *  @ingroup mutating_algorithms
        -:  768:   *  @param  __first   An input iterator.
        -:  769:   *  @param  __last    An input iterator.
        -:  770:   *  @param  __out_true   An output iterator.
        -:  771:   *  @param  __out_false  An output iterator.
        -:  772:   *  @param  __pred    A predicate.
        -:  773:   *  @return   A pair designating the ends of the resulting sequences.
        -:  774:   *
        -:  775:   *  Copies each element in the range @p [__first,__last) for which
        -:  776:   *  @p __pred returns true to the range beginning at @p out_true
        -:  777:   *  and each element for which @p __pred returns false to @p __out_false.
        -:  778:  */
        -:  779:  template<typename _InputIterator, typename _OutputIterator1,
        -:  780:	   typename _OutputIterator2, typename _Predicate>
        -:  781:    _GLIBCXX20_CONSTEXPR
        -:  782:    pair<_OutputIterator1, _OutputIterator2>
        -:  783:    partition_copy(_InputIterator __first, _InputIterator __last,
        -:  784:		   _OutputIterator1 __out_true, _OutputIterator2 __out_false,
        -:  785:		   _Predicate __pred)
        -:  786:    {
        -:  787:      // concept requirements
        -:  788:      __glibcxx_function_requires(_InputIteratorConcept<_InputIterator>)
        -:  789:      __glibcxx_function_requires(_OutputIteratorConcept<_OutputIterator1,
        -:  790:	    typename iterator_traits<_InputIterator>::value_type>)
        -:  791:      __glibcxx_function_requires(_OutputIteratorConcept<_OutputIterator2,
        -:  792:	    typename iterator_traits<_InputIterator>::value_type>)
        -:  793:      __glibcxx_function_requires(_UnaryPredicateConcept<_Predicate,
        -:  794:	    typename iterator_traits<_InputIterator>::value_type>)
        -:  795:      __glibcxx_requires_valid_range(__first, __last);
        -:  796:      
        -:  797:      for (; __first != __last; ++__first)
        -:  798:	if (__pred(*__first))
        -:  799:	  {
        -:  800:	    *__out_true = *__first;
        -:  801:	    ++__out_true;
        -:  802:	  }
        -:  803:	else
        -:  804:	  {
        -:  805:	    *__out_false = *__first;
        -:  806:	    ++__out_false;
        -:  807:	  }
        -:  808:
        -:  809:      return pair<_OutputIterator1, _OutputIterator2>(__out_true, __out_false);
        -:  810:    }
        -:  811:#endif // C++11
        -:  812:
        -:  813:  /**
        -:  814:   *  @brief Remove elements from a sequence.
        -:  815:   *  @ingroup mutating_algorithms
        -:  816:   *  @param  __first  An input iterator.
        -:  817:   *  @param  __last   An input iterator.
        -:  818:   *  @param  __value  The value to be removed.
        -:  819:   *  @return   An iterator designating the end of the resulting sequence.
        -:  820:   *
        -:  821:   *  All elements equal to @p __value are removed from the range
        -:  822:   *  @p [__first,__last).
        -:  823:   *
        -:  824:   *  remove() is stable, so the relative order of elements that are
        -:  825:   *  not removed is unchanged.
        -:  826:   *
        -:  827:   *  Elements between the end of the resulting sequence and @p __last
        -:  828:   *  are still present, but their value is unspecified.
        -:  829:  */
        -:  830:  template<typename _ForwardIterator, typename _Tp>
        -:  831:    _GLIBCXX20_CONSTEXPR
        -:  832:    inline _ForwardIterator
        -:  833:    remove(_ForwardIterator __first, _ForwardIterator __last,
        -:  834:	   const _Tp& __value)
        -:  835:    {
        -:  836:      // concept requirements
        -:  837:      __glibcxx_function_requires(_Mutable_ForwardIteratorConcept<
        -:  838:				  _ForwardIterator>)
        -:  839:      __glibcxx_function_requires(_EqualOpConcept<
        -:  840:	    typename iterator_traits<_ForwardIterator>::value_type, _Tp>)
        -:  841:      __glibcxx_requires_valid_range(__first, __last);
        -:  842:
        -:  843:      return std::__remove_if(__first, __last,
        -:  844:		__gnu_cxx::__ops::__iter_equals_val(__value));
        -:  845:    }
        -:  846:
        -:  847:  /**
        -:  848:   *  @brief Remove elements from a sequence using a predicate.
        -:  849:   *  @ingroup mutating_algorithms
        -:  850:   *  @param  __first  A forward iterator.
        -:  851:   *  @param  __last   A forward iterator.
        -:  852:   *  @param  __pred   A predicate.
        -:  853:   *  @return   An iterator designating the end of the resulting sequence.
        -:  854:   *
        -:  855:   *  All elements for which @p __pred returns true are removed from the range
        -:  856:   *  @p [__first,__last).
        -:  857:   *
        -:  858:   *  remove_if() is stable, so the relative order of elements that are
        -:  859:   *  not removed is unchanged.
        -:  860:   *
        -:  861:   *  Elements between the end of the resulting sequence and @p __last
        -:  862:   *  are still present, but their value is unspecified.
        -:  863:  */
        -:  864:  template<typename _ForwardIterator, typename _Predicate>
        -:  865:    _GLIBCXX20_CONSTEXPR
        -:  866:    inline _ForwardIterator
        -:  867:    remove_if(_ForwardIterator __first, _ForwardIterator __last,
        -:  868:	      _Predicate __pred)
        -:  869:    {
        -:  870:      // concept requirements
        -:  871:      __glibcxx_function_requires(_Mutable_ForwardIteratorConcept<
        -:  872:				  _ForwardIterator>)
        -:  873:      __glibcxx_function_requires(_UnaryPredicateConcept<_Predicate,
        -:  874:	    typename iterator_traits<_ForwardIterator>::value_type>)
        -:  875:      __glibcxx_requires_valid_range(__first, __last);
        -:  876:
        -:  877:      return std::__remove_if(__first, __last,
        -:  878:			      __gnu_cxx::__ops::__pred_iter(__pred));
        -:  879:    }
        -:  880:
        -:  881:  template<typename _ForwardIterator, typename _BinaryPredicate>
        -:  882:    _GLIBCXX20_CONSTEXPR
        -:  883:    _ForwardIterator
        -:  884:    __adjacent_find(_ForwardIterator __first, _ForwardIterator __last,
        -:  885:		    _BinaryPredicate __binary_pred)
        -:  886:    {
        -:  887:      if (__first == __last)
        -:  888:	return __last;
        -:  889:      _ForwardIterator __next = __first;
        -:  890:      while (++__next != __last)
        -:  891:	{
        -:  892:	  if (__binary_pred(__first, __next))
        -:  893:	    return __first;
        -:  894:	  __first = __next;
        -:  895:	}
        -:  896:      return __last;
        -:  897:    }
        -:  898:
        -:  899:  template<typename _ForwardIterator, typename _BinaryPredicate>
        -:  900:    _GLIBCXX20_CONSTEXPR
        -:  901:    _ForwardIterator
        -:  902:    __unique(_ForwardIterator __first, _ForwardIterator __last,
        -:  903:	     _BinaryPredicate __binary_pred)
        -:  904:    {
        -:  905:      // Skip the beginning, if already unique.
        -:  906:      __first = std::__adjacent_find(__first, __last, __binary_pred);
        -:  907:      if (__first == __last)
        -:  908:	return __last;
        -:  909:
        -:  910:      // Do the real copy work.
        -:  911:      _ForwardIterator __dest = __first;
        -:  912:      ++__first;
        -:  913:      while (++__first != __last)
        -:  914:	if (!__binary_pred(__dest, __first))
        -:  915:	  *++__dest = _GLIBCXX_MOVE(*__first);
        -:  916:      return ++__dest;
        -:  917:    }
        -:  918:
        -:  919:  /**
        -:  920:   *  @brief Remove consecutive duplicate values from a sequence.
        -:  921:   *  @ingroup mutating_algorithms
        -:  922:   *  @param  __first  A forward iterator.
        -:  923:   *  @param  __last   A forward iterator.
        -:  924:   *  @return  An iterator designating the end of the resulting sequence.
        -:  925:   *
        -:  926:   *  Removes all but the first element from each group of consecutive
        -:  927:   *  values that compare equal.
        -:  928:   *  unique() is stable, so the relative order of elements that are
        -:  929:   *  not removed is unchanged.
        -:  930:   *  Elements between the end of the resulting sequence and @p __last
        -:  931:   *  are still present, but their value is unspecified.
        -:  932:  */
        -:  933:  template<typename _ForwardIterator>
        -:  934:    _GLIBCXX20_CONSTEXPR
        -:  935:    inline _ForwardIterator
        -:  936:    unique(_ForwardIterator __first, _ForwardIterator __last)
        -:  937:    {
        -:  938:      // concept requirements
        -:  939:      __glibcxx_function_requires(_Mutable_ForwardIteratorConcept<
        -:  940:				  _ForwardIterator>)
        -:  941:      __glibcxx_function_requires(_EqualityComparableConcept<
        -:  942:		     typename iterator_traits<_ForwardIterator>::value_type>)
        -:  943:      __glibcxx_requires_valid_range(__first, __last);
        -:  944:
        -:  945:      return std::__unique(__first, __last,
        -:  946:			   __gnu_cxx::__ops::__iter_equal_to_iter());
        -:  947:    }
        -:  948:
        -:  949:  /**
        -:  950:   *  @brief Remove consecutive values from a sequence using a predicate.
        -:  951:   *  @ingroup mutating_algorithms
        -:  952:   *  @param  __first        A forward iterator.
        -:  953:   *  @param  __last         A forward iterator.
        -:  954:   *  @param  __binary_pred  A binary predicate.
        -:  955:   *  @return  An iterator designating the end of the resulting sequence.
        -:  956:   *
        -:  957:   *  Removes all but the first element from each group of consecutive
        -:  958:   *  values for which @p __binary_pred returns true.
        -:  959:   *  unique() is stable, so the relative order of elements that are
        -:  960:   *  not removed is unchanged.
        -:  961:   *  Elements between the end of the resulting sequence and @p __last
        -:  962:   *  are still present, but their value is unspecified.
        -:  963:  */
        -:  964:  template<typename _ForwardIterator, typename _BinaryPredicate>
        -:  965:    _GLIBCXX20_CONSTEXPR
        -:  966:    inline _ForwardIterator
        -:  967:    unique(_ForwardIterator __first, _ForwardIterator __last,
        -:  968:	   _BinaryPredicate __binary_pred)
        -:  969:    {
        -:  970:      // concept requirements
        -:  971:      __glibcxx_function_requires(_Mutable_ForwardIteratorConcept<
        -:  972:				  _ForwardIterator>)
        -:  973:      __glibcxx_function_requires(_BinaryPredicateConcept<_BinaryPredicate,
        -:  974:		typename iterator_traits<_ForwardIterator>::value_type,
        -:  975:		typename iterator_traits<_ForwardIterator>::value_type>)
        -:  976:      __glibcxx_requires_valid_range(__first, __last);
        -:  977:
        -:  978:      return std::__unique(__first, __last,
        -:  979:			   __gnu_cxx::__ops::__iter_comp_iter(__binary_pred));
        -:  980:    }
        -:  981:
        -:  982:  /**
        -:  983:   *  This is an uglified
        -:  984:   *  unique_copy(_InputIterator, _InputIterator, _OutputIterator,
        -:  985:   *              _BinaryPredicate)
        -:  986:   *  overloaded for forward iterators and output iterator as result.
        -:  987:  */
        -:  988:  template<typename _ForwardIterator, typename _OutputIterator,
        -:  989:	   typename _BinaryPredicate>
        -:  990:    _GLIBCXX20_CONSTEXPR
        -:  991:    _OutputIterator
        -:  992:    __unique_copy(_ForwardIterator __first, _ForwardIterator __last,
        -:  993:		  _OutputIterator __result, _BinaryPredicate __binary_pred,
        -:  994:		  forward_iterator_tag, output_iterator_tag)
        -:  995:    {
        -:  996:      // concept requirements -- iterators already checked
        -:  997:      __glibcxx_function_requires(_BinaryPredicateConcept<_BinaryPredicate,
        -:  998:	  typename iterator_traits<_ForwardIterator>::value_type,
        -:  999:	  typename iterator_traits<_ForwardIterator>::value_type>)
        -: 1000:
        -: 1001:      _ForwardIterator __next = __first;
        -: 1002:      *__result = *__first;
        -: 1003:      while (++__next != __last)
        -: 1004:	if (!__binary_pred(__first, __next))
        -: 1005:	  {
        -: 1006:	    __first = __next;
        -: 1007:	    *++__result = *__first;
        -: 1008:	  }
        -: 1009:      return ++__result;
        -: 1010:    }
        -: 1011:
        -: 1012:  /**
        -: 1013:   *  This is an uglified
        -: 1014:   *  unique_copy(_InputIterator, _InputIterator, _OutputIterator,
        -: 1015:   *              _BinaryPredicate)
        -: 1016:   *  overloaded for input iterators and output iterator as result.
        -: 1017:  */
        -: 1018:  template<typename _InputIterator, typename _OutputIterator,
        -: 1019:	   typename _BinaryPredicate>
        -: 1020:    _GLIBCXX20_CONSTEXPR
        -: 1021:    _OutputIterator
        -: 1022:    __unique_copy(_InputIterator __first, _InputIterator __last,
        -: 1023:		  _OutputIterator __result, _BinaryPredicate __binary_pred,
        -: 1024:		  input_iterator_tag, output_iterator_tag)
        -: 1025:    {
        -: 1026:      // concept requirements -- iterators already checked
        -: 1027:      __glibcxx_function_requires(_BinaryPredicateConcept<_BinaryPredicate,
        -: 1028:	  typename iterator_traits<_InputIterator>::value_type,
        -: 1029:	  typename iterator_traits<_InputIterator>::value_type>)
        -: 1030:
        -: 1031:      typename iterator_traits<_InputIterator>::value_type __value = *__first;
        -: 1032:      __decltype(__gnu_cxx::__ops::__iter_comp_val(__binary_pred))
        -: 1033:	__rebound_pred
        -: 1034:	= __gnu_cxx::__ops::__iter_comp_val(__binary_pred);
        -: 1035:      *__result = __value;
        -: 1036:      while (++__first != __last)
        -: 1037:	if (!__rebound_pred(__first, __value))
        -: 1038:	  {
        -: 1039:	    __value = *__first;
        -: 1040:	    *++__result = __value;
        -: 1041:	  }
        -: 1042:      return ++__result;
        -: 1043:    }
        -: 1044:
        -: 1045:  /**
        -: 1046:   *  This is an uglified
        -: 1047:   *  unique_copy(_InputIterator, _InputIterator, _OutputIterator,
        -: 1048:   *              _BinaryPredicate)
        -: 1049:   *  overloaded for input iterators and forward iterator as result.
        -: 1050:  */
        -: 1051:  template<typename _InputIterator, typename _ForwardIterator,
        -: 1052:	   typename _BinaryPredicate>
        -: 1053:    _GLIBCXX20_CONSTEXPR
        -: 1054:    _ForwardIterator
        -: 1055:    __unique_copy(_InputIterator __first, _InputIterator __last,
        -: 1056:		  _ForwardIterator __result, _BinaryPredicate __binary_pred,
        -: 1057:		  input_iterator_tag, forward_iterator_tag)
        -: 1058:    {
        -: 1059:      // concept requirements -- iterators already checked
        -: 1060:      __glibcxx_function_requires(_BinaryPredicateConcept<_BinaryPredicate,
        -: 1061:	  typename iterator_traits<_ForwardIterator>::value_type,
        -: 1062:	  typename iterator_traits<_InputIterator>::value_type>)
        -: 1063:      *__result = *__first;
        -: 1064:      while (++__first != __last)
        -: 1065:	if (!__binary_pred(__result, __first))
        -: 1066:	  *++__result = *__first;
        -: 1067:      return ++__result;
        -: 1068:    }
        -: 1069:
        -: 1070:  /**
        -: 1071:   *  This is an uglified reverse(_BidirectionalIterator,
        -: 1072:   *                              _BidirectionalIterator)
        -: 1073:   *  overloaded for bidirectional iterators.
        -: 1074:  */
        -: 1075:  template<typename _BidirectionalIterator>
        -: 1076:    _GLIBCXX20_CONSTEXPR
        -: 1077:    void
        -: 1078:    __reverse(_BidirectionalIterator __first, _BidirectionalIterator __last,
        -: 1079:	      bidirectional_iterator_tag)
        -: 1080:    {
        -: 1081:      while (true)
        -: 1082:	if (__first == __last || __first == --__last)
        -: 1083:	  return;
        -: 1084:	else
        -: 1085:	  {
        -: 1086:	    std::iter_swap(__first, __last);
        -: 1087:	    ++__first;
        -: 1088:	  }
        -: 1089:    }
        -: 1090:
        -: 1091:  /**
        -: 1092:   *  This is an uglified reverse(_BidirectionalIterator,
        -: 1093:   *                              _BidirectionalIterator)
        -: 1094:   *  overloaded for random access iterators.
        -: 1095:  */
        -: 1096:  template<typename _RandomAccessIterator>
        -: 1097:    _GLIBCXX20_CONSTEXPR
        -: 1098:    void
function _ZSt9__reverseIN9__gnu_cxx17__normal_iteratorIPN7testing8internal13edit_distance8EditTypeESt6vectorIS5_SaIS5_EEEEEvT_SB_St26random_access_iterator_tag called 0 returned 0% blocks executed 0%
    #####: 1099:    __reverse(_RandomAccessIterator __first, _RandomAccessIterator __last,
        -: 1100:	      random_access_iterator_tag)
        -: 1101:    {
    #####: 1102:      if (__first == __last)
    %%%%%: 1102-block  0
call    0 never executed
branch  1 never executed
branch  2 never executed
    #####: 1103:	return;
    %%%%%: 1103-block  0
    #####: 1104:      --__last;
    %%%%%: 1104-block  0
call    0 never executed
    #####: 1105:      while (__first < __last)
    %%%%%: 1105-block  0
call    0 never executed
call    1 never executed
call    2 never executed
branch  3 never executed
branch  4 never executed
        -: 1106:	{
    #####: 1107:	  std::iter_swap(__first, __last);
    %%%%%: 1107-block  0
call    0 never executed
    #####: 1108:	  ++__first;
call    0 never executed
    #####: 1109:	  --__last;
call    0 never executed
        -: 1110:	}
        -: 1111:    }
        -: 1112:
        -: 1113:  /**
        -: 1114:   *  @brief Reverse a sequence.
        -: 1115:   *  @ingroup mutating_algorithms
        -: 1116:   *  @param  __first  A bidirectional iterator.
        -: 1117:   *  @param  __last   A bidirectional iterator.
        -: 1118:   *  @return   reverse() returns no value.
        -: 1119:   *
        -: 1120:   *  Reverses the order of the elements in the range @p [__first,__last),
        -: 1121:   *  so that the first element becomes the last etc.
        -: 1122:   *  For every @c i such that @p 0<=i<=(__last-__first)/2), @p reverse()
        -: 1123:   *  swaps @p *(__first+i) and @p *(__last-(i+1))
        -: 1124:  */
        -: 1125:  template<typename _BidirectionalIterator>
        -: 1126:    _GLIBCXX20_CONSTEXPR
        -: 1127:    inline void
function _ZSt7reverseIN9__gnu_cxx17__normal_iteratorIPN7testing8internal13edit_distance8EditTypeESt6vectorIS5_SaIS5_EEEEEvT_SB_ called 0 returned 0% blocks executed 0%
    #####: 1128:    reverse(_BidirectionalIterator __first, _BidirectionalIterator __last)
        -: 1129:    {
        -: 1130:      // concept requirements
        -: 1131:      __glibcxx_function_requires(_Mutable_BidirectionalIteratorConcept<
        -: 1132:				  _BidirectionalIterator>)
        -: 1133:      __glibcxx_requires_valid_range(__first, __last);
    #####: 1134:      std::__reverse(__first, __last, std::__iterator_category(__first));
    %%%%%: 1134-block  0
call    0 never executed
call    1 never executed
    #####: 1135:    }
        -: 1136:
        -: 1137:  /**
        -: 1138:   *  @brief Copy a sequence, reversing its elements.
        -: 1139:   *  @ingroup mutating_algorithms
        -: 1140:   *  @param  __first   A bidirectional iterator.
        -: 1141:   *  @param  __last    A bidirectional iterator.
        -: 1142:   *  @param  __result  An output iterator.
        -: 1143:   *  @return  An iterator designating the end of the resulting sequence.
        -: 1144:   *
        -: 1145:   *  Copies the elements in the range @p [__first,__last) to the
        -: 1146:   *  range @p [__result,__result+(__last-__first)) such that the
        -: 1147:   *  order of the elements is reversed.  For every @c i such that @p
        -: 1148:   *  0<=i<=(__last-__first), @p reverse_copy() performs the
        -: 1149:   *  assignment @p *(__result+(__last-__first)-1-i) = *(__first+i).
        -: 1150:   *  The ranges @p [__first,__last) and @p
        -: 1151:   *  [__result,__result+(__last-__first)) must not overlap.
        -: 1152:  */
        -: 1153:  template<typename _BidirectionalIterator, typename _OutputIterator>
        -: 1154:    _GLIBCXX20_CONSTEXPR
        -: 1155:    _OutputIterator
        -: 1156:    reverse_copy(_BidirectionalIterator __first, _BidirectionalIterator __last,
        -: 1157:		 _OutputIterator __result)
        -: 1158:    {
        -: 1159:      // concept requirements
        -: 1160:      __glibcxx_function_requires(_BidirectionalIteratorConcept<
        -: 1161:				  _BidirectionalIterator>)
        -: 1162:      __glibcxx_function_requires(_OutputIteratorConcept<_OutputIterator,
        -: 1163:		typename iterator_traits<_BidirectionalIterator>::value_type>)
        -: 1164:      __glibcxx_requires_valid_range(__first, __last);
        -: 1165:
        -: 1166:      while (__first != __last)
        -: 1167:	{
        -: 1168:	  --__last;
        -: 1169:	  *__result = *__last;
        -: 1170:	  ++__result;
        -: 1171:	}
        -: 1172:      return __result;
        -: 1173:    }
        -: 1174:
        -: 1175:  /**
        -: 1176:   *  This is a helper function for the rotate algorithm specialized on RAIs.
        -: 1177:   *  It returns the greatest common divisor of two integer values.
        -: 1178:  */
        -: 1179:  template<typename _EuclideanRingElement>
        -: 1180:    _GLIBCXX20_CONSTEXPR
        -: 1181:    _EuclideanRingElement
        -: 1182:    __gcd(_EuclideanRingElement __m, _EuclideanRingElement __n)
        -: 1183:    {
        -: 1184:      while (__n != 0)
        -: 1185:	{
        -: 1186:	  _EuclideanRingElement __t = __m % __n;
        -: 1187:	  __m = __n;
        -: 1188:	  __n = __t;
        -: 1189:	}
        -: 1190:      return __m;
        -: 1191:    }
        -: 1192:
        -: 1193:_GLIBCXX_BEGIN_INLINE_ABI_NAMESPACE(_V2)
        -: 1194:
        -: 1195:  /// This is a helper function for the rotate algorithm.
        -: 1196:  template<typename _ForwardIterator>
        -: 1197:    _GLIBCXX20_CONSTEXPR
        -: 1198:    _ForwardIterator
        -: 1199:    __rotate(_ForwardIterator __first,
        -: 1200:	     _ForwardIterator __middle,
        -: 1201:	     _ForwardIterator __last,
        -: 1202:	     forward_iterator_tag)
        -: 1203:    {
        -: 1204:      if (__first == __middle)
        -: 1205:	return __last;
        -: 1206:      else if (__last == __middle)
        -: 1207:	return __first;
        -: 1208:
        -: 1209:      _ForwardIterator __first2 = __middle;
        -: 1210:      do
        -: 1211:	{
        -: 1212:	  std::iter_swap(__first, __first2);
        -: 1213:	  ++__first;
        -: 1214:	  ++__first2;
        -: 1215:	  if (__first == __middle)
        -: 1216:	    __middle = __first2;
        -: 1217:	}
        -: 1218:      while (__first2 != __last);
        -: 1219:
        -: 1220:      _ForwardIterator __ret = __first;
        -: 1221:
        -: 1222:      __first2 = __middle;
        -: 1223:
        -: 1224:      while (__first2 != __last)
        -: 1225:	{
        -: 1226:	  std::iter_swap(__first, __first2);
        -: 1227:	  ++__first;
        -: 1228:	  ++__first2;
        -: 1229:	  if (__first == __middle)
        -: 1230:	    __middle = __first2;
        -: 1231:	  else if (__first2 == __last)
        -: 1232:	    __first2 = __middle;
        -: 1233:	}
        -: 1234:      return __ret;
        -: 1235:    }
        -: 1236:
        -: 1237:   /// This is a helper function for the rotate algorithm.
        -: 1238:  template<typename _BidirectionalIterator>
        -: 1239:    _GLIBCXX20_CONSTEXPR
        -: 1240:    _BidirectionalIterator
        -: 1241:    __rotate(_BidirectionalIterator __first,
        -: 1242:	     _BidirectionalIterator __middle,
        -: 1243:	     _BidirectionalIterator __last,
        -: 1244:	      bidirectional_iterator_tag)
        -: 1245:    {
        -: 1246:      // concept requirements
        -: 1247:      __glibcxx_function_requires(_Mutable_BidirectionalIteratorConcept<
        -: 1248:				  _BidirectionalIterator>)
        -: 1249:
        -: 1250:      if (__first == __middle)
        -: 1251:	return __last;
        -: 1252:      else if (__last == __middle)
        -: 1253:	return __first;
        -: 1254:
        -: 1255:      std::__reverse(__first,  __middle, bidirectional_iterator_tag());
        -: 1256:      std::__reverse(__middle, __last,   bidirectional_iterator_tag());
        -: 1257:
        -: 1258:      while (__first != __middle && __middle != __last)
        -: 1259:	{
        -: 1260:	  std::iter_swap(__first, --__last);
        -: 1261:	  ++__first;
        -: 1262:	}
        -: 1263:
        -: 1264:      if (__first == __middle)
        -: 1265:	{
        -: 1266:	  std::__reverse(__middle, __last,   bidirectional_iterator_tag());
        -: 1267:	  return __last;
        -: 1268:	}
        -: 1269:      else
        -: 1270:	{
        -: 1271:	  std::__reverse(__first,  __middle, bidirectional_iterator_tag());
        -: 1272:	  return __first;
        -: 1273:	}
        -: 1274:    }
        -: 1275:
        -: 1276:  /// This is a helper function for the rotate algorithm.
        -: 1277:  template<typename _RandomAccessIterator>
        -: 1278:    _GLIBCXX20_CONSTEXPR
        -: 1279:    _RandomAccessIterator
function _ZNSt3_V28__rotateIN9__gnu_cxx17__normal_iteratorIPPN7testing8TestInfoESt6vectorIS5_SaIS5_EEEEEET_SB_SB_SB_St26random_access_iterator_tag called 0 returned 0% blocks executed 0%
    #####: 1280:    __rotate(_RandomAccessIterator __first,
        -: 1281:	     _RandomAccessIterator __middle,
        -: 1282:	     _RandomAccessIterator __last,
        -: 1283:	     random_access_iterator_tag)
        -: 1284:    {
        -: 1285:      // concept requirements
        -: 1286:      __glibcxx_function_requires(_Mutable_RandomAccessIteratorConcept<
        -: 1287:				  _RandomAccessIterator>)
        -: 1288:
    #####: 1289:      if (__first == __middle)
    %%%%%: 1289-block  0
call    0 never executed
branch  1 never executed
branch  2 never executed
    #####: 1290:	return __last;
    %%%%%: 1290-block  0
    #####: 1291:      else if (__last == __middle)
    %%%%%: 1291-block  0
call    0 never executed
branch  1 never executed
branch  2 never executed
    #####: 1292:	return __first;
    %%%%%: 1292-block  0
        -: 1293:
        -: 1294:      typedef typename iterator_traits<_RandomAccessIterator>::difference_type
        -: 1295:	_Distance;
        -: 1296:      typedef typename iterator_traits<_RandomAccessIterator>::value_type
        -: 1297:	_ValueType;
        -: 1298:
    #####: 1299:      _Distance __n = __last   - __first;
    %%%%%: 1299-block  0
call    0 never executed
    #####: 1300:      _Distance __k = __middle - __first;
call    0 never executed
        -: 1301:
    #####: 1302:      if (__k == __n - __k)
branch  0 never executed
branch  1 never executed
        -: 1303:	{
    #####: 1304:	  std::swap_ranges(__first, __middle, __middle);
    %%%%%: 1304-block  0
call    0 never executed
    #####: 1305:	  return __middle;
        -: 1306:	}
        -: 1307:
    #####: 1308:      _RandomAccessIterator __p = __first;
    #####: 1309:      _RandomAccessIterator __ret = __first + (__last - __middle);
    %%%%%: 1309-block  0
call    0 never executed
call    1 never executed
        -: 1310:
    #####: 1311:      for (;;)
    %%%%%: 1311-block  0
        -: 1312:	{
    #####: 1313:	  if (__k < __n - __k)
    %%%%%: 1313-block  0
branch  0 never executed
branch  1 never executed
        -: 1314:	    {
    #####: 1315:	      if (__is_pod(_ValueType) && __k == 1)
    %%%%%: 1315-block  0
branch  0 never executed
branch  1 never executed
        -: 1316:		{
    #####: 1317:		  _ValueType __t = _GLIBCXX_MOVE(*__p);
    %%%%%: 1317-block  0
call    0 never executed
call    1 never executed
    #####: 1318:		  _GLIBCXX_MOVE3(__p + 1, __p + __n, __p);
call    0 never executed
call    1 never executed
call    2 never executed
branch  3 never executed
branch  4 never executed
    #####: 1319:		  *(__p + __n - 1) = _GLIBCXX_MOVE(__t);
    %%%%%: 1319-block  0
call    0 never executed
call    1 never executed
call    2 never executed
call    3 never executed
    #####: 1320:		  return __ret;
        -: 1321:		}
    #####: 1322:	      _RandomAccessIterator __q = __p + __k;
    %%%%%: 1322-block  0
call    0 never executed
    #####: 1323:	      for (_Distance __i = 0; __i < __n - __k; ++ __i)
    %%%%%: 1323-block  0
branch  0 never executed
branch  1 never executed
        -: 1324:		{
    #####: 1325:		  std::iter_swap(__p, __q);
    %%%%%: 1325-block  0
call    0 never executed
    #####: 1326:		  ++__p;
call    0 never executed
    #####: 1327:		  ++__q;
call    0 never executed
        -: 1328:		}
    #####: 1329:	      __n %= __k;
    #####: 1330:	      if (__n == 0)
    %%%%%: 1330-block  0
branch  0 never executed
branch  1 never executed
    #####: 1331:		return __ret;
    %%%%%: 1331-block  0
    #####: 1332:	      std::swap(__n, __k);
    %%%%%: 1332-block  0
call    0 never executed
    #####: 1333:	      __k = __n - __k;
        -: 1334:	    }
        -: 1335:	  else
        -: 1336:	    {
    #####: 1337:	      __k = __n - __k;
    #####: 1338:	      if (__is_pod(_ValueType) && __k == 1)
    %%%%%: 1338-block  0
branch  0 never executed
branch  1 never executed
        -: 1339:		{
    #####: 1340:		  _ValueType __t = _GLIBCXX_MOVE(*(__p + __n - 1));
    %%%%%: 1340-block  0
call    0 never executed
call    1 never executed
call    2 never executed
call    3 never executed
    #####: 1341:		  _GLIBCXX_MOVE_BACKWARD3(__p, __p + __n - 1, __p + __n);
call    0 never executed
call    1 never executed
call    2 never executed
call    3 never executed
branch  4 never executed
branch  5 never executed
    $$$$$: 1341-block  0
    #####: 1342:		  *__p = _GLIBCXX_MOVE(__t);
    %%%%%: 1342-block  0
call    0 never executed
call    1 never executed
    #####: 1343:		  return __ret;
        -: 1344:		}
    #####: 1345:	      _RandomAccessIterator __q = __p + __n;
    %%%%%: 1345-block  0
call    0 never executed
    #####: 1346:	      __p = __q - __k;
call    0 never executed
    #####: 1347:	      for (_Distance __i = 0; __i < __n - __k; ++ __i)
    %%%%%: 1347-block  0
branch  0 never executed
branch  1 never executed
        -: 1348:		{
    #####: 1349:		  --__p;
    %%%%%: 1349-block  0
call    0 never executed
    #####: 1350:		  --__q;
call    0 never executed
    #####: 1351:		  std::iter_swap(__p, __q);
call    0 never executed
        -: 1352:		}
    #####: 1353:	      __n %= __k;
    #####: 1354:	      if (__n == 0)
    %%%%%: 1354-block  0
branch  0 never executed
branch  1 never executed
    #####: 1355:		return __ret;
    %%%%%: 1355-block  0
    #####: 1356:	      std::swap(__n, __k);
    %%%%%: 1356-block  0
call    0 never executed
        -: 1357:	    }
        -: 1358:	}
        -: 1359:    }
        -: 1360:
        -: 1361:   // _GLIBCXX_RESOLVE_LIB_DEFECTS
        -: 1362:   // DR 488. rotate throws away useful information
        -: 1363:  /**
        -: 1364:   *  @brief Rotate the elements of a sequence.
        -: 1365:   *  @ingroup mutating_algorithms
        -: 1366:   *  @param  __first   A forward iterator.
        -: 1367:   *  @param  __middle  A forward iterator.
        -: 1368:   *  @param  __last    A forward iterator.
        -: 1369:   *  @return  first + (last - middle).
        -: 1370:   *
        -: 1371:   *  Rotates the elements of the range @p [__first,__last) by 
        -: 1372:   *  @p (__middle - __first) positions so that the element at @p __middle
        -: 1373:   *  is moved to @p __first, the element at @p __middle+1 is moved to
        -: 1374:   *  @p __first+1 and so on for each element in the range
        -: 1375:   *  @p [__first,__last).
        -: 1376:   *
        -: 1377:   *  This effectively swaps the ranges @p [__first,__middle) and
        -: 1378:   *  @p [__middle,__last).
        -: 1379:   *
        -: 1380:   *  Performs
        -: 1381:   *   @p *(__first+(n+(__last-__middle))%(__last-__first))=*(__first+n)
        -: 1382:   *  for each @p n in the range @p [0,__last-__first).
        -: 1383:  */
        -: 1384:  template<typename _ForwardIterator>
        -: 1385:    _GLIBCXX20_CONSTEXPR
        -: 1386:    inline _ForwardIterator
function _ZNSt3_V26rotateIN9__gnu_cxx17__normal_iteratorIPPN7testing8TestInfoESt6vectorIS5_SaIS5_EEEEEET_SB_SB_SB_ called 0 returned 0% blocks executed 0%
    #####: 1387:    rotate(_ForwardIterator __first, _ForwardIterator __middle,
        -: 1388:	   _ForwardIterator __last)
        -: 1389:    {
        -: 1390:      // concept requirements
        -: 1391:      __glibcxx_function_requires(_Mutable_ForwardIteratorConcept<
        -: 1392:				  _ForwardIterator>)
        -: 1393:      __glibcxx_requires_valid_range(__first, __middle);
        -: 1394:      __glibcxx_requires_valid_range(__middle, __last);
        -: 1395:
    #####: 1396:      return std::__rotate(__first, __middle, __last,
call    0 never executed
    #####: 1397:			   std::__iterator_category(__first));
    %%%%%: 1397-block  0
call    0 never executed
        -: 1398:    }
        -: 1399:
        -: 1400:_GLIBCXX_END_INLINE_ABI_NAMESPACE(_V2)
        -: 1401:
        -: 1402:  /**
        -: 1403:   *  @brief Copy a sequence, rotating its elements.
        -: 1404:   *  @ingroup mutating_algorithms
        -: 1405:   *  @param  __first   A forward iterator.
        -: 1406:   *  @param  __middle  A forward iterator.
        -: 1407:   *  @param  __last    A forward iterator.
        -: 1408:   *  @param  __result  An output iterator.
        -: 1409:   *  @return   An iterator designating the end of the resulting sequence.
        -: 1410:   *
        -: 1411:   *  Copies the elements of the range @p [__first,__last) to the
        -: 1412:   *  range beginning at @result, rotating the copied elements by 
        -: 1413:   *  @p (__middle-__first) positions so that the element at @p __middle
        -: 1414:   *  is moved to @p __result, the element at @p __middle+1 is moved
        -: 1415:   *  to @p __result+1 and so on for each element in the range @p
        -: 1416:   *  [__first,__last).
        -: 1417:   *
        -: 1418:   *  Performs 
        -: 1419:   *  @p *(__result+(n+(__last-__middle))%(__last-__first))=*(__first+n)
        -: 1420:   *  for each @p n in the range @p [0,__last-__first).
        -: 1421:  */
        -: 1422:  template<typename _ForwardIterator, typename _OutputIterator>
        -: 1423:    _GLIBCXX20_CONSTEXPR
        -: 1424:    inline _OutputIterator
        -: 1425:    rotate_copy(_ForwardIterator __first, _ForwardIterator __middle,
        -: 1426:		_ForwardIterator __last, _OutputIterator __result)
        -: 1427:    {
        -: 1428:      // concept requirements
        -: 1429:      __glibcxx_function_requires(_ForwardIteratorConcept<_ForwardIterator>)
        -: 1430:      __glibcxx_function_requires(_OutputIteratorConcept<_OutputIterator,
        -: 1431:		typename iterator_traits<_ForwardIterator>::value_type>)
        -: 1432:      __glibcxx_requires_valid_range(__first, __middle);
        -: 1433:      __glibcxx_requires_valid_range(__middle, __last);
        -: 1434:
        -: 1435:      return std::copy(__first, __middle,
        -: 1436:		       std::copy(__middle, __last, __result));
        -: 1437:    }
        -: 1438:
        -: 1439:  /// This is a helper function...
        -: 1440:  template<typename _ForwardIterator, typename _Predicate>
        -: 1441:    _GLIBCXX20_CONSTEXPR
        -: 1442:    _ForwardIterator
        -: 1443:    __partition(_ForwardIterator __first, _ForwardIterator __last,
        -: 1444:		_Predicate __pred, forward_iterator_tag)
        -: 1445:    {
        -: 1446:      if (__first == __last)
        -: 1447:	return __first;
        -: 1448:
        -: 1449:      while (__pred(*__first))
        -: 1450:	if (++__first == __last)
        -: 1451:	  return __first;
        -: 1452:
        -: 1453:      _ForwardIterator __next = __first;
        -: 1454:
        -: 1455:      while (++__next != __last)
        -: 1456:	if (__pred(*__next))
        -: 1457:	  {
        -: 1458:	    std::iter_swap(__first, __next);
        -: 1459:	    ++__first;
        -: 1460:	  }
[...]
        -: 5521:	    typename iterator_traits<_InputIterator1>::value_type>)
        -: 5522:      __glibcxx_function_requires(_OutputIteratorConcept<_OutputIterator,
        -: 5523:	    typename iterator_traits<_InputIterator2>::value_type>)
        -: 5524:      __glibcxx_function_requires(_LessThanOpConcept<
        -: 5525:	    typename iterator_traits<_InputIterator1>::value_type,
        -: 5526:	    typename iterator_traits<_InputIterator2>::value_type>)
        -: 5527:      __glibcxx_function_requires(_LessThanOpConcept<
        -: 5528:	    typename iterator_traits<_InputIterator2>::value_type,
        -: 5529:	    typename iterator_traits<_InputIterator1>::value_type>)	
        -: 5530:      __glibcxx_requires_sorted_set(__first1, __last1, __first2);
        -: 5531:      __glibcxx_requires_sorted_set(__first2, __last2, __first1);
        -: 5532:      __glibcxx_requires_irreflexive2(__first1, __last1);
        -: 5533:      __glibcxx_requires_irreflexive2(__first2, __last2);
        -: 5534:
        -: 5535:      return _GLIBCXX_STD_A::__set_symmetric_difference(__first1, __last1,
        -: 5536:					__first2, __last2, __result,
        -: 5537:					__gnu_cxx::__ops::__iter_less_iter());
        -: 5538:    }
        -: 5539:
        -: 5540:  /**
        -: 5541:   *  @brief  Return the symmetric difference of two sorted ranges using
        -: 5542:   *  comparison functor.
        -: 5543:   *  @ingroup set_algorithms
        -: 5544:   *  @param  __first1  Start of first range.
        -: 5545:   *  @param  __last1   End of first range.
        -: 5546:   *  @param  __first2  Start of second range.
        -: 5547:   *  @param  __last2   End of second range.
        -: 5548:   *  @param  __result  Start of output range.
        -: 5549:   *  @param  __comp    The comparison functor.
        -: 5550:   *  @return  End of the output range.
        -: 5551:   *  @ingroup set_algorithms
        -: 5552:   *
        -: 5553:   *  This operation iterates over both ranges, copying elements present in
        -: 5554:   *  one range but not the other in order to the output range.  Iterators
        -: 5555:   *  increment for each range.  When the current element of one range is less
        -: 5556:   *  than the other according to @p comp, that element is copied and the
        -: 5557:   *  iterator advances.  If an element is contained in both ranges according
        -: 5558:   *  to @p __comp, no elements are copied and both ranges advance.  The output
        -: 5559:   *  range may not overlap either input range.
        -: 5560:  */
        -: 5561:  template<typename _InputIterator1, typename _InputIterator2,
        -: 5562:	   typename _OutputIterator, typename _Compare>
        -: 5563:    _GLIBCXX20_CONSTEXPR
        -: 5564:    inline _OutputIterator
        -: 5565:    set_symmetric_difference(_InputIterator1 __first1, _InputIterator1 __last1,
        -: 5566:			     _InputIterator2 __first2, _InputIterator2 __last2,
        -: 5567:			     _OutputIterator __result,
        -: 5568:			     _Compare __comp)
        -: 5569:    {
        -: 5570:      // concept requirements
        -: 5571:      __glibcxx_function_requires(_InputIteratorConcept<_InputIterator1>)
        -: 5572:      __glibcxx_function_requires(_InputIteratorConcept<_InputIterator2>)
        -: 5573:      __glibcxx_function_requires(_OutputIteratorConcept<_OutputIterator,
        -: 5574:	    typename iterator_traits<_InputIterator1>::value_type>)
        -: 5575:      __glibcxx_function_requires(_OutputIteratorConcept<_OutputIterator,
        -: 5576:	    typename iterator_traits<_InputIterator2>::value_type>)
        -: 5577:      __glibcxx_function_requires(_BinaryPredicateConcept<_Compare,
        -: 5578:	    typename iterator_traits<_InputIterator1>::value_type,
        -: 5579:	    typename iterator_traits<_InputIterator2>::value_type>)
        -: 5580:      __glibcxx_function_requires(_BinaryPredicateConcept<_Compare,
        -: 5581:	    typename iterator_traits<_InputIterator2>::value_type,
        -: 5582:	    typename iterator_traits<_InputIterator1>::value_type>)
        -: 5583:      __glibcxx_requires_sorted_set_pred(__first1, __last1, __first2, __comp);
        -: 5584:      __glibcxx_requires_sorted_set_pred(__first2, __last2, __first1, __comp);
        -: 5585:      __glibcxx_requires_irreflexive_pred2(__first1, __last1, __comp);
        -: 5586:      __glibcxx_requires_irreflexive_pred2(__first2, __last2, __comp);
        -: 5587:
        -: 5588:      return _GLIBCXX_STD_A::__set_symmetric_difference(__first1, __last1,
        -: 5589:				__first2, __last2, __result,
        -: 5590:				__gnu_cxx::__ops::__iter_comp_iter(__comp));
        -: 5591:    }
        -: 5592:
        -: 5593:  template<typename _ForwardIterator, typename _Compare>
        -: 5594:    _GLIBCXX14_CONSTEXPR
        -: 5595:    _ForwardIterator
        -: 5596:    __min_element(_ForwardIterator __first, _ForwardIterator __last,
        -: 5597:		  _Compare __comp)
        -: 5598:    {
        -: 5599:      if (__first == __last)
        -: 5600:	return __first;
        -: 5601:      _ForwardIterator __result = __first;
        -: 5602:      while (++__first != __last)
        -: 5603:	if (__comp(__first, __result))
        -: 5604:	  __result = __first;
        -: 5605:      return __result;
        -: 5606:    }
        -: 5607:
        -: 5608:  /**
        -: 5609:   *  @brief  Return the minimum element in a range.
        -: 5610:   *  @ingroup sorting_algorithms
        -: 5611:   *  @param  __first  Start of range.
        -: 5612:   *  @param  __last   End of range.
        -: 5613:   *  @return  Iterator referencing the first instance of the smallest value.
        -: 5614:  */
        -: 5615:  template<typename _ForwardIterator>
        -: 5616:    _GLIBCXX14_CONSTEXPR
        -: 5617:    _ForwardIterator
        -: 5618:    inline min_element(_ForwardIterator __first, _ForwardIterator __last)
        -: 5619:    {
        -: 5620:      // concept requirements
        -: 5621:      __glibcxx_function_requires(_ForwardIteratorConcept<_ForwardIterator>)
        -: 5622:      __glibcxx_function_requires(_LessThanComparableConcept<
        -: 5623:	    typename iterator_traits<_ForwardIterator>::value_type>)
        -: 5624:      __glibcxx_requires_valid_range(__first, __last);
        -: 5625:      __glibcxx_requires_irreflexive(__first, __last);
        -: 5626:
        -: 5627:      return _GLIBCXX_STD_A::__min_element(__first, __last,
        -: 5628:				__gnu_cxx::__ops::__iter_less_iter());
        -: 5629:    }
        -: 5630:
        -: 5631:  /**
        -: 5632:   *  @brief  Return the minimum element in a range using comparison functor.
        -: 5633:   *  @ingroup sorting_algorithms
        -: 5634:   *  @param  __first  Start of range.
        -: 5635:   *  @param  __last   End of range.
        -: 5636:   *  @param  __comp   Comparison functor.
        -: 5637:   *  @return  Iterator referencing the first instance of the smallest value
        -: 5638:   *  according to __comp.
        -: 5639:  */
        -: 5640:  template<typename _ForwardIterator, typename _Compare>
        -: 5641:    _GLIBCXX14_CONSTEXPR
        -: 5642:    inline _ForwardIterator
        -: 5643:    min_element(_ForwardIterator __first, _ForwardIterator __last,
        -: 5644:		_Compare __comp)
        -: 5645:    {
        -: 5646:      // concept requirements
        -: 5647:      __glibcxx_function_requires(_ForwardIteratorConcept<_ForwardIterator>)
        -: 5648:      __glibcxx_function_requires(_BinaryPredicateConcept<_Compare,
        -: 5649:	    typename iterator_traits<_ForwardIterator>::value_type,
        -: 5650:	    typename iterator_traits<_ForwardIterator>::value_type>)
        -: 5651:      __glibcxx_requires_valid_range(__first, __last);
        -: 5652:      __glibcxx_requires_irreflexive_pred(__first, __last, __comp);
        -: 5653:
        -: 5654:      return _GLIBCXX_STD_A::__min_element(__first, __last,
        -: 5655:				__gnu_cxx::__ops::__iter_comp_iter(__comp));
        -: 5656:    }
        -: 5657:
        -: 5658:  template<typename _ForwardIterator, typename _Compare>
        -: 5659:    _GLIBCXX14_CONSTEXPR
        -: 5660:    _ForwardIterator
        -: 5661:    __max_element(_ForwardIterator __first, _ForwardIterator __last,
        -: 5662:		  _Compare __comp)
        -: 5663:    {
        -: 5664:      if (__first == __last) return __first;
        -: 5665:      _ForwardIterator __result = __first;
        -: 5666:      while (++__first != __last)
        -: 5667:	if (__comp(__result, __first))
        -: 5668:	  __result = __first;
        -: 5669:      return __result;
        -: 5670:    }
        -: 5671:
        -: 5672:  /**
        -: 5673:   *  @brief  Return the maximum element in a range.
        -: 5674:   *  @ingroup sorting_algorithms
        -: 5675:   *  @param  __first  Start of range.
        -: 5676:   *  @param  __last   End of range.
        -: 5677:   *  @return  Iterator referencing the first instance of the largest value.
        -: 5678:  */
        -: 5679:  template<typename _ForwardIterator>
        -: 5680:    _GLIBCXX14_CONSTEXPR
        -: 5681:    inline _ForwardIterator
        -: 5682:    max_element(_ForwardIterator __first, _ForwardIterator __last)
        -: 5683:    {
        -: 5684:      // concept requirements
        -: 5685:      __glibcxx_function_requires(_ForwardIteratorConcept<_ForwardIterator>)
        -: 5686:      __glibcxx_function_requires(_LessThanComparableConcept<
        -: 5687:	    typename iterator_traits<_ForwardIterator>::value_type>)
        -: 5688:      __glibcxx_requires_valid_range(__first, __last);
        -: 5689:      __glibcxx_requires_irreflexive(__first, __last);
        -: 5690:
        -: 5691:      return _GLIBCXX_STD_A::__max_element(__first, __last,
        -: 5692:				__gnu_cxx::__ops::__iter_less_iter());
        -: 5693:    }
        -: 5694:
        -: 5695:  /**
        -: 5696:   *  @brief  Return the maximum element in a range using comparison functor.
        -: 5697:   *  @ingroup sorting_algorithms
        -: 5698:   *  @param  __first  Start of range.
        -: 5699:   *  @param  __last   End of range.
        -: 5700:   *  @param  __comp   Comparison functor.
        -: 5701:   *  @return  Iterator referencing the first instance of the largest value
        -: 5702:   *  according to __comp.
        -: 5703:  */
        -: 5704:  template<typename _ForwardIterator, typename _Compare>
        -: 5705:    _GLIBCXX14_CONSTEXPR
        -: 5706:    inline _ForwardIterator
        -: 5707:    max_element(_ForwardIterator __first, _ForwardIterator __last,
        -: 5708:		_Compare __comp)
        -: 5709:    {
        -: 5710:      // concept requirements
        -: 5711:      __glibcxx_function_requires(_ForwardIteratorConcept<_ForwardIterator>)
        -: 5712:      __glibcxx_function_requires(_BinaryPredicateConcept<_Compare,
        -: 5713:	    typename iterator_traits<_ForwardIterator>::value_type,
        -: 5714:	    typename iterator_traits<_ForwardIterator>::value_type>)
        -: 5715:      __glibcxx_requires_valid_range(__first, __last);
        -: 5716:      __glibcxx_requires_irreflexive_pred(__first, __last, __comp);
        -: 5717:
        -: 5718:      return _GLIBCXX_STD_A::__max_element(__first, __last,
        -: 5719:				__gnu_cxx::__ops::__iter_comp_iter(__comp));
        -: 5720:    }
        -: 5721:
        -: 5722:#if __cplusplus >= 201103L
        -: 5723:  // N2722 + DR 915.
        -: 5724:  template<typename _Tp>
        -: 5725:    _GLIBCXX14_CONSTEXPR
        -: 5726:    inline _Tp
        -: 5727:    min(initializer_list<_Tp> __l)
        -: 5728:    {
        -: 5729:      __glibcxx_requires_irreflexive(__l.begin(), __l.end());
        -: 5730:      return *_GLIBCXX_STD_A::__min_element(__l.begin(), __l.end(),
        -: 5731:	  __gnu_cxx::__ops::__iter_less_iter());
        -: 5732:    }
        -: 5733:
        -: 5734:  template<typename _Tp, typename _Compare>
        -: 5735:    _GLIBCXX14_CONSTEXPR
        -: 5736:    inline _Tp
        -: 5737:    min(initializer_list<_Tp> __l, _Compare __comp)
        -: 5738:    {
        -: 5739:      __glibcxx_requires_irreflexive_pred(__l.begin(), __l.end(), __comp);
        -: 5740:      return *_GLIBCXX_STD_A::__min_element(__l.begin(), __l.end(),
        -: 5741:	  __gnu_cxx::__ops::__iter_comp_iter(__comp));
        -: 5742:    }
        -: 5743:
        -: 5744:  template<typename _Tp>
        -: 5745:    _GLIBCXX14_CONSTEXPR
        -: 5746:    inline _Tp
        -: 5747:    max(initializer_list<_Tp> __l)
        -: 5748:    {
        -: 5749:      __glibcxx_requires_irreflexive(__l.begin(), __l.end());
        -: 5750:      return *_GLIBCXX_STD_A::__max_element(__l.begin(), __l.end(),
        -: 5751:	  __gnu_cxx::__ops::__iter_less_iter());
        -: 5752:    }
        -: 5753:
        -: 5754:  template<typename _Tp, typename _Compare>
        -: 5755:    _GLIBCXX14_CONSTEXPR
        -: 5756:    inline _Tp
        -: 5757:    max(initializer_list<_Tp> __l, _Compare __comp)
        -: 5758:    {
        -: 5759:      __glibcxx_requires_irreflexive_pred(__l.begin(), __l.end(), __comp);
        -: 5760:      return *_GLIBCXX_STD_A::__max_element(__l.begin(), __l.end(),
        -: 5761:	  __gnu_cxx::__ops::__iter_comp_iter(__comp));
        -: 5762:    }
        -: 5763:#endif // C++11
        -: 5764:
        -: 5765:#if __cplusplus >= 201402L
        -: 5766:  /// Reservoir sampling algorithm.
        -: 5767:  template<typename _InputIterator, typename _RandomAccessIterator,
        -: 5768:           typename _Size, typename _UniformRandomBitGenerator>
        -: 5769:    _RandomAccessIterator
        -: 5770:    __sample(_InputIterator __first, _InputIterator __last, input_iterator_tag,
        -: 5771:	     _RandomAccessIterator __out, random_access_iterator_tag,
        -: 5772:	     _Size __n, _UniformRandomBitGenerator&& __g)
        -: 5773:    {
        -: 5774:      using __distrib_type = uniform_int_distribution<_Size>;
        -: 5775:      using __param_type = typename __distrib_type::param_type;
        -: 5776:      __distrib_type __d{};
        -: 5777:      _Size __sample_sz = 0;
        -: 5778:      while (__first != __last && __sample_sz != __n)
        -: 5779:	{
        -: 5780:	  __out[__sample_sz++] = *__first;
        -: 5781:	  ++__first;
        -: 5782:	}
        -: 5783:      for (auto __pop_sz = __sample_sz; __first != __last;
        -: 5784:	  ++__first, (void) ++__pop_sz)
        -: 5785:	{
        -: 5786:	  const auto __k = __d(__g, __param_type{0, __pop_sz});
        -: 5787:	  if (__k < __n)
        -: 5788:	    __out[__k] = *__first;
        -: 5789:	}
        -: 5790:      return __out + __sample_sz;
        -: 5791:    }
        -: 5792:
        -: 5793:  /// Selection sampling algorithm.
        -: 5794:  template<typename _ForwardIterator, typename _OutputIterator, typename _Cat,
        -: 5795:           typename _Size, typename _UniformRandomBitGenerator>
        -: 5796:    _OutputIterator
        -: 5797:    __sample(_ForwardIterator __first, _ForwardIterator __last,
        -: 5798:	     forward_iterator_tag,
        -: 5799:	     _OutputIterator __out, _Cat,
        -: 5800:	     _Size __n, _UniformRandomBitGenerator&& __g)
        -: 5801:    {
        -: 5802:      using __distrib_type = uniform_int_distribution<_Size>;
        -: 5803:      using __param_type = typename __distrib_type::param_type;
        -: 5804:      using _USize = make_unsigned_t<_Size>;
        -: 5805:      using _Gen = remove_reference_t<_UniformRandomBitGenerator>;
        -: 5806:      using __uc_type = common_type_t<typename _Gen::result_type, _USize>;
        -: 5807:
        -: 5808:      if (__first == __last)
        -: 5809:	return __out;
        -: 5810:
        -: 5811:      __distrib_type __d{};
        -: 5812:      _Size __unsampled_sz = std::distance(__first, __last);
        -: 5813:      __n = std::min(__n, __unsampled_sz);
        -: 5814:
        -: 5815:      // If possible, we use __gen_two_uniform_ints to efficiently produce
        -: 5816:      // two random numbers using a single distribution invocation:
        -: 5817:
        -: 5818:      const __uc_type __urngrange = __g.max() - __g.min();
        -: 5819:      if (__urngrange / __uc_type(__unsampled_sz) >= __uc_type(__unsampled_sz))
        -: 5820:        // I.e. (__urngrange >= __unsampled_sz * __unsampled_sz) but without
        -: 5821:	// wrapping issues.
        -: 5822:        {
        -: 5823:	  while (__n != 0 && __unsampled_sz >= 2)
        -: 5824:	    {
        -: 5825:	      const pair<_Size, _Size> __p =
        -: 5826:		__gen_two_uniform_ints(__unsampled_sz, __unsampled_sz - 1, __g);
        -: 5827:
        -: 5828:	      --__unsampled_sz;
        -: 5829:	      if (__p.first < __n)
        -: 5830:		{
        -: 5831:		  *__out++ = *__first;
        -: 5832:		  --__n;
        -: 5833:		}
        -: 5834:
        -: 5835:	      ++__first;
        -: 5836:
        -: 5837:	      if (__n == 0) break;
        -: 5838:
        -: 5839:	      --__unsampled_sz;
        -: 5840:	      if (__p.second < __n)
        -: 5841:		{
        -: 5842:		  *__out++ = *__first;
        -: 5843:		  --__n;
        -: 5844:		}
        -: 5845:
        -: 5846:	      ++__first;
        -: 5847:	    }
        -: 5848:        }
        -: 5849:
        -: 5850:      // The loop above is otherwise equivalent to this one-at-a-time version:
        -: 5851:
        -: 5852:      for (; __n != 0; ++__first)
        -: 5853:	if (__d(__g, __param_type{0, --__unsampled_sz}) < __n)
        -: 5854:	  {
        -: 5855:	    *__out++ = *__first;
        -: 5856:	    --__n;
        -: 5857:	  }
        -: 5858:      return __out;
        -: 5859:    }
        -: 5860:
        -: 5861:#if __cplusplus > 201402L
        -: 5862:#define __cpp_lib_sample 201603L
        -: 5863:  /// Take a random sample from a population.
        -: 5864:  template<typename _PopulationIterator, typename _SampleIterator,
        -: 5865:           typename _Distance, typename _UniformRandomBitGenerator>
        -: 5866:    _SampleIterator
        -: 5867:    sample(_PopulationIterator __first, _PopulationIterator __last,
        -: 5868:	   _SampleIterator __out, _Distance __n,
        -: 5869:	   _UniformRandomBitGenerator&& __g)
        -: 5870:    {
        -: 5871:      using __pop_cat = typename
        -: 5872:	std::iterator_traits<_PopulationIterator>::iterator_category;
        -: 5873:      using __samp_cat = typename
        -: 5874:	std::iterator_traits<_SampleIterator>::iterator_category;
        -: 5875:
        -: 5876:      static_assert(
        -: 5877:	  __or_<is_convertible<__pop_cat, forward_iterator_tag>,
        -: 5878:		is_convertible<__samp_cat, random_access_iterator_tag>>::value,
        -: 5879:	  "output range must use a RandomAccessIterator when input range"
        -: 5880:	  " does not meet the ForwardIterator requirements");
        -: 5881:
        -: 5882:      static_assert(is_integral<_Distance>::value,
        -: 5883:		    "sample size must be an integer type");
        -: 5884:
        -: 5885:      typename iterator_traits<_PopulationIterator>::difference_type __d = __n;
        -: 5886:      return _GLIBCXX_STD_A::
        -: 5887:	__sample(__first, __last, __pop_cat{}, __out, __samp_cat{}, __d,
        -: 5888:		 std::forward<_UniformRandomBitGenerator>(__g));
        -: 5889:    }
        -: 5890:#endif // C++17
        -: 5891:#endif // C++14
        -: 5892:
        -: 5893:_GLIBCXX_END_NAMESPACE_ALGO
        -: 5894:_GLIBCXX_END_NAMESPACE_VERSION
        -: 5895:} // namespace std
        -: 5896:
        -: 5897:#endif /* _STL_ALGO_H */
