        -:    0:Source:/opt/homebrew/Cellar/gcc@12/12.4.0/include/c++/12/bits/stl_algobase.h
        -:    0:Graph:/Users/vadimleonov/Desktop/плюсы/SQL_lib/cmake-build-debug-coverage/lib/googletest/googletest/CMakeFiles/gtest.dir/src/gtest-all.cc.gcno
        -:    0:Data:/Users/vadimleonov/Desktop/плюсы/SQL_lib/cmake-build-debug-coverage/lib/googletest/googletest/CMakeFiles/gtest.dir/src/gtest-all.cc.gcda
        -:    0:Runs:1
        -:    1:// Core algorithmic facilities -*- C++ -*-
        -:    2:
        -:    3:// Copyright (C) 2001-2022 Free Software Foundation, Inc.
        -:    4://
        -:    5:// This file is part of the GNU ISO C++ Library.  This library is free
        -:    6:// software; you can redistribute it and/or modify it under the
        -:    7:// terms of the GNU General Public License as published by the
        -:    8:// Free Software Foundation; either version 3, or (at your option)
        -:    9:// any later version.
        -:   10:
        -:   11:// This library is distributed in the hope that it will be useful,
        -:   12:// but WITHOUT ANY WARRANTY; without even the implied warranty of
        -:   13:// MERCHANTABILITY or FITNESS FOR A PARTICULAR PURPOSE.  See the
        -:   14:// GNU General Public License for more details.
        -:   15:
        -:   16:// Under Section 7 of GPL version 3, you are granted additional
        -:   17:// permissions described in the GCC Runtime Library Exception, version
        -:   18:// 3.1, as published by the Free Software Foundation.
        -:   19:
        -:   20:// You should have received a copy of the GNU General Public License and
        -:   21:// a copy of the GCC Runtime Library Exception along with this program;
        -:   22:// see the files COPYING3 and COPYING.RUNTIME respectively.  If not, see
        -:   23:// <http://www.gnu.org/licenses/>.
        -:   24:
        -:   25:/*
        -:   26: *
        -:   27: * Copyright (c) 1994
        -:   28: * Hewlett-Packard Company
        -:   29: *
        -:   30: * Permission to use, copy, modify, distribute and sell this software
        -:   31: * and its documentation for any purpose is hereby granted without fee,
        -:   32: * provided that the above copyright notice appear in all copies and
        -:   33: * that both that copyright notice and this permission notice appear
        -:   34: * in supporting documentation.  Hewlett-Packard Company makes no
        -:   35: * representations about the suitability of this software for any
        -:   36: * purpose.  It is provided "as is" without express or implied warranty.
        -:   37: *
        -:   38: *
        -:   39: * Copyright (c) 1996-1998
        -:   40: * Silicon Graphics Computer Systems, Inc.
        -:   41: *
        -:   42: * Permission to use, copy, modify, distribute and sell this software
        -:   43: * and its documentation for any purpose is hereby granted without fee,
        -:   44: * provided that the above copyright notice appear in all copies and
        -:   45: * that both that copyright notice and this permission notice appear
        -:   46: * in supporting documentation.  Silicon Graphics makes no
        -:   47: * representations about the suitability of this software for any
        -:   48: * purpose.  It is provided "as is" without express or implied warranty.
        -:   49: */
        -:   50:
        -:   51:/** @file bits/stl_algobase.h
        -:   52: *  This is an internal header file, included by other library headers.
        -:   53: *  Do not attempt to use it directly. @headername{algorithm}
        -:   54: */
        -:   55:
        -:   56:#ifndef _STL_ALGOBASE_H
        -:   57:#define _STL_ALGOBASE_H 1
        -:   58:
        -:   59:#include <bits/c++config.h>
        -:   60:#include <bits/functexcept.h>
        -:   61:#include <bits/cpp_type_traits.h>
        -:   62:#include <ext/type_traits.h>
        -:   63:#include <ext/numeric_traits.h>
        -:   64:#include <bits/stl_pair.h>
        -:   65:#include <bits/stl_iterator_base_types.h>
        -:   66:#include <bits/stl_iterator_base_funcs.h>
        -:   67:#include <bits/stl_iterator.h>
        -:   68:#include <bits/concept_check.h>
        -:   69:#include <debug/debug.h>
        -:   70:#include <bits/move.h> // For std::swap
        -:   71:#include <bits/predefined_ops.h>
        -:   72:#if __cplusplus >= 201103L
        -:   73:# include <type_traits>
        -:   74:#endif
        -:   75:#if __cplusplus > 201703L
        -:   76:# include <compare>
        -:   77:#endif
        -:   78:
        -:   79:namespace std _GLIBCXX_VISIBILITY(default)
        -:   80:{
        -:   81:_GLIBCXX_BEGIN_NAMESPACE_VERSION
        -:   82:
        -:   83:  /*
        -:   84:   * A constexpr wrapper for __builtin_memcmp.
        -:   85:   * @param __num The number of elements of type _Tp (not bytes).
        -:   86:   */
        -:   87:  template<typename _Tp, typename _Up>
        -:   88:    _GLIBCXX14_CONSTEXPR
        -:   89:    inline int
        -:   90:    __memcmp(const _Tp* __first1, const _Up* __first2, size_t __num)
        -:   91:    {
        -:   92:#if __cplusplus >= 201103L
        -:   93:      static_assert(sizeof(_Tp) == sizeof(_Up), "can be compared with memcmp");
        -:   94:#endif
        -:   95:#ifdef __cpp_lib_is_constant_evaluated
        -:   96:      if (std::is_constant_evaluated())
        -:   97:	{
        -:   98:	  for(; __num > 0; ++__first1, ++__first2, --__num)
        -:   99:	    if (*__first1 != *__first2)
        -:  100:	      return *__first1 < *__first2 ? -1 : 1;
        -:  101:	  return 0;
        -:  102:	}
        -:  103:      else
        -:  104:#endif
        -:  105:	return __builtin_memcmp(__first1, __first2, sizeof(_Tp) * __num);
        -:  106:    }
        -:  107:
        -:  108:#if __cplusplus < 201103L
        -:  109:  // See http://gcc.gnu.org/ml/libstdc++/2004-08/msg00167.html: in a
        -:  110:  // nutshell, we are partially implementing the resolution of DR 187,
        -:  111:  // when it's safe, i.e., the value_types are equal.
        -:  112:  template<bool _BoolType>
        -:  113:    struct __iter_swap
        -:  114:    {
        -:  115:      template<typename _ForwardIterator1, typename _ForwardIterator2>
        -:  116:	static void
        -:  117:	iter_swap(_ForwardIterator1 __a, _ForwardIterator2 __b)
        -:  118:	{
        -:  119:	  typedef typename iterator_traits<_ForwardIterator1>::value_type
        -:  120:	    _ValueType1;
        -:  121:	  _ValueType1 __tmp = *__a;
        -:  122:	  *__a = *__b;
        -:  123:	  *__b = __tmp;
        -:  124:	}
        -:  125:    };
        -:  126:
        -:  127:  template<>
        -:  128:    struct __iter_swap<true>
        -:  129:    {
        -:  130:      template<typename _ForwardIterator1, typename _ForwardIterator2>
        -:  131:	static void
        -:  132:	iter_swap(_ForwardIterator1 __a, _ForwardIterator2 __b)
        -:  133:	{
        -:  134:	  swap(*__a, *__b);
        -:  135:	}
        -:  136:    };
        -:  137:#endif // C++03
        -:  138:
        -:  139:  /**
        -:  140:   *  @brief Swaps the contents of two iterators.
        -:  141:   *  @ingroup mutating_algorithms
        -:  142:   *  @param  __a  An iterator.
        -:  143:   *  @param  __b  Another iterator.
        -:  144:   *  @return   Nothing.
        -:  145:   *
        -:  146:   *  This function swaps the values pointed to by two iterators, not the
        -:  147:   *  iterators themselves.
        -:  148:  */
        -:  149:  template<typename _ForwardIterator1, typename _ForwardIterator2>
        -:  150:    _GLIBCXX20_CONSTEXPR
        -:  151:    inline void
    #####:  152:    iter_swap(_ForwardIterator1 __a, _ForwardIterator2 __b)
        -:  153:    {
        -:  154:      // concept requirements
        -:  155:      __glibcxx_function_requires(_Mutable_ForwardIteratorConcept<
        -:  156:				  _ForwardIterator1>)
        -:  157:      __glibcxx_function_requires(_Mutable_ForwardIteratorConcept<
        -:  158:				  _ForwardIterator2>)
        -:  159:
        -:  160:#if __cplusplus < 201103L
        -:  161:      typedef typename iterator_traits<_ForwardIterator1>::value_type
        -:  162:	_ValueType1;
        -:  163:      typedef typename iterator_traits<_ForwardIterator2>::value_type
        -:  164:	_ValueType2;
        -:  165:
        -:  166:      __glibcxx_function_requires(_ConvertibleConcept<_ValueType1,
        -:  167:				  _ValueType2>)
        -:  168:      __glibcxx_function_requires(_ConvertibleConcept<_ValueType2,
        -:  169:				  _ValueType1>)
        -:  170:
        -:  171:      typedef typename iterator_traits<_ForwardIterator1>::reference
        -:  172:	_ReferenceType1;
        -:  173:      typedef typename iterator_traits<_ForwardIterator2>::reference
        -:  174:	_ReferenceType2;
        -:  175:      std::__iter_swap<__are_same<_ValueType1, _ValueType2>::__value
        -:  176:	&& __are_same<_ValueType1&, _ReferenceType1>::__value
        -:  177:	&& __are_same<_ValueType2&, _ReferenceType2>::__value>::
        -:  178:	iter_swap(__a, __b);
        -:  179:#else
        -:  180:      // _GLIBCXX_RESOLVE_LIB_DEFECTS
        -:  181:      // 187. iter_swap underspecified
    #####:  182:      swap(*__a, *__b);
        -:  183:#endif
    #####:  184:    }
------------------
_ZSt9iter_swapIN9__gnu_cxx17__normal_iteratorIPPN7testing8TestInfoESt6vectorIS4_SaIS4_EEEES9_EvT_T0_:
function _ZSt9iter_swapIN9__gnu_cxx17__normal_iteratorIPPN7testing8TestInfoESt6vectorIS4_SaIS4_EEEES9_EvT_T0_ called 0 returned 0% blocks executed 0%
    #####:  152:    iter_swap(_ForwardIterator1 __a, _ForwardIterator2 __b)
        -:  153:    {
        -:  154:      // concept requirements
        -:  155:      __glibcxx_function_requires(_Mutable_ForwardIteratorConcept<
        -:  156:				  _ForwardIterator1>)
        -:  157:      __glibcxx_function_requires(_Mutable_ForwardIteratorConcept<
        -:  158:				  _ForwardIterator2>)
        -:  159:
        -:  160:#if __cplusplus < 201103L
        -:  161:      typedef typename iterator_traits<_ForwardIterator1>::value_type
        -:  162:	_ValueType1;
        -:  163:      typedef typename iterator_traits<_ForwardIterator2>::value_type
        -:  164:	_ValueType2;
        -:  165:
        -:  166:      __glibcxx_function_requires(_ConvertibleConcept<_ValueType1,
        -:  167:				  _ValueType2>)
        -:  168:      __glibcxx_function_requires(_ConvertibleConcept<_ValueType2,
        -:  169:				  _ValueType1>)
        -:  170:
        -:  171:      typedef typename iterator_traits<_ForwardIterator1>::reference
        -:  172:	_ReferenceType1;
        -:  173:      typedef typename iterator_traits<_ForwardIterator2>::reference
        -:  174:	_ReferenceType2;
        -:  175:      std::__iter_swap<__are_same<_ValueType1, _ValueType2>::__value
        -:  176:	&& __are_same<_ValueType1&, _ReferenceType1>::__value
        -:  177:	&& __are_same<_ValueType2&, _ReferenceType2>::__value>::
        -:  178:	iter_swap(__a, __b);
        -:  179:#else
        -:  180:      // _GLIBCXX_RESOLVE_LIB_DEFECTS
        -:  181:      // 187. iter_swap underspecified
    #####:  182:      swap(*__a, *__b);
    %%%%%:  182-block  0
call    0 never executed
call    1 never executed
call    2 never executed
        -:  183:#endif
    #####:  184:    }
------------------
_ZSt9iter_swapIN9__gnu_cxx17__normal_iteratorIPN7testing8internal13edit_distance8EditTypeESt6vectorIS5_SaIS5_EEEESA_EvT_T0_:
function _ZSt9iter_swapIN9__gnu_cxx17__normal_iteratorIPN7testing8internal13edit_distance8EditTypeESt6vectorIS5_SaIS5_EEEESA_EvT_T0_ called 0 returned 0% blocks executed 0%
    #####:  152:    iter_swap(_ForwardIterator1 __a, _ForwardIterator2 __b)
        -:  153:    {
        -:  154:      // concept requirements
        -:  155:      __glibcxx_function_requires(_Mutable_ForwardIteratorConcept<
        -:  156:				  _ForwardIterator1>)
        -:  157:      __glibcxx_function_requires(_Mutable_ForwardIteratorConcept<
        -:  158:				  _ForwardIterator2>)
        -:  159:
        -:  160:#if __cplusplus < 201103L
        -:  161:      typedef typename iterator_traits<_ForwardIterator1>::value_type
        -:  162:	_ValueType1;
        -:  163:      typedef typename iterator_traits<_ForwardIterator2>::value_type
        -:  164:	_ValueType2;
        -:  165:
        -:  166:      __glibcxx_function_requires(_ConvertibleConcept<_ValueType1,
        -:  167:				  _ValueType2>)
        -:  168:      __glibcxx_function_requires(_ConvertibleConcept<_ValueType2,
        -:  169:				  _ValueType1>)
        -:  170:
        -:  171:      typedef typename iterator_traits<_ForwardIterator1>::reference
        -:  172:	_ReferenceType1;
        -:  173:      typedef typename iterator_traits<_ForwardIterator2>::reference
        -:  174:	_ReferenceType2;
        -:  175:      std::__iter_swap<__are_same<_ValueType1, _ValueType2>::__value
        -:  176:	&& __are_same<_ValueType1&, _ReferenceType1>::__value
        -:  177:	&& __are_same<_ValueType2&, _ReferenceType2>::__value>::
        -:  178:	iter_swap(__a, __b);
        -:  179:#else
        -:  180:      // _GLIBCXX_RESOLVE_LIB_DEFECTS
        -:  181:      // 187. iter_swap underspecified
    #####:  182:      swap(*__a, *__b);
    %%%%%:  182-block  0
call    0 never executed
call    1 never executed
call    2 never executed
        -:  183:#endif
    #####:  184:    }
------------------
_ZSt9iter_swapIN9__gnu_cxx17__normal_iteratorIPNSt7__cxx1112basic_stringIcSt11char_traitsIcESaIcEEESt6vectorIS7_SaIS7_EEEESC_EvT_T0_:
function _ZSt9iter_swapIN9__gnu_cxx17__normal_iteratorIPNSt7__cxx1112basic_stringIcSt11char_traitsIcESaIcEEESt6vectorIS7_SaIS7_EEEESC_EvT_T0_ called 0 returned 0% blocks executed 0%
    #####:  152:    iter_swap(_ForwardIterator1 __a, _ForwardIterator2 __b)
        -:  153:    {
        -:  154:      // concept requirements
        -:  155:      __glibcxx_function_requires(_Mutable_ForwardIteratorConcept<
        -:  156:				  _ForwardIterator1>)
        -:  157:      __glibcxx_function_requires(_Mutable_ForwardIteratorConcept<
        -:  158:				  _ForwardIterator2>)
        -:  159:
        -:  160:#if __cplusplus < 201103L
        -:  161:      typedef typename iterator_traits<_ForwardIterator1>::value_type
        -:  162:	_ValueType1;
        -:  163:      typedef typename iterator_traits<_ForwardIterator2>::value_type
        -:  164:	_ValueType2;
        -:  165:
        -:  166:      __glibcxx_function_requires(_ConvertibleConcept<_ValueType1,
        -:  167:				  _ValueType2>)
        -:  168:      __glibcxx_function_requires(_ConvertibleConcept<_ValueType2,
        -:  169:				  _ValueType1>)
        -:  170:
        -:  171:      typedef typename iterator_traits<_ForwardIterator1>::reference
        -:  172:	_ReferenceType1;
        -:  173:      typedef typename iterator_traits<_ForwardIterator2>::reference
        -:  174:	_ReferenceType2;
        -:  175:      std::__iter_swap<__are_same<_ValueType1, _ValueType2>::__value
        -:  176:	&& __are_same<_ValueType1&, _ReferenceType1>::__value
        -:  177:	&& __are_same<_ValueType2&, _ReferenceType2>::__value>::
        -:  178:	iter_swap(__a, __b);
        -:  179:#else
        -:  180:      // _GLIBCXX_RESOLVE_LIB_DEFECTS
        -:  181:      // 187. iter_swap underspecified
    #####:  182:      swap(*__a, *__b);
    %%%%%:  182-block  0
call    0 never executed
call    1 never executed
call    2 never executed
        -:  183:#endif
    #####:  184:    }
------------------
        -:  185:
        -:  186:  /**
        -:  187:   *  @brief Swap the elements of two sequences.
        -:  188:   *  @ingroup mutating_algorithms
        -:  189:   *  @param  __first1  A forward iterator.
        -:  190:   *  @param  __last1   A forward iterator.
        -:  191:   *  @param  __first2  A forward iterator.
        -:  192:   *  @return   An iterator equal to @p first2+(last1-first1).
        -:  193:   *
        -:  194:   *  Swaps each element in the range @p [first1,last1) with the
        -:  195:   *  corresponding element in the range @p [first2,(last1-first1)).
        -:  196:   *  The ranges must not overlap.
        -:  197:  */
        -:  198:  template<typename _ForwardIterator1, typename _ForwardIterator2>
        -:  199:    _GLIBCXX20_CONSTEXPR
        -:  200:    _ForwardIterator2
function _ZSt11swap_rangesIN9__gnu_cxx17__normal_iteratorIPPN7testing8TestInfoESt6vectorIS4_SaIS4_EEEES9_ET0_T_SB_SA_ called 0 returned 0% blocks executed 0%
    #####:  201:    swap_ranges(_ForwardIterator1 __first1, _ForwardIterator1 __last1,
        -:  202:		_ForwardIterator2 __first2)
        -:  203:    {
        -:  204:      // concept requirements
        -:  205:      __glibcxx_function_requires(_Mutable_ForwardIteratorConcept<
        -:  206:				  _ForwardIterator1>)
        -:  207:      __glibcxx_function_requires(_Mutable_ForwardIteratorConcept<
        -:  208:				  _ForwardIterator2>)
        -:  209:      __glibcxx_requires_valid_range(__first1, __last1);
        -:  210:
    #####:  211:      for (; __first1 != __last1; ++__first1, (void)++__first2)
    %%%%%:  211-block  0
call    0 never executed
call    1 never executed
    %%%%%:  211-block  1
call    2 never executed
branch  3 never executed
branch  4 never executed
    #####:  212:	std::iter_swap(__first1, __first2);
    %%%%%:  212-block  0
call    0 never executed
    #####:  213:      return __first2;
    %%%%%:  213-block  0
        -:  214:    }
        -:  215:
        -:  216:  /**
        -:  217:   *  @brief This does what you think it does.
        -:  218:   *  @ingroup sorting_algorithms
        -:  219:   *  @param  __a  A thing of arbitrary type.
        -:  220:   *  @param  __b  Another thing of arbitrary type.
        -:  221:   *  @return   The lesser of the parameters.
        -:  222:   *
        -:  223:   *  This is the simple classic generic implementation.  It will work on
        -:  224:   *  temporary expressions, since they are only evaluated once, unlike a
        -:  225:   *  preprocessor macro.
        -:  226:  */
        -:  227:  template<typename _Tp>
        -:  228:    _GLIBCXX14_CONSTEXPR
        -:  229:    inline const _Tp&
    #####:  230:    min(const _Tp& __a, const _Tp& __b)
        -:  231:    {
        -:  232:      // concept requirements
        -:  233:      __glibcxx_function_requires(_LessThanComparableConcept<_Tp>)
        -:  234:      //return __b < __a ? __b : __a;
    #####:  235:      if (__b < __a)
    #####:  236:	return __b;
    #####:  237:      return __a;
        -:  238:    }
------------------
_ZSt3minIdERKT_S2_S2_:
function _ZSt3minIdERKT_S2_S2_ called 0 returned 0% blocks executed 0%
    #####:  230:    min(const _Tp& __a, const _Tp& __b)
        -:  231:    {
        -:  232:      // concept requirements
        -:  233:      __glibcxx_function_requires(_LessThanComparableConcept<_Tp>)
        -:  234:      //return __b < __a ? __b : __a;
    #####:  235:      if (__b < __a)
    %%%%%:  235-block  0
branch  0 never executed
branch  1 never executed
    #####:  236:	return __b;
    %%%%%:  236-block  0
    #####:  237:      return __a;
    %%%%%:  237-block  0
        -:  238:    }
------------------
_ZSt3minIlERKT_S2_S2_:
function _ZSt3minIlERKT_S2_S2_ called 0 returned 0% blocks executed 0%
    #####:  230:    min(const _Tp& __a, const _Tp& __b)
        -:  231:    {
        -:  232:      // concept requirements
        -:  233:      __glibcxx_function_requires(_LessThanComparableConcept<_Tp>)
        -:  234:      //return __b < __a ? __b : __a;
    #####:  235:      if (__b < __a)
    %%%%%:  235-block  0
branch  0 never executed
branch  1 never executed
    #####:  236:	return __b;
    %%%%%:  236-block  0
    #####:  237:      return __a;
    %%%%%:  237-block  0
        -:  238:    }
------------------
_ZSt3minImERKT_S2_S2_:
function _ZSt3minImERKT_S2_S2_ called 0 returned 0% blocks executed 0%
    #####:  230:    min(const _Tp& __a, const _Tp& __b)
        -:  231:    {
        -:  232:      // concept requirements
        -:  233:      __glibcxx_function_requires(_LessThanComparableConcept<_Tp>)
        -:  234:      //return __b < __a ? __b : __a;
    #####:  235:      if (__b < __a)
    %%%%%:  235-block  0
branch  0 never executed
branch  1 never executed
    #####:  236:	return __b;
    %%%%%:  236-block  0
    #####:  237:      return __a;
    %%%%%:  237-block  0
        -:  238:    }
------------------
        -:  239:
        -:  240:  /**
        -:  241:   *  @brief This does what you think it does.
        -:  242:   *  @ingroup sorting_algorithms
        -:  243:   *  @param  __a  A thing of arbitrary type.
        -:  244:   *  @param  __b  Another thing of arbitrary type.
        -:  245:   *  @return   The greater of the parameters.
        -:  246:   *
        -:  247:   *  This is the simple classic generic implementation.  It will work on
        -:  248:   *  temporary expressions, since they are only evaluated once, unlike a
        -:  249:   *  preprocessor macro.
        -:  250:  */
        -:  251:  template<typename _Tp>
        -:  252:    _GLIBCXX14_CONSTEXPR
        -:  253:    inline const _Tp&
function _ZSt3maxImERKT_S2_S2_ called 0 returned 0% blocks executed 0%
    #####:  254:    max(const _Tp& __a, const _Tp& __b)
        -:  255:    {
        -:  256:      // concept requirements
        -:  257:      __glibcxx_function_requires(_LessThanComparableConcept<_Tp>)
        -:  258:      //return  __a < __b ? __b : __a;
    #####:  259:      if (__a < __b)
    %%%%%:  259-block  0
branch  0 never executed
branch  1 never executed
    #####:  260:	return __b;
    %%%%%:  260-block  0
    #####:  261:      return __a;
    %%%%%:  261-block  0
        -:  262:    }
        -:  263:
        -:  264:  /**
        -:  265:   *  @brief This does what you think it does.
        -:  266:   *  @ingroup sorting_algorithms
        -:  267:   *  @param  __a  A thing of arbitrary type.
        -:  268:   *  @param  __b  Another thing of arbitrary type.
        -:  269:   *  @param  __comp  A @link comparison_functors comparison functor@endlink.
        -:  270:   *  @return   The lesser of the parameters.
        -:  271:   *
        -:  272:   *  This will work on temporary expressions, since they are only evaluated
        -:  273:   *  once, unlike a preprocessor macro.
        -:  274:  */
        -:  275:  template<typename _Tp, typename _Compare>
        -:  276:    _GLIBCXX14_CONSTEXPR
        -:  277:    inline const _Tp&
        -:  278:    min(const _Tp& __a, const _Tp& __b, _Compare __comp)
        -:  279:    {
        -:  280:      //return __comp(__b, __a) ? __b : __a;
        -:  281:      if (__comp(__b, __a))
        -:  282:	return __b;
        -:  283:      return __a;
        -:  284:    }
        -:  285:
        -:  286:  /**
        -:  287:   *  @brief This does what you think it does.
        -:  288:   *  @ingroup sorting_algorithms
        -:  289:   *  @param  __a  A thing of arbitrary type.
        -:  290:   *  @param  __b  Another thing of arbitrary type.
        -:  291:   *  @param  __comp  A @link comparison_functors comparison functor@endlink.
        -:  292:   *  @return   The greater of the parameters.
        -:  293:   *
        -:  294:   *  This will work on temporary expressions, since they are only evaluated
        -:  295:   *  once, unlike a preprocessor macro.
        -:  296:  */
        -:  297:  template<typename _Tp, typename _Compare>
        -:  298:    _GLIBCXX14_CONSTEXPR
        -:  299:    inline const _Tp&
        -:  300:    max(const _Tp& __a, const _Tp& __b, _Compare __comp)
        -:  301:    {
        -:  302:      //return __comp(__a, __b) ? __b : __a;
        -:  303:      if (__comp(__a, __b))
        -:  304:	return __b;
        -:  305:      return __a;
        -:  306:    }
        -:  307:
        -:  308:  // Fallback implementation of the function in bits/stl_iterator.h used to
        -:  309:  // remove the __normal_iterator wrapper. See copy, fill, ...
        -:  310:  template<typename _Iterator>
        -:  311:    _GLIBCXX20_CONSTEXPR
        -:  312:    inline _Iterator
     105*:  313:    __niter_base(_Iterator __it)
        -:  314:    _GLIBCXX_NOEXCEPT_IF(std::is_nothrow_copy_constructible<_Iterator>::value)
     105*:  315:    { return __it; }
------------------
_ZSt12__niter_baseIPdET_S1_:
function _ZSt12__niter_baseIPdET_S1_ called 0 returned 0% blocks executed 0%
    #####:  313:    __niter_base(_Iterator __it)
        -:  314:    _GLIBCXX_NOEXCEPT_IF(std::is_nothrow_copy_constructible<_Iterator>::value)
    #####:  315:    { return __it; }
    %%%%%:  315-block  0
------------------
_ZSt12__niter_baseIPiET_S1_:
function _ZSt12__niter_baseIPiET_S1_ called 0 returned 0% blocks executed 0%
    #####:  313:    __niter_base(_Iterator __it)
        -:  314:    _GLIBCXX_NOEXCEPT_IF(std::is_nothrow_copy_constructible<_Iterator>::value)
    #####:  315:    { return __it; }
    %%%%%:  315-block  0
------------------
_ZSt12__niter_baseIPmET_S1_:
function _ZSt12__niter_baseIPmET_S1_ called 0 returned 0% blocks executed 0%
    #####:  313:    __niter_base(_Iterator __it)
        -:  314:    _GLIBCXX_NOEXCEPT_IF(std::is_nothrow_copy_constructible<_Iterator>::value)
    #####:  315:    { return __it; }
    %%%%%:  315-block  0
------------------
_ZSt12__niter_baseIPPN7testing9TestSuiteEET_S4_:
function _ZSt12__niter_baseIPPN7testing9TestSuiteEET_S4_ called 6 returned 100% blocks executed 100%
        6:  313:    __niter_base(_Iterator __it)
        -:  314:    _GLIBCXX_NOEXCEPT_IF(std::is_nothrow_copy_constructible<_Iterator>::value)
        6:  315:    { return __it; }
        6:  315-block  0
------------------
_ZSt12__niter_baseIPN7testing8internal9TraceInfoEET_S4_:
function _ZSt12__niter_baseIPN7testing8internal9TraceInfoEET_S4_ called 0 returned 0% blocks executed 0%
    #####:  313:    __niter_base(_Iterator __it)
        -:  314:    _GLIBCXX_NOEXCEPT_IF(std::is_nothrow_copy_constructible<_Iterator>::value)
    #####:  315:    { return __it; }
    %%%%%:  315-block  0
------------------
_ZSt12__niter_baseIPPN7testing11EnvironmentEET_S4_:
function _ZSt12__niter_baseIPPN7testing11EnvironmentEET_S4_ called 0 returned 0% blocks executed 0%
    #####:  313:    __niter_base(_Iterator __it)
        -:  314:    _GLIBCXX_NOEXCEPT_IF(std::is_nothrow_copy_constructible<_Iterator>::value)
    #####:  315:    { return __it; }
    %%%%%:  315-block  0
------------------
_ZSt12__niter_baseIPPN7testing17TestEventListenerEET_S4_:
function _ZSt12__niter_baseIPPN7testing17TestEventListenerEET_S4_ called 6 returned 100% blocks executed 100%
        6:  313:    __niter_base(_Iterator __it)
        -:  314:    _GLIBCXX_NOEXCEPT_IF(std::is_nothrow_copy_constructible<_Iterator>::value)
        6:  315:    { return __it; }
        6:  315-block  0
------------------
_ZSt12__niter_baseIPPN7testing8TestInfoEET_S4_:
function _ZSt12__niter_baseIPPN7testing8TestInfoEET_S4_ called 6 returned 100% blocks executed 100%
        6:  313:    __niter_base(_Iterator __it)
        -:  314:    _GLIBCXX_NOEXCEPT_IF(std::is_nothrow_copy_constructible<_Iterator>::value)
        6:  315:    { return __it; }
        6:  315-block  0
------------------
_ZSt12__niter_baseIPN7testing12TestPropertyEET_S3_:
function _ZSt12__niter_baseIPN7testing12TestPropertyEET_S3_ called 0 returned 0% blocks executed 0%
    #####:  313:    __niter_base(_Iterator __it)
        -:  314:    _GLIBCXX_NOEXCEPT_IF(std::is_nothrow_copy_constructible<_Iterator>::value)
    #####:  315:    { return __it; }
    %%%%%:  315-block  0
------------------
_ZSt12__niter_baseIPN7testing8internal13edit_distance8EditTypeEET_S5_:
function _ZSt12__niter_baseIPN7testing8internal13edit_distance8EditTypeEET_S5_ called 0 returned 0% blocks executed 0%
    #####:  313:    __niter_base(_Iterator __it)
        -:  314:    _GLIBCXX_NOEXCEPT_IF(std::is_nothrow_copy_constructible<_Iterator>::value)
    #####:  315:    { return __it; }
    %%%%%:  315-block  0
------------------
_ZSt12__niter_baseIPN7testing14TestPartResultEET_S3_:
function _ZSt12__niter_baseIPN7testing14TestPartResultEET_S3_ called 0 returned 0% blocks executed 0%
    #####:  313:    __niter_base(_Iterator __it)
        -:  314:    _GLIBCXX_NOEXCEPT_IF(std::is_nothrow_copy_constructible<_Iterator>::value)
    #####:  315:    { return __it; }
    %%%%%:  315-block  0
------------------
_ZSt12__niter_baseIPNSt7__cxx1112basic_stringIcSt11char_traitsIcESaIcEEEET_S7_:
function _ZSt12__niter_baseIPNSt7__cxx1112basic_stringIcSt11char_traitsIcESaIcEEEET_S7_ called 81 returned 100% blocks executed 100%
       81:  313:    __niter_base(_Iterator __it)
        -:  314:    _GLIBCXX_NOEXCEPT_IF(std::is_nothrow_copy_constructible<_Iterator>::value)
       81:  315:    { return __it; }
       81:  315-block  0
------------------
_ZSt12__niter_baseIPPcET_S2_:
function _ZSt12__niter_baseIPPcET_S2_ called 0 returned 0% blocks executed 0%
    #####:  313:    __niter_base(_Iterator __it)
        -:  314:    _GLIBCXX_NOEXCEPT_IF(std::is_nothrow_copy_constructible<_Iterator>::value)
    #####:  315:    { return __it; }
    %%%%%:  315-block  0
------------------
_ZSt12__niter_baseISt15insert_iteratorISt13unordered_setINSt7__cxx1112basic_stringIcSt11char_traitsIcESaIcEEESt4hashIS7_ESt8equal_toIS7_ESaIS7_EEEET_SF_:
function _ZSt12__niter_baseISt15insert_iteratorISt13unordered_setINSt7__cxx1112basic_stringIcSt11char_traitsIcESaIcEEESt4hashIS7_ESt8equal_toIS7_ESaIS7_EEEET_SF_ called 3 returned 100% blocks executed 100%
        3:  313:    __niter_base(_Iterator __it)
        -:  314:    _GLIBCXX_NOEXCEPT_IF(std::is_nothrow_copy_constructible<_Iterator>::value)
        3:  315:    { return __it; }
        3:  315-block  0
------------------
_ZSt12__niter_baseISt15insert_iteratorISt6vectorINSt7__cxx1112basic_stringIcSt11char_traitsIcESaIcEEESaIS7_EEEET_SB_:
function _ZSt12__niter_baseISt15insert_iteratorISt6vectorINSt7__cxx1112basic_stringIcSt11char_traitsIcESaIcEEESaIS7_EEEET_SB_ called 3 returned 100% blocks executed 100%
        3:  313:    __niter_base(_Iterator __it)
        -:  314:    _GLIBCXX_NOEXCEPT_IF(std::is_nothrow_copy_constructible<_Iterator>::value)
        3:  315:    { return __it; }
        3:  315-block  0
------------------
        -:  316:
        -:  317:  template<typename _Ite, typename _Seq>
        -:  318:    _Ite
        -:  319:    __niter_base(const ::__gnu_debug::_Safe_iterator<_Ite, _Seq,
        -:  320:		 std::random_access_iterator_tag>&);
        -:  321:
        -:  322:  // Reverse the __niter_base transformation to get a
        -:  323:  // __normal_iterator back again (this assumes that __normal_iterator
        -:  324:  // is only used to wrap random access iterators, like pointers).
        -:  325:  template<typename _From, typename _To>
        -:  326:    _GLIBCXX20_CONSTEXPR
        -:  327:    inline _From
    #####:  328:    __niter_wrap(_From __from, _To __res)
    #####:  329:    { return __from + (__res - std::__niter_base(__from)); }
------------------
_ZSt12__niter_wrapIN9__gnu_cxx17__normal_iteratorIPPN7testing8TestInfoESt6vectorIS4_SaIS4_EEEES5_ET_SA_T0_:
function _ZSt12__niter_wrapIN9__gnu_cxx17__normal_iteratorIPPN7testing8TestInfoESt6vectorIS4_SaIS4_EEEES5_ET_SA_T0_ called 0 returned 0% blocks executed 0%
    #####:  328:    __niter_wrap(_From __from, _To __res)
    #####:  329:    { return __from + (__res - std::__niter_base(__from)); }
    %%%%%:  329-block  0
call    0 never executed
call    1 never executed
------------------
_ZSt12__niter_wrapIN9__gnu_cxx17__normal_iteratorIPPN7testing17TestEventListenerESt6vectorIS4_SaIS4_EEEES5_ET_SA_T0_:
function _ZSt12__niter_wrapIN9__gnu_cxx17__normal_iteratorIPPN7testing17TestEventListenerESt6vectorIS4_SaIS4_EEEES5_ET_SA_T0_ called 0 returned 0% blocks executed 0%
    #####:  328:    __niter_wrap(_From __from, _To __res)
    #####:  329:    { return __from + (__res - std::__niter_base(__from)); }
    %%%%%:  329-block  0
call    0 never executed
call    1 never executed
------------------
        -:  330:
        -:  331:  // No need to wrap, iterator already has the right type.
        -:  332:  template<typename _Iterator>
        -:  333:    _GLIBCXX20_CONSTEXPR
        -:  334:    inline _Iterator
       6*:  335:    __niter_wrap(const _Iterator&, _Iterator __res)
       6*:  336:    { return __res; }
------------------
_ZSt12__niter_wrapIPN7testing8internal13edit_distance8EditTypeEET_RKS5_S5_:
function _ZSt12__niter_wrapIPN7testing8internal13edit_distance8EditTypeEET_RKS5_S5_ called 0 returned 0% blocks executed 0%
    #####:  335:    __niter_wrap(const _Iterator&, _Iterator __res)
    #####:  336:    { return __res; }
    %%%%%:  336-block  0
------------------
_ZSt12__niter_wrapIPdET_RKS1_S1_:
function _ZSt12__niter_wrapIPdET_RKS1_S1_ called 0 returned 0% blocks executed 0%
    #####:  335:    __niter_wrap(const _Iterator&, _Iterator __res)
    #####:  336:    { return __res; }
    %%%%%:  336-block  0
------------------
_ZSt12__niter_wrapIPNSt7__cxx1112basic_stringIcSt11char_traitsIcESaIcEEEET_RKS7_S7_:
function _ZSt12__niter_wrapIPNSt7__cxx1112basic_stringIcSt11char_traitsIcESaIcEEEET_RKS7_S7_ called 0 returned 0% blocks executed 0%
    #####:  335:    __niter_wrap(const _Iterator&, _Iterator __res)
    #####:  336:    { return __res; }
    %%%%%:  336-block  0
------------------
_ZSt12__niter_wrapIPPN7testing8TestInfoEET_RKS4_S4_:
function _ZSt12__niter_wrapIPPN7testing8TestInfoEET_RKS4_S4_ called 0 returned 0% blocks executed 0%
    #####:  335:    __niter_wrap(const _Iterator&, _Iterator __res)
    #####:  336:    { return __res; }
    %%%%%:  336-block  0
------------------
_ZSt12__niter_wrapIPPN7testing9TestSuiteEET_RKS4_S4_:
function _ZSt12__niter_wrapIPPN7testing9TestSuiteEET_RKS4_S4_ called 0 returned 0% blocks executed 0%
    #####:  335:    __niter_wrap(const _Iterator&, _Iterator __res)
    #####:  336:    { return __res; }
    %%%%%:  336-block  0
------------------
_ZSt12__niter_wrapISt15insert_iteratorISt13unordered_setINSt7__cxx1112basic_stringIcSt11char_traitsIcESaIcEEESt4hashIS7_ESt8equal_toIS7_ESaIS7_EEEET_RKSF_SF_:
function _ZSt12__niter_wrapISt15insert_iteratorISt13unordered_setINSt7__cxx1112basic_stringIcSt11char_traitsIcESaIcEEESt4hashIS7_ESt8equal_toIS7_ESaIS7_EEEET_RKSF_SF_ called 3 returned 100% blocks executed 100%
        3:  335:    __niter_wrap(const _Iterator&, _Iterator __res)
        3:  336:    { return __res; }
        3:  336-block  0
------------------
_ZSt12__niter_wrapISt15insert_iteratorISt6vectorINSt7__cxx1112basic_stringIcSt11char_traitsIcESaIcEEESaIS7_EEEET_RKSB_SB_:
function _ZSt12__niter_wrapISt15insert_iteratorISt6vectorINSt7__cxx1112basic_stringIcSt11char_traitsIcESaIcEEESaIS7_EEEET_RKSB_SB_ called 3 returned 100% blocks executed 100%
        3:  335:    __niter_wrap(const _Iterator&, _Iterator __res)
        3:  336:    { return __res; }
        3:  336-block  0
------------------
        -:  337:
        -:  338:  // All of these auxiliary structs serve two purposes.  (1) Replace
        -:  339:  // calls to copy with memmove whenever possible.  (Memmove, not memcpy,
        -:  340:  // because the input and output ranges are permitted to overlap.)
        -:  341:  // (2) If we're using random access iterators, then write the loop as
        -:  342:  // a for loop with an explicit count.
        -:  343:
        -:  344:  template<bool _IsMove, bool _IsSimple, typename _Category>
        -:  345:    struct __copy_move
        -:  346:    {
        -:  347:      template<typename _II, typename _OI>
        -:  348:	_GLIBCXX20_CONSTEXPR
        -:  349:	static _OI
        -:  350:	__copy_m(_II __first, _II __last, _OI __result)
        -:  351:	{
        -:  352:	  for (; __first != __last; ++__result, (void)++__first)
        -:  353:	    *__result = *__first;
        -:  354:	  return __result;
        -:  355:	}
        -:  356:    };
        -:  357:
        -:  358:#if __cplusplus >= 201103L
        -:  359:  template<typename _Category>
        -:  360:    struct __copy_move<true, false, _Category>
        -:  361:    {
        -:  362:      template<typename _II, typename _OI>
        -:  363:	_GLIBCXX20_CONSTEXPR
        -:  364:	static _OI
        -:  365:	__copy_m(_II __first, _II __last, _OI __result)
        -:  366:	{
        -:  367:	  for (; __first != __last; ++__result, (void)++__first)
        -:  368:	    *__result = std::move(*__first);
        -:  369:	  return __result;
        -:  370:	}
        -:  371:    };
        -:  372:#endif
        -:  373:
        -:  374:  template<>
        -:  375:    struct __copy_move<false, false, random_access_iterator_tag>
        -:  376:    {
        -:  377:      template<typename _II, typename _OI>
        -:  378:	_GLIBCXX20_CONSTEXPR
        -:  379:	static _OI
    #####:  380:	__copy_m(_II __first, _II __last, _OI __result)
        -:  381:	{
        -:  382:	  typedef typename iterator_traits<_II>::difference_type _Distance;
    #####:  383:	  for(_Distance __n = __last - __first; __n > 0; --__n)
        -:  384:	    {
    #####:  385:	      *__result = *__first;
    #####:  386:	      ++__first;
    #####:  387:	      ++__result;
        -:  388:	    }
    #####:  389:	  return __result;
        -:  390:	}
------------------
_ZNSt11__copy_moveILb0ELb0ESt26random_access_iterator_tagE8__copy_mIPKN7testing8internal13edit_distance8EditTypeEPS6_EET0_T_SB_SA_:
function _ZNSt11__copy_moveILb0ELb0ESt26random_access_iterator_tagE8__copy_mIPKN7testing8internal13edit_distance8EditTypeEPS6_EET0_T_SB_SA_ called 0 returned 0% blocks executed 0%
    #####:  380:	__copy_m(_II __first, _II __last, _OI __result)
        -:  381:	{
        -:  382:	  typedef typename iterator_traits<_II>::difference_type _Distance;
    #####:  383:	  for(_Distance __n = __last - __first; __n > 0; --__n)
    %%%%%:  383-block  0
    %%%%%:  383-block  1
branch  0 never executed
branch  1 never executed
        -:  384:	    {
    #####:  385:	      *__result = *__first;
    #####:  386:	      ++__first;
    #####:  387:	      ++__result;
    %%%%%:  387-block  0
        -:  388:	    }
    #####:  389:	  return __result;
    %%%%%:  389-block  0
        -:  390:	}
------------------
_ZNSt11__copy_moveILb0ELb0ESt26random_access_iterator_tagE8__copy_mIPKdPdEET0_T_S7_S6_:
function _ZNSt11__copy_moveILb0ELb0ESt26random_access_iterator_tagE8__copy_mIPKdPdEET0_T_S7_S6_ called 0 returned 0% blocks executed 0%
    #####:  380:	__copy_m(_II __first, _II __last, _OI __result)
        -:  381:	{
        -:  382:	  typedef typename iterator_traits<_II>::difference_type _Distance;
    #####:  383:	  for(_Distance __n = __last - __first; __n > 0; --__n)
    %%%%%:  383-block  0
    %%%%%:  383-block  1
branch  0 never executed
branch  1 never executed
        -:  384:	    {
    #####:  385:	      *__result = *__first;
    #####:  386:	      ++__first;
    #####:  387:	      ++__result;
    %%%%%:  387-block  0
        -:  388:	    }
    #####:  389:	  return __result;
    %%%%%:  389-block  0
        -:  390:	}
------------------
        -:  391:
        -:  392:      template<typename _Tp, typename _Up>
        -:  393:	static void
    #####:  394:	__assign_one(_Tp* __to, _Up* __from)
    #####:  395:	{ *__to = *__from; }
------------------
_ZNSt11__copy_moveILb0ELb0ESt26random_access_iterator_tagE12__assign_oneIN7testing8internal13edit_distance8EditTypeEKS6_EEvPT_PT0_:
function _ZNSt11__copy_moveILb0ELb0ESt26random_access_iterator_tagE12__assign_oneIN7testing8internal13edit_distance8EditTypeEKS6_EEvPT_PT0_ called 0 returned 0% blocks executed 0%
    #####:  394:	__assign_one(_Tp* __to, _Up* __from)
    #####:  395:	{ *__to = *__from; }
------------------
_ZNSt11__copy_moveILb0ELb0ESt26random_access_iterator_tagE12__assign_oneIdKdEEvPT_PT0_:
function _ZNSt11__copy_moveILb0ELb0ESt26random_access_iterator_tagE12__assign_oneIdKdEEvPT_PT0_ called 0 returned 0% blocks executed 0%
    #####:  394:	__assign_one(_Tp* __to, _Up* __from)
    #####:  395:	{ *__to = *__from; }
------------------
        -:  396:    };
        -:  397:
        -:  398:#if __cplusplus >= 201103L
        -:  399:  template<>
        -:  400:    struct __copy_move<true, false, random_access_iterator_tag>
        -:  401:    {
        -:  402:      template<typename _II, typename _OI>
        -:  403:	_GLIBCXX20_CONSTEXPR
        -:  404:	static _OI
       6*:  405:	__copy_m(_II __first, _II __last, _OI __result)
        -:  406:	{
        -:  407:	  typedef typename iterator_traits<_II>::difference_type _Distance;
      15*:  408:	  for(_Distance __n = __last - __first; __n > 0; --__n)
        -:  409:	    {
       9*:  410:	      *__result = std::move(*__first);
       9*:  411:	      ++__first;
       9*:  412:	      ++__result;
        -:  413:	    }
       6*:  414:	  return __result;
        -:  415:	}
------------------
_ZNSt11__copy_moveILb1ELb0ESt26random_access_iterator_tagE8__copy_mIPPN7testing8TestInfoES6_EET0_T_S8_S7_:
function _ZNSt11__copy_moveILb1ELb0ESt26random_access_iterator_tagE8__copy_mIPPN7testing8TestInfoES6_EET0_T_S8_S7_ called 0 returned 0% blocks executed 0%
    #####:  405:	__copy_m(_II __first, _II __last, _OI __result)
        -:  406:	{
        -:  407:	  typedef typename iterator_traits<_II>::difference_type _Distance;
    #####:  408:	  for(_Distance __n = __last - __first; __n > 0; --__n)
    %%%%%:  408-block  0
    %%%%%:  408-block  1
branch  0 never executed
branch  1 never executed
        -:  409:	    {
    #####:  410:	      *__result = std::move(*__first);
    %%%%%:  410-block  0
call    0 never executed
    #####:  411:	      ++__first;
    #####:  412:	      ++__result;
        -:  413:	    }
    #####:  414:	  return __result;
    %%%%%:  414-block  0
        -:  415:	}
------------------
_ZNSt11__copy_moveILb1ELb0ESt26random_access_iterator_tagE8__copy_mIPPN7testing17TestEventListenerES6_EET0_T_S8_S7_:
function _ZNSt11__copy_moveILb1ELb0ESt26random_access_iterator_tagE8__copy_mIPPN7testing17TestEventListenerES6_EET0_T_S8_S7_ called 0 returned 0% blocks executed 0%
    #####:  405:	__copy_m(_II __first, _II __last, _OI __result)
        -:  406:	{
        -:  407:	  typedef typename iterator_traits<_II>::difference_type _Distance;
    #####:  408:	  for(_Distance __n = __last - __first; __n > 0; --__n)
    %%%%%:  408-block  0
    %%%%%:  408-block  1
branch  0 never executed
branch  1 never executed
        -:  409:	    {
    #####:  410:	      *__result = std::move(*__first);
    %%%%%:  410-block  0
call    0 never executed
    #####:  411:	      ++__first;
    #####:  412:	      ++__result;
        -:  413:	    }
    #####:  414:	  return __result;
    %%%%%:  414-block  0
        -:  415:	}
------------------
_ZNSt11__copy_moveILb1ELb0ESt26random_access_iterator_tagE8__copy_mIPNSt7__cxx1112basic_stringIcSt11char_traitsIcESaIcEEESt15insert_iteratorISt13unordered_setIS8_St4hashIS8_ESt8equal_toIS8_ESaIS8_EEEEET0_T_SK_SJ_:
function _ZNSt11__copy_moveILb1ELb0ESt26random_access_iterator_tagE8__copy_mIPNSt7__cxx1112basic_stringIcSt11char_traitsIcESaIcEEESt15insert_iteratorISt13unordered_setIS8_St4hashIS8_ESt8equal_toIS8_ESaIS8_EEEEET0_T_SK_SJ_ called 3 returned 100% blocks executed 44%
        3:  405:	__copy_m(_II __first, _II __last, _OI __result)
        -:  406:	{
        -:  407:	  typedef typename iterator_traits<_II>::difference_type _Distance;
       3*:  408:	  for(_Distance __n = __last - __first; __n > 0; --__n)
        3:  408-block  0
        3:  408-block  1
branch  0 taken 0
branch  1 taken 3 (fallthrough)
        -:  409:	    {
    #####:  410:	      *__result = std::move(*__first);
    %%%%%:  410-block  0
call    0 never executed
call    1 never executed
call    2 never executed
    #####:  411:	      ++__first;
    #####:  412:	      ++__result;
call    0 never executed
        -:  413:	    }
        3:  414:	  return __result;
        3:  414-block  0
        -:  415:	}
------------------
_ZNSt11__copy_moveILb1ELb0ESt26random_access_iterator_tagE8__copy_mIPNSt7__cxx1112basic_stringIcSt11char_traitsIcESaIcEEESt15insert_iteratorISt6vectorIS8_SaIS8_EEEEET0_T_SG_SF_:
function _ZNSt11__copy_moveILb1ELb0ESt26random_access_iterator_tagE8__copy_mIPNSt7__cxx1112basic_stringIcSt11char_traitsIcESaIcEEESt15insert_iteratorISt6vectorIS8_SaIS8_EEEEET0_T_SG_SF_ called 3 returned 100% blocks executed 100%
        3:  405:	__copy_m(_II __first, _II __last, _OI __result)
        -:  406:	{
        -:  407:	  typedef typename iterator_traits<_II>::difference_type _Distance;
       12:  408:	  for(_Distance __n = __last - __first; __n > 0; --__n)
        3:  408-block  0
       12:  408-block  1
branch  0 taken 9
branch  1 taken 3 (fallthrough)
        -:  409:	    {
        9:  410:	      *__result = std::move(*__first);
        9:  410-block  0
call    0 returned 9
call    1 returned 9
call    2 returned 9
        9:  411:	      ++__first;
        9:  412:	      ++__result;
call    0 returned 9
        -:  413:	    }
        3:  414:	  return __result;
        3:  414-block  0
        -:  415:	}
------------------
        -:  416:
        -:  417:      template<typename _Tp, typename _Up>
        -:  418:	static void
    #####:  419:	__assign_one(_Tp* __to, _Up* __from)
    #####:  420:	{ *__to = std::move(*__from); }
------------------
_ZNSt11__copy_moveILb1ELb0ESt26random_access_iterator_tagE12__assign_oneIPN7testing8TestInfoES5_EEvPT_PT0_:
function _ZNSt11__copy_moveILb1ELb0ESt26random_access_iterator_tagE12__assign_oneIPN7testing8TestInfoES5_EEvPT_PT0_ called 0 returned 0% blocks executed 0%
    #####:  419:	__assign_one(_Tp* __to, _Up* __from)
    #####:  420:	{ *__to = std::move(*__from); }
    %%%%%:  420-block  0
call    0 never executed
------------------
_ZNSt11__copy_moveILb1ELb0ESt26random_access_iterator_tagE12__assign_oneIPN7testing9TestSuiteES5_EEvPT_PT0_:
function _ZNSt11__copy_moveILb1ELb0ESt26random_access_iterator_tagE12__assign_oneIPN7testing9TestSuiteES5_EEvPT_PT0_ called 0 returned 0% blocks executed 0%
    #####:  419:	__assign_one(_Tp* __to, _Up* __from)
    #####:  420:	{ *__to = std::move(*__from); }
    %%%%%:  420-block  0
call    0 never executed
------------------
_ZNSt11__copy_moveILb1ELb0ESt26random_access_iterator_tagE12__assign_oneIPN7testing17TestEventListenerES5_EEvPT_PT0_:
function _ZNSt11__copy_moveILb1ELb0ESt26random_access_iterator_tagE12__assign_oneIPN7testing17TestEventListenerES5_EEvPT_PT0_ called 0 returned 0% blocks executed 0%
    #####:  419:	__assign_one(_Tp* __to, _Up* __from)
    #####:  420:	{ *__to = std::move(*__from); }
    %%%%%:  420-block  0
call    0 never executed
------------------
        -:  421:    };
        -:  422:#endif
        -:  423:
        -:  424:  template<bool _IsMove>
        -:  425:    struct __copy_move<_IsMove, true, random_access_iterator_tag>
        -:  426:    {
        -:  427:      template<typename _Tp, typename _Up>
        -:  428:	_GLIBCXX20_CONSTEXPR
        -:  429:	static _Up*
    #####:  430:	__copy_m(_Tp* __first, _Tp* __last, _Up* __result)
        -:  431:	{
    #####:  432:	  const ptrdiff_t _Num = __last - __first;
    #####:  433:	  if (__builtin_expect(_Num > 1, true))
    #####:  434:	    __builtin_memmove(__result, __first, sizeof(_Tp) * _Num);
    #####:  435:	  else if (_Num == 1)
        -:  436:	    std::__copy_move<_IsMove, false, random_access_iterator_tag>::
    #####:  437:	      __assign_one(__result, __first);
    #####:  438:	  return __result + _Num;
        -:  439:	}
------------------
_ZNSt11__copy_moveILb0ELb1ESt26random_access_iterator_tagE8__copy_mIKN7testing8internal13edit_distance8EditTypeES6_EEPT0_PT_SB_S9_:
function _ZNSt11__copy_moveILb0ELb1ESt26random_access_iterator_tagE8__copy_mIKN7testing8internal13edit_distance8EditTypeES6_EEPT0_PT_SB_S9_ called 0 returned 0% blocks executed 0%
    #####:  430:	__copy_m(_Tp* __first, _Tp* __last, _Up* __result)
        -:  431:	{
    #####:  432:	  const ptrdiff_t _Num = __last - __first;
    #####:  433:	  if (__builtin_expect(_Num > 1, true))
    %%%%%:  433-block  0
branch  0 never executed
branch  1 never executed
    #####:  434:	    __builtin_memmove(__result, __first, sizeof(_Tp) * _Num);
    %%%%%:  434-block  0
    #####:  435:	  else if (_Num == 1)
    %%%%%:  435-block  0
branch  0 never executed
branch  1 never executed
        -:  436:	    std::__copy_move<_IsMove, false, random_access_iterator_tag>::
    #####:  437:	      __assign_one(__result, __first);
    %%%%%:  437-block  0
call    0 never executed
    #####:  438:	  return __result + _Num;
    %%%%%:  438-block  0
        -:  439:	}
------------------
_ZNSt11__copy_moveILb0ELb1ESt26random_access_iterator_tagE8__copy_mIKddEEPT0_PT_S7_S5_:
function _ZNSt11__copy_moveILb0ELb1ESt26random_access_iterator_tagE8__copy_mIKddEEPT0_PT_S7_S5_ called 0 returned 0% blocks executed 0%
    #####:  430:	__copy_m(_Tp* __first, _Tp* __last, _Up* __result)
        -:  431:	{
    #####:  432:	  const ptrdiff_t _Num = __last - __first;
    #####:  433:	  if (__builtin_expect(_Num > 1, true))
    %%%%%:  433-block  0
branch  0 never executed
branch  1 never executed
    #####:  434:	    __builtin_memmove(__result, __first, sizeof(_Tp) * _Num);
    %%%%%:  434-block  0
    #####:  435:	  else if (_Num == 1)
    %%%%%:  435-block  0
branch  0 never executed
branch  1 never executed
        -:  436:	    std::__copy_move<_IsMove, false, random_access_iterator_tag>::
    #####:  437:	      __assign_one(__result, __first);
    %%%%%:  437-block  0
call    0 never executed
    #####:  438:	  return __result + _Num;
    %%%%%:  438-block  0
        -:  439:	}
------------------
_ZNSt11__copy_moveILb1ELb1ESt26random_access_iterator_tagE8__copy_mIPN7testing8TestInfoES5_EEPT0_PT_S9_S7_:
function _ZNSt11__copy_moveILb1ELb1ESt26random_access_iterator_tagE8__copy_mIPN7testing8TestInfoES5_EEPT0_PT_S9_S7_ called 0 returned 0% blocks executed 0%
    #####:  430:	__copy_m(_Tp* __first, _Tp* __last, _Up* __result)
        -:  431:	{
    #####:  432:	  const ptrdiff_t _Num = __last - __first;
    #####:  433:	  if (__builtin_expect(_Num > 1, true))
    %%%%%:  433-block  0
branch  0 never executed
branch  1 never executed
    #####:  434:	    __builtin_memmove(__result, __first, sizeof(_Tp) * _Num);
    %%%%%:  434-block  0
    #####:  435:	  else if (_Num == 1)
    %%%%%:  435-block  0
branch  0 never executed
branch  1 never executed
        -:  436:	    std::__copy_move<_IsMove, false, random_access_iterator_tag>::
    #####:  437:	      __assign_one(__result, __first);
    %%%%%:  437-block  0
call    0 never executed
    #####:  438:	  return __result + _Num;
    %%%%%:  438-block  0
        -:  439:	}
------------------
_ZNSt11__copy_moveILb1ELb1ESt26random_access_iterator_tagE8__copy_mIPN7testing17TestEventListenerES5_EEPT0_PT_S9_S7_:
function _ZNSt11__copy_moveILb1ELb1ESt26random_access_iterator_tagE8__copy_mIPN7testing17TestEventListenerES5_EEPT0_PT_S9_S7_ called 0 returned 0% blocks executed 0%
    #####:  430:	__copy_m(_Tp* __first, _Tp* __last, _Up* __result)
        -:  431:	{
    #####:  432:	  const ptrdiff_t _Num = __last - __first;
    #####:  433:	  if (__builtin_expect(_Num > 1, true))
    %%%%%:  433-block  0
branch  0 never executed
branch  1 never executed
    #####:  434:	    __builtin_memmove(__result, __first, sizeof(_Tp) * _Num);
    %%%%%:  434-block  0
    #####:  435:	  else if (_Num == 1)
    %%%%%:  435-block  0
branch  0 never executed
branch  1 never executed
        -:  436:	    std::__copy_move<_IsMove, false, random_access_iterator_tag>::
    #####:  437:	      __assign_one(__result, __first);
    %%%%%:  437-block  0
call    0 never executed
    #####:  438:	  return __result + _Num;
    %%%%%:  438-block  0
        -:  439:	}
------------------
        -:  440:    };
        -:  441:
        -:  442:_GLIBCXX_BEGIN_NAMESPACE_CONTAINER
        -:  443:
        -:  444:  template<typename _Tp, typename _Ref, typename _Ptr>
        -:  445:    struct _Deque_iterator;
        -:  446:
        -:  447:  struct _Bit_iterator;
        -:  448:
        -:  449:_GLIBCXX_END_NAMESPACE_CONTAINER
        -:  450:
        -:  451:  // Helpers for streambuf iterators (either istream or ostream).
        -:  452:  // NB: avoid including <iosfwd>, relatively large.
        -:  453:  template<typename _CharT>
        -:  454:    struct char_traits;
        -:  455:
        -:  456:  template<typename _CharT, typename _Traits>
        -:  457:    class istreambuf_iterator;
        -:  458:
        -:  459:  template<typename _CharT, typename _Traits>
        -:  460:    class ostreambuf_iterator;
        -:  461:
        -:  462:  template<bool _IsMove, typename _CharT>
        -:  463:    typename __gnu_cxx::__enable_if<__is_char<_CharT>::__value,
        -:  464:	     ostreambuf_iterator<_CharT, char_traits<_CharT> > >::__type
        -:  465:    __copy_move_a2(_CharT*, _CharT*,
        -:  466:		   ostreambuf_iterator<_CharT, char_traits<_CharT> >);
        -:  467:
        -:  468:  template<bool _IsMove, typename _CharT>
        -:  469:    typename __gnu_cxx::__enable_if<__is_char<_CharT>::__value,
        -:  470:	     ostreambuf_iterator<_CharT, char_traits<_CharT> > >::__type
        -:  471:    __copy_move_a2(const _CharT*, const _CharT*,
        -:  472:		   ostreambuf_iterator<_CharT, char_traits<_CharT> >);
        -:  473:
        -:  474:  template<bool _IsMove, typename _CharT>
        -:  475:    typename __gnu_cxx::__enable_if<__is_char<_CharT>::__value,
        -:  476:				    _CharT*>::__type
        -:  477:    __copy_move_a2(istreambuf_iterator<_CharT, char_traits<_CharT> >,
        -:  478:		   istreambuf_iterator<_CharT, char_traits<_CharT> >, _CharT*);
        -:  479:
        -:  480:  template<bool _IsMove, typename _CharT>
        -:  481:    typename __gnu_cxx::__enable_if<
        -:  482:      __is_char<_CharT>::__value,
        -:  483:      _GLIBCXX_STD_C::_Deque_iterator<_CharT, _CharT&, _CharT*> >::__type
        -:  484:    __copy_move_a2(
        -:  485:	istreambuf_iterator<_CharT, char_traits<_CharT> >,
        -:  486:	istreambuf_iterator<_CharT, char_traits<_CharT> >,
        -:  487:	_GLIBCXX_STD_C::_Deque_iterator<_CharT, _CharT&, _CharT*>);
        -:  488:
        -:  489:  template<bool _IsMove, typename _II, typename _OI>
        -:  490:    _GLIBCXX20_CONSTEXPR
        -:  491:    inline _OI
       6*:  492:    __copy_move_a2(_II __first, _II __last, _OI __result)
        -:  493:    {
        -:  494:      typedef typename iterator_traits<_II>::iterator_category _Category;
        -:  495:#ifdef __cpp_lib_is_constant_evaluated
       6*:  496:      if (std::is_constant_evaluated())
        -:  497:	return std::__copy_move<_IsMove, false, _Category>::
    #####:  498:	  __copy_m(__first, __last, __result);
        -:  499:#endif
        -:  500:      return std::__copy_move<_IsMove, __memcpyable<_OI, _II>::__value,
       6*:  501:			      _Category>::__copy_m(__first, __last, __result);
        -:  502:    }
------------------
_ZSt14__copy_move_a2ILb0EPKN7testing8internal13edit_distance8EditTypeEPS3_ET1_T0_S8_S7_:
function _ZSt14__copy_move_a2ILb0EPKN7testing8internal13edit_distance8EditTypeEPS3_ET1_T0_S8_S7_ called 0 returned 0% blocks executed 0%
    #####:  492:    __copy_move_a2(_II __first, _II __last, _OI __result)
        -:  493:    {
        -:  494:      typedef typename iterator_traits<_II>::iterator_category _Category;
        -:  495:#ifdef __cpp_lib_is_constant_evaluated
    #####:  496:      if (std::is_constant_evaluated())
    %%%%%:  496-block  0
call    0 never executed
branch  1 never executed
branch  2 never executed
        -:  497:	return std::__copy_move<_IsMove, false, _Category>::
    #####:  498:	  __copy_m(__first, __last, __result);
    %%%%%:  498-block  0
call    0 never executed
        -:  499:#endif
        -:  500:      return std::__copy_move<_IsMove, __memcpyable<_OI, _II>::__value,
    #####:  501:			      _Category>::__copy_m(__first, __last, __result);
    %%%%%:  501-block  0
call    0 never executed
        -:  502:    }
------------------
_ZSt14__copy_move_a2ILb0EPKdPdET1_T0_S4_S3_:
function _ZSt14__copy_move_a2ILb0EPKdPdET1_T0_S4_S3_ called 0 returned 0% blocks executed 0%
    #####:  492:    __copy_move_a2(_II __first, _II __last, _OI __result)
        -:  493:    {
        -:  494:      typedef typename iterator_traits<_II>::iterator_category _Category;
        -:  495:#ifdef __cpp_lib_is_constant_evaluated
    #####:  496:      if (std::is_constant_evaluated())
    %%%%%:  496-block  0
call    0 never executed
branch  1 never executed
branch  2 never executed
        -:  497:	return std::__copy_move<_IsMove, false, _Category>::
    #####:  498:	  __copy_m(__first, __last, __result);
    %%%%%:  498-block  0
call    0 never executed
        -:  499:#endif
        -:  500:      return std::__copy_move<_IsMove, __memcpyable<_OI, _II>::__value,
    #####:  501:			      _Category>::__copy_m(__first, __last, __result);
    %%%%%:  501-block  0
call    0 never executed
        -:  502:    }
------------------
_ZSt14__copy_move_a2ILb1EPPN7testing8TestInfoES3_ET1_T0_S5_S4_:
function _ZSt14__copy_move_a2ILb1EPPN7testing8TestInfoES3_ET1_T0_S5_S4_ called 0 returned 0% blocks executed 0%
    #####:  492:    __copy_move_a2(_II __first, _II __last, _OI __result)
        -:  493:    {
        -:  494:      typedef typename iterator_traits<_II>::iterator_category _Category;
        -:  495:#ifdef __cpp_lib_is_constant_evaluated
    #####:  496:      if (std::is_constant_evaluated())
    %%%%%:  496-block  0
call    0 never executed
branch  1 never executed
branch  2 never executed
        -:  497:	return std::__copy_move<_IsMove, false, _Category>::
    #####:  498:	  __copy_m(__first, __last, __result);
    %%%%%:  498-block  0
call    0 never executed
        -:  499:#endif
        -:  500:      return std::__copy_move<_IsMove, __memcpyable<_OI, _II>::__value,
    #####:  501:			      _Category>::__copy_m(__first, __last, __result);
    %%%%%:  501-block  0
call    0 never executed
        -:  502:    }
------------------
_ZSt14__copy_move_a2ILb1EPPN7testing17TestEventListenerES3_ET1_T0_S5_S4_:
function _ZSt14__copy_move_a2ILb1EPPN7testing17TestEventListenerES3_ET1_T0_S5_S4_ called 0 returned 0% blocks executed 0%
    #####:  492:    __copy_move_a2(_II __first, _II __last, _OI __result)
        -:  493:    {
        -:  494:      typedef typename iterator_traits<_II>::iterator_category _Category;
        -:  495:#ifdef __cpp_lib_is_constant_evaluated
    #####:  496:      if (std::is_constant_evaluated())
    %%%%%:  496-block  0
call    0 never executed
branch  1 never executed
branch  2 never executed
        -:  497:	return std::__copy_move<_IsMove, false, _Category>::
    #####:  498:	  __copy_m(__first, __last, __result);
    %%%%%:  498-block  0
call    0 never executed
        -:  499:#endif
        -:  500:      return std::__copy_move<_IsMove, __memcpyable<_OI, _II>::__value,
    #####:  501:			      _Category>::__copy_m(__first, __last, __result);
    %%%%%:  501-block  0
call    0 never executed
        -:  502:    }
------------------
_ZSt14__copy_move_a2ILb1EPNSt7__cxx1112basic_stringIcSt11char_traitsIcESaIcEEESt15insert_iteratorISt13unordered_setIS5_St4hashIS5_ESt8equal_toIS5_ESaIS5_EEEET1_T0_SH_SG_:
function _ZSt14__copy_move_a2ILb1EPNSt7__cxx1112basic_stringIcSt11char_traitsIcESaIcEEESt15insert_iteratorISt13unordered_setIS5_St4hashIS5_ESt8equal_toIS5_ESaIS5_EEEET1_T0_SH_SG_ called 3 returned 100% blocks executed 80%
        3:  492:    __copy_move_a2(_II __first, _II __last, _OI __result)
        -:  493:    {
        -:  494:      typedef typename iterator_traits<_II>::iterator_category _Category;
        -:  495:#ifdef __cpp_lib_is_constant_evaluated
        3:  496:      if (std::is_constant_evaluated())
        3:  496-block  0
call    0 returned 3
branch  1 taken 0 (fallthrough)
branch  2 taken 3
        -:  497:	return std::__copy_move<_IsMove, false, _Category>::
    #####:  498:	  __copy_m(__first, __last, __result);
    %%%%%:  498-block  0
call    0 never executed
        -:  499:#endif
        -:  500:      return std::__copy_move<_IsMove, __memcpyable<_OI, _II>::__value,
        3:  501:			      _Category>::__copy_m(__first, __last, __result);
        3:  501-block  0
call    0 returned 3
        -:  502:    }
------------------
_ZSt14__copy_move_a2ILb1EPNSt7__cxx1112basic_stringIcSt11char_traitsIcESaIcEEESt15insert_iteratorISt6vectorIS5_SaIS5_EEEET1_T0_SD_SC_:
function _ZSt14__copy_move_a2ILb1EPNSt7__cxx1112basic_stringIcSt11char_traitsIcESaIcEEESt15insert_iteratorISt6vectorIS5_SaIS5_EEEET1_T0_SD_SC_ called 3 returned 100% blocks executed 80%
        3:  492:    __copy_move_a2(_II __first, _II __last, _OI __result)
        -:  493:    {
        -:  494:      typedef typename iterator_traits<_II>::iterator_category _Category;
        -:  495:#ifdef __cpp_lib_is_constant_evaluated
        3:  496:      if (std::is_constant_evaluated())
        3:  496-block  0
call    0 returned 3
branch  1 taken 0 (fallthrough)
branch  2 taken 3
        -:  497:	return std::__copy_move<_IsMove, false, _Category>::
    #####:  498:	  __copy_m(__first, __last, __result);
    %%%%%:  498-block  0
call    0 never executed
        -:  499:#endif
        -:  500:      return std::__copy_move<_IsMove, __memcpyable<_OI, _II>::__value,
        3:  501:			      _Category>::__copy_m(__first, __last, __result);
        3:  501-block  0
call    0 returned 3
        -:  502:    }
------------------
        -:  503:
        -:  504:  template<bool _IsMove,
        -:  505:	   typename _Tp, typename _Ref, typename _Ptr, typename _OI>
        -:  506:    _OI
        -:  507:    __copy_move_a1(_GLIBCXX_STD_C::_Deque_iterator<_Tp, _Ref, _Ptr>,
        -:  508:		   _GLIBCXX_STD_C::_Deque_iterator<_Tp, _Ref, _Ptr>,
        -:  509:		   _OI);
        -:  510:
        -:  511:  template<bool _IsMove,
        -:  512:	   typename _ITp, typename _IRef, typename _IPtr, typename _OTp>
        -:  513:    _GLIBCXX_STD_C::_Deque_iterator<_OTp, _OTp&, _OTp*>
        -:  514:    __copy_move_a1(_GLIBCXX_STD_C::_Deque_iterator<_ITp, _IRef, _IPtr>,
        -:  515:		   _GLIBCXX_STD_C::_Deque_iterator<_ITp, _IRef, _IPtr>,
        -:  516:		   _GLIBCXX_STD_C::_Deque_iterator<_OTp, _OTp&, _OTp*>);
        -:  517:
        -:  518:  template<bool _IsMove, typename _II, typename _Tp>
        -:  519:    typename __gnu_cxx::__enable_if<
        -:  520:      __is_random_access_iter<_II>::__value,
        -:  521:      _GLIBCXX_STD_C::_Deque_iterator<_Tp, _Tp&, _Tp*> >::__type
        -:  522:    __copy_move_a1(_II, _II, _GLIBCXX_STD_C::_Deque_iterator<_Tp, _Tp&, _Tp*>);
        -:  523:
        -:  524:  template<bool _IsMove, typename _II, typename _OI>
        -:  525:    _GLIBCXX20_CONSTEXPR
        -:  526:    inline _OI
       6*:  527:    __copy_move_a1(_II __first, _II __last, _OI __result)
       6*:  528:    { return std::__copy_move_a2<_IsMove>(__first, __last, __result); }
------------------
_ZSt14__copy_move_a1ILb0EPKN7testing8internal13edit_distance8EditTypeEPS3_ET1_T0_S8_S7_:
function _ZSt14__copy_move_a1ILb0EPKN7testing8internal13edit_distance8EditTypeEPS3_ET1_T0_S8_S7_ called 0 returned 0% blocks executed 0%
    #####:  527:    __copy_move_a1(_II __first, _II __last, _OI __result)
    #####:  528:    { return std::__copy_move_a2<_IsMove>(__first, __last, __result); }
    %%%%%:  528-block  0
call    0 never executed
------------------
_ZSt14__copy_move_a1ILb0EPKdPdET1_T0_S4_S3_:
function _ZSt14__copy_move_a1ILb0EPKdPdET1_T0_S4_S3_ called 0 returned 0% blocks executed 0%
    #####:  527:    __copy_move_a1(_II __first, _II __last, _OI __result)
    #####:  528:    { return std::__copy_move_a2<_IsMove>(__first, __last, __result); }
    %%%%%:  528-block  0
call    0 never executed
------------------
_ZSt14__copy_move_a1ILb1EPPN7testing8TestInfoES3_ET1_T0_S5_S4_:
function _ZSt14__copy_move_a1ILb1EPPN7testing8TestInfoES3_ET1_T0_S5_S4_ called 0 returned 0% blocks executed 0%
    #####:  527:    __copy_move_a1(_II __first, _II __last, _OI __result)
    #####:  528:    { return std::__copy_move_a2<_IsMove>(__first, __last, __result); }
    %%%%%:  528-block  0
call    0 never executed
------------------
_ZSt14__copy_move_a1ILb1EPPN7testing17TestEventListenerES3_ET1_T0_S5_S4_:
function _ZSt14__copy_move_a1ILb1EPPN7testing17TestEventListenerES3_ET1_T0_S5_S4_ called 0 returned 0% blocks executed 0%
    #####:  527:    __copy_move_a1(_II __first, _II __last, _OI __result)
    #####:  528:    { return std::__copy_move_a2<_IsMove>(__first, __last, __result); }
    %%%%%:  528-block  0
call    0 never executed
------------------
_ZSt14__copy_move_a1ILb1EPNSt7__cxx1112basic_stringIcSt11char_traitsIcESaIcEEESt15insert_iteratorISt13unordered_setIS5_St4hashIS5_ESt8equal_toIS5_ESaIS5_EEEET1_T0_SH_SG_:
function _ZSt14__copy_move_a1ILb1EPNSt7__cxx1112basic_stringIcSt11char_traitsIcESaIcEEESt15insert_iteratorISt13unordered_setIS5_St4hashIS5_ESt8equal_toIS5_ESaIS5_EEEET1_T0_SH_SG_ called 3 returned 100% blocks executed 100%
        3:  527:    __copy_move_a1(_II __first, _II __last, _OI __result)
        3:  528:    { return std::__copy_move_a2<_IsMove>(__first, __last, __result); }
        3:  528-block  0
call    0 returned 3
------------------
_ZSt14__copy_move_a1ILb1EPNSt7__cxx1112basic_stringIcSt11char_traitsIcESaIcEEESt15insert_iteratorISt6vectorIS5_SaIS5_EEEET1_T0_SD_SC_:
function _ZSt14__copy_move_a1ILb1EPNSt7__cxx1112basic_stringIcSt11char_traitsIcESaIcEEESt15insert_iteratorISt6vectorIS5_SaIS5_EEEET1_T0_SD_SC_ called 3 returned 100% blocks executed 100%
        3:  527:    __copy_move_a1(_II __first, _II __last, _OI __result)
        3:  528:    { return std::__copy_move_a2<_IsMove>(__first, __last, __result); }
        3:  528-block  0
call    0 returned 3
------------------
        -:  529:
        -:  530:  template<bool _IsMove, typename _II, typename _OI>
        -:  531:    _GLIBCXX20_CONSTEXPR
        -:  532:    inline _OI
       6*:  533:    __copy_move_a(_II __first, _II __last, _OI __result)
        -:  534:    {
       6*:  535:      return std::__niter_wrap(__result,
        -:  536:		std::__copy_move_a1<_IsMove>(std::__niter_base(__first),
        -:  537:					     std::__niter_base(__last),
       6*:  538:					     std::__niter_base(__result)));
        -:  539:    }
------------------
_ZSt13__copy_move_aILb0EN9__gnu_cxx17__normal_iteratorIPKN7testing8internal13edit_distance8EditTypeESt6vectorIS5_SaIS5_EEEEPS5_ET1_T0_SE_SD_:
function _ZSt13__copy_move_aILb0EN9__gnu_cxx17__normal_iteratorIPKN7testing8internal13edit_distance8EditTypeESt6vectorIS5_SaIS5_EEEEPS5_ET1_T0_SE_SD_ called 0 returned 0% blocks executed 0%
    #####:  533:    __copy_move_a(_II __first, _II __last, _OI __result)
        -:  534:    {
    #####:  535:      return std::__niter_wrap(__result,
    %%%%%:  535-block  0
call    0 never executed
call    1 never executed
call    2 never executed
call    3 never executed
call    4 never executed
        -:  536:		std::__copy_move_a1<_IsMove>(std::__niter_base(__first),
        -:  537:					     std::__niter_base(__last),
    #####:  538:					     std::__niter_base(__result)));
        -:  539:    }
------------------
_ZSt13__copy_move_aILb0EN9__gnu_cxx17__normal_iteratorIPKdSt6vectorIdSaIdEEEEPdET1_T0_SA_S9_:
function _ZSt13__copy_move_aILb0EN9__gnu_cxx17__normal_iteratorIPKdSt6vectorIdSaIdEEEEPdET1_T0_SA_S9_ called 0 returned 0% blocks executed 0%
    #####:  533:    __copy_move_a(_II __first, _II __last, _OI __result)
        -:  534:    {
    #####:  535:      return std::__niter_wrap(__result,
    %%%%%:  535-block  0
call    0 never executed
call    1 never executed
call    2 never executed
call    3 never executed
call    4 never executed
        -:  536:		std::__copy_move_a1<_IsMove>(std::__niter_base(__first),
        -:  537:					     std::__niter_base(__last),
    #####:  538:					     std::__niter_base(__result)));
        -:  539:    }
------------------
_ZSt13__copy_move_aILb1EN9__gnu_cxx17__normal_iteratorIPPN7testing8TestInfoESt6vectorIS4_SaIS4_EEEES9_ET1_T0_SB_SA_:
function _ZSt13__copy_move_aILb1EN9__gnu_cxx17__normal_iteratorIPPN7testing8TestInfoESt6vectorIS4_SaIS4_EEEES9_ET1_T0_SB_SA_ called 0 returned 0% blocks executed 0%
    #####:  533:    __copy_move_a(_II __first, _II __last, _OI __result)
        -:  534:    {
    #####:  535:      return std::__niter_wrap(__result,
    %%%%%:  535-block  0
call    0 never executed
call    1 never executed
call    2 never executed
call    3 never executed
call    4 never executed
        -:  536:		std::__copy_move_a1<_IsMove>(std::__niter_base(__first),
        -:  537:					     std::__niter_base(__last),
    #####:  538:					     std::__niter_base(__result)));
        -:  539:    }
------------------
_ZSt13__copy_move_aILb1EPPN7testing8TestInfoEN9__gnu_cxx17__normal_iteratorIS3_St6vectorIS2_SaIS2_EEEEET1_T0_SB_SA_:
function _ZSt13__copy_move_aILb1EPPN7testing8TestInfoEN9__gnu_cxx17__normal_iteratorIS3_St6vectorIS2_SaIS2_EEEEET1_T0_SB_SA_ called 0 returned 0% blocks executed 0%
    #####:  533:    __copy_move_a(_II __first, _II __last, _OI __result)
        -:  534:    {
    #####:  535:      return std::__niter_wrap(__result,
    %%%%%:  535-block  0
call    0 never executed
call    1 never executed
call    2 never executed
call    3 never executed
call    4 never executed
        -:  536:		std::__copy_move_a1<_IsMove>(std::__niter_base(__first),
        -:  537:					     std::__niter_base(__last),
    #####:  538:					     std::__niter_base(__result)));
        -:  539:    }
------------------
_ZSt13__copy_move_aILb1EN9__gnu_cxx17__normal_iteratorIPPN7testing8TestInfoESt6vectorIS4_SaIS4_EEEES5_ET1_T0_SB_SA_:
function _ZSt13__copy_move_aILb1EN9__gnu_cxx17__normal_iteratorIPPN7testing8TestInfoESt6vectorIS4_SaIS4_EEEES5_ET1_T0_SB_SA_ called 0 returned 0% blocks executed 0%
    #####:  533:    __copy_move_a(_II __first, _II __last, _OI __result)
        -:  534:    {
    #####:  535:      return std::__niter_wrap(__result,
    %%%%%:  535-block  0
call    0 never executed
call    1 never executed
call    2 never executed
call    3 never executed
call    4 never executed
        -:  536:		std::__copy_move_a1<_IsMove>(std::__niter_base(__first),
        -:  537:					     std::__niter_base(__last),
    #####:  538:					     std::__niter_base(__result)));
        -:  539:    }
------------------
_ZSt13__copy_move_aILb1EN9__gnu_cxx17__normal_iteratorIPPN7testing17TestEventListenerESt6vectorIS4_SaIS4_EEEES9_ET1_T0_SB_SA_:
function _ZSt13__copy_move_aILb1EN9__gnu_cxx17__normal_iteratorIPPN7testing17TestEventListenerESt6vectorIS4_SaIS4_EEEES9_ET1_T0_SB_SA_ called 0 returned 0% blocks executed 0%
    #####:  533:    __copy_move_a(_II __first, _II __last, _OI __result)
        -:  534:    {
    #####:  535:      return std::__niter_wrap(__result,
    %%%%%:  535-block  0
call    0 never executed
call    1 never executed
call    2 never executed
call    3 never executed
call    4 never executed
        -:  536:		std::__copy_move_a1<_IsMove>(std::__niter_base(__first),
        -:  537:					     std::__niter_base(__last),
    #####:  538:					     std::__niter_base(__result)));
        -:  539:    }
------------------
_ZSt13__copy_move_aILb1EN9__gnu_cxx17__normal_iteratorIPNSt7__cxx1112basic_stringIcSt11char_traitsIcESaIcEEESt6vectorIS7_SaIS7_EEEESt15insert_iteratorISt13unordered_setIS7_St4hashIS7_ESt8equal_toIS7_ESA_EEET1_T0_SM_SL_:
function _ZSt13__copy_move_aILb1EN9__gnu_cxx17__normal_iteratorIPNSt7__cxx1112basic_stringIcSt11char_traitsIcESaIcEEESt6vectorIS7_SaIS7_EEEESt15insert_iteratorISt13unordered_setIS7_St4hashIS7_ESt8equal_toIS7_ESA_EEET1_T0_SM_SL_ called 3 returned 100% blocks executed 100%
        3:  533:    __copy_move_a(_II __first, _II __last, _OI __result)
        -:  534:    {
        3:  535:      return std::__niter_wrap(__result,
        3:  535-block  0
call    0 returned 3
call    1 returned 3
call    2 returned 3
call    3 returned 3
call    4 returned 3
        -:  536:		std::__copy_move_a1<_IsMove>(std::__niter_base(__first),
        -:  537:					     std::__niter_base(__last),
        3:  538:					     std::__niter_base(__result)));
        -:  539:    }
------------------
_ZSt13__copy_move_aILb1EN9__gnu_cxx17__normal_iteratorIPNSt7__cxx1112basic_stringIcSt11char_traitsIcESaIcEEESt6vectorIS7_SaIS7_EEEESt15insert_iteratorISB_EET1_T0_SG_SF_:
function _ZSt13__copy_move_aILb1EN9__gnu_cxx17__normal_iteratorIPNSt7__cxx1112basic_stringIcSt11char_traitsIcESaIcEEESt6vectorIS7_SaIS7_EEEESt15insert_iteratorISB_EET1_T0_SG_SF_ called 3 returned 100% blocks executed 100%
        3:  533:    __copy_move_a(_II __first, _II __last, _OI __result)
        -:  534:    {
        3:  535:      return std::__niter_wrap(__result,
        3:  535-block  0
call    0 returned 3
call    1 returned 3
call    2 returned 3
call    3 returned 3
call    4 returned 3
        -:  536:		std::__copy_move_a1<_IsMove>(std::__niter_base(__first),
        -:  537:					     std::__niter_base(__last),
        3:  538:					     std::__niter_base(__result)));
        -:  539:    }
------------------
        -:  540:
        -:  541:  template<bool _IsMove,
        -:  542:	   typename _Ite, typename _Seq, typename _Cat, typename _OI>
        -:  543:    _OI
        -:  544:    __copy_move_a(const ::__gnu_debug::_Safe_iterator<_Ite, _Seq, _Cat>&,
        -:  545:		  const ::__gnu_debug::_Safe_iterator<_Ite, _Seq, _Cat>&,
        -:  546:		  _OI);
        -:  547:
        -:  548:  template<bool _IsMove,
        -:  549:	   typename _II, typename _Ite, typename _Seq, typename _Cat>
        -:  550:    __gnu_debug::_Safe_iterator<_Ite, _Seq, _Cat>
        -:  551:    __copy_move_a(_II, _II,
        -:  552:		  const ::__gnu_debug::_Safe_iterator<_Ite, _Seq, _Cat>&);
        -:  553:
        -:  554:  template<bool _IsMove,
        -:  555:	   typename _IIte, typename _ISeq, typename _ICat,
        -:  556:	   typename _OIte, typename _OSeq, typename _OCat>
        -:  557:    ::__gnu_debug::_Safe_iterator<_OIte, _OSeq, _OCat>
        -:  558:    __copy_move_a(const ::__gnu_debug::_Safe_iterator<_IIte, _ISeq, _ICat>&,
        -:  559:		  const ::__gnu_debug::_Safe_iterator<_IIte, _ISeq, _ICat>&,
        -:  560:		  const ::__gnu_debug::_Safe_iterator<_OIte, _OSeq, _OCat>&);
        -:  561:
        -:  562:  template<typename _InputIterator, typename _Size, typename _OutputIterator>
        -:  563:    _GLIBCXX20_CONSTEXPR
        -:  564:    _OutputIterator
        -:  565:    __copy_n_a(_InputIterator __first, _Size __n, _OutputIterator __result,
        -:  566:	       bool)
        -:  567:    {
        -:  568:      if (__n > 0)
        -:  569:	{
        -:  570:	  while (true)
        -:  571:	    {
        -:  572:	      *__result = *__first;
        -:  573:	      ++__result;
        -:  574:	      if (--__n > 0)
        -:  575:		++__first;
        -:  576:	      else
        -:  577:		break;
        -:  578:	    }
        -:  579:	}
        -:  580:      return __result;
        -:  581:    }
        -:  582:
        -:  583:  template<typename _CharT, typename _Size>
        -:  584:    typename __gnu_cxx::__enable_if<
        -:  585:      __is_char<_CharT>::__value, _CharT*>::__type
        -:  586:    __copy_n_a(istreambuf_iterator<_CharT, char_traits<_CharT> >,
        -:  587:	       _Size, _CharT*, bool);
        -:  588:
        -:  589:  template<typename _CharT, typename _Size>
        -:  590:    typename __gnu_cxx::__enable_if<
        -:  591:      __is_char<_CharT>::__value,
        -:  592:      _GLIBCXX_STD_C::_Deque_iterator<_CharT, _CharT&, _CharT*> >::__type
        -:  593:    __copy_n_a(istreambuf_iterator<_CharT, char_traits<_CharT> >, _Size,
        -:  594:	       _GLIBCXX_STD_C::_Deque_iterator<_CharT, _CharT&, _CharT*>,
        -:  595:	       bool);
        -:  596:
        -:  597:  /**
        -:  598:   *  @brief Copies the range [first,last) into result.
        -:  599:   *  @ingroup mutating_algorithms
        -:  600:   *  @param  __first  An input iterator.
        -:  601:   *  @param  __last   An input iterator.
        -:  602:   *  @param  __result An output iterator.
        -:  603:   *  @return   result + (last - first)
        -:  604:   *
        -:  605:   *  This inline function will boil down to a call to @c memmove whenever
        -:  606:   *  possible.  Failing that, if random access iterators are passed, then the
        -:  607:   *  loop count will be known (and therefore a candidate for compiler
        -:  608:   *  optimizations such as unrolling).  Result may not be contained within
        -:  609:   *  [first,last); the copy_backward function should be used instead.
        -:  610:   *
        -:  611:   *  Note that the end of the output range is permitted to be contained
        -:  612:   *  within [first,last).
        -:  613:  */
        -:  614:  template<typename _II, typename _OI>
        -:  615:    _GLIBCXX20_CONSTEXPR
        -:  616:    inline _OI
    #####:  617:    copy(_II __first, _II __last, _OI __result)
        -:  618:    {
        -:  619:      // concept requirements
        -:  620:      __glibcxx_function_requires(_InputIteratorConcept<_II>)
        -:  621:      __glibcxx_function_requires(_OutputIteratorConcept<_OI,
        -:  622:	    typename iterator_traits<_II>::reference>)
        -:  623:      __glibcxx_requires_can_increment_range(__first, __last, __result);
        -:  624:
        -:  625:      return std::__copy_move_a<__is_move_iterator<_II>::__value>
    #####:  626:	     (std::__miter_base(__first), std::__miter_base(__last), __result);
        -:  627:    }
------------------
_ZSt4copyIN9__gnu_cxx17__normal_iteratorIPKN7testing8internal13edit_distance8EditTypeESt6vectorIS5_SaIS5_EEEEPS5_ET0_T_SE_SD_:
function _ZSt4copyIN9__gnu_cxx17__normal_iteratorIPKN7testing8internal13edit_distance8EditTypeESt6vectorIS5_SaIS5_EEEEPS5_ET0_T_SE_SD_ called 0 returned 0% blocks executed 0%
    #####:  617:    copy(_II __first, _II __last, _OI __result)
        -:  618:    {
        -:  619:      // concept requirements
        -:  620:      __glibcxx_function_requires(_InputIteratorConcept<_II>)
        -:  621:      __glibcxx_function_requires(_OutputIteratorConcept<_OI,
        -:  622:	    typename iterator_traits<_II>::reference>)
        -:  623:      __glibcxx_requires_can_increment_range(__first, __last, __result);
        -:  624:
        -:  625:      return std::__copy_move_a<__is_move_iterator<_II>::__value>
    #####:  626:	     (std::__miter_base(__first), std::__miter_base(__last), __result);
    %%%%%:  626-block  0
call    0 never executed
call    1 never executed
call    2 never executed
        -:  627:    }
------------------
_ZSt4copyIN9__gnu_cxx17__normal_iteratorIPKdSt6vectorIdSaIdEEEEPdET0_T_SA_S9_:
function _ZSt4copyIN9__gnu_cxx17__normal_iteratorIPKdSt6vectorIdSaIdEEEEPdET0_T_SA_S9_ called 0 returned 0% blocks executed 0%
    #####:  617:    copy(_II __first, _II __last, _OI __result)
        -:  618:    {
        -:  619:      // concept requirements
        -:  620:      __glibcxx_function_requires(_InputIteratorConcept<_II>)
        -:  621:      __glibcxx_function_requires(_OutputIteratorConcept<_OI,
        -:  622:	    typename iterator_traits<_II>::reference>)
        -:  623:      __glibcxx_requires_can_increment_range(__first, __last, __result);
        -:  624:
[...]
        4: 2064:    __find_if(_RandomAccessIterator __first, _RandomAccessIterator __last,
        -: 2065:	      _Predicate __pred, random_access_iterator_tag)
        -: 2066:    {
        -: 2067:      typename iterator_traits<_RandomAccessIterator>::difference_type
        4: 2068:	__trip_count = (__last - __first) >> 2;
        4: 2068-block  0
call    0 returned 4
        -: 2069:
        5: 2070:      for (; __trip_count > 0; --__trip_count)
        5: 2070-block  0
branch  0 taken 1
branch  1 taken 4 (fallthrough)
        -: 2071:	{
        1: 2072:	  if (__pred(__first))
        1: 2072-block  0
call    0 returned 1
branch  1 taken 0 (fallthrough)
branch  2 taken 1
    #####: 2073:	    return __first;
    %%%%%: 2073-block  0
        1: 2074:	  ++__first;
        1: 2074-block  0
call    0 returned 1
        -: 2075:
        1: 2076:	  if (__pred(__first))
call    0 returned 1
branch  1 taken 0 (fallthrough)
branch  2 taken 1
    #####: 2077:	    return __first;
    %%%%%: 2077-block  0
        1: 2078:	  ++__first;
        1: 2078-block  0
call    0 returned 1
        -: 2079:
        1: 2080:	  if (__pred(__first))
call    0 returned 1
branch  1 taken 0 (fallthrough)
branch  2 taken 1
    #####: 2081:	    return __first;
    %%%%%: 2081-block  0
        1: 2082:	  ++__first;
        1: 2082-block  0
call    0 returned 1
        -: 2083:
        1: 2084:	  if (__pred(__first))
call    0 returned 1
branch  1 taken 0 (fallthrough)
branch  2 taken 1
    #####: 2085:	    return __first;
    %%%%%: 2085-block  0
        1: 2086:	  ++__first;
        1: 2086-block  0
call    0 returned 1
        -: 2087:	}
        -: 2088:
        4: 2089:      switch (__last - __first)
        4: 2089-block  0
call    0 returned 4
branch  1 taken 0
branch  2 taken 3
branch  3 taken 1
branch  4 taken 0
        -: 2090:	{
    #####: 2091:	case 3:
    #####: 2092:	  if (__pred(__first))
    %%%%%: 2092-block  0
call    0 never executed
branch  1 never executed
branch  2 never executed
    #####: 2093:	    return __first;
    %%%%%: 2093-block  0
    #####: 2094:	  ++__first;
    %%%%%: 2094-block  0
call    0 never executed
        -: 2095:	  // FALLTHRU
        3: 2096:	case 2:
        3: 2097:	  if (__pred(__first))
        3: 2097-block  0
call    0 returned 3
branch  1 taken 0 (fallthrough)
branch  2 taken 3
    #####: 2098:	    return __first;
    %%%%%: 2098-block  0
        3: 2099:	  ++__first;
        3: 2099-block  0
call    0 returned 3
        -: 2100:	  // FALLTHRU
        4: 2101:	case 1:
        4: 2102:	  if (__pred(__first))
        4: 2102-block  0
call    0 returned 4
branch  1 taken 0 (fallthrough)
branch  2 taken 4
    #####: 2103:	    return __first;
    %%%%%: 2103-block  0
        4: 2104:	  ++__first;
        4: 2104-block  0
call    0 returned 4
        -: 2105:	  // FALLTHRU
        4: 2106:	case 0:
        -: 2107:	default:
        4: 2108:	  return __last;
        4: 2108-block  0
        -: 2109:	}
        -: 2110:    }
------------------
_ZSt9__find_ifIN9__gnu_cxx17__normal_iteratorIPKcNSt7__cxx1112basic_stringIcSt11char_traitsIcESaIcEEEEENS0_5__ops10_Iter_predIZN7testing8internal12_GLOBAL__N_113IsGlobPatternERKS9_EUlcE_EEET_SK_SK_T0_St26random_access_iterator_tag:
function _ZSt9__find_ifIN9__gnu_cxx17__normal_iteratorIPKcNSt7__cxx1112basic_stringIcSt11char_traitsIcESaIcEEEEENS0_5__ops10_Iter_predIZN7testing8internal12_GLOBAL__N_113IsGlobPatternERKS9_EUlcE_EEET_SK_SK_T0_St26random_access_iterator_tag called 9 returned 100% blocks executed 75%
        9: 2064:    __find_if(_RandomAccessIterator __first, _RandomAccessIterator __last,
        -: 2065:	      _Predicate __pred, random_access_iterator_tag)
        -: 2066:    {
        -: 2067:      typename iterator_traits<_RandomAccessIterator>::difference_type
        9: 2068:	__trip_count = (__last - __first) >> 2;
        9: 2068-block  0
call    0 returned 9
        -: 2069:
       29: 2070:      for (; __trip_count > 0; --__trip_count)
       29: 2070-block  0
branch  0 taken 27
branch  1 taken 2 (fallthrough)
        -: 2071:	{
       27: 2072:	  if (__pred(__first))
       27: 2072-block  0
call    0 returned 27
branch  1 taken 5 (fallthrough)
branch  2 taken 22
        5: 2073:	    return __first;
        5: 2073-block  0
       22: 2074:	  ++__first;
       22: 2074-block  0
call    0 returned 22
        -: 2075:
       22: 2076:	  if (__pred(__first))
call    0 returned 22
branch  1 taken 2 (fallthrough)
branch  2 taken 20
        2: 2077:	    return __first;
        2: 2077-block  0
       20: 2078:	  ++__first;
       20: 2078-block  0
call    0 returned 20
        -: 2079:
       20: 2080:	  if (__pred(__first))
call    0 returned 20
branch  1 taken 0 (fallthrough)
branch  2 taken 20
    #####: 2081:	    return __first;
    %%%%%: 2081-block  0
       20: 2082:	  ++__first;
       20: 2082-block  0
call    0 returned 20
        -: 2083:
       20: 2084:	  if (__pred(__first))
call    0 returned 20
branch  1 taken 0 (fallthrough)
branch  2 taken 20
    #####: 2085:	    return __first;
    %%%%%: 2085-block  0
       20: 2086:	  ++__first;
       20: 2086-block  0
call    0 returned 20
        -: 2087:	}
        -: 2088:
        2: 2089:      switch (__last - __first)
        2: 2089-block  0
call    0 returned 2
branch  1 taken 0
branch  2 taken 2
branch  3 taken 0
branch  4 taken 0
        -: 2090:	{
    #####: 2091:	case 3:
    #####: 2092:	  if (__pred(__first))
    %%%%%: 2092-block  0
call    0 never executed
branch  1 never executed
branch  2 never executed
    #####: 2093:	    return __first;
    %%%%%: 2093-block  0
    #####: 2094:	  ++__first;
    %%%%%: 2094-block  0
call    0 never executed
        -: 2095:	  // FALLTHRU
        2: 2096:	case 2:
        2: 2097:	  if (__pred(__first))
        2: 2097-block  0
call    0 returned 2
branch  1 taken 0 (fallthrough)
branch  2 taken 2
    #####: 2098:	    return __first;
    %%%%%: 2098-block  0
        2: 2099:	  ++__first;
        2: 2099-block  0
call    0 returned 2
        -: 2100:	  // FALLTHRU
        2: 2101:	case 1:
        2: 2102:	  if (__pred(__first))
        2: 2102-block  0
call    0 returned 2
branch  1 taken 2 (fallthrough)
branch  2 taken 0
        2: 2103:	    return __first;
        2: 2103-block  0
    #####: 2104:	  ++__first;
    %%%%%: 2104-block  0
call    0 never executed
        -: 2105:	  // FALLTHRU
    #####: 2106:	case 0:
        -: 2107:	default:
    #####: 2108:	  return __last;
    %%%%%: 2108-block  0
        -: 2109:	}
        -: 2110:    }
------------------
_ZSt9__find_ifIN9__gnu_cxx17__normal_iteratorIPKNSt7__cxx1112basic_stringIcSt11char_traitsIcESaIcEEESt6vectorIS7_SaIS7_EEEENS0_5__ops16_Iter_equals_valIS8_EEET_SH_SH_T0_St26random_access_iterator_tag:
function _ZSt9__find_ifIN9__gnu_cxx17__normal_iteratorIPKNSt7__cxx1112basic_stringIcSt11char_traitsIcESaIcEEESt6vectorIS7_SaIS7_EEEENS0_5__ops16_Iter_equals_valIS8_EEET_SH_SH_T0_St26random_access_iterator_tag called 0 returned 0% blocks executed 0%
    #####: 2064:    __find_if(_RandomAccessIterator __first, _RandomAccessIterator __last,
        -: 2065:	      _Predicate __pred, random_access_iterator_tag)
        -: 2066:    {
        -: 2067:      typename iterator_traits<_RandomAccessIterator>::difference_type
    #####: 2068:	__trip_count = (__last - __first) >> 2;
    %%%%%: 2068-block  0
call    0 never executed
        -: 2069:
    #####: 2070:      for (; __trip_count > 0; --__trip_count)
    %%%%%: 2070-block  0
branch  0 never executed
branch  1 never executed
        -: 2071:	{
    #####: 2072:	  if (__pred(__first))
    %%%%%: 2072-block  0
call    0 never executed
branch  1 never executed
branch  2 never executed
    #####: 2073:	    return __first;
    %%%%%: 2073-block  0
    #####: 2074:	  ++__first;
    %%%%%: 2074-block  0
call    0 never executed
        -: 2075:
    #####: 2076:	  if (__pred(__first))
call    0 never executed
branch  1 never executed
branch  2 never executed
    #####: 2077:	    return __first;
    %%%%%: 2077-block  0
    #####: 2078:	  ++__first;
    %%%%%: 2078-block  0
call    0 never executed
        -: 2079:
    #####: 2080:	  if (__pred(__first))
call    0 never executed
branch  1 never executed
branch  2 never executed
    #####: 2081:	    return __first;
    %%%%%: 2081-block  0
    #####: 2082:	  ++__first;
    %%%%%: 2082-block  0
call    0 never executed
        -: 2083:
    #####: 2084:	  if (__pred(__first))
call    0 never executed
branch  1 never executed
branch  2 never executed
    #####: 2085:	    return __first;
    %%%%%: 2085-block  0
    #####: 2086:	  ++__first;
    %%%%%: 2086-block  0
call    0 never executed
        -: 2087:	}
        -: 2088:
    #####: 2089:      switch (__last - __first)
    %%%%%: 2089-block  0
call    0 never executed
branch  1 never executed
branch  2 never executed
branch  3 never executed
branch  4 never executed
        -: 2090:	{
    #####: 2091:	case 3:
    #####: 2092:	  if (__pred(__first))
    %%%%%: 2092-block  0
call    0 never executed
branch  1 never executed
branch  2 never executed
    #####: 2093:	    return __first;
    %%%%%: 2093-block  0
    #####: 2094:	  ++__first;
    %%%%%: 2094-block  0
call    0 never executed
        -: 2095:	  // FALLTHRU
    #####: 2096:	case 2:
    #####: 2097:	  if (__pred(__first))
    %%%%%: 2097-block  0
call    0 never executed
branch  1 never executed
branch  2 never executed
    #####: 2098:	    return __first;
    %%%%%: 2098-block  0
    #####: 2099:	  ++__first;
    %%%%%: 2099-block  0
call    0 never executed
        -: 2100:	  // FALLTHRU
    #####: 2101:	case 1:
    #####: 2102:	  if (__pred(__first))
    %%%%%: 2102-block  0
call    0 never executed
branch  1 never executed
branch  2 never executed
    #####: 2103:	    return __first;
    %%%%%: 2103-block  0
    #####: 2104:	  ++__first;
    %%%%%: 2104-block  0
call    0 never executed
        -: 2105:	  // FALLTHRU
    #####: 2106:	case 0:
        -: 2107:	default:
    #####: 2108:	  return __last;
    %%%%%: 2108-block  0
        -: 2109:	}
        -: 2110:    }
------------------
_ZSt9__find_ifIN9__gnu_cxx17__normal_iteratorIPN7testing12TestPropertyESt6vectorIS3_SaIS3_EEEENS0_5__ops10_Iter_predINS2_8internal17TestPropertyKeyIsEEEET_SE_SE_T0_St26random_access_iterator_tag:
function _ZSt9__find_ifIN9__gnu_cxx17__normal_iteratorIPN7testing12TestPropertyESt6vectorIS3_SaIS3_EEEENS0_5__ops10_Iter_predINS2_8internal17TestPropertyKeyIsEEEET_SE_SE_T0_St26random_access_iterator_tag called 0 returned 0% blocks executed 0%
    #####: 2064:    __find_if(_RandomAccessIterator __first, _RandomAccessIterator __last,
        -: 2065:	      _Predicate __pred, random_access_iterator_tag)
        -: 2066:    {
        -: 2067:      typename iterator_traits<_RandomAccessIterator>::difference_type
    #####: 2068:	__trip_count = (__last - __first) >> 2;
    %%%%%: 2068-block  0
call    0 never executed
        -: 2069:
    #####: 2070:      for (; __trip_count > 0; --__trip_count)
    %%%%%: 2070-block  0
branch  0 never executed
branch  1 never executed
        -: 2071:	{
    #####: 2072:	  if (__pred(__first))
    %%%%%: 2072-block  0
call    0 never executed
branch  1 never executed
branch  2 never executed
    #####: 2073:	    return __first;
    %%%%%: 2073-block  0
    #####: 2074:	  ++__first;
    %%%%%: 2074-block  0
call    0 never executed
        -: 2075:
    #####: 2076:	  if (__pred(__first))
call    0 never executed
branch  1 never executed
branch  2 never executed
    #####: 2077:	    return __first;
    %%%%%: 2077-block  0
    #####: 2078:	  ++__first;
    %%%%%: 2078-block  0
call    0 never executed
        -: 2079:
    #####: 2080:	  if (__pred(__first))
call    0 never executed
branch  1 never executed
branch  2 never executed
    #####: 2081:	    return __first;
    %%%%%: 2081-block  0
    #####: 2082:	  ++__first;
    %%%%%: 2082-block  0
call    0 never executed
        -: 2083:
    #####: 2084:	  if (__pred(__first))
call    0 never executed
branch  1 never executed
branch  2 never executed
    #####: 2085:	    return __first;
    %%%%%: 2085-block  0
    #####: 2086:	  ++__first;
    %%%%%: 2086-block  0
call    0 never executed
        -: 2087:	}
        -: 2088:
    #####: 2089:      switch (__last - __first)
    %%%%%: 2089-block  0
call    0 never executed
branch  1 never executed
branch  2 never executed
branch  3 never executed
branch  4 never executed
        -: 2090:	{
    #####: 2091:	case 3:
    #####: 2092:	  if (__pred(__first))
    %%%%%: 2092-block  0
call    0 never executed
branch  1 never executed
branch  2 never executed
    #####: 2093:	    return __first;
    %%%%%: 2093-block  0
    #####: 2094:	  ++__first;
    %%%%%: 2094-block  0
call    0 never executed
        -: 2095:	  // FALLTHRU
    #####: 2096:	case 2:
    #####: 2097:	  if (__pred(__first))
    %%%%%: 2097-block  0
call    0 never executed
branch  1 never executed
branch  2 never executed
    #####: 2098:	    return __first;
    %%%%%: 2098-block  0
    #####: 2099:	  ++__first;
    %%%%%: 2099-block  0
call    0 never executed
        -: 2100:	  // FALLTHRU
    #####: 2101:	case 1:
    #####: 2102:	  if (__pred(__first))
    %%%%%: 2102-block  0
call    0 never executed
branch  1 never executed
branch  2 never executed
    #####: 2103:	    return __first;
    %%%%%: 2103-block  0
    #####: 2104:	  ++__first;
    %%%%%: 2104-block  0
call    0 never executed
        -: 2105:	  // FALLTHRU
    #####: 2106:	case 0:
        -: 2107:	default:
    #####: 2108:	  return __last;
    %%%%%: 2108-block  0
        -: 2109:	}
        -: 2110:    }
------------------
        -: 2111:
        -: 2112:  template<typename _Iterator, typename _Predicate>
        -: 2113:    _GLIBCXX20_CONSTEXPR
        -: 2114:    inline _Iterator
      13*: 2115:    __find_if(_Iterator __first, _Iterator __last, _Predicate __pred)
        -: 2116:    {
      13*: 2117:      return __find_if(__first, __last, __pred,
      26*: 2118:		       std::__iterator_category(__first));
        -: 2119:    }
        -: 2120:
        -: 2121:  template<typename _InputIterator, typename _Predicate>
        -: 2122:    _GLIBCXX20_CONSTEXPR
        -: 2123:    typename iterator_traits<_InputIterator>::difference_type
        -: 2124:    __count_if(_InputIterator __first, _InputIterator __last, _Predicate __pred)
        -: 2125:    {
        -: 2126:      typename iterator_traits<_InputIterator>::difference_type __n = 0;
        -: 2127:      for (; __first != __last; ++__first)
        -: 2128:	if (__pred(__first))
        -: 2129:	  ++__n;
        -: 2130:      return __n;
        -: 2131:    }
        -: 2132:
        -: 2133:  template<typename _ForwardIterator, typename _Predicate>
        -: 2134:    _GLIBCXX20_CONSTEXPR
        -: 2135:    _ForwardIterator
        -: 2136:    __remove_if(_ForwardIterator __first, _ForwardIterator __last,
        -: 2137:		_Predicate __pred)
        -: 2138:    {
        -: 2139:      __first = std::__find_if(__first, __last, __pred);
        -: 2140:      if (__first == __last)
        -: 2141:	return __first;
        -: 2142:      _ForwardIterator __result = __first;
        -: 2143:      ++__first;
        -: 2144:      for (; __first != __last; ++__first)
        -: 2145:	if (!__pred(__first))
        -: 2146:	  {
        -: 2147:	    *__result = _GLIBCXX_MOVE(*__first);
        -: 2148:	    ++__result;
        -: 2149:	  }
        -: 2150:      return __result;
        -: 2151:    }
        -: 2152:
        -: 2153:#if __cplusplus >= 201103L
        -: 2154:  template<typename _ForwardIterator1, typename _ForwardIterator2,
        -: 2155:	   typename _BinaryPredicate>
        -: 2156:    _GLIBCXX20_CONSTEXPR
        -: 2157:    bool
        -: 2158:    __is_permutation(_ForwardIterator1 __first1, _ForwardIterator1 __last1,
        -: 2159:		     _ForwardIterator2 __first2, _BinaryPredicate __pred)
        -: 2160:    {
        -: 2161:      // Efficiently compare identical prefixes:  O(N) if sequences
        -: 2162:      // have the same elements in the same order.
        -: 2163:      for (; __first1 != __last1; ++__first1, (void)++__first2)
        -: 2164:	if (!__pred(__first1, __first2))
        -: 2165:	  break;
        -: 2166:
        -: 2167:      if (__first1 == __last1)
        -: 2168:	return true;
        -: 2169:
        -: 2170:      // Establish __last2 assuming equal ranges by iterating over the
        -: 2171:      // rest of the list.
        -: 2172:      _ForwardIterator2 __last2 = __first2;
        -: 2173:      std::advance(__last2, std::distance(__first1, __last1));
        -: 2174:      for (_ForwardIterator1 __scan = __first1; __scan != __last1; ++__scan)
        -: 2175:	{
        -: 2176:	  if (__scan != std::__find_if(__first1, __scan,
        -: 2177:			  __gnu_cxx::__ops::__iter_comp_iter(__pred, __scan)))
        -: 2178:	    continue; // We've seen this one before.
        -: 2179:
        -: 2180:	  auto __matches
        -: 2181:	    = std::__count_if(__first2, __last2,
        -: 2182:			__gnu_cxx::__ops::__iter_comp_iter(__pred, __scan));
        -: 2183:	  if (0 == __matches ||
        -: 2184:	      std::__count_if(__scan, __last1,
        -: 2185:			__gnu_cxx::__ops::__iter_comp_iter(__pred, __scan))
        -: 2186:	      != __matches)
        -: 2187:	    return false;
        -: 2188:	}
        -: 2189:      return true;
        -: 2190:    }
        -: 2191:
        -: 2192:  /**
        -: 2193:   *  @brief  Checks whether a permutation of the second sequence is equal
        -: 2194:   *          to the first sequence.
        -: 2195:   *  @ingroup non_mutating_algorithms
        -: 2196:   *  @param  __first1  Start of first range.
        -: 2197:   *  @param  __last1   End of first range.
        -: 2198:   *  @param  __first2  Start of second range.
        -: 2199:   *  @return true if there exists a permutation of the elements in the range
        -: 2200:   *          [__first2, __first2 + (__last1 - __first1)), beginning with
        -: 2201:   *          ForwardIterator2 begin, such that equal(__first1, __last1, begin)
        -: 2202:   *          returns true; otherwise, returns false.
        -: 2203:  */
        -: 2204:  template<typename _ForwardIterator1, typename _ForwardIterator2>
        -: 2205:    _GLIBCXX20_CONSTEXPR
        -: 2206:    inline bool
        -: 2207:    is_permutation(_ForwardIterator1 __first1, _ForwardIterator1 __last1,
        -: 2208:		   _ForwardIterator2 __first2)
        -: 2209:    {
        -: 2210:      // concept requirements
        -: 2211:      __glibcxx_function_requires(_ForwardIteratorConcept<_ForwardIterator1>)
        -: 2212:      __glibcxx_function_requires(_ForwardIteratorConcept<_ForwardIterator2>)
        -: 2213:      __glibcxx_function_requires(_EqualOpConcept<
        -: 2214:		typename iterator_traits<_ForwardIterator1>::value_type,
        -: 2215:		typename iterator_traits<_ForwardIterator2>::value_type>)
        -: 2216:      __glibcxx_requires_valid_range(__first1, __last1);
        -: 2217:
        -: 2218:      return std::__is_permutation(__first1, __last1, __first2,
        -: 2219:				   __gnu_cxx::__ops::__iter_equal_to_iter());
        -: 2220:    }
        -: 2221:#endif // C++11
        -: 2222:
        -: 2223:_GLIBCXX_END_NAMESPACE_VERSION
        -: 2224:} // namespace std
        -: 2225:
        -: 2226:// NB: This file is included within many other C++ includes, as a way
        -: 2227:// of getting the base algorithms. So, make sure that parallel bits
        -: 2228:// come in too if requested.
        -: 2229:#ifdef _GLIBCXX_PARALLEL
        -: 2230:# include <parallel/algobase.h>
        -: 2231:#endif
        -: 2232:
        -: 2233:#endif
