        -:    0:Source:/opt/homebrew/Cellar/gcc@12/12.4.0/include/c++/12/bits/hashtable_policy.h
        -:    0:Graph:/Users/vadimleonov/Desktop/плюсы/SQL_lib/cmake-build-debug-coverage/lib/googletest/googletest/CMakeFiles/gtest.dir/src/gtest-all.cc.gcno
        -:    0:Data:/Users/vadimleonov/Desktop/плюсы/SQL_lib/cmake-build-debug-coverage/lib/googletest/googletest/CMakeFiles/gtest.dir/src/gtest-all.cc.gcda
        -:    0:Runs:1
        -:    1:// Internal policy header for unordered_set and unordered_map -*- C++ -*-
        -:    2:
        -:    3:// Copyright (C) 2010-2022 Free Software Foundation, Inc.
        -:    4://
        -:    5:// This file is part of the GNU ISO C++ Library.  This library is free
        -:    6:// software; you can redistribute it and/or modify it under the
        -:    7:// terms of the GNU General Public License as published by the
        -:    8:// Free Software Foundation; either version 3, or (at your option)
        -:    9:// any later version.
        -:   10:
        -:   11:// This library is distributed in the hope that it will be useful,
        -:   12:// but WITHOUT ANY WARRANTY; without even the implied warranty of
        -:   13:// MERCHANTABILITY or FITNESS FOR A PARTICULAR PURPOSE.  See the
        -:   14:// GNU General Public License for more details.
        -:   15:
        -:   16:// Under Section 7 of GPL version 3, you are granted additional
        -:   17:// permissions described in the GCC Runtime Library Exception, version
        -:   18:// 3.1, as published by the Free Software Foundation.
        -:   19:
        -:   20:// You should have received a copy of the GNU General Public License and
        -:   21:// a copy of the GCC Runtime Library Exception along with this program;
        -:   22:// see the files COPYING3 and COPYING.RUNTIME respectively.  If not, see
        -:   23:// <http://www.gnu.org/licenses/>.
        -:   24:
        -:   25:/** @file bits/hashtable_policy.h
        -:   26: *  This is an internal header file, included by other library headers.
        -:   27: *  Do not attempt to use it directly.
        -:   28: *  @headername{unordered_map,unordered_set}
        -:   29: */
        -:   30:
        -:   31:#ifndef _HASHTABLE_POLICY_H
        -:   32:#define _HASHTABLE_POLICY_H 1
        -:   33:
        -:   34:#include <tuple>		// for std::tuple, std::forward_as_tuple
        -:   35:#include <bits/stl_algobase.h>	// for std::min, std::is_permutation.
        -:   36:#include <ext/aligned_buffer.h>	// for __gnu_cxx::__aligned_buffer
        -:   37:#include <ext/alloc_traits.h>	// for std::__alloc_rebind
        -:   38:#include <ext/numeric_traits.h>	// for __gnu_cxx::__int_traits
        -:   39:
        -:   40:namespace std _GLIBCXX_VISIBILITY(default)
        -:   41:{
        -:   42:_GLIBCXX_BEGIN_NAMESPACE_VERSION
        -:   43:/// @cond undocumented
        -:   44:
        -:   45:  template<typename _Key, typename _Value, typename _Alloc,
        -:   46:	   typename _ExtractKey, typename _Equal,
        -:   47:	   typename _Hash, typename _RangeHash, typename _Unused,
        -:   48:	   typename _RehashPolicy, typename _Traits>
        -:   49:    class _Hashtable;
        -:   50:
        -:   51:namespace __detail
        -:   52:{
        -:   53:  /**
        -:   54:   *  @defgroup hashtable-detail Base and Implementation Classes
        -:   55:   *  @ingroup unordered_associative_containers
        -:   56:   *  @{
        -:   57:   */
        -:   58:  template<typename _Key, typename _Value, typename _ExtractKey,
        -:   59:	   typename _Equal, typename _Hash, typename _RangeHash,
        -:   60:	   typename _Unused, typename _Traits>
        -:   61:    struct _Hashtable_base;
        -:   62:
        -:   63:  // Helper function: return distance(first, last) for forward
        -:   64:  // iterators, or 0/1 for input iterators.
        -:   65:  template<typename _Iterator>
        -:   66:    inline typename std::iterator_traits<_Iterator>::difference_type
        -:   67:    __distance_fw(_Iterator __first, _Iterator __last,
        -:   68:		  std::input_iterator_tag)
        -:   69:    { return __first != __last ? 1 : 0; }
        -:   70:
        -:   71:  template<typename _Iterator>
        -:   72:    inline typename std::iterator_traits<_Iterator>::difference_type
        -:   73:    __distance_fw(_Iterator __first, _Iterator __last,
        -:   74:		  std::forward_iterator_tag)
        -:   75:    { return std::distance(__first, __last); }
        -:   76:
        -:   77:  template<typename _Iterator>
        -:   78:    inline typename std::iterator_traits<_Iterator>::difference_type
        -:   79:    __distance_fw(_Iterator __first, _Iterator __last)
        -:   80:    { return __distance_fw(__first, __last,
        -:   81:			   std::__iterator_category(__first)); }
        -:   82:
        -:   83:  struct _Identity
        -:   84:  {
        -:   85:    template<typename _Tp>
        -:   86:      _Tp&&
    #####:   87:      operator()(_Tp&& __x) const noexcept
    #####:   88:      { return std::forward<_Tp>(__x); }
------------------
_ZNKSt8__detail9_IdentityclINSt7__cxx1112basic_stringIcSt11char_traitsIcESaIcEEEEEOT_S9_:
function _ZNKSt8__detail9_IdentityclINSt7__cxx1112basic_stringIcSt11char_traitsIcESaIcEEEEEOT_S9_ called 0 returned 0% blocks executed 0%
    #####:   87:      operator()(_Tp&& __x) const noexcept
    #####:   88:      { return std::forward<_Tp>(__x); }
    %%%%%:   88-block  0
call    0 never executed
------------------
_ZNKSt8__detail9_IdentityclIRKNSt7__cxx1112basic_stringIcSt11char_traitsIcESaIcEEEEEOT_SB_:
function _ZNKSt8__detail9_IdentityclIRKNSt7__cxx1112basic_stringIcSt11char_traitsIcESaIcEEEEEOT_SB_ called 0 returned 0% blocks executed 0%
    #####:   87:      operator()(_Tp&& __x) const noexcept
    #####:   88:      { return std::forward<_Tp>(__x); }
    %%%%%:   88-block  0
call    0 never executed
------------------
        -:   89:  };
        -:   90:
        -:   91:  struct _Select1st
        -:   92:  {
        -:   93:    template<typename _Pair>
        -:   94:      struct __1st_type;
        -:   95:
        -:   96:    template<typename _Tp, typename _Up>
        -:   97:      struct __1st_type<pair<_Tp, _Up>>
        -:   98:      { using type = _Tp; };
        -:   99:
        -:  100:    template<typename _Tp, typename _Up>
        -:  101:      struct __1st_type<const pair<_Tp, _Up>>
        -:  102:      { using type = const _Tp; };
        -:  103:
        -:  104:    template<typename _Pair>
        -:  105:      struct __1st_type<_Pair&>
        -:  106:      { using type = typename __1st_type<_Pair>::type&; };
        -:  107:
        -:  108:    template<typename _Tp>
        -:  109:      typename __1st_type<_Tp>::type&&
       1*:  110:      operator()(_Tp&& __x) const noexcept
       1*:  111:      { return std::forward<_Tp>(__x).first; }
------------------
_ZNKSt8__detail10_Select1stclIRSt4pairIKNSt7__cxx1112basic_stringIcSt11char_traitsIcESaIcEEEPN7testing9TestSuiteEEEEONS0_10__1st_typeIT_E4typeEOSG_:
function _ZNKSt8__detail10_Select1stclIRSt4pairIKNSt7__cxx1112basic_stringIcSt11char_traitsIcESaIcEEEPN7testing9TestSuiteEEEEONS0_10__1st_typeIT_E4typeEOSG_ called 1 returned 100% blocks executed 100%
        1:  110:      operator()(_Tp&& __x) const noexcept
        1:  111:      { return std::forward<_Tp>(__x).first; }
        1:  111-block  0
call    0 returned 1
------------------
_ZNKSt8__detail10_Select1stclIRKSt4pairIKNSt7__cxx1112basic_stringIcSt11char_traitsIcESaIcEEEPN7testing9TestSuiteEEEEONS0_10__1st_typeIT_E4typeEOSH_:
function _ZNKSt8__detail10_Select1stclIRKSt4pairIKNSt7__cxx1112basic_stringIcSt11char_traitsIcESaIcEEEPN7testing9TestSuiteEEEEONS0_10__1st_typeIT_E4typeEOSH_ called 0 returned 0% blocks executed 0%
    #####:  110:      operator()(_Tp&& __x) const noexcept
    #####:  111:      { return std::forward<_Tp>(__x).first; }
    %%%%%:  111-block  0
call    0 never executed
------------------
        -:  112:  };
        -:  113:
        -:  114:  template<typename _ExKey>
        -:  115:    struct _NodeBuilder;
        -:  116:
        -:  117:  template<>
        -:  118:    struct _NodeBuilder<_Select1st>
        -:  119:    {
        -:  120:      template<typename _Kt, typename _Arg, typename _NodeGenerator>
        -:  121:	static auto
        -:  122:	_S_build(_Kt&& __k, _Arg&& __arg, const _NodeGenerator& __node_gen)
        -:  123:	-> typename _NodeGenerator::__node_type*
        -:  124:	{
        -:  125:	  return __node_gen(std::forward<_Kt>(__k),
        -:  126:			    std::forward<_Arg>(__arg).second);
        -:  127:	}
        -:  128:    };
        -:  129:
        -:  130:  template<>
        -:  131:    struct _NodeBuilder<_Identity>
        -:  132:    {
        -:  133:      template<typename _Kt, typename _Arg, typename _NodeGenerator>
        -:  134:	static auto
function _ZNSt8__detail12_NodeBuilderINS_9_IdentityEE8_S_buildINSt7__cxx1112basic_stringIcSt11char_traitsIcESaIcEEES9_NS_10_AllocNodeISaINS_10_Hash_nodeIS9_Lb1EEEEEEEEPNT1_11__node_typeEOT_OT0_RKSF_ called 0 returned 0% blocks executed 0%
    #####:  135:	_S_build(_Kt&& __k, _Arg&&, const _NodeGenerator& __node_gen)
        -:  136:	-> typename _NodeGenerator::__node_type*
    #####:  137:	{ return __node_gen(std::forward<_Kt>(__k)); }
    %%%%%:  137-block  0
call    0 never executed
call    1 never executed
        -:  138:    };
        -:  139:
        -:  140:  template<typename _NodeAlloc>
        -:  141:    struct _Hashtable_alloc;
        -:  142:
        -:  143:  // Functor recycling a pool of nodes and using allocation once the pool is
        -:  144:  // empty.
        -:  145:  template<typename _NodeAlloc>
        -:  146:    struct _ReuseOrAllocNode
        -:  147:    {
        -:  148:    private:
        -:  149:      using __node_alloc_type = _NodeAlloc;
        -:  150:      using __hashtable_alloc = _Hashtable_alloc<__node_alloc_type>;
        -:  151:      using __node_alloc_traits =
        -:  152:	typename __hashtable_alloc::__node_alloc_traits;
        -:  153:
        -:  154:    public:
        -:  155:      using __node_type = typename __hashtable_alloc::__node_type;
        -:  156:
        -:  157:      _ReuseOrAllocNode(__node_type* __nodes, __hashtable_alloc& __h)
        -:  158:      : _M_nodes(__nodes), _M_h(__h) { }
        -:  159:      _ReuseOrAllocNode(const _ReuseOrAllocNode&) = delete;
        -:  160:
        -:  161:      ~_ReuseOrAllocNode()
        -:  162:      { _M_h._M_deallocate_nodes(_M_nodes); }
        -:  163:
        -:  164:      template<typename... _Args>
        -:  165:	__node_type*
        -:  166:	operator()(_Args&&... __args) const
        -:  167:	{
        -:  168:	  if (_M_nodes)
        -:  169:	    {
        -:  170:	      __node_type* __node = _M_nodes;
        -:  171:	      _M_nodes = _M_nodes->_M_next();
        -:  172:	      __node->_M_nxt = nullptr;
        -:  173:	      auto& __a = _M_h._M_node_allocator();
        -:  174:	      __node_alloc_traits::destroy(__a, __node->_M_valptr());
        -:  175:	      __try
        -:  176:		{
        -:  177:		  __node_alloc_traits::construct(__a, __node->_M_valptr(),
        -:  178:						 std::forward<_Args>(__args)...);
        -:  179:		}
        -:  180:	      __catch(...)
        -:  181:		{
        -:  182:		  _M_h._M_deallocate_node_ptr(__node);
        -:  183:		  __throw_exception_again;
        -:  184:		}
        -:  185:	      return __node;
        -:  186:	    }
        -:  187:	  return _M_h._M_allocate_node(std::forward<_Args>(__args)...);
        -:  188:	}
        -:  189:
        -:  190:    private:
        -:  191:      mutable __node_type* _M_nodes;
        -:  192:      __hashtable_alloc& _M_h;
        -:  193:    };
        -:  194:
        -:  195:  // Functor similar to the previous one but without any pool of nodes to
        -:  196:  // recycle.
        -:  197:  template<typename _NodeAlloc>
        -:  198:    struct _AllocNode
        -:  199:    {
        -:  200:    private:
        -:  201:      using __hashtable_alloc = _Hashtable_alloc<_NodeAlloc>;
        -:  202:
        -:  203:    public:
        -:  204:      using __node_type = typename __hashtable_alloc::__node_type;
        -:  205:
function _ZNSt8__detail10_AllocNodeISaINS_10_Hash_nodeINSt7__cxx1112basic_stringIcSt11char_traitsIcESaIcEEELb1EEEEEC1ERNS_16_Hashtable_allocIS9_EE called 0 returned 0% blocks executed 0%
    #####:  206:      _AllocNode(__hashtable_alloc& __h)
    #####:  207:      : _M_h(__h) { }
        -:  208:
        -:  209:      template<typename... _Args>
        -:  210:	__node_type*
function _ZNKSt8__detail10_AllocNodeISaINS_10_Hash_nodeINSt7__cxx1112basic_stringIcSt11char_traitsIcESaIcEEELb1EEEEEclIJS7_EEEPS8_DpOT_ called 0 returned 0% blocks executed 0%
    #####:  211:	operator()(_Args&&... __args) const
    #####:  212:	{ return _M_h._M_allocate_node(std::forward<_Args>(__args)...); }
    %%%%%:  212-block  0
call    0 never executed
call    1 never executed
        -:  213:
        -:  214:    private:
        -:  215:      __hashtable_alloc& _M_h;
        -:  216:    };
        -:  217:
        -:  218:  // Auxiliary types used for all instantiations of _Hashtable nodes
        -:  219:  // and iterators.
        -:  220:
        -:  221:  /**
        -:  222:   *  struct _Hashtable_traits
        -:  223:   *
        -:  224:   *  Important traits for hash tables.
        -:  225:   *
        -:  226:   *  @tparam _Cache_hash_code  Boolean value. True if the value of
        -:  227:   *  the hash function is stored along with the value. This is a
        -:  228:   *  time-space tradeoff.  Storing it may improve lookup speed by
        -:  229:   *  reducing the number of times we need to call the _Hash or _Equal
        -:  230:   *  functors.
        -:  231:   *
        -:  232:   *  @tparam _Constant_iterators  Boolean value. True if iterator and
        -:  233:   *  const_iterator are both constant iterator types. This is true
        -:  234:   *  for unordered_set and unordered_multiset, false for
        -:  235:   *  unordered_map and unordered_multimap.
        -:  236:   *
        -:  237:   *  @tparam _Unique_keys  Boolean value. True if the return value
        -:  238:   *  of _Hashtable::count(k) is always at most one, false if it may
        -:  239:   *  be an arbitrary number. This is true for unordered_set and
        -:  240:   *  unordered_map, false for unordered_multiset and
        -:  241:   *  unordered_multimap.
        -:  242:   */
        -:  243:  template<bool _Cache_hash_code, bool _Constant_iterators, bool _Unique_keys>
        -:  244:    struct _Hashtable_traits
        -:  245:    {
        -:  246:      using __hash_cached = __bool_constant<_Cache_hash_code>;
        -:  247:      using __constant_iterators = __bool_constant<_Constant_iterators>;
        -:  248:      using __unique_keys = __bool_constant<_Unique_keys>;
        -:  249:    };
        -:  250:
        -:  251:  /**
        -:  252:   *  struct _Hashtable_hash_traits
        -:  253:   *
        -:  254:   *  Important traits for hash tables depending on associated hasher.
        -:  255:   *
        -:  256:   */
        -:  257:  template<typename _Hash>
        -:  258:    struct _Hashtable_hash_traits
        -:  259:    {
        -:  260:      static constexpr std::size_t
function _ZNSt8__detail22_Hashtable_hash_traitsISt4hashINSt7__cxx1112basic_stringIcSt11char_traitsIcESaIcEEEEE22__small_size_thresholdEv called 7 returned 100% blocks executed 100%
        7:  261:      __small_size_threshold() noexcept
        7:  262:      { return std::__is_fast_hash<_Hash>::value ? 0 : 20; }
        7:  262-block  0
        -:  263:    };
        -:  264:
        -:  265:  /**
        -:  266:   *  struct _Hash_node_base
        -:  267:   *
        -:  268:   *  Nodes, used to wrap elements stored in the hash table.  A policy
        -:  269:   *  template parameter of class template _Hashtable controls whether
        -:  270:   *  nodes also store a hash code. In some cases (e.g. strings) this
        -:  271:   *  may be a performance win.
        -:  272:   */
        -:  273:  struct _Hash_node_base
        -:  274:  {
        -:  275:    _Hash_node_base* _M_nxt;
        -:  276:
        8:  277:    _Hash_node_base() noexcept : _M_nxt() { }
------------------
_ZNSt8__detail15_Hash_node_baseC1Ev:
function _ZNSt8__detail15_Hash_node_baseC1Ev called 7 returned 100% blocks executed 100%
        7:  277:    _Hash_node_base() noexcept : _M_nxt() { }
------------------
_ZNSt8__detail15_Hash_node_baseC2Ev:
function _ZNSt8__detail15_Hash_node_baseC2Ev called 1 returned 100% blocks executed 100%
        1:  277:    _Hash_node_base() noexcept : _M_nxt() { }
------------------
        -:  278:
        -:  279:    _Hash_node_base(_Hash_node_base* __next) noexcept : _M_nxt(__next) { }
        -:  280:  };
        -:  281:
        -:  282:  /**
        -:  283:   *  struct _Hash_node_value_base
        -:  284:   *
        -:  285:   *  Node type with the value to store.
        -:  286:   */
        -:  287:  template<typename _Value>
        -:  288:    struct _Hash_node_value_base
        -:  289:    {
        -:  290:      typedef _Value value_type;
        -:  291:
        -:  292:      __gnu_cxx::__aligned_buffer<_Value> _M_storage;
        -:  293:
        -:  294:      [[__gnu__::__always_inline__]]
        -:  295:      _Value*
        -:  296:      _M_valptr() noexcept
       2*:  297:      { return _M_storage._M_ptr(); }
        1:  297-block  0
call    0 returned 1
        -:  298:
        -:  299:      [[__gnu__::__always_inline__]]
        -:  300:      const _Value*
        -:  301:      _M_valptr() const noexcept
    #####:  302:      { return _M_storage._M_ptr(); }
        -:  303:
        -:  304:      [[__gnu__::__always_inline__]]
        -:  305:      _Value&
        -:  306:      _M_v() noexcept
        1:  307:      { return *_M_valptr(); }
        1:  307-block  0
        1:  307-block  1
        -:  308:
        -:  309:      [[__gnu__::__always_inline__]]
        -:  310:      const _Value&
        -:  311:      _M_v() const noexcept
    #####:  312:      { return *_M_valptr(); }
    %%%%%:  312-block  0
    %%%%%:  312-block  1
    %%%%%:  312-block  2
    %%%%%:  312-block  3
    %%%%%:  312-block  4
    %%%%%:  312-block  5
        -:  313:    };
        -:  314:
        -:  315:  /**
        -:  316:   *  Primary template struct _Hash_node_code_cache.
        -:  317:   */
        -:  318:  template<bool _Cache_hash_code>
        -:  319:    struct _Hash_node_code_cache
        -:  320:    { };
        -:  321:
        -:  322:  /**
        -:  323:   *  Specialization for node with cache, struct _Hash_node_code_cache.
        -:  324:   */
        -:  325:  template<>
        -:  326:    struct _Hash_node_code_cache<true>
        -:  327:    { std::size_t  _M_hash_code; };
        -:  328:
        -:  329:  template<typename _Value, bool _Cache_hash_code>
        -:  330:    struct _Hash_node_value
        -:  331:    : _Hash_node_value_base<_Value>
        -:  332:    , _Hash_node_code_cache<_Cache_hash_code>
        -:  333:    { };
        -:  334:
        -:  335:  /**
        -:  336:   *  Primary template struct _Hash_node.
        -:  337:   */
        -:  338:  template<typename _Value, bool _Cache_hash_code>
        -:  339:    struct _Hash_node
        -:  340:    : _Hash_node_base
        -:  341:    , _Hash_node_value<_Value, _Cache_hash_code>
        -:  342:    {
        -:  343:      _Hash_node*
    #####:  344:      _M_next() const noexcept
    #####:  345:      { return static_cast<_Hash_node*>(this->_M_nxt); }
------------------
_ZNKSt8__detail10_Hash_nodeISt4pairIKNSt7__cxx1112basic_stringIcSt11char_traitsIcESaIcEEEPN7testing9TestSuiteEELb1EE7_M_nextEv:
function _ZNKSt8__detail10_Hash_nodeISt4pairIKNSt7__cxx1112basic_stringIcSt11char_traitsIcESaIcEEEPN7testing9TestSuiteEELb1EE7_M_nextEv called 0 returned 0% blocks executed 0%
    #####:  344:      _M_next() const noexcept
    #####:  345:      { return static_cast<_Hash_node*>(this->_M_nxt); }
    %%%%%:  345-block  0
------------------
_ZNKSt8__detail10_Hash_nodeINSt7__cxx1112basic_stringIcSt11char_traitsIcESaIcEEELb1EE7_M_nextEv:
function _ZNKSt8__detail10_Hash_nodeINSt7__cxx1112basic_stringIcSt11char_traitsIcESaIcEEELb1EE7_M_nextEv called 0 returned 0% blocks executed 0%
    #####:  344:      _M_next() const noexcept
    #####:  345:      { return static_cast<_Hash_node*>(this->_M_nxt); }
    %%%%%:  345-block  0
------------------
_ZNKSt8__detail10_Hash_nodeISt4pairIKNSt7__cxx1112basic_stringIcSt11char_traitsIcESaIcEEEmELb1EE7_M_nextEv:
function _ZNKSt8__detail10_Hash_nodeISt4pairIKNSt7__cxx1112basic_stringIcSt11char_traitsIcESaIcEEEmELb1EE7_M_nextEv called 0 returned 0% blocks executed 0%
    #####:  344:      _M_next() const noexcept
    #####:  345:      { return static_cast<_Hash_node*>(this->_M_nxt); }
    %%%%%:  345-block  0
------------------
        -:  346:    };
        -:  347:
        -:  348:  /// Base class for node iterators.
        -:  349:  template<typename _Value, bool _Cache_hash_code>
        -:  350:    struct _Node_iterator_base
        -:  351:    {
        -:  352:      using __node_type = _Hash_node<_Value, _Cache_hash_code>;
        -:  353:
        -:  354:      __node_type* _M_cur;
        -:  355:
        -:  356:      _Node_iterator_base() : _M_cur(nullptr) { }
       26:  357:      _Node_iterator_base(__node_type* __p) noexcept
       26:  358:      : _M_cur(__p) { }
------------------
_ZNSt8__detail19_Node_iterator_baseISt4pairIKNSt7__cxx1112basic_stringIcSt11char_traitsIcESaIcEEEPN7testing9TestSuiteEELb1EEC2EPNS_10_Hash_nodeISC_Lb1EEE:
function _ZNSt8__detail19_Node_iterator_baseISt4pairIKNSt7__cxx1112basic_stringIcSt11char_traitsIcESaIcEEEPN7testing9TestSuiteEELb1EEC2EPNS_10_Hash_nodeISC_Lb1EEE called 7 returned 100% blocks executed 100%
        7:  357:      _Node_iterator_base(__node_type* __p) noexcept
        7:  358:      : _M_cur(__p) { }
------------------
_ZNSt8__detail19_Node_iterator_baseINSt7__cxx1112basic_stringIcSt11char_traitsIcESaIcEEELb1EEC2EPNS_10_Hash_nodeIS6_Lb1EEE:
function _ZNSt8__detail19_Node_iterator_baseINSt7__cxx1112basic_stringIcSt11char_traitsIcESaIcEEELb1EEC2EPNS_10_Hash_nodeIS6_Lb1EEE called 19 returned 100% blocks executed 100%
       19:  357:      _Node_iterator_base(__node_type* __p) noexcept
       19:  358:      : _M_cur(__p) { }
------------------
        -:  359:
        -:  360:      void
    #####:  361:      _M_incr() noexcept
    #####:  362:      { _M_cur = _M_cur->_M_next(); }
------------------
_ZNSt8__detail19_Node_iterator_baseISt4pairIKNSt7__cxx1112basic_stringIcSt11char_traitsIcESaIcEEEPN7testing9TestSuiteEELb1EE7_M_incrEv:
function _ZNSt8__detail19_Node_iterator_baseISt4pairIKNSt7__cxx1112basic_stringIcSt11char_traitsIcESaIcEEEPN7testing9TestSuiteEELb1EE7_M_incrEv called 0 returned 0% blocks executed 0%
    #####:  361:      _M_incr() noexcept
    #####:  362:      { _M_cur = _M_cur->_M_next(); }
    %%%%%:  362-block  0
call    0 never executed
------------------
_ZNSt8__detail19_Node_iterator_baseINSt7__cxx1112basic_stringIcSt11char_traitsIcESaIcEEELb1EE7_M_incrEv:
function _ZNSt8__detail19_Node_iterator_baseINSt7__cxx1112basic_stringIcSt11char_traitsIcESaIcEEELb1EE7_M_incrEv called 0 returned 0% blocks executed 0%
    #####:  361:      _M_incr() noexcept
    #####:  362:      { _M_cur = _M_cur->_M_next(); }
    %%%%%:  362-block  0
call    0 never executed
------------------
        -:  363:
        -:  364:      friend bool
       11:  365:      operator==(const _Node_iterator_base& __x, const _Node_iterator_base& __y)
        -:  366:      noexcept
       11:  367:      { return __x._M_cur == __y._M_cur; }
------------------
_ZNSt8__detaileqERKNS_19_Node_iterator_baseISt4pairIKNSt7__cxx1112basic_stringIcSt11char_traitsIcESaIcEEEPN7testing9TestSuiteEELb1EEESF_:
function _ZNSt8__detaileqERKNS_19_Node_iterator_baseISt4pairIKNSt7__cxx1112basic_stringIcSt11char_traitsIcESaIcEEEPN7testing9TestSuiteEELb1EEESF_ called 3 returned 100% blocks executed 100%
        3:  365:      operator==(const _Node_iterator_base& __x, const _Node_iterator_base& __y)
        -:  366:      noexcept
        3:  367:      { return __x._M_cur == __y._M_cur; }
        3:  367-block  0
------------------
_ZNSt8__detaileqERKNS_19_Node_iterator_baseINSt7__cxx1112basic_stringIcSt11char_traitsIcESaIcEEELb1EEES9_:
function _ZNSt8__detaileqERKNS_19_Node_iterator_baseINSt7__cxx1112basic_stringIcSt11char_traitsIcESaIcEEELb1EEES9_ called 8 returned 100% blocks executed 100%
        8:  365:      operator==(const _Node_iterator_base& __x, const _Node_iterator_base& __y)
        -:  366:      noexcept
        8:  367:      { return __x._M_cur == __y._M_cur; }
        8:  367-block  0
------------------
        -:  368:
        -:  369:#if __cpp_impl_three_way_comparison < 201907L
        -:  370:      friend bool
        -:  371:      operator!=(const _Node_iterator_base& __x, const _Node_iterator_base& __y)
        -:  372:      noexcept
        -:  373:      { return __x._M_cur != __y._M_cur; }
        -:  374:#endif
        -:  375:    };
        -:  376:
        -:  377:  /// Node iterators, used to iterate through all the hashtable.
        -:  378:  template<typename _Value, bool __constant_iterators, bool __cache>
        -:  379:    struct _Node_iterator
        -:  380:    : public _Node_iterator_base<_Value, __cache>
        -:  381:    {
        -:  382:    private:
        -:  383:      using __base_type = _Node_iterator_base<_Value, __cache>;
        -:  384:      using __node_type = typename __base_type::__node_type;
        -:  385:
        -:  386:    public:
        -:  387:      using value_type = _Value;
        -:  388:      using difference_type = std::ptrdiff_t;
        -:  389:      using iterator_category = std::forward_iterator_tag;
        -:  390:
        -:  391:      using pointer = __conditional_t<__constant_iterators,
        -:  392:				      const value_type*, value_type*>;
        -:  393:
        -:  394:      using reference = __conditional_t<__constant_iterators,
        -:  395:					const value_type&, value_type&>;
        -:  396:
        -:  397:      _Node_iterator() = default;
        -:  398:
        -:  399:      explicit
       10:  400:      _Node_iterator(__node_type* __p) noexcept
       10:  401:      : __base_type(__p) { }
------------------
_ZNSt8__detail14_Node_iteratorISt4pairIKNSt7__cxx1112basic_stringIcSt11char_traitsIcESaIcEEEPN7testing9TestSuiteEELb0ELb1EEC1EPNS_10_Hash_nodeISC_Lb1EEE:
function _ZNSt8__detail14_Node_iteratorISt4pairIKNSt7__cxx1112basic_stringIcSt11char_traitsIcESaIcEEEPN7testing9TestSuiteEELb0ELb1EEC1EPNS_10_Hash_nodeISC_Lb1EEE called 7 returned 100% blocks executed 100%
        7:  400:      _Node_iterator(__node_type* __p) noexcept
        7:  401:      : __base_type(__p) { }
        7:  401-block  0
call    0 returned 7
------------------
_ZNSt8__detail14_Node_iteratorINSt7__cxx1112basic_stringIcSt11char_traitsIcESaIcEEELb1ELb1EEC1EPNS_10_Hash_nodeIS6_Lb1EEE:
function _ZNSt8__detail14_Node_iteratorINSt7__cxx1112basic_stringIcSt11char_traitsIcESaIcEEELb1ELb1EEC1EPNS_10_Hash_nodeIS6_Lb1EEE called 3 returned 100% blocks executed 100%
        3:  400:      _Node_iterator(__node_type* __p) noexcept
        3:  401:      : __base_type(__p) { }
        3:  401-block  0
call    0 returned 3
------------------
        -:  402:
        -:  403:      reference
        -:  404:      operator*() const noexcept
        -:  405:      { return this->_M_cur->_M_v(); }
        -:  406:
        -:  407:      pointer
function _ZNKSt8__detail14_Node_iteratorISt4pairIKNSt7__cxx1112basic_stringIcSt11char_traitsIcESaIcEEEPN7testing9TestSuiteEELb0ELb1EEptEv called 0 returned 0% blocks executed 0%
    #####:  408:      operator->() const noexcept
    #####:  409:      { return this->_M_cur->_M_valptr(); }
    %%%%%:  409-block  0
call    0 never executed
    %%%%%:  409-block  1
        -:  410:
        -:  411:      _Node_iterator&
    #####:  412:      operator++() noexcept
        -:  413:      {
    #####:  414:	this->_M_incr();
    #####:  415:	return *this;
        -:  416:      }
------------------
_ZNSt8__detail14_Node_iteratorINSt7__cxx1112basic_stringIcSt11char_traitsIcESaIcEEELb1ELb1EEppEv:
function _ZNSt8__detail14_Node_iteratorINSt7__cxx1112basic_stringIcSt11char_traitsIcESaIcEEELb1ELb1EEppEv called 0 returned 0% blocks executed 0%
    #####:  412:      operator++() noexcept
        -:  413:      {
    #####:  414:	this->_M_incr();
    %%%%%:  414-block  0
call    0 never executed
    #####:  415:	return *this;
        -:  416:      }
------------------
_ZNSt8__detail14_Node_iteratorISt4pairIKNSt7__cxx1112basic_stringIcSt11char_traitsIcESaIcEEEPN7testing9TestSuiteEELb0ELb1EEppEv:
function _ZNSt8__detail14_Node_iteratorISt4pairIKNSt7__cxx1112basic_stringIcSt11char_traitsIcESaIcEEEPN7testing9TestSuiteEELb0ELb1EEppEv called 0 returned 0% blocks executed 0%
    #####:  412:      operator++() noexcept
        -:  413:      {
    #####:  414:	this->_M_incr();
    %%%%%:  414-block  0
call    0 never executed
    #####:  415:	return *this;
        -:  416:      }
------------------
        -:  417:
        -:  418:      _Node_iterator
        -:  419:      operator++(int) noexcept
        -:  420:      {
        -:  421:	_Node_iterator __tmp(*this);
        -:  422:	this->_M_incr();
        -:  423:	return __tmp;
        -:  424:      }
        -:  425:    };
        -:  426:
        -:  427:  /// Node const_iterators, used to iterate through all the hashtable.
        -:  428:  template<typename _Value, bool __constant_iterators, bool __cache>
        -:  429:    struct _Node_const_iterator
        -:  430:    : public _Node_iterator_base<_Value, __cache>
        -:  431:    {
        -:  432:    private:
        -:  433:      using __base_type = _Node_iterator_base<_Value, __cache>;
        -:  434:      using __node_type = typename __base_type::__node_type;
        -:  435:
        -:  436:    public:
        -:  437:      typedef _Value					value_type;
        -:  438:      typedef std::ptrdiff_t				difference_type;
        -:  439:      typedef std::forward_iterator_tag			iterator_category;
        -:  440:
        -:  441:      typedef const value_type*				pointer;
        -:  442:      typedef const value_type&				reference;
        -:  443:
        -:  444:      _Node_const_iterator() = default;
        -:  445:
        -:  446:      explicit
function _ZNSt8__detail20_Node_const_iteratorINSt7__cxx1112basic_stringIcSt11char_traitsIcESaIcEEELb1ELb1EEC1EPNS_10_Hash_nodeIS6_Lb1EEE called 16 returned 100% blocks executed 100%
       16:  447:      _Node_const_iterator(__node_type* __p) noexcept
       16:  448:      : __base_type(__p) { }
       16:  448-block  0
call    0 returned 16
        -:  449:
function _ZNSt8__detail20_Node_const_iteratorINSt7__cxx1112basic_stringIcSt11char_traitsIcESaIcEEELb1ELb1EEC1ERKNS_14_Node_iteratorIS6_Lb1ELb1EEE called 0 returned 0% blocks executed 0%
    #####:  450:      _Node_const_iterator(const _Node_iterator<_Value, __constant_iterators,
        -:  451:			   __cache>& __x) noexcept
    #####:  452:      : __base_type(__x._M_cur) { }
    %%%%%:  452-block  0
call    0 never executed
        -:  453:
        -:  454:      reference
        -:  455:      operator*() const noexcept
        -:  456:      { return this->_M_cur->_M_v(); }
        -:  457:
        -:  458:      pointer
        -:  459:      operator->() const noexcept
        -:  460:      { return this->_M_cur->_M_valptr(); }
        -:  461:
        -:  462:      _Node_const_iterator&
function _ZNSt8__detail20_Node_const_iteratorINSt7__cxx1112basic_stringIcSt11char_traitsIcESaIcEEELb1ELb1EEppEv called 0 returned 0% blocks executed 0%
    #####:  463:      operator++() noexcept
        -:  464:      {
    #####:  465:	this->_M_incr();
    %%%%%:  465-block  0
call    0 never executed
    #####:  466:	return *this;
        -:  467:      }
        -:  468:
        -:  469:      _Node_const_iterator
        -:  470:      operator++(int) noexcept
        -:  471:      {
        -:  472:	_Node_const_iterator __tmp(*this);
        -:  473:	this->_M_incr();
        -:  474:	return __tmp;
        -:  475:      }
        -:  476:    };
        -:  477:
        -:  478:  // Many of class template _Hashtable's template parameters are policy
        -:  479:  // classes.  These are defaults for the policies.
        -:  480:
        -:  481:  /// Default range hashing function: use division to fold a large number
        -:  482:  /// into the range [0, N).
        -:  483:  struct _Mod_range_hashing
        -:  484:  {
        -:  485:    typedef std::size_t first_argument_type;
        -:  486:    typedef std::size_t second_argument_type;
        -:  487:    typedef std::size_t result_type;
        -:  488:
        -:  489:    result_type
function _ZNKSt8__detail18_Mod_range_hashingclEmm called 2 returned 100% blocks executed 100%
        2:  490:    operator()(first_argument_type __num,
        -:  491:	       second_argument_type __den) const noexcept
        2:  492:    { return __num % __den; }
        2:  492-block  0
        -:  493:  };
        -:  494:
        -:  495:  /// Default ranged hash function H.  In principle it should be a
        -:  496:  /// function object composed from objects of type H1 and H2 such that
        -:  497:  /// h(k, N) = h2(h1(k), N), but that would mean making extra copies of
        -:  498:  /// h1 and h2.  So instead we'll just use a tag to tell class template
        -:  499:  /// hashtable to do that composition.
        -:  500:  struct _Default_ranged_hash { };
        -:  501:
        -:  502:  /// Default value for rehash policy.  Bucket size is (usually) the
        -:  503:  /// smallest prime that keeps the load factor small enough.
        -:  504:  struct _Prime_rehash_policy
        -:  505:  {
        -:  506:    using __has_load_factor = true_type;
        -:  507:
function _ZNSt8__detail20_Prime_rehash_policyC1Ef called 7 returned 100% blocks executed 100%
        7:  508:    _Prime_rehash_policy(float __z = 1.0) noexcept
        7:  509:    : _M_max_load_factor(__z), _M_next_resize(0) { }
        -:  510:
        -:  511:    float
        -:  512:    max_load_factor() const noexcept
        -:  513:    { return _M_max_load_factor; }
        -:  514:
        -:  515:    // Return a bucket size no smaller than n.
        -:  516:    std::size_t
        -:  517:    _M_next_bkt(std::size_t __n) const;
        -:  518:
        -:  519:    // Return a bucket count appropriate for n elements
        -:  520:    std::size_t
        -:  521:    _M_bkt_for_elements(std::size_t __n) const
        -:  522:    { return __builtin_ceil(__n / (double)_M_max_load_factor); }
        -:  523:
        -:  524:    // __n_bkt is current bucket count, __n_elt is current element count,
        -:  525:    // and __n_ins is number of elements to be inserted.  Do we need to
        -:  526:    // increase bucket count?  If so, return make_pair(true, n), where n
        -:  527:    // is the new bucket count.  If not, return make_pair(false, 0).
        -:  528:    std::pair<bool, std::size_t>
        -:  529:    _M_need_rehash(std::size_t __n_bkt, std::size_t __n_elt,
        -:  530:		   std::size_t __n_ins) const;
        -:  531:
        -:  532:    typedef std::size_t _State;
        -:  533:
        -:  534:    _State
function _ZNKSt8__detail20_Prime_rehash_policy8_M_stateEv called 1 returned 100% blocks executed 100%
        1:  535:    _M_state() const
        1:  536:    { return _M_next_resize; }
        1:  536-block  0
        -:  537:
        -:  538:    void
function _ZNSt8__detail20_Prime_rehash_policy8_M_resetEv called 1 returned 100% blocks executed 100%
        1:  539:    _M_reset() noexcept
        1:  540:    { _M_next_resize = 0; }
        -:  541:
        -:  542:    void
function _ZNSt8__detail20_Prime_rehash_policy8_M_resetEm called 0 returned 0% blocks executed 0%
    #####:  543:    _M_reset(_State __state)
    #####:  544:    { _M_next_resize = __state; }
        -:  545:
        -:  546:    static const std::size_t _S_growth_factor = 2;
        -:  547:
        -:  548:    float		_M_max_load_factor;
        -:  549:    mutable std::size_t	_M_next_resize;
        -:  550:  };
        -:  551:
        -:  552:  /// Range hashing function assuming that second arg is a power of 2.
        -:  553:  struct _Mask_range_hashing
        -:  554:  {
        -:  555:    typedef std::size_t first_argument_type;
        -:  556:    typedef std::size_t second_argument_type;
        -:  557:    typedef std::size_t result_type;
        -:  558:
        -:  559:    result_type
        -:  560:    operator()(first_argument_type __num,
        -:  561:	       second_argument_type __den) const noexcept
        -:  562:    { return __num & (__den - 1); }
        -:  563:  };
        -:  564:
        -:  565:  /// Compute closest power of 2 not less than __n
        -:  566:  inline std::size_t
        -:  567:  __clp2(std::size_t __n) noexcept
        -:  568:  {
        -:  569:    using __gnu_cxx::__int_traits;
        -:  570:    // Equivalent to return __n ? std::bit_ceil(__n) : 0;
        -:  571:    if (__n < 2)
        -:  572:      return __n;
        -:  573:    const unsigned __lz = sizeof(size_t) > sizeof(long)
        -:  574:      ? __builtin_clzll(__n - 1ull)
        -:  575:      : __builtin_clzl(__n - 1ul);
        -:  576:    // Doing two shifts avoids undefined behaviour when __lz == 0.
        -:  577:    return (size_t(1) << (__int_traits<size_t>::__digits - __lz - 1)) << 1;
        -:  578:  }
        -:  579:
        -:  580:  /// Rehash policy providing power of 2 bucket numbers. Avoids modulo
        -:  581:  /// operations.
        -:  582:  struct _Power2_rehash_policy
        -:  583:  {
        -:  584:    using __has_load_factor = true_type;
        -:  585:
        -:  586:    _Power2_rehash_policy(float __z = 1.0) noexcept
        -:  587:    : _M_max_load_factor(__z), _M_next_resize(0) { }
        -:  588:
        -:  589:    float
        -:  590:    max_load_factor() const noexcept
        -:  591:    { return _M_max_load_factor; }
        -:  592:
        -:  593:    // Return a bucket size no smaller than n (as long as n is not above the
        -:  594:    // highest power of 2).
        -:  595:    std::size_t
        -:  596:    _M_next_bkt(std::size_t __n) noexcept
        -:  597:    {
        -:  598:      if (__n == 0)
        -:  599:	// Special case on container 1st initialization with 0 bucket count
        -:  600:	// hint. We keep _M_next_resize to 0 to make sure that next time we
        -:  601:	// want to add an element allocation will take place.
        -:  602:	return 1;
        -:  603:
        -:  604:      const auto __max_width = std::min<size_t>(sizeof(size_t), 8);
        -:  605:      const auto __max_bkt = size_t(1) << (__max_width * __CHAR_BIT__ - 1);
        -:  606:      std::size_t __res = __clp2(__n);
        -:  607:
        -:  608:      if (__res == 0)
        -:  609:	__res = __max_bkt;
        -:  610:      else if (__res == 1)
        -:  611:	// If __res is 1 we force it to 2 to make sure there will be an
        -:  612:	// allocation so that nothing need to be stored in the initial
        -:  613:	// single bucket
        -:  614:	__res = 2;
        -:  615:
        -:  616:      if (__res == __max_bkt)
        -:  617:	// Set next resize to the max value so that we never try to rehash again
        -:  618:	// as we already reach the biggest possible bucket number.
        -:  619:	// Note that it might result in max_load_factor not being respected.
        -:  620:	_M_next_resize = size_t(-1);
        -:  621:      else
        -:  622:	_M_next_resize
        -:  623:	  = __builtin_floor(__res * (double)_M_max_load_factor);
        -:  624:
        -:  625:      return __res;
        -:  626:    }
        -:  627:
        -:  628:    // Return a bucket count appropriate for n elements
        -:  629:    std::size_t
        -:  630:    _M_bkt_for_elements(std::size_t __n) const noexcept
        -:  631:    { return __builtin_ceil(__n / (double)_M_max_load_factor); }
        -:  632:
        -:  633:    // __n_bkt is current bucket count, __n_elt is current element count,
        -:  634:    // and __n_ins is number of elements to be inserted.  Do we need to
        -:  635:    // increase bucket count?  If so, return make_pair(true, n), where n
        -:  636:    // is the new bucket count.  If not, return make_pair(false, 0).
        -:  637:    std::pair<bool, std::size_t>
        -:  638:    _M_need_rehash(std::size_t __n_bkt, std::size_t __n_elt,
        -:  639:		   std::size_t __n_ins) noexcept
        -:  640:    {
        -:  641:      if (__n_elt + __n_ins > _M_next_resize)
        -:  642:	{
        -:  643:	  // If _M_next_resize is 0 it means that we have nothing allocated so
        -:  644:	  // far and that we start inserting elements. In this case we start
        -:  645:	  // with an initial bucket size of 11.
        -:  646:	  double __min_bkts
        -:  647:	    = std::max<std::size_t>(__n_elt + __n_ins, _M_next_resize ? 0 : 11)
        -:  648:	      / (double)_M_max_load_factor;
        -:  649:	  if (__min_bkts >= __n_bkt)
        -:  650:	    return { true,
        -:  651:	      _M_next_bkt(std::max<std::size_t>(__builtin_floor(__min_bkts) + 1,
        -:  652:						__n_bkt * _S_growth_factor)) };
        -:  653:
        -:  654:	  _M_next_resize
        -:  655:	    = __builtin_floor(__n_bkt * (double)_M_max_load_factor);
        -:  656:	  return { false, 0 };
        -:  657:	}
        -:  658:      else
        -:  659:	return { false, 0 };
        -:  660:    }
        -:  661:
        -:  662:    typedef std::size_t _State;
        -:  663:
        -:  664:    _State
        -:  665:    _M_state() const noexcept
        -:  666:    { return _M_next_resize; }
        -:  667:
        -:  668:    void
        -:  669:    _M_reset() noexcept
        -:  670:    { _M_next_resize = 0; }
        -:  671:
        -:  672:    void
        -:  673:    _M_reset(_State __state) noexcept
        -:  674:    { _M_next_resize = __state; }
        -:  675:
        -:  676:    static const std::size_t _S_growth_factor = 2;
        -:  677:
        -:  678:    float	_M_max_load_factor;
        -:  679:    std::size_t	_M_next_resize;
        -:  680:  };
        -:  681:
        -:  682:  // Base classes for std::_Hashtable.  We define these base classes
        -:  683:  // because in some cases we want to do different things depending on
        -:  684:  // the value of a policy class.  In some cases the policy class
        -:  685:  // affects which member functions and nested typedefs are defined;
        -:  686:  // we handle that by specializing base class templates.  Several of
        -:  687:  // the base class templates need to access other members of class
        -:  688:  // template _Hashtable, so we use a variant of the "Curiously
        -:  689:  // Recurring Template Pattern" (CRTP) technique.
        -:  690:
        -:  691:  /**
        -:  692:   *  Primary class template _Map_base.
        -:  693:   *
        -:  694:   *  If the hashtable has a value type of the form pair<const T1, T2> and
        -:  695:   *  a key extraction policy (_ExtractKey) that returns the first part
        -:  696:   *  of the pair, the hashtable gets a mapped_type typedef.  If it
        -:  697:   *  satisfies those criteria and also has unique keys, then it also
        -:  698:   *  gets an operator[].
        -:  699:   */
        -:  700:  template<typename _Key, typename _Value, typename _Alloc,
        -:  701:	   typename _ExtractKey, typename _Equal,
        -:  702:	   typename _Hash, typename _RangeHash, typename _Unused,
        -:  703:	   typename _RehashPolicy, typename _Traits,
        -:  704:	   bool _Unique_keys = _Traits::__unique_keys::value>
        -:  705:    struct _Map_base { };
        -:  706:
        -:  707:  /// Partial specialization, __unique_keys set to false, std::pair value type.
        -:  708:  template<typename _Key, typename _Val, typename _Alloc, typename _Equal,
        -:  709:	   typename _Hash, typename _RangeHash, typename _Unused,
        -:  710:	   typename _RehashPolicy, typename _Traits>
        -:  711:    struct _Map_base<_Key, pair<const _Key, _Val>, _Alloc, _Select1st, _Equal,
        -:  712:		     _Hash, _RangeHash, _Unused, _RehashPolicy, _Traits, false>
        -:  713:    {
        -:  714:      using mapped_type = _Val;
        -:  715:    };
        -:  716:
        -:  717:  /// Partial specialization, __unique_keys set to true.
        -:  718:  template<typename _Key, typename _Val, typename _Alloc, typename _Equal,
        -:  719:	   typename _Hash, typename _RangeHash, typename _Unused,
        -:  720:	   typename _RehashPolicy, typename _Traits>
        -:  721:    struct _Map_base<_Key, pair<const _Key, _Val>, _Alloc, _Select1st, _Equal,
        -:  722:		     _Hash, _RangeHash, _Unused, _RehashPolicy, _Traits, true>
        -:  723:    {
        -:  724:    private:
        -:  725:      using __hashtable_base = _Hashtable_base<_Key, pair<const _Key, _Val>,
        -:  726:					       _Select1st, _Equal, _Hash,
        -:  727:					       _RangeHash, _Unused,
        -:  728:					       _Traits>;
        -:  729:
        -:  730:      using __hashtable = _Hashtable<_Key, pair<const _Key, _Val>, _Alloc,
        -:  731:				     _Select1st, _Equal, _Hash, _RangeHash,
        -:  732:				     _Unused, _RehashPolicy, _Traits>;
        -:  733:
        -:  734:      using __hash_code = typename __hashtable_base::__hash_code;
        -:  735:
        -:  736:    public:
        -:  737:      using key_type = typename __hashtable_base::key_type;
        -:  738:      using mapped_type = _Val;
        -:  739:
        -:  740:      mapped_type&
        -:  741:      operator[](const key_type& __k);
        -:  742:
        -:  743:      mapped_type&
        -:  744:      operator[](key_type&& __k);
        -:  745:
        -:  746:      // _GLIBCXX_RESOLVE_LIB_DEFECTS
        -:  747:      // DR 761. unordered_map needs an at() member function.
        -:  748:      mapped_type&
        -:  749:      at(const key_type& __k)
        -:  750:      {
        -:  751:	auto __ite = static_cast<__hashtable*>(this)->find(__k);
        -:  752:	if (!__ite._M_cur)
        -:  753:	  __throw_out_of_range(__N("unordered_map::at"));
        -:  754:	return __ite->second;
        -:  755:      }
        -:  756:
        -:  757:      const mapped_type&
        -:  758:      at(const key_type& __k) const
        -:  759:      {
        -:  760:	auto __ite = static_cast<const __hashtable*>(this)->find(__k);
        -:  761:	if (!__ite._M_cur)
        -:  762:	  __throw_out_of_range(__N("unordered_map::at"));
        -:  763:	return __ite->second;
        -:  764:      }
        -:  765:    };
        -:  766:
        -:  767:  template<typename _Key, typename _Val, typename _Alloc, typename _Equal,
        -:  768:	   typename _Hash, typename _RangeHash, typename _Unused,
        -:  769:	   typename _RehashPolicy, typename _Traits>
        -:  770:    auto
        -:  771:    _Map_base<_Key, pair<const _Key, _Val>, _Alloc, _Select1st, _Equal,
        -:  772:	      _Hash, _RangeHash, _Unused, _RehashPolicy, _Traits, true>::
        -:  773:    operator[](const key_type& __k)
        -:  774:    -> mapped_type&
        -:  775:    {
        -:  776:      __hashtable* __h = static_cast<__hashtable*>(this);
        -:  777:      __hash_code __code = __h->_M_hash_code(__k);
        -:  778:      std::size_t __bkt = __h->_M_bucket_index(__code);
        -:  779:      if (auto __node = __h->_M_find_node(__bkt, __k, __code))
        -:  780:	return __node->_M_v().second;
        -:  781:
        -:  782:      typename __hashtable::_Scoped_node __node {
        -:  783:	__h,
        -:  784:	std::piecewise_construct,
        -:  785:	std::tuple<const key_type&>(__k),
        -:  786:	std::tuple<>()
        -:  787:      };
        -:  788:      auto __pos
        -:  789:	= __h->_M_insert_unique_node(__bkt, __code, __node._M_node);
        -:  790:      __node._M_node = nullptr;
        -:  791:      return __pos->second;
        -:  792:    }
        -:  793:
        -:  794:  template<typename _Key, typename _Val, typename _Alloc, typename _Equal,
        -:  795:	   typename _Hash, typename _RangeHash, typename _Unused,
        -:  796:	   typename _RehashPolicy, typename _Traits>
        -:  797:    auto
        -:  798:    _Map_base<_Key, pair<const _Key, _Val>, _Alloc, _Select1st, _Equal,
        -:  799:	      _Hash, _RangeHash, _Unused, _RehashPolicy, _Traits, true>::
        -:  800:    operator[](key_type&& __k)
        -:  801:    -> mapped_type&
        -:  802:    {
        -:  803:      __hashtable* __h = static_cast<__hashtable*>(this);
        -:  804:      __hash_code __code = __h->_M_hash_code(__k);
        -:  805:      std::size_t __bkt = __h->_M_bucket_index(__code);
        -:  806:      if (auto __node = __h->_M_find_node(__bkt, __k, __code))
        -:  807:	return __node->_M_v().second;
        -:  808:
        -:  809:      typename __hashtable::_Scoped_node __node {
        -:  810:	__h,
        -:  811:	std::piecewise_construct,
        -:  812:	std::forward_as_tuple(std::move(__k)),
        -:  813:	std::tuple<>()
        -:  814:      };
        -:  815:      auto __pos
        -:  816:	= __h->_M_insert_unique_node(__bkt, __code, __node._M_node);
        -:  817:      __node._M_node = nullptr;
        -:  818:      return __pos->second;
        -:  819:    }
        -:  820:
        -:  821:  // Partial specialization for unordered_map<const T, U>, see PR 104174.
        -:  822:  template<typename _Key, typename _Val, typename _Alloc, typename _Equal,
        -:  823:	   typename _Hash, typename _RangeHash, typename _Unused,
        -:  824:	   typename _RehashPolicy, typename _Traits, bool __uniq>
        -:  825:    struct _Map_base<const _Key, pair<const _Key, _Val>,
        -:  826:		     _Alloc, _Select1st, _Equal, _Hash,
        -:  827:		     _RangeHash, _Unused, _RehashPolicy, _Traits, __uniq>
        -:  828:    : _Map_base<_Key, pair<const _Key, _Val>, _Alloc, _Select1st, _Equal, _Hash,
        -:  829:		_RangeHash, _Unused, _RehashPolicy, _Traits, __uniq>
        -:  830:    { };
        -:  831:
        -:  832:  /**
        -:  833:   *  Primary class template _Insert_base.
        -:  834:   *
        -:  835:   *  Defines @c insert member functions appropriate to all _Hashtables.
        -:  836:   */
        -:  837:  template<typename _Key, typename _Value, typename _Alloc,
        -:  838:	   typename _ExtractKey, typename _Equal,
        -:  839:	   typename _Hash, typename _RangeHash, typename _Unused,
        -:  840:	   typename _RehashPolicy, typename _Traits>
        -:  841:    struct _Insert_base
        -:  842:    {
        -:  843:    protected:
        -:  844:      using __hashtable_base = _Hashtable_base<_Key, _Value, _ExtractKey,
        -:  845:					       _Equal, _Hash, _RangeHash,
        -:  846:					       _Unused, _Traits>;
        -:  847:
        -:  848:      using __hashtable = _Hashtable<_Key, _Value, _Alloc, _ExtractKey, _Equal,
        -:  849:				     _Hash, _RangeHash,
        -:  850:				     _Unused, _RehashPolicy, _Traits>;
        -:  851:
        -:  852:      using __hash_cached = typename _Traits::__hash_cached;
        -:  853:      using __constant_iterators = typename _Traits::__constant_iterators;
        -:  854:
        -:  855:      using __hashtable_alloc = _Hashtable_alloc<
        -:  856:	__alloc_rebind<_Alloc, _Hash_node<_Value,
        -:  857:					  __hash_cached::value>>>;
        -:  858:
        -:  859:      using value_type = typename __hashtable_base::value_type;
        -:  860:      using size_type = typename __hashtable_base::size_type;
        -:  861:
        -:  862:      using __unique_keys = typename _Traits::__unique_keys;
        -:  863:      using __node_alloc_type = typename __hashtable_alloc::__node_alloc_type;
        -:  864:      using __node_gen_type = _AllocNode<__node_alloc_type>;
        -:  865:
        -:  866:      __hashtable&
function _ZNSt8__detail12_Insert_baseINSt7__cxx1112basic_stringIcSt11char_traitsIcESaIcEEES6_SaIS6_ENS_9_IdentityESt8equal_toIS6_ESt4hashIS6_ENS_18_Mod_range_hashingENS_20_Default_ranged_hashENS_20_Prime_rehash_policyENS_17_Hashtable_traitsILb1ELb1ELb1EEEE20_M_conjure_hashtableEv called 0 returned 0% blocks executed 0%
    #####:  867:      _M_conjure_hashtable()
    #####:  868:      { return *(static_cast<__hashtable*>(this)); }
    %%%%%:  868-block  0
        -:  869:
        -:  870:      template<typename _InputIterator, typename _NodeGetter>
        -:  871:	void
        -:  872:	_M_insert_range(_InputIterator __first, _InputIterator __last,
        -:  873:			const _NodeGetter&, true_type __uks);
        -:  874:
        -:  875:      template<typename _InputIterator, typename _NodeGetter>
        -:  876:	void
        -:  877:	_M_insert_range(_InputIterator __first, _InputIterator __last,
        -:  878:			const _NodeGetter&, false_type __uks);
        -:  879:
        -:  880:    public:
        -:  881:      using iterator = _Node_iterator<_Value, __constant_iterators::value,
        -:  882:				      __hash_cached::value>;
        -:  883:
        -:  884:      using const_iterator = _Node_const_iterator<_Value,
        -:  885:						  __constant_iterators::value,
        -:  886:						  __hash_cached::value>;
        -:  887:
        -:  888:      using __ireturn_type = __conditional_t<__unique_keys::value,
        -:  889:					     std::pair<iterator, bool>,
        -:  890:					     iterator>;
        -:  891:
        -:  892:      __ireturn_type
        -:  893:      insert(const value_type& __v)
        -:  894:      {
        -:  895:	__hashtable& __h = _M_conjure_hashtable();
        -:  896:	__node_gen_type __node_gen(__h);
        -:  897:	return __h._M_insert(__v, __node_gen, __unique_keys{});
        -:  898:      }
        -:  899:
        -:  900:      iterator
        -:  901:      insert(const_iterator __hint, const value_type& __v)
        -:  902:      {
        -:  903:	__hashtable& __h = _M_conjure_hashtable();
        -:  904:	__node_gen_type __node_gen(__h);	
        -:  905:	return __h._M_insert(__hint, __v, __node_gen, __unique_keys{});
        -:  906:      }
        -:  907:
        -:  908:      template<typename _KType, typename... _Args>
        -:  909:	std::pair<iterator, bool>
        -:  910:	try_emplace(const_iterator, _KType&& __k, _Args&&... __args)
        -:  911:	{
        -:  912:	  __hashtable& __h = _M_conjure_hashtable();
        -:  913:	  auto __code = __h._M_hash_code(__k);
        -:  914:	  std::size_t __bkt = __h._M_bucket_index(__code);
        -:  915:	  if (auto __node = __h._M_find_node(__bkt, __k, __code))
        -:  916:	    return { iterator(__node), false };
        -:  917:
        -:  918:	  typename __hashtable::_Scoped_node __node {
        -:  919:	    &__h,
        -:  920:	    std::piecewise_construct,
        -:  921:	    std::forward_as_tuple(std::forward<_KType>(__k)),
        -:  922:	    std::forward_as_tuple(std::forward<_Args>(__args)...)
        -:  923:	    };
        -:  924:	  auto __it
        -:  925:	    = __h._M_insert_unique_node(__bkt, __code, __node._M_node);
        -:  926:	  __node._M_node = nullptr;
        -:  927:	  return { __it, true };
        -:  928:	}
        -:  929:
        -:  930:      void
        -:  931:      insert(initializer_list<value_type> __l)
        -:  932:      { this->insert(__l.begin(), __l.end()); }
        -:  933:
        -:  934:      template<typename _InputIterator>
        -:  935:	void
        -:  936:	insert(_InputIterator __first, _InputIterator __last)
        -:  937:	{
        -:  938:	  __hashtable& __h = _M_conjure_hashtable();
        -:  939:	  __node_gen_type __node_gen(__h);
        -:  940:	  return _M_insert_range(__first, __last, __node_gen, __unique_keys{});
        -:  941:	}
        -:  942:    };
        -:  943:
        -:  944:  template<typename _Key, typename _Value, typename _Alloc,
        -:  945:	   typename _ExtractKey, typename _Equal,
        -:  946:	   typename _Hash, typename _RangeHash, typename _Unused,
        -:  947:	   typename _RehashPolicy, typename _Traits>
        -:  948:    template<typename _InputIterator, typename _NodeGetter>
        -:  949:      void
        -:  950:      _Insert_base<_Key, _Value, _Alloc, _ExtractKey, _Equal,
        -:  951:		   _Hash, _RangeHash, _Unused,
        -:  952:		   _RehashPolicy, _Traits>::
        -:  953:      _M_insert_range(_InputIterator __first, _InputIterator __last,
        -:  954:		      const _NodeGetter& __node_gen, true_type __uks)
        -:  955:      {
        -:  956:	__hashtable& __h = _M_conjure_hashtable();
        -:  957:	for (; __first != __last; ++__first)
        -:  958:	  __h._M_insert(*__first, __node_gen, __uks);
        -:  959:      }
        -:  960:
        -:  961:  template<typename _Key, typename _Value, typename _Alloc,
        -:  962:	   typename _ExtractKey, typename _Equal,
        -:  963:	   typename _Hash, typename _RangeHash, typename _Unused,
        -:  964:	   typename _RehashPolicy, typename _Traits>
        -:  965:    template<typename _InputIterator, typename _NodeGetter>
        -:  966:      void
        -:  967:      _Insert_base<_Key, _Value, _Alloc, _ExtractKey, _Equal,
        -:  968:		   _Hash, _RangeHash, _Unused,
        -:  969:		   _RehashPolicy, _Traits>::
        -:  970:      _M_insert_range(_InputIterator __first, _InputIterator __last,
        -:  971:		      const _NodeGetter& __node_gen, false_type __uks)
        -:  972:      {
        -:  973:	using __rehash_type = typename __hashtable::__rehash_type;
        -:  974:	using __rehash_state = typename __hashtable::__rehash_state;
        -:  975:	using pair_type = std::pair<bool, std::size_t>;
        -:  976:
        -:  977:	size_type __n_elt = __detail::__distance_fw(__first, __last);
        -:  978:	if (__n_elt == 0)
        -:  979:	  return;
        -:  980:
        -:  981:	__hashtable& __h = _M_conjure_hashtable();
        -:  982:	__rehash_type& __rehash = __h._M_rehash_policy;
        -:  983:	const __rehash_state& __saved_state = __rehash._M_state();
        -:  984:	pair_type __do_rehash = __rehash._M_need_rehash(__h._M_bucket_count,
        -:  985:							__h._M_element_count,
        -:  986:							__n_elt);
        -:  987:
        -:  988:	if (__do_rehash.first)
        -:  989:	  __h._M_rehash(__do_rehash.second, __saved_state);
        -:  990:
        -:  991:	for (; __first != __last; ++__first)
        -:  992:	  __h._M_insert(*__first, __node_gen, __uks);
        -:  993:      }
        -:  994:
        -:  995:  /**
        -:  996:   *  Primary class template _Insert.
        -:  997:   *
        -:  998:   *  Defines @c insert member functions that depend on _Hashtable policies,
        -:  999:   *  via partial specializations.
        -: 1000:   */
        -: 1001:  template<typename _Key, typename _Value, typename _Alloc,
        -: 1002:	   typename _ExtractKey, typename _Equal,
        -: 1003:	   typename _Hash, typename _RangeHash, typename _Unused,
        -: 1004:	   typename _RehashPolicy, typename _Traits,
        -: 1005:	   bool _Constant_iterators = _Traits::__constant_iterators::value>
        -: 1006:    struct _Insert;
        -: 1007:
        -: 1008:  /// Specialization.
        -: 1009:  template<typename _Key, typename _Value, typename _Alloc,
        -: 1010:	   typename _ExtractKey, typename _Equal,
        -: 1011:	   typename _Hash, typename _RangeHash, typename _Unused,
        -: 1012:	   typename _RehashPolicy, typename _Traits>
        -: 1013:    struct _Insert<_Key, _Value, _Alloc, _ExtractKey, _Equal,
        -: 1014:		   _Hash, _RangeHash, _Unused,
        -: 1015:		   _RehashPolicy, _Traits, true>
        -: 1016:    : public _Insert_base<_Key, _Value, _Alloc, _ExtractKey, _Equal,
        -: 1017:			  _Hash, _RangeHash, _Unused, _RehashPolicy, _Traits>
        -: 1018:    {
        -: 1019:      using __base_type = _Insert_base<_Key, _Value, _Alloc, _ExtractKey,
        -: 1020:				       _Equal, _Hash, _RangeHash, _Unused,
        -: 1021:				       _RehashPolicy, _Traits>;
        -: 1022:
        -: 1023:      using value_type = typename __base_type::value_type;
        -: 1024:      using iterator = typename __base_type::iterator;
        -: 1025:      using const_iterator =  typename __base_type::const_iterator;
        -: 1026:      using __ireturn_type = typename __base_type::__ireturn_type;
        -: 1027:
        -: 1028:      using __unique_keys = typename __base_type::__unique_keys;
        -: 1029:      using __hashtable = typename __base_type::__hashtable;
        -: 1030:      using __node_gen_type = typename __base_type::__node_gen_type;
        -: 1031:
        -: 1032:      using __base_type::insert;
        -: 1033:
        -: 1034:      __ireturn_type
        -: 1035:      insert(value_type&& __v)
        -: 1036:      {
        -: 1037:	__hashtable& __h = this->_M_conjure_hashtable();
        -: 1038:	__node_gen_type __node_gen(__h);
        -: 1039:	return __h._M_insert(std::move(__v), __node_gen, __unique_keys{});
        -: 1040:      }
        -: 1041:
        -: 1042:      iterator
function _ZNSt8__detail7_InsertINSt7__cxx1112basic_stringIcSt11char_traitsIcESaIcEEES6_SaIS6_ENS_9_IdentityESt8equal_toIS6_ESt4hashIS6_ENS_18_Mod_range_hashingENS_20_Default_ranged_hashENS_20_Prime_rehash_policyENS_17_Hashtable_traitsILb1ELb1ELb1EEELb1EE6insertENS_20_Node_const_iteratorIS6_Lb1ELb1EEEOS6_ called 0 returned 0% blocks executed 0%
    #####: 1043:      insert(const_iterator __hint, value_type&& __v)
        -: 1044:      {
    #####: 1045:	__hashtable& __h = this->_M_conjure_hashtable();
    %%%%%: 1045-block  0
call    0 never executed
    #####: 1046:	__node_gen_type __node_gen(__h);
call    0 never executed
    #####: 1047:	return __h._M_insert(__hint, std::move(__v), __node_gen,
call    0 never executed
call    1 never executed
branch  2 never executed
branch  3 never executed
    #####: 1048:			     __unique_keys{});
    %%%%%: 1048-block  0
    %%%%%: 1048-block  1
        -: 1049:      }
        -: 1050:    };
        -: 1051:
        -: 1052:  /// Specialization.
        -: 1053:  template<typename _Key, typename _Value, typename _Alloc,
        -: 1054:	   typename _ExtractKey, typename _Equal,
        -: 1055:	   typename _Hash, typename _RangeHash, typename _Unused,
        -: 1056:	   typename _RehashPolicy, typename _Traits>
        -: 1057:    struct _Insert<_Key, _Value, _Alloc, _ExtractKey, _Equal,
        -: 1058:		   _Hash, _RangeHash, _Unused, _RehashPolicy, _Traits, false>
        -: 1059:    : public _Insert_base<_Key, _Value, _Alloc, _ExtractKey, _Equal,
        -: 1060:			  _Hash, _RangeHash, _Unused, _RehashPolicy, _Traits>
        -: 1061:    {
        -: 1062:      using __base_type = _Insert_base<_Key, _Value, _Alloc, _ExtractKey,
        -: 1063:				       _Equal, _Hash, _RangeHash, _Unused,
        -: 1064:				       _RehashPolicy, _Traits>;
        -: 1065:      using value_type = typename __base_type::value_type;
        -: 1066:      using iterator = typename __base_type::iterator;
        -: 1067:      using const_iterator =  typename __base_type::const_iterator;
        -: 1068:
        -: 1069:      using __unique_keys = typename __base_type::__unique_keys;
        -: 1070:      using __hashtable = typename __base_type::__hashtable;
        -: 1071:      using __ireturn_type = typename __base_type::__ireturn_type;
        -: 1072:
        -: 1073:      using __base_type::insert;
        -: 1074:
        -: 1075:      template<typename _Pair>
        -: 1076:	using __is_cons = std::is_constructible<value_type, _Pair&&>;
        -: 1077:
        -: 1078:      template<typename _Pair>
        -: 1079:	using _IFcons = std::enable_if<__is_cons<_Pair>::value>;
        -: 1080:
        -: 1081:      template<typename _Pair>
        -: 1082:	using _IFconsp = typename _IFcons<_Pair>::type;
        -: 1083:
        -: 1084:      template<typename _Pair, typename = _IFconsp<_Pair>>
        -: 1085:	__ireturn_type
        -: 1086:	insert(_Pair&& __v)
        -: 1087:	{
        -: 1088:	  __hashtable& __h = this->_M_conjure_hashtable();
        -: 1089:	  return __h._M_emplace(__unique_keys{}, std::forward<_Pair>(__v));
        -: 1090:	}
        -: 1091:
        -: 1092:      template<typename _Pair, typename = _IFconsp<_Pair>>
        -: 1093:	iterator
        -: 1094:	insert(const_iterator __hint, _Pair&& __v)
        -: 1095:	{
        -: 1096:	  __hashtable& __h = this->_M_conjure_hashtable();
        -: 1097:	  return __h._M_emplace(__hint, __unique_keys{},
        -: 1098:				std::forward<_Pair>(__v));
        -: 1099:	}
        -: 1100:   };
        -: 1101:
        -: 1102:  template<typename _Policy>
        -: 1103:    using __has_load_factor = typename _Policy::__has_load_factor;
        -: 1104:
        -: 1105:  /**
        -: 1106:   *  Primary class template  _Rehash_base.
        -: 1107:   *
        -: 1108:   *  Give hashtable the max_load_factor functions and reserve iff the
        -: 1109:   *  rehash policy supports it.
        -: 1110:  */
        -: 1111:  template<typename _Key, typename _Value, typename _Alloc,
        -: 1112:	   typename _ExtractKey, typename _Equal,
        -: 1113:	   typename _Hash, typename _RangeHash, typename _Unused,
        -: 1114:	   typename _RehashPolicy, typename _Traits,
        -: 1115:	   typename =
        -: 1116:	     __detected_or_t<false_type, __has_load_factor, _RehashPolicy>>
        -: 1117:    struct _Rehash_base;
        -: 1118:
        -: 1119:  /// Specialization when rehash policy doesn't provide load factor management.
        -: 1120:  template<typename _Key, typename _Value, typename _Alloc,
        -: 1121:	   typename _ExtractKey, typename _Equal,
        -: 1122:	   typename _Hash, typename _RangeHash, typename _Unused,
        -: 1123:	   typename _RehashPolicy, typename _Traits>
        -: 1124:    struct _Rehash_base<_Key, _Value, _Alloc, _ExtractKey, _Equal,
        -: 1125:			_Hash, _RangeHash, _Unused, _RehashPolicy, _Traits,
        -: 1126:			false_type /* Has load factor */>
        -: 1127:    {
        -: 1128:    };
        -: 1129:
        -: 1130:  /// Specialization when rehash policy provide load factor management.
        -: 1131:  template<typename _Key, typename _Value, typename _Alloc,
        -: 1132:	   typename _ExtractKey, typename _Equal,
        -: 1133:	   typename _Hash, typename _RangeHash, typename _Unused,
        -: 1134:	   typename _RehashPolicy, typename _Traits>
        -: 1135:    struct _Rehash_base<_Key, _Value, _Alloc, _ExtractKey, _Equal,
        -: 1136:			_Hash, _RangeHash, _Unused, _RehashPolicy, _Traits,
        -: 1137:			true_type /* Has load factor */>
        -: 1138:    {
        -: 1139:    private:
        -: 1140:      using __hashtable = _Hashtable<_Key, _Value, _Alloc, _ExtractKey,
        -: 1141:				     _Equal, _Hash, _RangeHash, _Unused,
        -: 1142:				     _RehashPolicy, _Traits>;
        -: 1143:
        -: 1144:    public:
        -: 1145:      float
        -: 1146:      max_load_factor() const noexcept
        -: 1147:      {
        -: 1148:	const __hashtable* __this = static_cast<const __hashtable*>(this);
        -: 1149:	return __this->__rehash_policy().max_load_factor();
        -: 1150:      }
        -: 1151:
        -: 1152:      void
        -: 1153:      max_load_factor(float __z)
        -: 1154:      {
        -: 1155:	__hashtable* __this = static_cast<__hashtable*>(this);
        -: 1156:	__this->__rehash_policy(_RehashPolicy(__z));
        -: 1157:      }
        -: 1158:
        -: 1159:      void
        -: 1160:      reserve(std::size_t __n)
        -: 1161:      {
        -: 1162:	__hashtable* __this = static_cast<__hashtable*>(this);
        -: 1163:	__this->rehash(__this->__rehash_policy()._M_bkt_for_elements(__n));
        -: 1164:      }
        -: 1165:    };
        -: 1166:
        -: 1167:  /**
        -: 1168:   *  Primary class template _Hashtable_ebo_helper.
        -: 1169:   *
        -: 1170:   *  Helper class using EBO when it is not forbidden (the type is not
        -: 1171:   *  final) and when it is worth it (the type is empty.)
        -: 1172:   */
        -: 1173:  template<int _Nm, typename _Tp,
        -: 1174:	   bool __use_ebo = !__is_final(_Tp) && __is_empty(_Tp)>
        -: 1175:    struct _Hashtable_ebo_helper;
        -: 1176:
        -: 1177:  /// Specialization using EBO.
        -: 1178:  template<int _Nm, typename _Tp>
        -: 1179:    struct _Hashtable_ebo_helper<_Nm, _Tp, true>
        -: 1180:    : private _Tp
        -: 1181:    {
       21: 1182:      _Hashtable_ebo_helper() noexcept(noexcept(_Tp())) : _Tp() { }
------------------
_ZNSt8__detail21_Hashtable_ebo_helperILi0ESaINS_10_Hash_nodeISt4pairIKNSt7__cxx1112basic_stringIcSt11char_traitsIcESaIcEEEmELb1EEEELb1EEC2Ev:
function _ZNSt8__detail21_Hashtable_ebo_helperILi0ESaINS_10_Hash_nodeISt4pairIKNSt7__cxx1112basic_stringIcSt11char_traitsIcESaIcEEEmELb1EEEELb1EEC2Ev called 1 returned 100% blocks executed 100%
        1: 1182:      _Hashtable_ebo_helper() noexcept(noexcept(_Tp())) : _Tp() { }
        1: 1182-block  0
call    0 returned 1
------------------
_ZNSt8__detail21_Hashtable_ebo_helperILi0ESaINS_10_Hash_nodeISt4pairIKNSt7__cxx1112basic_stringIcSt11char_traitsIcESaIcEEEPN7testing9TestSuiteEELb1EEEELb1EEC2Ev:
function _ZNSt8__detail21_Hashtable_ebo_helperILi0ESaINS_10_Hash_nodeISt4pairIKNSt7__cxx1112basic_stringIcSt11char_traitsIcESaIcEEEPN7testing9TestSuiteEELb1EEEELb1EEC2Ev called 1 returned 100% blocks executed 100%
        1: 1182:      _Hashtable_ebo_helper() noexcept(noexcept(_Tp())) : _Tp() { }
        1: 1182-block  0
call    0 returned 1
------------------
_ZNSt8__detail21_Hashtable_ebo_helperILi0ESaINS_10_Hash_nodeINSt7__cxx1112basic_stringIcSt11char_traitsIcESaIcEEELb1EEEELb1EEC2Ev:
function _ZNSt8__detail21_Hashtable_ebo_helperILi0ESaINS_10_Hash_nodeINSt7__cxx1112basic_stringIcSt11char_traitsIcESaIcEEELb1EEEELb1EEC2Ev called 5 returned 100% blocks executed 100%
        5: 1182:      _Hashtable_ebo_helper() noexcept(noexcept(_Tp())) : _Tp() { }
        5: 1182-block  0
call    0 returned 5
------------------
_ZNSt8__detail21_Hashtable_ebo_helperILi0ESt8equal_toINSt7__cxx1112basic_stringIcSt11char_traitsIcESaIcEEEELb1EEC2Ev:
function _ZNSt8__detail21_Hashtable_ebo_helperILi0ESt8equal_toINSt7__cxx1112basic_stringIcSt11char_traitsIcESaIcEEEELb1EEC2Ev called 7 returned 100% blocks executed 100%
        7: 1182:      _Hashtable_ebo_helper() noexcept(noexcept(_Tp())) : _Tp() { }
------------------
_ZNSt8__detail21_Hashtable_ebo_helperILi1ESt4hashINSt7__cxx1112basic_stringIcSt11char_traitsIcESaIcEEEELb1EEC2Ev:
function _ZNSt8__detail21_Hashtable_ebo_helperILi1ESt4hashINSt7__cxx1112basic_stringIcSt11char_traitsIcESaIcEEEELb1EEC2Ev called 7 returned 100% blocks executed 100%
        7: 1182:      _Hashtable_ebo_helper() noexcept(noexcept(_Tp())) : _Tp() { }
------------------
        -: 1183:
        -: 1184:      template<typename _OtherTp>
        -: 1185:	_Hashtable_ebo_helper(_OtherTp&& __tp)
        -: 1186:	: _Tp(std::forward<_OtherTp>(__tp))
        -: 1187:	{ }
        -: 1188:
       1*: 1189:      const _Tp& _M_cget() const { return static_cast<const _Tp&>(*this); }
------------------
_ZNKSt8__detail21_Hashtable_ebo_helperILi1ESt4hashINSt7__cxx1112basic_stringIcSt11char_traitsIcESaIcEEEELb1EE7_M_cgetEv:
function _ZNKSt8__detail21_Hashtable_ebo_helperILi1ESt4hashINSt7__cxx1112basic_stringIcSt11char_traitsIcESaIcEEEELb1EE7_M_cgetEv called 1 returned 100% blocks executed 100%
        1: 1189:      const _Tp& _M_cget() const { return static_cast<const _Tp&>(*this); }
        1: 1189-block  0
------------------
_ZNKSt8__detail21_Hashtable_ebo_helperILi0ESt8equal_toINSt7__cxx1112basic_stringIcSt11char_traitsIcESaIcEEEELb1EE7_M_cgetEv:
function _ZNKSt8__detail21_Hashtable_ebo_helperILi0ESt8equal_toINSt7__cxx1112basic_stringIcSt11char_traitsIcESaIcEEEELb1EE7_M_cgetEv called 0 returned 0% blocks executed 0%
    #####: 1189:      const _Tp& _M_cget() const { return static_cast<const _Tp&>(*this); }
    %%%%%: 1189-block  0
------------------
       5*: 1190:      _Tp& _M_get() { return static_cast<_Tp&>(*this); }
------------------
_ZNSt8__detail21_Hashtable_ebo_helperILi0ESaINS_10_Hash_nodeISt4pairIKNSt7__cxx1112basic_stringIcSt11char_traitsIcESaIcEEEPN7testing9TestSuiteEELb1EEEELb1EE6_M_getEv:
function _ZNSt8__detail21_Hashtable_ebo_helperILi0ESaINS_10_Hash_nodeISt4pairIKNSt7__cxx1112basic_stringIcSt11char_traitsIcESaIcEEEPN7testing9TestSuiteEELb1EEEELb1EE6_M_getEv called 3 returned 100% blocks executed 100%
        3: 1190:      _Tp& _M_get() { return static_cast<_Tp&>(*this); }
        3: 1190-block  0
------------------
_ZNSt8__detail21_Hashtable_ebo_helperILi0ESaINS_10_Hash_nodeISt4pairIKNSt7__cxx1112basic_stringIcSt11char_traitsIcESaIcEEEmELb1EEEELb1EE6_M_getEv:
function _ZNSt8__detail21_Hashtable_ebo_helperILi0ESaINS_10_Hash_nodeISt4pairIKNSt7__cxx1112basic_stringIcSt11char_traitsIcESaIcEEEmELb1EEEELb1EE6_M_getEv called 0 returned 0% blocks executed 0%
    #####: 1190:      _Tp& _M_get() { return static_cast<_Tp&>(*this); }
    %%%%%: 1190-block  0
------------------
_ZNSt8__detail21_Hashtable_ebo_helperILi0ESaINS_10_Hash_nodeINSt7__cxx1112basic_stringIcSt11char_traitsIcESaIcEEELb1EEEELb1EE6_M_getEv:
function _ZNSt8__detail21_Hashtable_ebo_helperILi0ESaINS_10_Hash_nodeINSt7__cxx1112basic_stringIcSt11char_traitsIcESaIcEEELb1EEEELb1EE6_M_getEv called 2 returned 100% blocks executed 100%
        2: 1190:      _Tp& _M_get() { return static_cast<_Tp&>(*this); }
        2: 1190-block  0
------------------
        -: 1191:    };
        -: 1192:
        -: 1193:  /// Specialization not using EBO.
        -: 1194:  template<int _Nm, typename _Tp>
        -: 1195:    struct _Hashtable_ebo_helper<_Nm, _Tp, false>
        -: 1196:    {
        -: 1197:      _Hashtable_ebo_helper() = default;
        -: 1198:
        -: 1199:      template<typename _OtherTp>
        -: 1200:	_Hashtable_ebo_helper(_OtherTp&& __tp)
        -: 1201:	: _M_tp(std::forward<_OtherTp>(__tp))
        -: 1202:	{ }
        -: 1203:
        -: 1204:      const _Tp& _M_cget() const { return _M_tp; }
        -: 1205:      _Tp& _M_get() { return _M_tp; }
        -: 1206:
        -: 1207:    private:
        -: 1208:      _Tp _M_tp{};
        -: 1209:    };
        -: 1210:
        -: 1211:  /**
        -: 1212:   *  Primary class template _Local_iterator_base.
        -: 1213:   *
        -: 1214:   *  Base class for local iterators, used to iterate within a bucket
        -: 1215:   *  but not between buckets.
        -: 1216:   */
        -: 1217:  template<typename _Key, typename _Value, typename _ExtractKey,
        -: 1218:	   typename _Hash, typename _RangeHash, typename _Unused,
        -: 1219:	   bool __cache_hash_code>
        -: 1220:    struct _Local_iterator_base;
        -: 1221:
        -: 1222:  /**
        -: 1223:   *  Primary class template _Hash_code_base.
        -: 1224:   *
        -: 1225:   *  Encapsulates two policy issues that aren't quite orthogonal.
        -: 1226:   *   (1) the difference between using a ranged hash function and using
        -: 1227:   *       the combination of a hash function and a range-hashing function.
        -: 1228:   *       In the former case we don't have such things as hash codes, so
        -: 1229:   *       we have a dummy type as placeholder.
        -: 1230:   *   (2) Whether or not we cache hash codes.  Caching hash codes is
        -: 1231:   *       meaningless if we have a ranged hash function.
        -: 1232:   *
        -: 1233:   *  We also put the key extraction objects here, for convenience.
        -: 1234:   *  Each specialization derives from one or more of the template
        -: 1235:   *  parameters to benefit from Ebo. This is important as this type
        -: 1236:   *  is inherited in some cases by the _Local_iterator_base type used
        -: 1237:   *  to implement local_iterator and const_local_iterator. As with
        -: 1238:   *  any iterator type we prefer to make it as small as possible.
        -: 1239:   */
        -: 1240:  template<typename _Key, typename _Value, typename _ExtractKey,
        -: 1241:	   typename _Hash, typename _RangeHash, typename _Unused,
        -: 1242:	   bool __cache_hash_code>
        -: 1243:    struct _Hash_code_base
        -: 1244:    : private _Hashtable_ebo_helper<1, _Hash>
        -: 1245:    {
        -: 1246:    private:
        -: 1247:      using __ebo_hash = _Hashtable_ebo_helper<1, _Hash>;
        -: 1248:
        -: 1249:      // Gives the local iterator implementation access to _M_bucket_index().
        -: 1250:      friend struct _Local_iterator_base<_Key, _Value, _ExtractKey,
        -: 1251:					 _Hash, _RangeHash, _Unused, false>;
        -: 1252:
        -: 1253:    public:
        -: 1254:      typedef _Hash					hasher;
        -: 1255:
        -: 1256:      hasher
        -: 1257:      hash_function() const
        -: 1258:      { return _M_hash(); }
        -: 1259:
        -: 1260:    protected:
        -: 1261:      typedef std::size_t 				__hash_code;
        -: 1262:
        -: 1263:      // We need the default constructor for the local iterators and _Hashtable
        -: 1264:      // default constructor.
        7: 1265:      _Hash_code_base() = default;
------------------
_ZNSt8__detail15_Hash_code_baseINSt7__cxx1112basic_stringIcSt11char_traitsIcESaIcEEESt4pairIKS6_mENS_10_Select1stESt4hashIS6_ENS_18_Mod_range_hashingENS_20_Default_ranged_hashELb1EEC2Ev:
function _ZNSt8__detail15_Hash_code_baseINSt7__cxx1112basic_stringIcSt11char_traitsIcESaIcEEESt4pairIKS6_mENS_10_Select1stESt4hashIS6_ENS_18_Mod_range_hashingENS_20_Default_ranged_hashELb1EEC2Ev called 1 returned 100% blocks executed 100%
        1: 1265:      _Hash_code_base() = default;
        1: 1265-block  0
call    0 returned 1
------------------
_ZNSt8__detail15_Hash_code_baseINSt7__cxx1112basic_stringIcSt11char_traitsIcESaIcEEESt4pairIKS6_PN7testing9TestSuiteEENS_10_Select1stESt4hashIS6_ENS_18_Mod_range_hashingENS_20_Default_ranged_hashELb1EEC2Ev:
function _ZNSt8__detail15_Hash_code_baseINSt7__cxx1112basic_stringIcSt11char_traitsIcESaIcEEESt4pairIKS6_PN7testing9TestSuiteEENS_10_Select1stESt4hashIS6_ENS_18_Mod_range_hashingENS_20_Default_ranged_hashELb1EEC2Ev called 1 returned 100% blocks executed 100%
        1: 1265:      _Hash_code_base() = default;
        1: 1265-block  0
call    0 returned 1
------------------
_ZNSt8__detail15_Hash_code_baseINSt7__cxx1112basic_stringIcSt11char_traitsIcESaIcEEES6_NS_9_IdentityESt4hashIS6_ENS_18_Mod_range_hashingENS_20_Default_ranged_hashELb1EEC2Ev:
function _ZNSt8__detail15_Hash_code_baseINSt7__cxx1112basic_stringIcSt11char_traitsIcESaIcEEES6_NS_9_IdentityESt4hashIS6_ENS_18_Mod_range_hashingENS_20_Default_ranged_hashELb1EEC2Ev called 5 returned 100% blocks executed 100%
        5: 1265:      _Hash_code_base() = default;
        5: 1265-block  0
[...]
call    5 never executed
        -: 1960:					   __n->_M_valptr(),
        -: 1961:					   std::forward<_Args>(__args)...);
    #####: 1962:	    return __n;
    %%%%%: 1962-block  0
        -: 1963:	  }
    =====: 1964:	__catch(...)
    $$$$$: 1964-block  0
    $$$$$: 1964-block  1
call    0 never executed
    $$$$$: 1964-block  2
call    1 never executed
        -: 1965:	  {
    =====: 1966:	    __node_alloc_traits::deallocate(_M_node_allocator(), __nptr, 1);
call    0 never executed
branch  1 never executed
branch  2 never executed
    $$$$$: 1966-block  0
call    3 never executed
branch  4 never executed
branch  5 never executed
    =====: 1967:	    __throw_exception_again;
    $$$$$: 1967-block  0
call    0 never executed
        -: 1968:	  }
        -: 1969:      }
------------------
_ZNSt8__detail16_Hashtable_allocISaINS_10_Hash_nodeISt4pairIKNSt7__cxx1112basic_stringIcSt11char_traitsIcESaIcEEEPN7testing9TestSuiteEELb1EEEEE16_M_allocate_nodeIJRS9_RKSC_EEEPSE_DpOT_:
function _ZNSt8__detail16_Hashtable_allocISaINS_10_Hash_nodeISt4pairIKNSt7__cxx1112basic_stringIcSt11char_traitsIcESaIcEEEPN7testing9TestSuiteEELb1EEEEE16_M_allocate_nodeIJRS9_RKSC_EEEPSE_DpOT_ called 1 returned 100% blocks executed 70%
        1: 1951:      _Hashtable_alloc<_NodeAlloc>::_M_allocate_node(_Args&&... __args)
        -: 1952:      -> __node_ptr
        -: 1953:      {
        1: 1954:	auto __nptr = __node_alloc_traits::allocate(_M_node_allocator(), 1);
        1: 1954-block  0
call    0 returned 1
call    1 returned 1
        1: 1955:	__node_ptr __n = std::__to_address(__nptr);
call    0 returned 1
        -: 1956:	__try
        -: 1957:	  {
        1: 1958:	    ::new ((void*)__n) __node_type;
call    0 returned 1
call    1 returned 1
        2: 1959:	    __node_alloc_traits::construct(_M_node_allocator(),
call    0 returned 1
branch  1 taken 1 (fallthrough)
branch  2 taken 0 (throw)
        1: 1959-block  0
call    3 returned 1
        1: 1959-block  1
call    4 returned 1
call    5 returned 1
call    6 returned 1
branch  7 taken 1 (fallthrough)
branch  8 taken 0 (throw)
        -: 1960:					   __n->_M_valptr(),
        -: 1961:					   std::forward<_Args>(__args)...);
        1: 1962:	    return __n;
        1: 1962-block  0
        1: 1962-block  1
        -: 1963:	  }
    =====: 1964:	__catch(...)
    $$$$$: 1964-block  0
    $$$$$: 1964-block  1
call    0 never executed
    $$$$$: 1964-block  2
call    1 never executed
        -: 1965:	  {
    =====: 1966:	    __node_alloc_traits::deallocate(_M_node_allocator(), __nptr, 1);
call    0 never executed
branch  1 never executed
branch  2 never executed
    $$$$$: 1966-block  0
call    3 never executed
branch  4 never executed
branch  5 never executed
    =====: 1967:	    __throw_exception_again;
    $$$$$: 1967-block  0
call    0 never executed
        -: 1968:	  }
        -: 1969:      }
------------------
        -: 1970:
        -: 1971:  template<typename _NodeAlloc>
        -: 1972:    void
    #####: 1973:    _Hashtable_alloc<_NodeAlloc>::_M_deallocate_node(__node_ptr __n)
        -: 1974:    {
    #####: 1975:      __node_alloc_traits::destroy(_M_node_allocator(), __n->_M_valptr());
    #####: 1976:      _M_deallocate_node_ptr(__n);
    #####: 1977:    }
------------------
_ZNSt8__detail16_Hashtable_allocISaINS_10_Hash_nodeISt4pairIKNSt7__cxx1112basic_stringIcSt11char_traitsIcESaIcEEEPN7testing9TestSuiteEELb1EEEEE18_M_deallocate_nodeEPSE_:
function _ZNSt8__detail16_Hashtable_allocISaINS_10_Hash_nodeISt4pairIKNSt7__cxx1112basic_stringIcSt11char_traitsIcESaIcEEEPN7testing9TestSuiteEELb1EEEEE18_M_deallocate_nodeEPSE_ called 0 returned 0% blocks executed 0%
    #####: 1973:    _Hashtable_alloc<_NodeAlloc>::_M_deallocate_node(__node_ptr __n)
        -: 1974:    {
    #####: 1975:      __node_alloc_traits::destroy(_M_node_allocator(), __n->_M_valptr());
    %%%%%: 1975-block  0
call    0 never executed
call    1 never executed
    %%%%%: 1975-block  1
call    2 never executed
    #####: 1976:      _M_deallocate_node_ptr(__n);
call    0 never executed
    #####: 1977:    }
------------------
_ZNSt8__detail16_Hashtable_allocISaINS_10_Hash_nodeINSt7__cxx1112basic_stringIcSt11char_traitsIcESaIcEEELb1EEEEE18_M_deallocate_nodeEPS8_:
function _ZNSt8__detail16_Hashtable_allocISaINS_10_Hash_nodeINSt7__cxx1112basic_stringIcSt11char_traitsIcESaIcEEELb1EEEEE18_M_deallocate_nodeEPS8_ called 0 returned 0% blocks executed 0%
    #####: 1973:    _Hashtable_alloc<_NodeAlloc>::_M_deallocate_node(__node_ptr __n)
        -: 1974:    {
    #####: 1975:      __node_alloc_traits::destroy(_M_node_allocator(), __n->_M_valptr());
    %%%%%: 1975-block  0
call    0 never executed
call    1 never executed
    %%%%%: 1975-block  1
call    2 never executed
    #####: 1976:      _M_deallocate_node_ptr(__n);
call    0 never executed
    #####: 1977:    }
------------------
_ZNSt8__detail16_Hashtable_allocISaINS_10_Hash_nodeISt4pairIKNSt7__cxx1112basic_stringIcSt11char_traitsIcESaIcEEEmELb1EEEEE18_M_deallocate_nodeEPSB_:
function _ZNSt8__detail16_Hashtable_allocISaINS_10_Hash_nodeISt4pairIKNSt7__cxx1112basic_stringIcSt11char_traitsIcESaIcEEEmELb1EEEEE18_M_deallocate_nodeEPSB_ called 0 returned 0% blocks executed 0%
    #####: 1973:    _Hashtable_alloc<_NodeAlloc>::_M_deallocate_node(__node_ptr __n)
        -: 1974:    {
    #####: 1975:      __node_alloc_traits::destroy(_M_node_allocator(), __n->_M_valptr());
    %%%%%: 1975-block  0
call    0 never executed
call    1 never executed
    %%%%%: 1975-block  1
call    2 never executed
    #####: 1976:      _M_deallocate_node_ptr(__n);
call    0 never executed
    #####: 1977:    }
------------------
        -: 1978:
        -: 1979:  template<typename _NodeAlloc>
        -: 1980:    void
    #####: 1981:    _Hashtable_alloc<_NodeAlloc>::_M_deallocate_node_ptr(__node_ptr __n)
        -: 1982:    {
        -: 1983:      typedef typename __node_alloc_traits::pointer _Ptr;
    #####: 1984:      auto __ptr = std::pointer_traits<_Ptr>::pointer_to(*__n);
    #####: 1985:      __n->~__node_type();
    #####: 1986:      __node_alloc_traits::deallocate(_M_node_allocator(), __ptr, 1);
    #####: 1987:    }
------------------
_ZNSt8__detail16_Hashtable_allocISaINS_10_Hash_nodeISt4pairIKNSt7__cxx1112basic_stringIcSt11char_traitsIcESaIcEEEPN7testing9TestSuiteEELb1EEEEE22_M_deallocate_node_ptrEPSE_:
function _ZNSt8__detail16_Hashtable_allocISaINS_10_Hash_nodeISt4pairIKNSt7__cxx1112basic_stringIcSt11char_traitsIcESaIcEEEPN7testing9TestSuiteEELb1EEEEE22_M_deallocate_node_ptrEPSE_ called 0 returned 0% blocks executed 0%
    #####: 1981:    _Hashtable_alloc<_NodeAlloc>::_M_deallocate_node_ptr(__node_ptr __n)
        -: 1982:    {
        -: 1983:      typedef typename __node_alloc_traits::pointer _Ptr;
    #####: 1984:      auto __ptr = std::pointer_traits<_Ptr>::pointer_to(*__n);
    %%%%%: 1984-block  0
call    0 never executed
    #####: 1985:      __n->~__node_type();
    #####: 1986:      __node_alloc_traits::deallocate(_M_node_allocator(), __ptr, 1);
call    0 never executed
call    1 never executed
    #####: 1987:    }
------------------
_ZNSt8__detail16_Hashtable_allocISaINS_10_Hash_nodeINSt7__cxx1112basic_stringIcSt11char_traitsIcESaIcEEELb1EEEEE22_M_deallocate_node_ptrEPS8_:
function _ZNSt8__detail16_Hashtable_allocISaINS_10_Hash_nodeINSt7__cxx1112basic_stringIcSt11char_traitsIcESaIcEEELb1EEEEE22_M_deallocate_node_ptrEPS8_ called 0 returned 0% blocks executed 0%
    #####: 1981:    _Hashtable_alloc<_NodeAlloc>::_M_deallocate_node_ptr(__node_ptr __n)
        -: 1982:    {
        -: 1983:      typedef typename __node_alloc_traits::pointer _Ptr;
    #####: 1984:      auto __ptr = std::pointer_traits<_Ptr>::pointer_to(*__n);
    %%%%%: 1984-block  0
call    0 never executed
    #####: 1985:      __n->~__node_type();
    #####: 1986:      __node_alloc_traits::deallocate(_M_node_allocator(), __ptr, 1);
call    0 never executed
call    1 never executed
    #####: 1987:    }
------------------
_ZNSt8__detail16_Hashtable_allocISaINS_10_Hash_nodeISt4pairIKNSt7__cxx1112basic_stringIcSt11char_traitsIcESaIcEEEmELb1EEEEE22_M_deallocate_node_ptrEPSB_:
function _ZNSt8__detail16_Hashtable_allocISaINS_10_Hash_nodeISt4pairIKNSt7__cxx1112basic_stringIcSt11char_traitsIcESaIcEEEmELb1EEEEE22_M_deallocate_node_ptrEPSB_ called 0 returned 0% blocks executed 0%
    #####: 1981:    _Hashtable_alloc<_NodeAlloc>::_M_deallocate_node_ptr(__node_ptr __n)
        -: 1982:    {
        -: 1983:      typedef typename __node_alloc_traits::pointer _Ptr;
    #####: 1984:      auto __ptr = std::pointer_traits<_Ptr>::pointer_to(*__n);
    %%%%%: 1984-block  0
call    0 never executed
    #####: 1985:      __n->~__node_type();
    #####: 1986:      __node_alloc_traits::deallocate(_M_node_allocator(), __ptr, 1);
call    0 never executed
call    1 never executed
    #####: 1987:    }
------------------
        -: 1988:
        -: 1989:  template<typename _NodeAlloc>
        -: 1990:    void
       6*: 1991:    _Hashtable_alloc<_NodeAlloc>::_M_deallocate_nodes(__node_ptr __n)
        -: 1992:    {
       6*: 1993:      while (__n)
        -: 1994:	{
    #####: 1995:	  __node_ptr __tmp = __n;
    #####: 1996:	  __n = __n->_M_next();
    #####: 1997:	  _M_deallocate_node(__tmp);
        -: 1998:	}
       6*: 1999:    }
------------------
_ZNSt8__detail16_Hashtable_allocISaINS_10_Hash_nodeISt4pairIKNSt7__cxx1112basic_stringIcSt11char_traitsIcESaIcEEEPN7testing9TestSuiteEELb1EEEEE19_M_deallocate_nodesEPSE_:
function _ZNSt8__detail16_Hashtable_allocISaINS_10_Hash_nodeISt4pairIKNSt7__cxx1112basic_stringIcSt11char_traitsIcESaIcEEEPN7testing9TestSuiteEELb1EEEEE19_M_deallocate_nodesEPSE_ called 0 returned 0% blocks executed 0%
    #####: 1991:    _Hashtable_alloc<_NodeAlloc>::_M_deallocate_nodes(__node_ptr __n)
        -: 1992:    {
    #####: 1993:      while (__n)
    %%%%%: 1993-block  0
    %%%%%: 1993-block  1
branch  0 never executed
branch  1 never executed
        -: 1994:	{
    #####: 1995:	  __node_ptr __tmp = __n;
    #####: 1996:	  __n = __n->_M_next();
    %%%%%: 1996-block  0
call    0 never executed
    #####: 1997:	  _M_deallocate_node(__tmp);
call    0 never executed
        -: 1998:	}
    #####: 1999:    }
------------------
_ZNSt8__detail16_Hashtable_allocISaINS_10_Hash_nodeINSt7__cxx1112basic_stringIcSt11char_traitsIcESaIcEEELb1EEEEE19_M_deallocate_nodesEPS8_:
function _ZNSt8__detail16_Hashtable_allocISaINS_10_Hash_nodeINSt7__cxx1112basic_stringIcSt11char_traitsIcESaIcEEELb1EEEEE19_M_deallocate_nodesEPS8_ called 6 returned 100% blocks executed 60%
        6: 1991:    _Hashtable_alloc<_NodeAlloc>::_M_deallocate_nodes(__node_ptr __n)
        -: 1992:    {
        6: 1993:      while (__n)
        6: 1993-block  0
        6: 1993-block  1
branch  0 taken 0
branch  1 taken 6 (fallthrough)
        -: 1994:	{
    #####: 1995:	  __node_ptr __tmp = __n;
    #####: 1996:	  __n = __n->_M_next();
    %%%%%: 1996-block  0
call    0 never executed
    #####: 1997:	  _M_deallocate_node(__tmp);
call    0 never executed
        -: 1998:	}
        6: 1999:    }
------------------
_ZNSt8__detail16_Hashtable_allocISaINS_10_Hash_nodeISt4pairIKNSt7__cxx1112basic_stringIcSt11char_traitsIcESaIcEEEmELb1EEEEE19_M_deallocate_nodesEPSB_:
function _ZNSt8__detail16_Hashtable_allocISaINS_10_Hash_nodeISt4pairIKNSt7__cxx1112basic_stringIcSt11char_traitsIcESaIcEEEmELb1EEEEE19_M_deallocate_nodesEPSB_ called 0 returned 0% blocks executed 0%
    #####: 1991:    _Hashtable_alloc<_NodeAlloc>::_M_deallocate_nodes(__node_ptr __n)
        -: 1992:    {
    #####: 1993:      while (__n)
    %%%%%: 1993-block  0
    %%%%%: 1993-block  1
branch  0 never executed
branch  1 never executed
        -: 1994:	{
    #####: 1995:	  __node_ptr __tmp = __n;
    #####: 1996:	  __n = __n->_M_next();
    %%%%%: 1996-block  0
call    0 never executed
    #####: 1997:	  _M_deallocate_node(__tmp);
call    0 never executed
        -: 1998:	}
    #####: 1999:    }
------------------
        -: 2000:
        -: 2001:  template<typename _NodeAlloc>
        -: 2002:    auto
       1*: 2003:    _Hashtable_alloc<_NodeAlloc>::_M_allocate_buckets(std::size_t __bkt_count)
        -: 2004:    -> __buckets_ptr
        -: 2005:    {
       1*: 2006:      __buckets_alloc_type __alloc(_M_node_allocator());
        -: 2007:
       1*: 2008:      auto __ptr = __buckets_alloc_traits::allocate(__alloc, __bkt_count);
       1*: 2009:      __buckets_ptr __p = std::__to_address(__ptr);
       1*: 2010:      __builtin_memset(__p, 0, __bkt_count * sizeof(__node_base_ptr));
       1*: 2011:      return __p;
       1*: 2012:    }
------------------
_ZNSt8__detail16_Hashtable_allocISaINS_10_Hash_nodeINSt7__cxx1112basic_stringIcSt11char_traitsIcESaIcEEELb1EEEEE19_M_allocate_bucketsEm:
function _ZNSt8__detail16_Hashtable_allocISaINS_10_Hash_nodeINSt7__cxx1112basic_stringIcSt11char_traitsIcESaIcEEELb1EEEEE19_M_allocate_bucketsEm called 0 returned 0% blocks executed 0%
    #####: 2003:    _Hashtable_alloc<_NodeAlloc>::_M_allocate_buckets(std::size_t __bkt_count)
        -: 2004:    -> __buckets_ptr
        -: 2005:    {
    #####: 2006:      __buckets_alloc_type __alloc(_M_node_allocator());
    %%%%%: 2006-block  0
call    0 never executed
branch  1 never executed
branch  2 never executed
    %%%%%: 2006-block  1
call    3 never executed
        -: 2007:
    #####: 2008:      auto __ptr = __buckets_alloc_traits::allocate(__alloc, __bkt_count);
call    0 never executed
branch  1 never executed
branch  2 never executed
    #####: 2009:      __buckets_ptr __p = std::__to_address(__ptr);
    %%%%%: 2009-block  0
call    0 never executed
    #####: 2010:      __builtin_memset(__p, 0, __bkt_count * sizeof(__node_base_ptr));
    #####: 2011:      return __p;
    %%%%%: 2011-block  0
    #####: 2012:    }
call    0 never executed
    $$$$$: 2012-block  0
call    1 never executed
------------------
_ZNSt8__detail16_Hashtable_allocISaINS_10_Hash_nodeISt4pairIKNSt7__cxx1112basic_stringIcSt11char_traitsIcESaIcEEEPN7testing9TestSuiteEELb1EEEEE19_M_allocate_bucketsEm:
function _ZNSt8__detail16_Hashtable_allocISaINS_10_Hash_nodeISt4pairIKNSt7__cxx1112basic_stringIcSt11char_traitsIcESaIcEEEPN7testing9TestSuiteEELb1EEEEE19_M_allocate_bucketsEm called 1 returned 100% blocks executed 80%
        1: 2003:    _Hashtable_alloc<_NodeAlloc>::_M_allocate_buckets(std::size_t __bkt_count)
        -: 2004:    -> __buckets_ptr
        -: 2005:    {
        1: 2006:      __buckets_alloc_type __alloc(_M_node_allocator());
        1: 2006-block  0
call    0 returned 1
branch  1 taken 1 (fallthrough)
branch  2 taken 0 (throw)
        1: 2006-block  1
call    3 returned 1
        -: 2007:
        1: 2008:      auto __ptr = __buckets_alloc_traits::allocate(__alloc, __bkt_count);
call    0 returned 1
branch  1 taken 1 (fallthrough)
branch  2 taken 0 (throw)
        1: 2009:      __buckets_ptr __p = std::__to_address(__ptr);
        1: 2009-block  0
call    0 returned 1
        1: 2010:      __builtin_memset(__p, 0, __bkt_count * sizeof(__node_base_ptr));
        1: 2011:      return __p;
        1: 2011-block  0
        1: 2012:    }
call    0 returned 1
    $$$$$: 2012-block  0
call    1 never executed
------------------
        -: 2013:
        -: 2014:  template<typename _NodeAlloc>
        -: 2015:    void
    #####: 2016:    _Hashtable_alloc<_NodeAlloc>::
        -: 2017:    _M_deallocate_buckets(__buckets_ptr __bkts,
        -: 2018:			  std::size_t __bkt_count)
        -: 2019:    {
        -: 2020:      typedef typename __buckets_alloc_traits::pointer _Ptr;
    #####: 2021:      auto __ptr = std::pointer_traits<_Ptr>::pointer_to(*__bkts);
    #####: 2022:      __buckets_alloc_type __alloc(_M_node_allocator());
    #####: 2023:      __buckets_alloc_traits::deallocate(__alloc, __ptr, __bkt_count);
    #####: 2024:    }
------------------
_ZNSt8__detail16_Hashtable_allocISaINS_10_Hash_nodeISt4pairIKNSt7__cxx1112basic_stringIcSt11char_traitsIcESaIcEEEPN7testing9TestSuiteEELb1EEEEE21_M_deallocate_bucketsEPPNS_15_Hash_node_baseEm:
function _ZNSt8__detail16_Hashtable_allocISaINS_10_Hash_nodeISt4pairIKNSt7__cxx1112basic_stringIcSt11char_traitsIcESaIcEEEPN7testing9TestSuiteEELb1EEEEE21_M_deallocate_bucketsEPPNS_15_Hash_node_baseEm called 0 returned 0% blocks executed 0%
    #####: 2016:    _Hashtable_alloc<_NodeAlloc>::
        -: 2017:    _M_deallocate_buckets(__buckets_ptr __bkts,
        -: 2018:			  std::size_t __bkt_count)
        -: 2019:    {
        -: 2020:      typedef typename __buckets_alloc_traits::pointer _Ptr;
    #####: 2021:      auto __ptr = std::pointer_traits<_Ptr>::pointer_to(*__bkts);
    %%%%%: 2021-block  0
call    0 never executed
    #####: 2022:      __buckets_alloc_type __alloc(_M_node_allocator());
call    0 never executed
branch  1 never executed
branch  2 never executed
    %%%%%: 2022-block  0
call    3 never executed
    #####: 2023:      __buckets_alloc_traits::deallocate(__alloc, __ptr, __bkt_count);
call    0 never executed
branch  1 never executed
branch  2 never executed
    #####: 2024:    }
    %%%%%: 2024-block  0
call    0 never executed
    $$$$$: 2024-block  1
call    1 never executed
------------------
_ZNSt8__detail16_Hashtable_allocISaINS_10_Hash_nodeINSt7__cxx1112basic_stringIcSt11char_traitsIcESaIcEEELb1EEEEE21_M_deallocate_bucketsEPPNS_15_Hash_node_baseEm:
function _ZNSt8__detail16_Hashtable_allocISaINS_10_Hash_nodeINSt7__cxx1112basic_stringIcSt11char_traitsIcESaIcEEELb1EEEEE21_M_deallocate_bucketsEPPNS_15_Hash_node_baseEm called 0 returned 0% blocks executed 0%
    #####: 2016:    _Hashtable_alloc<_NodeAlloc>::
        -: 2017:    _M_deallocate_buckets(__buckets_ptr __bkts,
        -: 2018:			  std::size_t __bkt_count)
        -: 2019:    {
        -: 2020:      typedef typename __buckets_alloc_traits::pointer _Ptr;
    #####: 2021:      auto __ptr = std::pointer_traits<_Ptr>::pointer_to(*__bkts);
    %%%%%: 2021-block  0
call    0 never executed
    #####: 2022:      __buckets_alloc_type __alloc(_M_node_allocator());
call    0 never executed
branch  1 never executed
branch  2 never executed
    %%%%%: 2022-block  0
call    3 never executed
    #####: 2023:      __buckets_alloc_traits::deallocate(__alloc, __ptr, __bkt_count);
call    0 never executed
branch  1 never executed
branch  2 never executed
    #####: 2024:    }
    %%%%%: 2024-block  0
call    0 never executed
    $$$$$: 2024-block  1
call    1 never executed
------------------
_ZNSt8__detail16_Hashtable_allocISaINS_10_Hash_nodeISt4pairIKNSt7__cxx1112basic_stringIcSt11char_traitsIcESaIcEEEmELb1EEEEE21_M_deallocate_bucketsEPPNS_15_Hash_node_baseEm:
function _ZNSt8__detail16_Hashtable_allocISaINS_10_Hash_nodeISt4pairIKNSt7__cxx1112basic_stringIcSt11char_traitsIcESaIcEEEmELb1EEEEE21_M_deallocate_bucketsEPPNS_15_Hash_node_baseEm called 0 returned 0% blocks executed 0%
    #####: 2016:    _Hashtable_alloc<_NodeAlloc>::
        -: 2017:    _M_deallocate_buckets(__buckets_ptr __bkts,
        -: 2018:			  std::size_t __bkt_count)
        -: 2019:    {
        -: 2020:      typedef typename __buckets_alloc_traits::pointer _Ptr;
    #####: 2021:      auto __ptr = std::pointer_traits<_Ptr>::pointer_to(*__bkts);
    %%%%%: 2021-block  0
call    0 never executed
    #####: 2022:      __buckets_alloc_type __alloc(_M_node_allocator());
call    0 never executed
branch  1 never executed
branch  2 never executed
    %%%%%: 2022-block  0
call    3 never executed
    #####: 2023:      __buckets_alloc_traits::deallocate(__alloc, __ptr, __bkt_count);
call    0 never executed
branch  1 never executed
branch  2 never executed
    #####: 2024:    }
    %%%%%: 2024-block  0
call    0 never executed
    $$$$$: 2024-block  1
call    1 never executed
------------------
        -: 2025:
        -: 2026: ///@} hashtable-detail
        -: 2027:} // namespace __detail
        -: 2028:/// @endcond
        -: 2029:_GLIBCXX_END_NAMESPACE_VERSION
        -: 2030:} // namespace std
        -: 2031:
        -: 2032:#endif // _HASHTABLE_POLICY_H
