        -:    0:Source:/opt/homebrew/Cellar/gcc@12/12.4.0/include/c++/12/bits/stl_tree.h
        -:    0:Graph:/Users/vadimleonov/Desktop/плюсы/SQL_lib/cmake-build-debug-coverage/lib/googletest/googletest/CMakeFiles/gtest.dir/src/gtest-all.cc.gcno
        -:    0:Data:/Users/vadimleonov/Desktop/плюсы/SQL_lib/cmake-build-debug-coverage/lib/googletest/googletest/CMakeFiles/gtest.dir/src/gtest-all.cc.gcda
        -:    0:Runs:1
        -:    1:// RB tree implementation -*- C++ -*-
        -:    2:
        -:    3:// Copyright (C) 2001-2022 Free Software Foundation, Inc.
        -:    4://
        -:    5:// This file is part of the GNU ISO C++ Library.  This library is free
        -:    6:// software; you can redistribute it and/or modify it under the
        -:    7:// terms of the GNU General Public License as published by the
        -:    8:// Free Software Foundation; either version 3, or (at your option)
        -:    9:// any later version.
        -:   10:
        -:   11:// This library is distributed in the hope that it will be useful,
        -:   12:// but WITHOUT ANY WARRANTY; without even the implied warranty of
        -:   13:// MERCHANTABILITY or FITNESS FOR A PARTICULAR PURPOSE.  See the
        -:   14:// GNU General Public License for more details.
        -:   15:
        -:   16:// Under Section 7 of GPL version 3, you are granted additional
        -:   17:// permissions described in the GCC Runtime Library Exception, version
        -:   18:// 3.1, as published by the Free Software Foundation.
        -:   19:
        -:   20:// You should have received a copy of the GNU General Public License and
        -:   21:// a copy of the GCC Runtime Library Exception along with this program;
        -:   22:// see the files COPYING3 and COPYING.RUNTIME respectively.  If not, see
        -:   23:// <http://www.gnu.org/licenses/>.
        -:   24:
        -:   25:/*
        -:   26: *
        -:   27: * Copyright (c) 1996,1997
        -:   28: * Silicon Graphics Computer Systems, Inc.
        -:   29: *
        -:   30: * Permission to use, copy, modify, distribute and sell this software
        -:   31: * and its documentation for any purpose is hereby granted without fee,
        -:   32: * provided that the above copyright notice appear in all copies and
        -:   33: * that both that copyright notice and this permission notice appear
        -:   34: * in supporting documentation.  Silicon Graphics makes no
        -:   35: * representations about the suitability of this software for any
        -:   36: * purpose.  It is provided "as is" without express or implied warranty.
        -:   37: *
        -:   38: *
        -:   39: * Copyright (c) 1994
        -:   40: * Hewlett-Packard Company
        -:   41: *
        -:   42: * Permission to use, copy, modify, distribute and sell this software
        -:   43: * and its documentation for any purpose is hereby granted without fee,
        -:   44: * provided that the above copyright notice appear in all copies and
        -:   45: * that both that copyright notice and this permission notice appear
        -:   46: * in supporting documentation.  Hewlett-Packard Company makes no
        -:   47: * representations about the suitability of this software for any
        -:   48: * purpose.  It is provided "as is" without express or implied warranty.
        -:   49: *
        -:   50: *
        -:   51: */
        -:   52:
        -:   53:/** @file bits/stl_tree.h
        -:   54: *  This is an internal header file, included by other library headers.
        -:   55: *  Do not attempt to use it directly. @headername{map,set}
        -:   56: */
        -:   57:
        -:   58:#ifndef _STL_TREE_H
        -:   59:#define _STL_TREE_H 1
        -:   60:
        -:   61:#pragma GCC system_header
        -:   62:
        -:   63:#include <bits/stl_algobase.h>
        -:   64:#include <bits/allocator.h>
        -:   65:#include <bits/stl_function.h>
        -:   66:#include <bits/cpp_type_traits.h>
        -:   67:#include <ext/alloc_traits.h>
        -:   68:#if __cplusplus >= 201103L
        -:   69:# include <ext/aligned_buffer.h>
        -:   70:#endif
        -:   71:#if __cplusplus > 201402L
        -:   72:# include <bits/node_handle.h>
        -:   73:#endif
        -:   74:
        -:   75:namespace std _GLIBCXX_VISIBILITY(default)
        -:   76:{
        -:   77:_GLIBCXX_BEGIN_NAMESPACE_VERSION
        -:   78:
        -:   79:#if __cplusplus > 201103L
        -:   80:# define __cpp_lib_generic_associative_lookup 201304L
        -:   81:#endif
        -:   82:
        -:   83:  // Red-black tree class, designed for use in implementing STL
        -:   84:  // associative containers (set, multiset, map, and multimap). The
        -:   85:  // insertion and deletion algorithms are based on those in Cormen,
        -:   86:  // Leiserson, and Rivest, Introduction to Algorithms (MIT Press,
        -:   87:  // 1990), except that
        -:   88:  //
        -:   89:  // (1) the header cell is maintained with links not only to the root
        -:   90:  // but also to the leftmost node of the tree, to enable constant
        -:   91:  // time begin(), and to the rightmost node of the tree, to enable
        -:   92:  // linear time performance when used with the generic set algorithms
        -:   93:  // (set_union, etc.)
        -:   94:  //
        -:   95:  // (2) when a node being deleted has two children its successor node
        -:   96:  // is relinked into its place, rather than copied, so that the only
        -:   97:  // iterators invalidated are those referring to the deleted node.
        -:   98:
        -:   99:  enum _Rb_tree_color { _S_red = false, _S_black = true };
        -:  100:
        -:  101:  struct _Rb_tree_node_base
        -:  102:  {
        -:  103:    typedef _Rb_tree_node_base* _Base_ptr;
        -:  104:    typedef const _Rb_tree_node_base* _Const_Base_ptr;
        -:  105:
        -:  106:    _Rb_tree_color	_M_color;
        -:  107:    _Base_ptr		_M_parent;
        -:  108:    _Base_ptr		_M_left;
        -:  109:    _Base_ptr		_M_right;
        -:  110:
        -:  111:    static _Base_ptr
        -:  112:    _S_minimum(_Base_ptr __x) _GLIBCXX_NOEXCEPT
        -:  113:    {
        -:  114:      while (__x->_M_left != 0) __x = __x->_M_left;
        -:  115:      return __x;
        -:  116:    }
        -:  117:
        -:  118:    static _Const_Base_ptr
        -:  119:    _S_minimum(_Const_Base_ptr __x) _GLIBCXX_NOEXCEPT
        -:  120:    {
        -:  121:      while (__x->_M_left != 0) __x = __x->_M_left;
        -:  122:      return __x;
        -:  123:    }
        -:  124:
        -:  125:    static _Base_ptr
        -:  126:    _S_maximum(_Base_ptr __x) _GLIBCXX_NOEXCEPT
        -:  127:    {
        -:  128:      while (__x->_M_right != 0) __x = __x->_M_right;
        -:  129:      return __x;
        -:  130:    }
        -:  131:
        -:  132:    static _Const_Base_ptr
        -:  133:    _S_maximum(_Const_Base_ptr __x) _GLIBCXX_NOEXCEPT
        -:  134:    {
        -:  135:      while (__x->_M_right != 0) __x = __x->_M_right;
        -:  136:      return __x;
        -:  137:    }
        -:  138:  };
        -:  139:
        -:  140:  // Helper type offering value initialization guarantee on the compare functor.
        -:  141:  template<typename _Key_compare>
        -:  142:    struct _Rb_tree_key_compare
        -:  143:    {
        -:  144:      _Key_compare		_M_key_compare;
        -:  145:
function _ZNSt20_Rb_tree_key_compareISt4lessINSt7__cxx1112basic_stringIcSt11char_traitsIcESaIcEEEEEC2Ev called 2 returned 100% blocks executed 100%
        2:  146:      _Rb_tree_key_compare()
        -:  147:      _GLIBCXX_NOEXCEPT_IF(
        -:  148:	is_nothrow_default_constructible<_Key_compare>::value)
        -:  149:      : _M_key_compare()
        2:  150:      { }
        -:  151:
        -:  152:      _Rb_tree_key_compare(const _Key_compare& __comp)
        -:  153:      : _M_key_compare(__comp)
        -:  154:      { }
        -:  155:
        -:  156:#if __cplusplus >= 201103L
        -:  157:      // Copy constructor added for consistency with C++98 mode.
        -:  158:      _Rb_tree_key_compare(const _Rb_tree_key_compare&) = default;
        -:  159:
        -:  160:      _Rb_tree_key_compare(_Rb_tree_key_compare&& __x)
        -:  161:	noexcept(is_nothrow_copy_constructible<_Key_compare>::value)
        -:  162:      : _M_key_compare(__x._M_key_compare)
        -:  163:      { }
        -:  164:#endif
        -:  165:    };
        -:  166:
        -:  167:  // Helper type to manage default initialization of node count and header.
        -:  168:  struct _Rb_tree_header
        -:  169:  {
        -:  170:    _Rb_tree_node_base	_M_header;
        -:  171:    size_t		_M_node_count; // Keeps track of size of tree.
        -:  172:
function _ZNSt15_Rb_tree_headerC2Ev called 2 returned 100% blocks executed 100%
        2:  173:    _Rb_tree_header() _GLIBCXX_NOEXCEPT
        2:  174:    {
        2:  175:      _M_header._M_color = _S_red;
        2:  176:      _M_reset();
        2:  176-block  0
call    0 returned 2
        2:  177:    }
        -:  178:
        -:  179:#if __cplusplus >= 201103L
        -:  180:    _Rb_tree_header(_Rb_tree_header&& __x) noexcept
        -:  181:    {
        -:  182:      if (__x._M_header._M_parent != nullptr)
        -:  183:	_M_move_data(__x);
        -:  184:      else
        -:  185:	{
        -:  186:	  _M_header._M_color = _S_red;
        -:  187:	  _M_reset();
        -:  188:	}
        -:  189:    }
        -:  190:#endif
        -:  191:
        -:  192:    void
        -:  193:    _M_move_data(_Rb_tree_header& __from)
        -:  194:    {
        -:  195:      _M_header._M_color = __from._M_header._M_color;
        -:  196:      _M_header._M_parent = __from._M_header._M_parent;
        -:  197:      _M_header._M_left = __from._M_header._M_left;
        -:  198:      _M_header._M_right = __from._M_header._M_right;
        -:  199:      _M_header._M_parent->_M_parent = &_M_header;
        -:  200:      _M_node_count = __from._M_node_count;
        -:  201:
        -:  202:      __from._M_reset();
        -:  203:    }
        -:  204:
        -:  205:    void
function _ZNSt15_Rb_tree_header8_M_resetEv called 2 returned 100% blocks executed 100%
        2:  206:    _M_reset()
        -:  207:    {
        2:  208:      _M_header._M_parent = 0;
        2:  209:      _M_header._M_left = &_M_header;
        2:  210:      _M_header._M_right = &_M_header;
        2:  211:      _M_node_count = 0;
        2:  212:    }
        -:  213:  };
        -:  214:
        -:  215:  template<typename _Val>
        -:  216:    struct _Rb_tree_node : public _Rb_tree_node_base
        -:  217:    {
        -:  218:      typedef _Rb_tree_node<_Val>* _Link_type;
        -:  219:
        -:  220:#if __cplusplus < 201103L
        -:  221:      _Val _M_value_field;
        -:  222:
        -:  223:      _Val*
        -:  224:      _M_valptr()
        -:  225:      { return std::__addressof(_M_value_field); }
        -:  226:
        -:  227:      const _Val*
        -:  228:      _M_valptr() const
        -:  229:      { return std::__addressof(_M_value_field); }
        -:  230:#else
        -:  231:      __gnu_cxx::__aligned_membuf<_Val> _M_storage;
        -:  232:
        -:  233:      _Val*
    #####:  234:      _M_valptr()
    #####:  235:      { return _M_storage._M_ptr(); }
------------------
_ZNSt13_Rb_tree_nodeINSt7__cxx1112basic_stringIcSt11char_traitsIcESaIcEEEE9_M_valptrEv:
function _ZNSt13_Rb_tree_nodeINSt7__cxx1112basic_stringIcSt11char_traitsIcESaIcEEEE9_M_valptrEv called 0 returned 0% blocks executed 0%
    #####:  234:      _M_valptr()
    #####:  235:      { return _M_storage._M_ptr(); }
    %%%%%:  235-block  0
call    0 never executed
------------------
_ZNSt13_Rb_tree_nodeISt4pairIKNSt7__cxx1112basic_stringIcSt11char_traitsIcESaIcEEEmEE9_M_valptrEv:
function _ZNSt13_Rb_tree_nodeISt4pairIKNSt7__cxx1112basic_stringIcSt11char_traitsIcESaIcEEEmEE9_M_valptrEv called 0 returned 0% blocks executed 0%
    #####:  234:      _M_valptr()
    #####:  235:      { return _M_storage._M_ptr(); }
    %%%%%:  235-block  0
call    0 never executed
------------------
_ZNSt13_Rb_tree_nodeISt4pairIKNSt7__cxx1112basic_stringIcSt11char_traitsIcESaIcEEEN7testing8internal34TypeParameterizedTestSuiteRegistry30TypeParameterizedTestSuiteInfoEEE9_M_valptrEv:
function _ZNSt13_Rb_tree_nodeISt4pairIKNSt7__cxx1112basic_stringIcSt11char_traitsIcESaIcEEEN7testing8internal34TypeParameterizedTestSuiteRegistry30TypeParameterizedTestSuiteInfoEEE9_M_valptrEv called 0 returned 0% blocks executed 0%
    #####:  234:      _M_valptr()
    #####:  235:      { return _M_storage._M_ptr(); }
    %%%%%:  235-block  0
call    0 never executed
------------------
        -:  236:
        -:  237:      const _Val*
    #####:  238:      _M_valptr() const
    #####:  239:      { return _M_storage._M_ptr(); }
------------------
_ZNKSt13_Rb_tree_nodeISt4pairIKNSt7__cxx1112basic_stringIcSt11char_traitsIcESaIcEEEmEE9_M_valptrEv:
function _ZNKSt13_Rb_tree_nodeISt4pairIKNSt7__cxx1112basic_stringIcSt11char_traitsIcESaIcEEEmEE9_M_valptrEv called 0 returned 0% blocks executed 0%
    #####:  238:      _M_valptr() const
    #####:  239:      { return _M_storage._M_ptr(); }
    %%%%%:  239-block  0
call    0 never executed
------------------
_ZNKSt13_Rb_tree_nodeISt4pairIKNSt7__cxx1112basic_stringIcSt11char_traitsIcESaIcEEEN7testing8internal34TypeParameterizedTestSuiteRegistry30TypeParameterizedTestSuiteInfoEEE9_M_valptrEv:
function _ZNKSt13_Rb_tree_nodeISt4pairIKNSt7__cxx1112basic_stringIcSt11char_traitsIcESaIcEEEN7testing8internal34TypeParameterizedTestSuiteRegistry30TypeParameterizedTestSuiteInfoEEE9_M_valptrEv called 0 returned 0% blocks executed 0%
    #####:  238:      _M_valptr() const
    #####:  239:      { return _M_storage._M_ptr(); }
    %%%%%:  239-block  0
call    0 never executed
------------------
_ZNKSt13_Rb_tree_nodeINSt7__cxx1112basic_stringIcSt11char_traitsIcESaIcEEEE9_M_valptrEv:
function _ZNKSt13_Rb_tree_nodeINSt7__cxx1112basic_stringIcSt11char_traitsIcESaIcEEEE9_M_valptrEv called 0 returned 0% blocks executed 0%
    #####:  238:      _M_valptr() const
    #####:  239:      { return _M_storage._M_ptr(); }
    %%%%%:  239-block  0
call    0 never executed
------------------
_ZNKSt13_Rb_tree_nodeISt4pairIKNSt7__cxx1112basic_stringIcSt11char_traitsIcESaIcEEEN7testing8internal12CodeLocationEEE9_M_valptrEv:
function _ZNKSt13_Rb_tree_nodeISt4pairIKNSt7__cxx1112basic_stringIcSt11char_traitsIcESaIcEEEN7testing8internal12CodeLocationEEE9_M_valptrEv called 0 returned 0% blocks executed 0%
    #####:  238:      _M_valptr() const
    #####:  239:      { return _M_storage._M_ptr(); }
    %%%%%:  239-block  0
call    0 never executed
------------------
        -:  240:#endif
        -:  241:    };
        -:  242:
        -:  243:  _GLIBCXX_PURE _Rb_tree_node_base*
        -:  244:  _Rb_tree_increment(_Rb_tree_node_base* __x) throw ();
        -:  245:
        -:  246:  _GLIBCXX_PURE const _Rb_tree_node_base*
        -:  247:  _Rb_tree_increment(const _Rb_tree_node_base* __x) throw ();
        -:  248:
        -:  249:  _GLIBCXX_PURE _Rb_tree_node_base*
        -:  250:  _Rb_tree_decrement(_Rb_tree_node_base* __x) throw ();
        -:  251:
        -:  252:  _GLIBCXX_PURE const _Rb_tree_node_base*
        -:  253:  _Rb_tree_decrement(const _Rb_tree_node_base* __x) throw ();
        -:  254:
        -:  255:  template<typename _Tp>
        -:  256:    struct _Rb_tree_iterator
        -:  257:    {
        -:  258:      typedef _Tp  value_type;
        -:  259:      typedef _Tp& reference;
        -:  260:      typedef _Tp* pointer;
        -:  261:
        -:  262:      typedef bidirectional_iterator_tag iterator_category;
        -:  263:      typedef ptrdiff_t			 difference_type;
        -:  264:
        -:  265:      typedef _Rb_tree_iterator<_Tp>		_Self;
        -:  266:      typedef _Rb_tree_node_base::_Base_ptr	_Base_ptr;
        -:  267:      typedef _Rb_tree_node<_Tp>*		_Link_type;
        -:  268:
        -:  269:      _Rb_tree_iterator() _GLIBCXX_NOEXCEPT
        -:  270:      : _M_node() { }
        -:  271:
        -:  272:      explicit
       2*:  273:      _Rb_tree_iterator(_Base_ptr __x) _GLIBCXX_NOEXCEPT
       2*:  274:      : _M_node(__x) { }
------------------
_ZNSt17_Rb_tree_iteratorISt4pairIKNSt7__cxx1112basic_stringIcSt11char_traitsIcESaIcEEEmEEC1EPSt18_Rb_tree_node_base:
function _ZNSt17_Rb_tree_iteratorISt4pairIKNSt7__cxx1112basic_stringIcSt11char_traitsIcESaIcEEEmEEC1EPSt18_Rb_tree_node_base called 0 returned 0% blocks executed 0%
    #####:  273:      _Rb_tree_iterator(_Base_ptr __x) _GLIBCXX_NOEXCEPT
    #####:  274:      : _M_node(__x) { }
------------------
_ZNSt17_Rb_tree_iteratorISt4pairIKNSt7__cxx1112basic_stringIcSt11char_traitsIcESaIcEEEN7testing8internal34TypeParameterizedTestSuiteRegistry30TypeParameterizedTestSuiteInfoEEEC1EPSt18_Rb_tree_node_base:
function _ZNSt17_Rb_tree_iteratorISt4pairIKNSt7__cxx1112basic_stringIcSt11char_traitsIcESaIcEEEN7testing8internal34TypeParameterizedTestSuiteRegistry30TypeParameterizedTestSuiteInfoEEEC1EPSt18_Rb_tree_node_base called 2 returned 100% blocks executed 100%
        2:  273:      _Rb_tree_iterator(_Base_ptr __x) _GLIBCXX_NOEXCEPT
        2:  274:      : _M_node(__x) { }
------------------
_ZNSt17_Rb_tree_iteratorINSt7__cxx1112basic_stringIcSt11char_traitsIcESaIcEEEEC1EPSt18_Rb_tree_node_base:
function _ZNSt17_Rb_tree_iteratorINSt7__cxx1112basic_stringIcSt11char_traitsIcESaIcEEEEC1EPSt18_Rb_tree_node_base called 0 returned 0% blocks executed 0%
    #####:  273:      _Rb_tree_iterator(_Base_ptr __x) _GLIBCXX_NOEXCEPT
    #####:  274:      : _M_node(__x) { }
------------------
_ZNSt17_Rb_tree_iteratorISt4pairIKNSt7__cxx1112basic_stringIcSt11char_traitsIcESaIcEEEN7testing8internal12CodeLocationEEEC1EPSt18_Rb_tree_node_base:
function _ZNSt17_Rb_tree_iteratorISt4pairIKNSt7__cxx1112basic_stringIcSt11char_traitsIcESaIcEEEN7testing8internal12CodeLocationEEEC1EPSt18_Rb_tree_node_base called 0 returned 0% blocks executed 0%
    #####:  273:      _Rb_tree_iterator(_Base_ptr __x) _GLIBCXX_NOEXCEPT
    #####:  274:      : _M_node(__x) { }
------------------
        -:  275:
        -:  276:      reference
    #####:  277:      operator*() const _GLIBCXX_NOEXCEPT
    #####:  278:      { return *static_cast<_Link_type>(_M_node)->_M_valptr(); }
------------------
_ZNKSt17_Rb_tree_iteratorISt4pairIKNSt7__cxx1112basic_stringIcSt11char_traitsIcESaIcEEEmEEdeEv:
function _ZNKSt17_Rb_tree_iteratorISt4pairIKNSt7__cxx1112basic_stringIcSt11char_traitsIcESaIcEEEmEEdeEv called 0 returned 0% blocks executed 0%
    #####:  277:      operator*() const _GLIBCXX_NOEXCEPT
    #####:  278:      { return *static_cast<_Link_type>(_M_node)->_M_valptr(); }
    %%%%%:  278-block  0
call    0 never executed
------------------
_ZNKSt17_Rb_tree_iteratorISt4pairIKNSt7__cxx1112basic_stringIcSt11char_traitsIcESaIcEEEN7testing8internal34TypeParameterizedTestSuiteRegistry30TypeParameterizedTestSuiteInfoEEEdeEv:
function _ZNKSt17_Rb_tree_iteratorISt4pairIKNSt7__cxx1112basic_stringIcSt11char_traitsIcESaIcEEEN7testing8internal34TypeParameterizedTestSuiteRegistry30TypeParameterizedTestSuiteInfoEEEdeEv called 0 returned 0% blocks executed 0%
    #####:  277:      operator*() const _GLIBCXX_NOEXCEPT
    #####:  278:      { return *static_cast<_Link_type>(_M_node)->_M_valptr(); }
    %%%%%:  278-block  0
call    0 never executed
------------------
        -:  279:
        -:  280:      pointer
    #####:  281:      operator->() const _GLIBCXX_NOEXCEPT
    #####:  282:      { return static_cast<_Link_type> (_M_node)->_M_valptr(); }
------------------
_ZNKSt17_Rb_tree_iteratorISt4pairIKNSt7__cxx1112basic_stringIcSt11char_traitsIcESaIcEEEmEEptEv:
function _ZNKSt17_Rb_tree_iteratorISt4pairIKNSt7__cxx1112basic_stringIcSt11char_traitsIcESaIcEEEmEEptEv called 0 returned 0% blocks executed 0%
    #####:  281:      operator->() const _GLIBCXX_NOEXCEPT
    #####:  282:      { return static_cast<_Link_type> (_M_node)->_M_valptr(); }
    %%%%%:  282-block  0
call    0 never executed
------------------
_ZNKSt17_Rb_tree_iteratorISt4pairIKNSt7__cxx1112basic_stringIcSt11char_traitsIcESaIcEEEN7testing8internal34TypeParameterizedTestSuiteRegistry30TypeParameterizedTestSuiteInfoEEEptEv:
function _ZNKSt17_Rb_tree_iteratorISt4pairIKNSt7__cxx1112basic_stringIcSt11char_traitsIcESaIcEEEN7testing8internal34TypeParameterizedTestSuiteRegistry30TypeParameterizedTestSuiteInfoEEEptEv called 0 returned 0% blocks executed 0%
    #####:  281:      operator->() const _GLIBCXX_NOEXCEPT
    #####:  282:      { return static_cast<_Link_type> (_M_node)->_M_valptr(); }
    %%%%%:  282-block  0
call    0 never executed
------------------
        -:  283:
        -:  284:      _Self&
    #####:  285:      operator++() _GLIBCXX_NOEXCEPT
        -:  286:      {
    #####:  287:	_M_node = _Rb_tree_increment(_M_node);
    #####:  288:	return *this;
        -:  289:      }
------------------
_ZNSt17_Rb_tree_iteratorISt4pairIKNSt7__cxx1112basic_stringIcSt11char_traitsIcESaIcEEEmEEppEv:
function _ZNSt17_Rb_tree_iteratorISt4pairIKNSt7__cxx1112basic_stringIcSt11char_traitsIcESaIcEEEmEEppEv called 0 returned 0% blocks executed 0%
    #####:  285:      operator++() _GLIBCXX_NOEXCEPT
        -:  286:      {
    #####:  287:	_M_node = _Rb_tree_increment(_M_node);
    #####:  288:	return *this;
    %%%%%:  288-block  0
        -:  289:      }
------------------
_ZNSt17_Rb_tree_iteratorISt4pairIKNSt7__cxx1112basic_stringIcSt11char_traitsIcESaIcEEEN7testing8internal34TypeParameterizedTestSuiteRegistry30TypeParameterizedTestSuiteInfoEEEppEv:
function _ZNSt17_Rb_tree_iteratorISt4pairIKNSt7__cxx1112basic_stringIcSt11char_traitsIcESaIcEEEN7testing8internal34TypeParameterizedTestSuiteRegistry30TypeParameterizedTestSuiteInfoEEEppEv called 0 returned 0% blocks executed 0%
    #####:  285:      operator++() _GLIBCXX_NOEXCEPT
        -:  286:      {
    #####:  287:	_M_node = _Rb_tree_increment(_M_node);
    #####:  288:	return *this;
    %%%%%:  288-block  0
        -:  289:      }
------------------
        -:  290:
        -:  291:      _Self
        -:  292:      operator++(int) _GLIBCXX_NOEXCEPT
        -:  293:      {
        -:  294:	_Self __tmp = *this;
        -:  295:	_M_node = _Rb_tree_increment(_M_node);
        -:  296:	return __tmp;
        -:  297:      }
        -:  298:
        -:  299:      _Self&
    #####:  300:      operator--() _GLIBCXX_NOEXCEPT
        -:  301:      {
    #####:  302:	_M_node = _Rb_tree_decrement(_M_node);
    #####:  303:	return *this;
        -:  304:      }
------------------
_ZNSt17_Rb_tree_iteratorISt4pairIKNSt7__cxx1112basic_stringIcSt11char_traitsIcESaIcEEEmEEmmEv:
function _ZNSt17_Rb_tree_iteratorISt4pairIKNSt7__cxx1112basic_stringIcSt11char_traitsIcESaIcEEEmEEmmEv called 0 returned 0% blocks executed 0%
    #####:  300:      operator--() _GLIBCXX_NOEXCEPT
        -:  301:      {
    #####:  302:	_M_node = _Rb_tree_decrement(_M_node);
    #####:  303:	return *this;
    %%%%%:  303-block  0
        -:  304:      }
------------------
_ZNSt17_Rb_tree_iteratorISt4pairIKNSt7__cxx1112basic_stringIcSt11char_traitsIcESaIcEEEN7testing8internal34TypeParameterizedTestSuiteRegistry30TypeParameterizedTestSuiteInfoEEEmmEv:
function _ZNSt17_Rb_tree_iteratorISt4pairIKNSt7__cxx1112basic_stringIcSt11char_traitsIcESaIcEEEN7testing8internal34TypeParameterizedTestSuiteRegistry30TypeParameterizedTestSuiteInfoEEEmmEv called 0 returned 0% blocks executed 0%
    #####:  300:      operator--() _GLIBCXX_NOEXCEPT
        -:  301:      {
    #####:  302:	_M_node = _Rb_tree_decrement(_M_node);
    #####:  303:	return *this;
    %%%%%:  303-block  0
        -:  304:      }
------------------
_ZNSt17_Rb_tree_iteratorINSt7__cxx1112basic_stringIcSt11char_traitsIcESaIcEEEEmmEv:
function _ZNSt17_Rb_tree_iteratorINSt7__cxx1112basic_stringIcSt11char_traitsIcESaIcEEEEmmEv called 0 returned 0% blocks executed 0%
    #####:  300:      operator--() _GLIBCXX_NOEXCEPT
        -:  301:      {
    #####:  302:	_M_node = _Rb_tree_decrement(_M_node);
    #####:  303:	return *this;
    %%%%%:  303-block  0
        -:  304:      }
------------------
        -:  305:
        -:  306:      _Self
        -:  307:      operator--(int) _GLIBCXX_NOEXCEPT
        -:  308:      {
        -:  309:	_Self __tmp = *this;
        -:  310:	_M_node = _Rb_tree_decrement(_M_node);
        -:  311:	return __tmp;
        -:  312:      }
        -:  313:
        -:  314:      friend bool
       1*:  315:      operator==(const _Self& __x, const _Self& __y) _GLIBCXX_NOEXCEPT
       1*:  316:      { return __x._M_node == __y._M_node; }
------------------
_ZSteqRKSt17_Rb_tree_iteratorINSt7__cxx1112basic_stringIcSt11char_traitsIcESaIcEEEES8_:
function _ZSteqRKSt17_Rb_tree_iteratorINSt7__cxx1112basic_stringIcSt11char_traitsIcESaIcEEEES8_ called 0 returned 0% blocks executed 0%
    #####:  315:      operator==(const _Self& __x, const _Self& __y) _GLIBCXX_NOEXCEPT
    #####:  316:      { return __x._M_node == __y._M_node; }
    %%%%%:  316-block  0
------------------
_ZSteqRKSt17_Rb_tree_iteratorISt4pairIKNSt7__cxx1112basic_stringIcSt11char_traitsIcESaIcEEEmEESB_:
function _ZSteqRKSt17_Rb_tree_iteratorISt4pairIKNSt7__cxx1112basic_stringIcSt11char_traitsIcESaIcEEEmEESB_ called 0 returned 0% blocks executed 0%
    #####:  315:      operator==(const _Self& __x, const _Self& __y) _GLIBCXX_NOEXCEPT
    #####:  316:      { return __x._M_node == __y._M_node; }
    %%%%%:  316-block  0
------------------
_ZSteqRKSt17_Rb_tree_iteratorISt4pairIKNSt7__cxx1112basic_stringIcSt11char_traitsIcESaIcEEEN7testing8internal34TypeParameterizedTestSuiteRegistry30TypeParameterizedTestSuiteInfoEEESF_:
function _ZSteqRKSt17_Rb_tree_iteratorISt4pairIKNSt7__cxx1112basic_stringIcSt11char_traitsIcESaIcEEEN7testing8internal34TypeParameterizedTestSuiteRegistry30TypeParameterizedTestSuiteInfoEEESF_ called 1 returned 100% blocks executed 100%
        1:  315:      operator==(const _Self& __x, const _Self& __y) _GLIBCXX_NOEXCEPT
        1:  316:      { return __x._M_node == __y._M_node; }
        1:  316-block  0
------------------
        -:  317:
        -:  318:#if ! __cpp_lib_three_way_comparison
        -:  319:      friend bool
        -:  320:      operator!=(const _Self& __x, const _Self& __y) _GLIBCXX_NOEXCEPT
        -:  321:      { return __x._M_node != __y._M_node; }
        -:  322:#endif
        -:  323:
        -:  324:      _Base_ptr _M_node;
        -:  325:    };
        -:  326:
        -:  327:  template<typename _Tp>
        -:  328:    struct _Rb_tree_const_iterator
        -:  329:    {
        -:  330:      typedef _Tp	 value_type;
        -:  331:      typedef const _Tp& reference;
        -:  332:      typedef const _Tp* pointer;
        -:  333:
        -:  334:      typedef _Rb_tree_iterator<_Tp> iterator;
        -:  335:
        -:  336:      typedef bidirectional_iterator_tag iterator_category;
        -:  337:      typedef ptrdiff_t			 difference_type;
        -:  338:
        -:  339:      typedef _Rb_tree_const_iterator<_Tp>		_Self;
        -:  340:      typedef _Rb_tree_node_base::_Const_Base_ptr	_Base_ptr;
        -:  341:      typedef const _Rb_tree_node<_Tp>*			_Link_type;
        -:  342:
        -:  343:      _Rb_tree_const_iterator() _GLIBCXX_NOEXCEPT
        -:  344:      : _M_node() { }
        -:  345:
        -:  346:      explicit
    #####:  347:      _Rb_tree_const_iterator(_Base_ptr __x) _GLIBCXX_NOEXCEPT
    #####:  348:      : _M_node(__x) { }
------------------
_ZNSt23_Rb_tree_const_iteratorINSt7__cxx1112basic_stringIcSt11char_traitsIcESaIcEEEEC1EPKSt18_Rb_tree_node_base:
function _ZNSt23_Rb_tree_const_iteratorINSt7__cxx1112basic_stringIcSt11char_traitsIcESaIcEEEEC1EPKSt18_Rb_tree_node_base called 0 returned 0% blocks executed 0%
    #####:  347:      _Rb_tree_const_iterator(_Base_ptr __x) _GLIBCXX_NOEXCEPT
    #####:  348:      : _M_node(__x) { }
------------------
_ZNSt23_Rb_tree_const_iteratorISt4pairIKNSt7__cxx1112basic_stringIcSt11char_traitsIcESaIcEEEN7testing8internal12CodeLocationEEEC1EPKSt18_Rb_tree_node_base:
function _ZNSt23_Rb_tree_const_iteratorISt4pairIKNSt7__cxx1112basic_stringIcSt11char_traitsIcESaIcEEEN7testing8internal12CodeLocationEEEC1EPKSt18_Rb_tree_node_base called 0 returned 0% blocks executed 0%
    #####:  347:      _Rb_tree_const_iterator(_Base_ptr __x) _GLIBCXX_NOEXCEPT
    #####:  348:      : _M_node(__x) { }
------------------
        -:  349:
    #####:  350:      _Rb_tree_const_iterator(const iterator& __it) _GLIBCXX_NOEXCEPT
    #####:  351:      : _M_node(__it._M_node) { }
------------------
_ZNSt23_Rb_tree_const_iteratorINSt7__cxx1112basic_stringIcSt11char_traitsIcESaIcEEEEC1ERKSt17_Rb_tree_iteratorIS5_E:
function _ZNSt23_Rb_tree_const_iteratorINSt7__cxx1112basic_stringIcSt11char_traitsIcESaIcEEEEC1ERKSt17_Rb_tree_iteratorIS5_E called 0 returned 0% blocks executed 0%
    #####:  350:      _Rb_tree_const_iterator(const iterator& __it) _GLIBCXX_NOEXCEPT
    #####:  351:      : _M_node(__it._M_node) { }
------------------
_ZNSt23_Rb_tree_const_iteratorISt4pairIKNSt7__cxx1112basic_stringIcSt11char_traitsIcESaIcEEEmEEC1ERKSt17_Rb_tree_iteratorIS8_E:
function _ZNSt23_Rb_tree_const_iteratorISt4pairIKNSt7__cxx1112basic_stringIcSt11char_traitsIcESaIcEEEmEEC1ERKSt17_Rb_tree_iteratorIS8_E called 0 returned 0% blocks executed 0%
    #####:  350:      _Rb_tree_const_iterator(const iterator& __it) _GLIBCXX_NOEXCEPT
    #####:  351:      : _M_node(__it._M_node) { }
------------------
_ZNSt23_Rb_tree_const_iteratorISt4pairIKNSt7__cxx1112basic_stringIcSt11char_traitsIcESaIcEEEN7testing8internal34TypeParameterizedTestSuiteRegistry30TypeParameterizedTestSuiteInfoEEEC1ERKSt17_Rb_tree_iteratorISC_E:
function _ZNSt23_Rb_tree_const_iteratorISt4pairIKNSt7__cxx1112basic_stringIcSt11char_traitsIcESaIcEEEN7testing8internal34TypeParameterizedTestSuiteRegistry30TypeParameterizedTestSuiteInfoEEEC1ERKSt17_Rb_tree_iteratorISC_E called 0 returned 0% blocks executed 0%
    #####:  350:      _Rb_tree_const_iterator(const iterator& __it) _GLIBCXX_NOEXCEPT
    #####:  351:      : _M_node(__it._M_node) { }
------------------
_ZNSt23_Rb_tree_const_iteratorISt4pairIKNSt7__cxx1112basic_stringIcSt11char_traitsIcESaIcEEEN7testing8internal12CodeLocationEEEC1ERKSt17_Rb_tree_iteratorISB_E:
function _ZNSt23_Rb_tree_const_iteratorISt4pairIKNSt7__cxx1112basic_stringIcSt11char_traitsIcESaIcEEEN7testing8internal12CodeLocationEEEC1ERKSt17_Rb_tree_iteratorISB_E called 0 returned 0% blocks executed 0%
    #####:  350:      _Rb_tree_const_iterator(const iterator& __it) _GLIBCXX_NOEXCEPT
    #####:  351:      : _M_node(__it._M_node) { }
------------------
        -:  352:
        -:  353:      iterator
    #####:  354:      _M_const_cast() const _GLIBCXX_NOEXCEPT
    #####:  355:      { return iterator(const_cast<typename iterator::_Base_ptr>(_M_node)); }
------------------
_ZNKSt23_Rb_tree_const_iteratorISt4pairIKNSt7__cxx1112basic_stringIcSt11char_traitsIcESaIcEEEN7testing8internal34TypeParameterizedTestSuiteRegistry30TypeParameterizedTestSuiteInfoEEE13_M_const_castEv:
function _ZNKSt23_Rb_tree_const_iteratorISt4pairIKNSt7__cxx1112basic_stringIcSt11char_traitsIcESaIcEEEN7testing8internal34TypeParameterizedTestSuiteRegistry30TypeParameterizedTestSuiteInfoEEE13_M_const_castEv called 0 returned 0% blocks executed 0%
    #####:  354:      _M_const_cast() const _GLIBCXX_NOEXCEPT
    #####:  355:      { return iterator(const_cast<typename iterator::_Base_ptr>(_M_node)); }
    %%%%%:  355-block  0
call    0 never executed
------------------
_ZNKSt23_Rb_tree_const_iteratorISt4pairIKNSt7__cxx1112basic_stringIcSt11char_traitsIcESaIcEEEmEE13_M_const_castEv:
function _ZNKSt23_Rb_tree_const_iteratorISt4pairIKNSt7__cxx1112basic_stringIcSt11char_traitsIcESaIcEEEmEE13_M_const_castEv called 0 returned 0% blocks executed 0%
    #####:  354:      _M_const_cast() const _GLIBCXX_NOEXCEPT
    #####:  355:      { return iterator(const_cast<typename iterator::_Base_ptr>(_M_node)); }
    %%%%%:  355-block  0
call    0 never executed
------------------
        -:  356:
        -:  357:      reference
        -:  358:      operator*() const _GLIBCXX_NOEXCEPT
        -:  359:      { return *static_cast<_Link_type>(_M_node)->_M_valptr(); }
        -:  360:
        -:  361:      pointer
function _ZNKSt23_Rb_tree_const_iteratorISt4pairIKNSt7__cxx1112basic_stringIcSt11char_traitsIcESaIcEEEN7testing8internal12CodeLocationEEEptEv called 0 returned 0% blocks executed 0%
    #####:  362:      operator->() const _GLIBCXX_NOEXCEPT
    #####:  363:      { return static_cast<_Link_type>(_M_node)->_M_valptr(); }
    %%%%%:  363-block  0
call    0 never executed
        -:  364:
        -:  365:      _Self&
function _ZNSt23_Rb_tree_const_iteratorISt4pairIKNSt7__cxx1112basic_stringIcSt11char_traitsIcESaIcEEEN7testing8internal12CodeLocationEEEppEv called 0 returned 0% blocks executed 0%
    #####:  366:      operator++() _GLIBCXX_NOEXCEPT
        -:  367:      {
    #####:  368:	_M_node = _Rb_tree_increment(_M_node);
    #####:  369:	return *this;
    %%%%%:  369-block  0
        -:  370:      }
        -:  371:
        -:  372:      _Self
        -:  373:      operator++(int) _GLIBCXX_NOEXCEPT
        -:  374:      {
        -:  375:	_Self __tmp = *this;
        -:  376:	_M_node = _Rb_tree_increment(_M_node);
        -:  377:	return __tmp;
        -:  378:      }
        -:  379:
        -:  380:      _Self&
        -:  381:      operator--() _GLIBCXX_NOEXCEPT
        -:  382:      {
        -:  383:	_M_node = _Rb_tree_decrement(_M_node);
        -:  384:	return *this;
        -:  385:      }
        -:  386:
        -:  387:      _Self
        -:  388:      operator--(int) _GLIBCXX_NOEXCEPT
        -:  389:      {
        -:  390:	_Self __tmp = *this;
        -:  391:	_M_node = _Rb_tree_decrement(_M_node);
        -:  392:	return __tmp;
        -:  393:      }
        -:  394:
        -:  395:      friend bool
    #####:  396:      operator==(const _Self& __x, const _Self& __y) _GLIBCXX_NOEXCEPT
    #####:  397:      { return __x._M_node == __y._M_node; }
------------------
_ZSteqRKSt23_Rb_tree_const_iteratorINSt7__cxx1112basic_stringIcSt11char_traitsIcESaIcEEEES8_:
function _ZSteqRKSt23_Rb_tree_const_iteratorINSt7__cxx1112basic_stringIcSt11char_traitsIcESaIcEEEES8_ called 0 returned 0% blocks executed 0%
    #####:  396:      operator==(const _Self& __x, const _Self& __y) _GLIBCXX_NOEXCEPT
    #####:  397:      { return __x._M_node == __y._M_node; }
    %%%%%:  397-block  0
------------------
_ZSteqRKSt23_Rb_tree_const_iteratorISt4pairIKNSt7__cxx1112basic_stringIcSt11char_traitsIcESaIcEEEN7testing8internal12CodeLocationEEESE_:
function _ZSteqRKSt23_Rb_tree_const_iteratorISt4pairIKNSt7__cxx1112basic_stringIcSt11char_traitsIcESaIcEEEN7testing8internal12CodeLocationEEESE_ called 0 returned 0% blocks executed 0%
    #####:  396:      operator==(const _Self& __x, const _Self& __y) _GLIBCXX_NOEXCEPT
    #####:  397:      { return __x._M_node == __y._M_node; }
    %%%%%:  397-block  0
------------------
        -:  398:
        -:  399:#if ! __cpp_lib_three_way_comparison
        -:  400:      friend bool
        -:  401:      operator!=(const _Self& __x, const _Self& __y) _GLIBCXX_NOEXCEPT
        -:  402:      { return __x._M_node != __y._M_node; }
        -:  403:#endif
        -:  404:
        -:  405:      _Base_ptr _M_node;
        -:  406:    };
        -:  407:
        -:  408:  __attribute__((__nonnull__))
        -:  409:  void
        -:  410:  _Rb_tree_insert_and_rebalance(const bool __insert_left,
        -:  411:				_Rb_tree_node_base* __x,
        -:  412:				_Rb_tree_node_base* __p,
        -:  413:				_Rb_tree_node_base& __header) throw ();
        -:  414:
        -:  415:  __attribute__((__nonnull__,__returns_nonnull__))
        -:  416:  _Rb_tree_node_base*
        -:  417:  _Rb_tree_rebalance_for_erase(_Rb_tree_node_base* const __z,
        -:  418:			       _Rb_tree_node_base& __header) throw ();
        -:  419:
        -:  420:#if __cplusplus > 201402L
        -:  421:  template<typename _Tree1, typename _Cmp2>
        -:  422:    struct _Rb_tree_merge_helper { };
        -:  423:#endif
        -:  424:
        -:  425:  template<typename _Key, typename _Val, typename _KeyOfValue,
        -:  426:	   typename _Compare, typename _Alloc = allocator<_Val> >
        -:  427:    class _Rb_tree
        -:  428:    {
        -:  429:      typedef typename __gnu_cxx::__alloc_traits<_Alloc>::template
        -:  430:	rebind<_Rb_tree_node<_Val> >::other _Node_allocator;
        -:  431:
        -:  432:      typedef __gnu_cxx::__alloc_traits<_Node_allocator> _Alloc_traits;
        -:  433:
        -:  434:    protected:
        -:  435:      typedef _Rb_tree_node_base* 		_Base_ptr;
        -:  436:      typedef const _Rb_tree_node_base* 	_Const_Base_ptr;
        -:  437:      typedef _Rb_tree_node<_Val>* 		_Link_type;
        -:  438:      typedef const _Rb_tree_node<_Val>*	_Const_Link_type;
        -:  439:
        -:  440:    private:
        -:  441:      // Functor recycling a pool of nodes and using allocation once the pool
        -:  442:      // is empty.
        -:  443:      struct _Reuse_or_alloc_node
        -:  444:      {
        -:  445:	_Reuse_or_alloc_node(_Rb_tree& __t)
        -:  446:	: _M_root(__t._M_root()), _M_nodes(__t._M_rightmost()), _M_t(__t)
        -:  447:	{
        -:  448:	  if (_M_root)
        -:  449:	    {
        -:  450:	      _M_root->_M_parent = 0;
        -:  451:
        -:  452:	      if (_M_nodes->_M_left)
        -:  453:		_M_nodes = _M_nodes->_M_left;
        -:  454:	    }
        -:  455:	  else
        -:  456:	    _M_nodes = 0;
        -:  457:	}
        -:  458:
        -:  459:#if __cplusplus >= 201103L
        -:  460:	_Reuse_or_alloc_node(const _Reuse_or_alloc_node&) = delete;
        -:  461:#endif
        -:  462:
        -:  463:	~_Reuse_or_alloc_node()
        -:  464:	{ _M_t._M_erase(static_cast<_Link_type>(_M_root)); }
        -:  465:
        -:  466:	template<typename _Arg>
        -:  467:	  _Link_type
        -:  468:	  operator()(_GLIBCXX_FWDREF(_Arg) __arg)
        -:  469:	  {
        -:  470:	    _Link_type __node = static_cast<_Link_type>(_M_extract());
        -:  471:	    if (__node)
        -:  472:	      {
        -:  473:		_M_t._M_destroy_node(__node);
        -:  474:		_M_t._M_construct_node(__node, _GLIBCXX_FORWARD(_Arg, __arg));
        -:  475:		return __node;
        -:  476:	      }
        -:  477:
        -:  478:	    return _M_t._M_create_node(_GLIBCXX_FORWARD(_Arg, __arg));
        -:  479:	  }
        -:  480:
        -:  481:      private:
        -:  482:	_Base_ptr
        -:  483:	_M_extract()
        -:  484:	{
        -:  485:	  if (!_M_nodes)
        -:  486:	    return _M_nodes;
        -:  487:
        -:  488:	  _Base_ptr __node = _M_nodes;
        -:  489:	  _M_nodes = _M_nodes->_M_parent;
        -:  490:	  if (_M_nodes)
        -:  491:	    {
        -:  492:	      if (_M_nodes->_M_right == __node)
        -:  493:		{
        -:  494:		  _M_nodes->_M_right = 0;
        -:  495:
        -:  496:		  if (_M_nodes->_M_left)
        -:  497:		    {
        -:  498:		      _M_nodes = _M_nodes->_M_left;
        -:  499:
        -:  500:		      while (_M_nodes->_M_right)
        -:  501:			_M_nodes = _M_nodes->_M_right;
        -:  502:
        -:  503:		      if (_M_nodes->_M_left)
        -:  504:			_M_nodes = _M_nodes->_M_left;
        -:  505:		    }
        -:  506:		}
        -:  507:	      else // __node is on the left.
        -:  508:		_M_nodes->_M_left = 0;
        -:  509:	    }
        -:  510:	  else
        -:  511:	    _M_root = 0;
        -:  512:
        -:  513:	  return __node;
        -:  514:	}
        -:  515:
        -:  516:	_Base_ptr _M_root;
        -:  517:	_Base_ptr _M_nodes;
        -:  518:	_Rb_tree& _M_t;
        -:  519:      };
        -:  520:
        -:  521:      // Functor similar to the previous one but without any pool of nodes to
        -:  522:      // recycle.
        -:  523:      struct _Alloc_node
        -:  524:      {
function _ZNSt8_Rb_treeINSt7__cxx1112basic_stringIcSt11char_traitsIcESaIcEEES5_St9_IdentityIS5_ESt4lessIS5_ESaIS5_EE11_Alloc_nodeC1ERSB_ called 0 returned 0% blocks executed 0%
    #####:  525:	_Alloc_node(_Rb_tree& __t)
    #####:  526:	: _M_t(__t) { }
        -:  527:
        -:  528:	template<typename _Arg>
        -:  529:	  _Link_type
    #####:  530:	  operator()(_GLIBCXX_FWDREF(_Arg) __arg) const
    #####:  531:	  { return _M_t._M_create_node(_GLIBCXX_FORWARD(_Arg, __arg)); }
------------------
_ZNKSt8_Rb_treeINSt7__cxx1112basic_stringIcSt11char_traitsIcESaIcEEES5_St9_IdentityIS5_ESt4lessIS5_ESaIS5_EE11_Alloc_nodeclIS5_EEPSt13_Rb_tree_nodeIS5_EOT_:
function _ZNKSt8_Rb_treeINSt7__cxx1112basic_stringIcSt11char_traitsIcESaIcEEES5_St9_IdentityIS5_ESt4lessIS5_ESaIS5_EE11_Alloc_nodeclIS5_EEPSt13_Rb_tree_nodeIS5_EOT_ called 0 returned 0% blocks executed 0%
    #####:  530:	  operator()(_GLIBCXX_FWDREF(_Arg) __arg) const
    #####:  531:	  { return _M_t._M_create_node(_GLIBCXX_FORWARD(_Arg, __arg)); }
    %%%%%:  531-block  0
call    0 never executed
call    1 never executed
------------------
_ZNKSt8_Rb_treeINSt7__cxx1112basic_stringIcSt11char_traitsIcESaIcEEES5_St9_IdentityIS5_ESt4lessIS5_ESaIS5_EE11_Alloc_nodeclIRKS5_EEPSt13_Rb_tree_nodeIS5_EOT_:
function _ZNKSt8_Rb_treeINSt7__cxx1112basic_stringIcSt11char_traitsIcESaIcEEES5_St9_IdentityIS5_ESt4lessIS5_ESaIS5_EE11_Alloc_nodeclIRKS5_EEPSt13_Rb_tree_nodeIS5_EOT_ called 0 returned 0% blocks executed 0%
    #####:  530:	  operator()(_GLIBCXX_FWDREF(_Arg) __arg) const
    #####:  531:	  { return _M_t._M_create_node(_GLIBCXX_FORWARD(_Arg, __arg)); }
    %%%%%:  531-block  0
call    0 never executed
call    1 never executed
------------------
        -:  532:
        -:  533:      private:
        -:  534:	_Rb_tree& _M_t;
        -:  535:      };
        -:  536:
        -:  537:    public:
        -:  538:      typedef _Key 				key_type;
        -:  539:      typedef _Val 				value_type;
        -:  540:      typedef value_type* 			pointer;
        -:  541:      typedef const value_type* 		const_pointer;
        -:  542:      typedef value_type& 			reference;
        -:  543:      typedef const value_type& 		const_reference;
        -:  544:      typedef size_t 				size_type;
        -:  545:      typedef ptrdiff_t 			difference_type;
        -:  546:      typedef _Alloc 				allocator_type;
        -:  547:
        -:  548:      _Node_allocator&
    #####:  549:      _M_get_Node_allocator() _GLIBCXX_NOEXCEPT
    #####:  550:      { return this->_M_impl; }
------------------
_ZNSt8_Rb_treeINSt7__cxx1112basic_stringIcSt11char_traitsIcESaIcEEESt4pairIKS5_N7testing8internal34TypeParameterizedTestSuiteRegistry30TypeParameterizedTestSuiteInfoEESt10_Select1stISC_ESt4lessIS5_ESaISC_EE21_M_get_Node_allocatorEv:
function _ZNSt8_Rb_treeINSt7__cxx1112basic_stringIcSt11char_traitsIcESaIcEEESt4pairIKS5_N7testing8internal34TypeParameterizedTestSuiteRegistry30TypeParameterizedTestSuiteInfoEESt10_Select1stISC_ESt4lessIS5_ESaISC_EE21_M_get_Node_allocatorEv called 0 returned 0% blocks executed 0%
    #####:  549:      _M_get_Node_allocator() _GLIBCXX_NOEXCEPT
    #####:  550:      { return this->_M_impl; }
    %%%%%:  550-block  0
------------------
_ZNSt8_Rb_treeINSt7__cxx1112basic_stringIcSt11char_traitsIcESaIcEEESt4pairIKS5_mESt10_Select1stIS8_ESt4lessIS5_ESaIS8_EE21_M_get_Node_allocatorEv:
function _ZNSt8_Rb_treeINSt7__cxx1112basic_stringIcSt11char_traitsIcESaIcEEESt4pairIKS5_mESt10_Select1stIS8_ESt4lessIS5_ESaIS8_EE21_M_get_Node_allocatorEv called 0 returned 0% blocks executed 0%
    #####:  549:      _M_get_Node_allocator() _GLIBCXX_NOEXCEPT
    #####:  550:      { return this->_M_impl; }
    %%%%%:  550-block  0
------------------
_ZNSt8_Rb_treeINSt7__cxx1112basic_stringIcSt11char_traitsIcESaIcEEES5_St9_IdentityIS5_ESt4lessIS5_ESaIS5_EE21_M_get_Node_allocatorEv:
function _ZNSt8_Rb_treeINSt7__cxx1112basic_stringIcSt11char_traitsIcESaIcEEES5_St9_IdentityIS5_ESt4lessIS5_ESaIS5_EE21_M_get_Node_allocatorEv called 0 returned 0% blocks executed 0%
    #####:  549:      _M_get_Node_allocator() _GLIBCXX_NOEXCEPT
    #####:  550:      { return this->_M_impl; }
    %%%%%:  550-block  0
------------------
        -:  551:
        -:  552:      const _Node_allocator&
        -:  553:      _M_get_Node_allocator() const _GLIBCXX_NOEXCEPT
        -:  554:      { return this->_M_impl; }
        -:  555:
        -:  556:      allocator_type
        -:  557:      get_allocator() const _GLIBCXX_NOEXCEPT
        -:  558:      { return allocator_type(_M_get_Node_allocator()); }
        -:  559:
        -:  560:    protected:
        -:  561:      _Link_type
    #####:  562:      _M_get_node()
    #####:  563:      { return _Alloc_traits::allocate(_M_get_Node_allocator(), 1); }
------------------
_ZNSt8_Rb_treeINSt7__cxx1112basic_stringIcSt11char_traitsIcESaIcEEES5_St9_IdentityIS5_ESt4lessIS5_ESaIS5_EE11_M_get_nodeEv:
function _ZNSt8_Rb_treeINSt7__cxx1112basic_stringIcSt11char_traitsIcESaIcEEES5_St9_IdentityIS5_ESt4lessIS5_ESaIS5_EE11_M_get_nodeEv called 0 returned 0% blocks executed 0%
    #####:  562:      _M_get_node()
    #####:  563:      { return _Alloc_traits::allocate(_M_get_Node_allocator(), 1); }
    %%%%%:  563-block  0
call    0 never executed
call    1 never executed
------------------
_ZNSt8_Rb_treeINSt7__cxx1112basic_stringIcSt11char_traitsIcESaIcEEESt4pairIKS5_mESt10_Select1stIS8_ESt4lessIS5_ESaIS8_EE11_M_get_nodeEv:
function _ZNSt8_Rb_treeINSt7__cxx1112basic_stringIcSt11char_traitsIcESaIcEEESt4pairIKS5_mESt10_Select1stIS8_ESt4lessIS5_ESaIS8_EE11_M_get_nodeEv called 0 returned 0% blocks executed 0%
    #####:  562:      _M_get_node()
    #####:  563:      { return _Alloc_traits::allocate(_M_get_Node_allocator(), 1); }
    %%%%%:  563-block  0
call    0 never executed
call    1 never executed
------------------
_ZNSt8_Rb_treeINSt7__cxx1112basic_stringIcSt11char_traitsIcESaIcEEESt4pairIKS5_N7testing8internal34TypeParameterizedTestSuiteRegistry30TypeParameterizedTestSuiteInfoEESt10_Select1stISC_ESt4lessIS5_ESaISC_EE11_M_get_nodeEv:
function _ZNSt8_Rb_treeINSt7__cxx1112basic_stringIcSt11char_traitsIcESaIcEEESt4pairIKS5_N7testing8internal34TypeParameterizedTestSuiteRegistry30TypeParameterizedTestSuiteInfoEESt10_Select1stISC_ESt4lessIS5_ESaISC_EE11_M_get_nodeEv called 0 returned 0% blocks executed 0%
    #####:  562:      _M_get_node()
    #####:  563:      { return _Alloc_traits::allocate(_M_get_Node_allocator(), 1); }
    %%%%%:  563-block  0
call    0 never executed
call    1 never executed
------------------
        -:  564:
        -:  565:      void
    #####:  566:      _M_put_node(_Link_type __p) _GLIBCXX_NOEXCEPT
    #####:  567:      { _Alloc_traits::deallocate(_M_get_Node_allocator(), __p, 1); }
------------------
_ZNSt8_Rb_treeINSt7__cxx1112basic_stringIcSt11char_traitsIcESaIcEEESt4pairIKS5_N7testing8internal34TypeParameterizedTestSuiteRegistry30TypeParameterizedTestSuiteInfoEESt10_Select1stISC_ESt4lessIS5_ESaISC_EE11_M_put_nodeEPSt13_Rb_tree_nodeISC_E:
function _ZNSt8_Rb_treeINSt7__cxx1112basic_stringIcSt11char_traitsIcESaIcEEESt4pairIKS5_N7testing8internal34TypeParameterizedTestSuiteRegistry30TypeParameterizedTestSuiteInfoEESt10_Select1stISC_ESt4lessIS5_ESaISC_EE11_M_put_nodeEPSt13_Rb_tree_nodeISC_E called 0 returned 0% blocks executed 0%
    #####:  566:      _M_put_node(_Link_type __p) _GLIBCXX_NOEXCEPT
    #####:  567:      { _Alloc_traits::deallocate(_M_get_Node_allocator(), __p, 1); }
    %%%%%:  567-block  0
call    0 never executed
call    1 never executed
------------------
_ZNSt8_Rb_treeINSt7__cxx1112basic_stringIcSt11char_traitsIcESaIcEEESt4pairIKS5_mESt10_Select1stIS8_ESt4lessIS5_ESaIS8_EE11_M_put_nodeEPSt13_Rb_tree_nodeIS8_E:
function _ZNSt8_Rb_treeINSt7__cxx1112basic_stringIcSt11char_traitsIcESaIcEEESt4pairIKS5_mESt10_Select1stIS8_ESt4lessIS5_ESaIS8_EE11_M_put_nodeEPSt13_Rb_tree_nodeIS8_E called 0 returned 0% blocks executed 0%
    #####:  566:      _M_put_node(_Link_type __p) _GLIBCXX_NOEXCEPT
    #####:  567:      { _Alloc_traits::deallocate(_M_get_Node_allocator(), __p, 1); }
    %%%%%:  567-block  0
call    0 never executed
call    1 never executed
------------------
_ZNSt8_Rb_treeINSt7__cxx1112basic_stringIcSt11char_traitsIcESaIcEEES5_St9_IdentityIS5_ESt4lessIS5_ESaIS5_EE11_M_put_nodeEPSt13_Rb_tree_nodeIS5_E:
function _ZNSt8_Rb_treeINSt7__cxx1112basic_stringIcSt11char_traitsIcESaIcEEES5_St9_IdentityIS5_ESt4lessIS5_ESaIS5_EE11_M_put_nodeEPSt13_Rb_tree_nodeIS5_E called 0 returned 0% blocks executed 0%
    #####:  566:      _M_put_node(_Link_type __p) _GLIBCXX_NOEXCEPT
    #####:  567:      { _Alloc_traits::deallocate(_M_get_Node_allocator(), __p, 1); }
    %%%%%:  567-block  0
call    0 never executed
call    1 never executed
------------------
        -:  568:
        -:  569:#if __cplusplus < 201103L
        -:  570:      void
        -:  571:      _M_construct_node(_Link_type __node, const value_type& __x)
        -:  572:      {
        -:  573:	__try
        -:  574:	  { get_allocator().construct(__node->_M_valptr(), __x); }
        -:  575:	__catch(...)
        -:  576:	  {
        -:  577:	    _M_put_node(__node);
        -:  578:	    __throw_exception_again;
        -:  579:	  }
        -:  580:      }
        -:  581:
        -:  582:      _Link_type
        -:  583:      _M_create_node(const value_type& __x)
        -:  584:      {
        -:  585:	_Link_type __tmp = _M_get_node();
        -:  586:	_M_construct_node(__tmp, __x);
        -:  587:	return __tmp;
        -:  588:      }
        -:  589:#else
        -:  590:      template<typename... _Args>
        -:  591:	void
    #####:  592:	_M_construct_node(_Link_type __node, _Args&&... __args)
        -:  593:	{
        -:  594:	  __try
        -:  595:	    {
    #####:  596:	      ::new(__node) _Rb_tree_node<_Val>;
    #####:  597:	      _Alloc_traits::construct(_M_get_Node_allocator(),
        -:  598:				       __node->_M_valptr(),
        -:  599:				       std::forward<_Args>(__args)...);
        -:  600:	    }
    =====:  601:	  __catch(...)
        -:  602:	    {
    =====:  603:	      __node->~_Rb_tree_node<_Val>();
    =====:  604:	      _M_put_node(__node);
    =====:  605:	      __throw_exception_again;
        -:  606:	    }
    #####:  607:	}
------------------
_ZNSt8_Rb_treeINSt7__cxx1112basic_stringIcSt11char_traitsIcESaIcEEES5_St9_IdentityIS5_ESt4lessIS5_ESaIS5_EE17_M_construct_nodeIJS5_EEEvPSt13_Rb_tree_nodeIS5_EDpOT_:
function _ZNSt8_Rb_treeINSt7__cxx1112basic_stringIcSt11char_traitsIcESaIcEEES5_St9_IdentityIS5_ESt4lessIS5_ESaIS5_EE17_M_construct_nodeIJS5_EEEvPSt13_Rb_tree_nodeIS5_EDpOT_ called 0 returned 0% blocks executed 0%
    #####:  592:	_M_construct_node(_Link_type __node, _Args&&... __args)
        -:  593:	{
        -:  594:	  __try
        -:  595:	    {
    #####:  596:	      ::new(__node) _Rb_tree_node<_Val>;
    %%%%%:  596-block  0
call    0 never executed
    #####:  597:	      _Alloc_traits::construct(_M_get_Node_allocator(),
call    0 never executed
call    1 never executed
call    2 never executed
call    3 never executed
        -:  598:				       __node->_M_valptr(),
        -:  599:				       std::forward<_Args>(__args)...);
        -:  600:	    }
        -:  601:	  __catch(...)
        -:  602:	    {
        -:  603:	      __node->~_Rb_tree_node<_Val>();
        -:  604:	      _M_put_node(__node);
        -:  605:	      __throw_exception_again;
        -:  606:	    }
    #####:  607:	}
------------------
_ZNSt8_Rb_treeINSt7__cxx1112basic_stringIcSt11char_traitsIcESaIcEEES5_St9_IdentityIS5_ESt4lessIS5_ESaIS5_EE17_M_construct_nodeIJRKS5_EEEvPSt13_Rb_tree_nodeIS5_EDpOT_:
function _ZNSt8_Rb_treeINSt7__cxx1112basic_stringIcSt11char_traitsIcESaIcEEES5_St9_IdentityIS5_ESt4lessIS5_ESaIS5_EE17_M_construct_nodeIJRKS5_EEEvPSt13_Rb_tree_nodeIS5_EDpOT_ called 0 returned 0% blocks executed 0%
    #####:  592:	_M_construct_node(_Link_type __node, _Args&&... __args)
        -:  593:	{
        -:  594:	  __try
        -:  595:	    {
    #####:  596:	      ::new(__node) _Rb_tree_node<_Val>;
    %%%%%:  596-block  0
call    0 never executed
    #####:  597:	      _Alloc_traits::construct(_M_get_Node_allocator(),
call    0 never executed
call    1 never executed
call    2 never executed
call    3 never executed
branch  4 never executed
branch  5 never executed
        -:  598:				       __node->_M_valptr(),
        -:  599:				       std::forward<_Args>(__args)...);
        -:  600:	    }
    =====:  601:	  __catch(...)
    $$$$$:  601-block  0
    $$$$$:  601-block  1
call    0 never executed
    $$$$$:  601-block  2
call    1 never executed
        -:  602:	    {
    =====:  603:	      __node->~_Rb_tree_node<_Val>();
    =====:  604:	      _M_put_node(__node);
call    0 never executed
    =====:  605:	      __throw_exception_again;
call    0 never executed
        -:  606:	    }
    #####:  607:	}
    %%%%%:  607-block  0
------------------
_ZNSt8_Rb_treeINSt7__cxx1112basic_stringIcSt11char_traitsIcESaIcEEESt4pairIKS5_mESt10_Select1stIS8_ESt4lessIS5_ESaIS8_EE17_M_construct_nodeIJRKSt21piecewise_construct_tSt5tupleIJRS7_EESJ_IJEEEEEvPSt13_Rb_tree_nodeIS8_EDpOT_:
function _ZNSt8_Rb_treeINSt7__cxx1112basic_stringIcSt11char_traitsIcESaIcEEESt4pairIKS5_mESt10_Select1stIS8_ESt4lessIS5_ESaIS8_EE17_M_construct_nodeIJRKSt21piecewise_construct_tSt5tupleIJRS7_EESJ_IJEEEEEvPSt13_Rb_tree_nodeIS8_EDpOT_ called 0 returned 0% blocks executed 0%
    #####:  592:	_M_construct_node(_Link_type __node, _Args&&... __args)
        -:  593:	{
        -:  594:	  __try
        -:  595:	    {
    #####:  596:	      ::new(__node) _Rb_tree_node<_Val>;
    %%%%%:  596-block  0
call    0 never executed
    #####:  597:	      _Alloc_traits::construct(_M_get_Node_allocator(),
call    0 never executed
call    1 never executed
call    2 never executed
call    3 never executed
call    4 never executed
call    5 never executed
branch  6 never executed
branch  7 never executed
        -:  598:				       __node->_M_valptr(),
        -:  599:				       std::forward<_Args>(__args)...);
        -:  600:	    }
    =====:  601:	  __catch(...)
    $$$$$:  601-block  0
    $$$$$:  601-block  1
call    0 never executed
    $$$$$:  601-block  2
call    1 never executed
        -:  602:	    {
    =====:  603:	      __node->~_Rb_tree_node<_Val>();
    =====:  604:	      _M_put_node(__node);
call    0 never executed
    =====:  605:	      __throw_exception_again;
call    0 never executed
        -:  606:	    }
    #####:  607:	}
    %%%%%:  607-block  0
------------------
_ZNSt8_Rb_treeINSt7__cxx1112basic_stringIcSt11char_traitsIcESaIcEEESt4pairIKS5_N7testing8internal34TypeParameterizedTestSuiteRegistry30TypeParameterizedTestSuiteInfoEESt10_Select1stISC_ESt4lessIS5_ESaISC_EE17_M_construct_nodeIJS5_SB_EEEvPSt13_Rb_tree_nodeISC_EDpOT_:
function _ZNSt8_Rb_treeINSt7__cxx1112basic_stringIcSt11char_traitsIcESaIcEEESt4pairIKS5_N7testing8internal34TypeParameterizedTestSuiteRegistry30TypeParameterizedTestSuiteInfoEESt10_Select1stISC_ESt4lessIS5_ESaISC_EE17_M_construct_nodeIJS5_SB_EEEvPSt13_Rb_tree_nodeISC_EDpOT_ called 0 returned 0% blocks executed 0%
    #####:  592:	_M_construct_node(_Link_type __node, _Args&&... __args)
        -:  593:	{
        -:  594:	  __try
        -:  595:	    {
    #####:  596:	      ::new(__node) _Rb_tree_node<_Val>;
    %%%%%:  596-block  0
call    0 never executed
    #####:  597:	      _Alloc_traits::construct(_M_get_Node_allocator(),
call    0 never executed
call    1 never executed
call    2 never executed
call    3 never executed
call    4 never executed
        -:  598:				       __node->_M_valptr(),
        -:  599:				       std::forward<_Args>(__args)...);
        -:  600:	    }
        -:  601:	  __catch(...)
        -:  602:	    {
        -:  603:	      __node->~_Rb_tree_node<_Val>();
        -:  604:	      _M_put_node(__node);
        -:  605:	      __throw_exception_again;
        -:  606:	    }
    #####:  607:	}
------------------
        -:  608:
        -:  609:      template<typename... _Args>
        -:  610:	_Link_type
    #####:  611:	_M_create_node(_Args&&... __args)
        -:  612:	{
    #####:  613:	  _Link_type __tmp = _M_get_node();
    #####:  614:	  _M_construct_node(__tmp, std::forward<_Args>(__args)...);
    #####:  615:	  return __tmp;
        -:  616:	}
------------------
_ZNSt8_Rb_treeINSt7__cxx1112basic_stringIcSt11char_traitsIcESaIcEEES5_St9_IdentityIS5_ESt4lessIS5_ESaIS5_EE14_M_create_nodeIJS5_EEEPSt13_Rb_tree_nodeIS5_EDpOT_:
function _ZNSt8_Rb_treeINSt7__cxx1112basic_stringIcSt11char_traitsIcESaIcEEES5_St9_IdentityIS5_ESt4lessIS5_ESaIS5_EE14_M_create_nodeIJS5_EEEPSt13_Rb_tree_nodeIS5_EDpOT_ called 0 returned 0% blocks executed 0%
    #####:  611:	_M_create_node(_Args&&... __args)
        -:  612:	{
    #####:  613:	  _Link_type __tmp = _M_get_node();
    %%%%%:  613-block  0
call    0 never executed
    #####:  614:	  _M_construct_node(__tmp, std::forward<_Args>(__args)...);
call    0 never executed
call    1 never executed
    #####:  615:	  return __tmp;
        -:  616:	}
------------------
_ZNSt8_Rb_treeINSt7__cxx1112basic_stringIcSt11char_traitsIcESaIcEEES5_St9_IdentityIS5_ESt4lessIS5_ESaIS5_EE14_M_create_nodeIJRKS5_EEEPSt13_Rb_tree_nodeIS5_EDpOT_:
function _ZNSt8_Rb_treeINSt7__cxx1112basic_stringIcSt11char_traitsIcESaIcEEES5_St9_IdentityIS5_ESt4lessIS5_ESaIS5_EE14_M_create_nodeIJRKS5_EEEPSt13_Rb_tree_nodeIS5_EDpOT_ called 0 returned 0% blocks executed 0%
    #####:  611:	_M_create_node(_Args&&... __args)
        -:  612:	{
    #####:  613:	  _Link_type __tmp = _M_get_node();
    %%%%%:  613-block  0
call    0 never executed
    #####:  614:	  _M_construct_node(__tmp, std::forward<_Args>(__args)...);
call    0 never executed
call    1 never executed
    #####:  615:	  return __tmp;
        -:  616:	}
------------------
_ZNSt8_Rb_treeINSt7__cxx1112basic_stringIcSt11char_traitsIcESaIcEEESt4pairIKS5_mESt10_Select1stIS8_ESt4lessIS5_ESaIS8_EE14_M_create_nodeIJRKSt21piecewise_construct_tSt5tupleIJRS7_EESJ_IJEEEEEPSt13_Rb_tree_nodeIS8_EDpOT_:
function _ZNSt8_Rb_treeINSt7__cxx1112basic_stringIcSt11char_traitsIcESaIcEEESt4pairIKS5_mESt10_Select1stIS8_ESt4lessIS5_ESaIS8_EE14_M_create_nodeIJRKSt21piecewise_construct_tSt5tupleIJRS7_EESJ_IJEEEEEPSt13_Rb_tree_nodeIS8_EDpOT_ called 0 returned 0% blocks executed 0%
    #####:  611:	_M_create_node(_Args&&... __args)
        -:  612:	{
    #####:  613:	  _Link_type __tmp = _M_get_node();
    %%%%%:  613-block  0
call    0 never executed
    #####:  614:	  _M_construct_node(__tmp, std::forward<_Args>(__args)...);
call    0 never executed
call    1 never executed
call    2 never executed
call    3 never executed
    #####:  615:	  return __tmp;
        -:  616:	}
------------------
_ZNSt8_Rb_treeINSt7__cxx1112basic_stringIcSt11char_traitsIcESaIcEEESt4pairIKS5_N7testing8internal34TypeParameterizedTestSuiteRegistry30TypeParameterizedTestSuiteInfoEESt10_Select1stISC_ESt4lessIS5_ESaISC_EE14_M_create_nodeIJS5_SB_EEEPSt13_Rb_tree_nodeISC_EDpOT_:
function _ZNSt8_Rb_treeINSt7__cxx1112basic_stringIcSt11char_traitsIcESaIcEEESt4pairIKS5_N7testing8internal34TypeParameterizedTestSuiteRegistry30TypeParameterizedTestSuiteInfoEESt10_Select1stISC_ESt4lessIS5_ESaISC_EE14_M_create_nodeIJS5_SB_EEEPSt13_Rb_tree_nodeISC_EDpOT_ called 0 returned 0% blocks executed 0%
    #####:  611:	_M_create_node(_Args&&... __args)
        -:  612:	{
    #####:  613:	  _Link_type __tmp = _M_get_node();
    %%%%%:  613-block  0
call    0 never executed
    #####:  614:	  _M_construct_node(__tmp, std::forward<_Args>(__args)...);
call    0 never executed
call    1 never executed
call    2 never executed
    #####:  615:	  return __tmp;
        -:  616:	}
------------------
        -:  617:#endif
        -:  618:
        -:  619:      void
    #####:  620:      _M_destroy_node(_Link_type __p) _GLIBCXX_NOEXCEPT
        -:  621:      {
        -:  622:#if __cplusplus < 201103L
        -:  623:	get_allocator().destroy(__p->_M_valptr());
        -:  624:#else
    #####:  625:	_Alloc_traits::destroy(_M_get_Node_allocator(), __p->_M_valptr());
    #####:  626:	__p->~_Rb_tree_node<_Val>();
        -:  627:#endif
    #####:  628:      }
------------------
_ZNSt8_Rb_treeINSt7__cxx1112basic_stringIcSt11char_traitsIcESaIcEEESt4pairIKS5_N7testing8internal34TypeParameterizedTestSuiteRegistry30TypeParameterizedTestSuiteInfoEESt10_Select1stISC_ESt4lessIS5_ESaISC_EE15_M_destroy_nodeEPSt13_Rb_tree_nodeISC_E:
function _ZNSt8_Rb_treeINSt7__cxx1112basic_stringIcSt11char_traitsIcESaIcEEESt4pairIKS5_N7testing8internal34TypeParameterizedTestSuiteRegistry30TypeParameterizedTestSuiteInfoEESt10_Select1stISC_ESt4lessIS5_ESaISC_EE15_M_destroy_nodeEPSt13_Rb_tree_nodeISC_E called 0 returned 0% blocks executed 0%
    #####:  620:      _M_destroy_node(_Link_type __p) _GLIBCXX_NOEXCEPT
        -:  621:      {
        -:  622:#if __cplusplus < 201103L
        -:  623:	get_allocator().destroy(__p->_M_valptr());
        -:  624:#else
    #####:  625:	_Alloc_traits::destroy(_M_get_Node_allocator(), __p->_M_valptr());
    %%%%%:  625-block  0
call    0 never executed
call    1 never executed
call    2 never executed
    #####:  626:	__p->~_Rb_tree_node<_Val>();
        -:  627:#endif
    #####:  628:      }
------------------
_ZNSt8_Rb_treeINSt7__cxx1112basic_stringIcSt11char_traitsIcESaIcEEESt4pairIKS5_mESt10_Select1stIS8_ESt4lessIS5_ESaIS8_EE15_M_destroy_nodeEPSt13_Rb_tree_nodeIS8_E:
function _ZNSt8_Rb_treeINSt7__cxx1112basic_stringIcSt11char_traitsIcESaIcEEESt4pairIKS5_mESt10_Select1stIS8_ESt4lessIS5_ESaIS8_EE15_M_destroy_nodeEPSt13_Rb_tree_nodeIS8_E called 0 returned 0% blocks executed 0%
    #####:  620:      _M_destroy_node(_Link_type __p) _GLIBCXX_NOEXCEPT
        -:  621:      {
        -:  622:#if __cplusplus < 201103L
        -:  623:	get_allocator().destroy(__p->_M_valptr());
        -:  624:#else
    #####:  625:	_Alloc_traits::destroy(_M_get_Node_allocator(), __p->_M_valptr());
    %%%%%:  625-block  0
call    0 never executed
call    1 never executed
call    2 never executed
    #####:  626:	__p->~_Rb_tree_node<_Val>();
        -:  627:#endif
    #####:  628:      }
------------------
_ZNSt8_Rb_treeINSt7__cxx1112basic_stringIcSt11char_traitsIcESaIcEEES5_St9_IdentityIS5_ESt4lessIS5_ESaIS5_EE15_M_destroy_nodeEPSt13_Rb_tree_nodeIS5_E:
function _ZNSt8_Rb_treeINSt7__cxx1112basic_stringIcSt11char_traitsIcESaIcEEES5_St9_IdentityIS5_ESt4lessIS5_ESaIS5_EE15_M_destroy_nodeEPSt13_Rb_tree_nodeIS5_E called 0 returned 0% blocks executed 0%
    #####:  620:      _M_destroy_node(_Link_type __p) _GLIBCXX_NOEXCEPT
        -:  621:      {
        -:  622:#if __cplusplus < 201103L
        -:  623:	get_allocator().destroy(__p->_M_valptr());
        -:  624:#else
    #####:  625:	_Alloc_traits::destroy(_M_get_Node_allocator(), __p->_M_valptr());
    %%%%%:  625-block  0
call    0 never executed
call    1 never executed
call    2 never executed
    #####:  626:	__p->~_Rb_tree_node<_Val>();
        -:  627:#endif
    #####:  628:      }
------------------
        -:  629:
        -:  630:      void
    #####:  631:      _M_drop_node(_Link_type __p) _GLIBCXX_NOEXCEPT
        -:  632:      {
    #####:  633:	_M_destroy_node(__p);
    #####:  634:	_M_put_node(__p);
    #####:  635:      }
------------------
_ZNSt8_Rb_treeINSt7__cxx1112basic_stringIcSt11char_traitsIcESaIcEEESt4pairIKS5_N7testing8internal34TypeParameterizedTestSuiteRegistry30TypeParameterizedTestSuiteInfoEESt10_Select1stISC_ESt4lessIS5_ESaISC_EE12_M_drop_nodeEPSt13_Rb_tree_nodeISC_E:
function _ZNSt8_Rb_treeINSt7__cxx1112basic_stringIcSt11char_traitsIcESaIcEEESt4pairIKS5_N7testing8internal34TypeParameterizedTestSuiteRegistry30TypeParameterizedTestSuiteInfoEESt10_Select1stISC_ESt4lessIS5_ESaISC_EE12_M_drop_nodeEPSt13_Rb_tree_nodeISC_E called 0 returned 0% blocks executed 0%
    #####:  631:      _M_drop_node(_Link_type __p) _GLIBCXX_NOEXCEPT
        -:  632:      {
    #####:  633:	_M_destroy_node(__p);
    %%%%%:  633-block  0
call    0 never executed
    #####:  634:	_M_put_node(__p);
call    0 never executed
    #####:  635:      }
------------------
_ZNSt8_Rb_treeINSt7__cxx1112basic_stringIcSt11char_traitsIcESaIcEEESt4pairIKS5_mESt10_Select1stIS8_ESt4lessIS5_ESaIS8_EE12_M_drop_nodeEPSt13_Rb_tree_nodeIS8_E:
function _ZNSt8_Rb_treeINSt7__cxx1112basic_stringIcSt11char_traitsIcESaIcEEESt4pairIKS5_mESt10_Select1stIS8_ESt4lessIS5_ESaIS8_EE12_M_drop_nodeEPSt13_Rb_tree_nodeIS8_E called 0 returned 0% blocks executed 0%
    #####:  631:      _M_drop_node(_Link_type __p) _GLIBCXX_NOEXCEPT
        -:  632:      {
    #####:  633:	_M_destroy_node(__p);
    %%%%%:  633-block  0
call    0 never executed
    #####:  634:	_M_put_node(__p);
call    0 never executed
    #####:  635:      }
------------------
_ZNSt8_Rb_treeINSt7__cxx1112basic_stringIcSt11char_traitsIcESaIcEEES5_St9_IdentityIS5_ESt4lessIS5_ESaIS5_EE12_M_drop_nodeEPSt13_Rb_tree_nodeIS5_E:
function _ZNSt8_Rb_treeINSt7__cxx1112basic_stringIcSt11char_traitsIcESaIcEEES5_St9_IdentityIS5_ESt4lessIS5_ESaIS5_EE12_M_drop_nodeEPSt13_Rb_tree_nodeIS5_E called 0 returned 0% blocks executed 0%
    #####:  631:      _M_drop_node(_Link_type __p) _GLIBCXX_NOEXCEPT
        -:  632:      {
    #####:  633:	_M_destroy_node(__p);
    %%%%%:  633-block  0
call    0 never executed
    #####:  634:	_M_put_node(__p);
call    0 never executed
    #####:  635:      }
------------------
        -:  636:
        -:  637:      template<bool _MoveValue, typename _NodeGen>
        -:  638:	_Link_type
        -:  639:	_M_clone_node(_Link_type __x, _NodeGen& __node_gen)
        -:  640:	{
        -:  641:#if __cplusplus >= 201103L
        -:  642:	  using _Vp = __conditional_t<_MoveValue,
        -:  643:				      value_type&&,
        -:  644:				      const value_type&>;
        -:  645:#endif
        -:  646:	  _Link_type __tmp
        -:  647:	    = __node_gen(_GLIBCXX_FORWARD(_Vp, *__x->_M_valptr()));
        -:  648:	  __tmp->_M_color = __x->_M_color;
        -:  649:	  __tmp->_M_left = 0;
        -:  650:	  __tmp->_M_right = 0;
        -:  651:	  return __tmp;
        -:  652:	}
        -:  653:
        -:  654:    protected:
        -:  655:#if _GLIBCXX_INLINE_VERSION
        -:  656:      template<typename _Key_compare>
        -:  657:#else
        -:  658:      // Unused _Is_pod_comparator is kept as it is part of mangled name.
        -:  659:      template<typename _Key_compare,
        -:  660:	       bool /* _Is_pod_comparator */ = __is_pod(_Key_compare)>
        -:  661:#endif
        -:  662:	struct _Rb_tree_impl
        -:  663:	: public _Node_allocator
        -:  664:	, public _Rb_tree_key_compare<_Key_compare>
        -:  665:	, public _Rb_tree_header
        -:  666:	{
        -:  667:	  typedef _Rb_tree_key_compare<_Key_compare> _Base_key_compare;
        -:  668:
       2*:  669:	  _Rb_tree_impl()
        -:  670:	    _GLIBCXX_NOEXCEPT_IF(
        -:  671:		is_nothrow_default_constructible<_Node_allocator>::value
        -:  672:		&& is_nothrow_default_constructible<_Base_key_compare>::value )
       2*:  673:	  : _Node_allocator()
       2*:  674:	  { }
------------------
_ZNSt8_Rb_treeINSt7__cxx1112basic_stringIcSt11char_traitsIcESaIcEEESt4pairIKS5_N7testing8internal34TypeParameterizedTestSuiteRegistry30TypeParameterizedTestSuiteInfoEESt10_Select1stISC_ESt4lessIS5_ESaISC_EE13_Rb_tree_implISG_Lb1EEC1Ev:
function _ZNSt8_Rb_treeINSt7__cxx1112basic_stringIcSt11char_traitsIcESaIcEEESt4pairIKS5_N7testing8internal34TypeParameterizedTestSuiteRegistry30TypeParameterizedTestSuiteInfoEESt10_Select1stISC_ESt4lessIS5_ESaISC_EE13_Rb_tree_implISG_Lb1EEC1Ev called 1 returned 100% blocks executed 100%
        1:  669:	  _Rb_tree_impl()
        -:  670:	    _GLIBCXX_NOEXCEPT_IF(
        -:  671:		is_nothrow_default_constructible<_Node_allocator>::value
        -:  672:		&& is_nothrow_default_constructible<_Base_key_compare>::value )
        1:  673:	  : _Node_allocator()
        1:  673-block  0
call    0 returned 1
call    1 returned 1
call    2 returned 1
        1:  674:	  { }
------------------
_ZNSt8_Rb_treeINSt7__cxx1112basic_stringIcSt11char_traitsIcESaIcEEESt4pairIKS5_mESt10_Select1stIS8_ESt4lessIS5_ESaIS8_EE13_Rb_tree_implISC_Lb1EEC1Ev:
function _ZNSt8_Rb_treeINSt7__cxx1112basic_stringIcSt11char_traitsIcESaIcEEESt4pairIKS5_mESt10_Select1stIS8_ESt4lessIS5_ESaIS8_EE13_Rb_tree_implISC_Lb1EEC1Ev called 0 returned 0% blocks executed 0%
    #####:  669:	  _Rb_tree_impl()
        -:  670:	    _GLIBCXX_NOEXCEPT_IF(
        -:  671:		is_nothrow_default_constructible<_Node_allocator>::value
        -:  672:		&& is_nothrow_default_constructible<_Base_key_compare>::value )
    #####:  673:	  : _Node_allocator()
    %%%%%:  673-block  0
call    0 never executed
call    1 never executed
call    2 never executed
    #####:  674:	  { }
------------------
_ZNSt8_Rb_treeINSt7__cxx1112basic_stringIcSt11char_traitsIcESaIcEEES5_St9_IdentityIS5_ESt4lessIS5_ESaIS5_EE13_Rb_tree_implIS9_Lb1EEC1Ev:
function _ZNSt8_Rb_treeINSt7__cxx1112basic_stringIcSt11char_traitsIcESaIcEEES5_St9_IdentityIS5_ESt4lessIS5_ESaIS5_EE13_Rb_tree_implIS9_Lb1EEC1Ev called 1 returned 100% blocks executed 100%
        1:  669:	  _Rb_tree_impl()
        -:  670:	    _GLIBCXX_NOEXCEPT_IF(
        -:  671:		is_nothrow_default_constructible<_Node_allocator>::value
        -:  672:		&& is_nothrow_default_constructible<_Base_key_compare>::value )
        1:  673:	  : _Node_allocator()
        1:  673-block  0
call    0 returned 1
call    1 returned 1
call    2 returned 1
        1:  674:	  { }
------------------
        -:  675:
        -:  676:	  _Rb_tree_impl(const _Rb_tree_impl& __x)
        -:  677:	  : _Node_allocator(_Alloc_traits::_S_select_on_copy(__x))
        -:  678:	  , _Base_key_compare(__x._M_key_compare)
        -:  679:	  , _Rb_tree_header()
        -:  680:	  { }
        -:  681:
        -:  682:#if __cplusplus < 201103L
        -:  683:	  _Rb_tree_impl(const _Key_compare& __comp, const _Node_allocator& __a)
        -:  684:	  : _Node_allocator(__a), _Base_key_compare(__comp)
        -:  685:	  { }
        -:  686:#else
        -:  687:	  _Rb_tree_impl(_Rb_tree_impl&&)
        -:  688:	    noexcept( is_nothrow_move_constructible<_Base_key_compare>::value )
        -:  689:	  = default;
        -:  690:
        -:  691:	  explicit
        -:  692:	  _Rb_tree_impl(_Node_allocator&& __a)
        -:  693:	  : _Node_allocator(std::move(__a))
        -:  694:	  { }
        -:  695:
        -:  696:	  _Rb_tree_impl(_Rb_tree_impl&& __x, _Node_allocator&& __a)
        -:  697:	  : _Node_allocator(std::move(__a)),
        -:  698:	    _Base_key_compare(std::move(__x)),
        -:  699:	    _Rb_tree_header(std::move(__x))
        -:  700:	  { }
        -:  701:
        -:  702:	  _Rb_tree_impl(const _Key_compare& __comp, _Node_allocator&& __a)
        -:  703:	  : _Node_allocator(std::move(__a)), _Base_key_compare(__comp)
        -:  704:	  { }
        -:  705:#endif
        -:  706:	};
        -:  707:
        -:  708:      _Rb_tree_impl<_Compare> _M_impl;
        -:  709:
        -:  710:    protected:
        -:  711:      _Base_ptr&
        -:  712:      _M_root() _GLIBCXX_NOEXCEPT
        -:  713:      { return this->_M_impl._M_header._M_parent; }
        -:  714:
        -:  715:      _Const_Base_ptr
        -:  716:      _M_root() const _GLIBCXX_NOEXCEPT
        -:  717:      { return this->_M_impl._M_header._M_parent; }
        -:  718:
        -:  719:      _Base_ptr&
    #####:  720:      _M_leftmost() _GLIBCXX_NOEXCEPT
    #####:  721:      { return this->_M_impl._M_header._M_left; }
------------------
_ZNSt8_Rb_treeINSt7__cxx1112basic_stringIcSt11char_traitsIcESaIcEEESt4pairIKS5_N7testing8internal34TypeParameterizedTestSuiteRegistry30TypeParameterizedTestSuiteInfoEESt10_Select1stISC_ESt4lessIS5_ESaISC_EE11_M_leftmostEv:
function _ZNSt8_Rb_treeINSt7__cxx1112basic_stringIcSt11char_traitsIcESaIcEEESt4pairIKS5_N7testing8internal34TypeParameterizedTestSuiteRegistry30TypeParameterizedTestSuiteInfoEESt10_Select1stISC_ESt4lessIS5_ESaISC_EE11_M_leftmostEv called 0 returned 0% blocks executed 0%
    #####:  720:      _M_leftmost() _GLIBCXX_NOEXCEPT
    #####:  721:      { return this->_M_impl._M_header._M_left; }
    %%%%%:  721-block  0
------------------
_ZNSt8_Rb_treeINSt7__cxx1112basic_stringIcSt11char_traitsIcESaIcEEESt4pairIKS5_mESt10_Select1stIS8_ESt4lessIS5_ESaIS8_EE11_M_leftmostEv:
function _ZNSt8_Rb_treeINSt7__cxx1112basic_stringIcSt11char_traitsIcESaIcEEESt4pairIKS5_mESt10_Select1stIS8_ESt4lessIS5_ESaIS8_EE11_M_leftmostEv called 0 returned 0% blocks executed 0%
    #####:  720:      _M_leftmost() _GLIBCXX_NOEXCEPT
    #####:  721:      { return this->_M_impl._M_header._M_left; }
    %%%%%:  721-block  0
------------------
        -:  722:
        -:  723:      _Const_Base_ptr
        -:  724:      _M_leftmost() const _GLIBCXX_NOEXCEPT
        -:  725:      { return this->_M_impl._M_header._M_left; }
        -:  726:
        -:  727:      _Base_ptr&
    #####:  728:      _M_rightmost() _GLIBCXX_NOEXCEPT
    #####:  729:      { return this->_M_impl._M_header._M_right; }
------------------
_ZNSt8_Rb_treeINSt7__cxx1112basic_stringIcSt11char_traitsIcESaIcEEESt4pairIKS5_N7testing8internal34TypeParameterizedTestSuiteRegistry30TypeParameterizedTestSuiteInfoEESt10_Select1stISC_ESt4lessIS5_ESaISC_EE12_M_rightmostEv:
function _ZNSt8_Rb_treeINSt7__cxx1112basic_stringIcSt11char_traitsIcESaIcEEESt4pairIKS5_N7testing8internal34TypeParameterizedTestSuiteRegistry30TypeParameterizedTestSuiteInfoEESt10_Select1stISC_ESt4lessIS5_ESaISC_EE12_M_rightmostEv called 0 returned 0% blocks executed 0%
    #####:  728:      _M_rightmost() _GLIBCXX_NOEXCEPT
    #####:  729:      { return this->_M_impl._M_header._M_right; }
    %%%%%:  729-block  0
------------------
_ZNSt8_Rb_treeINSt7__cxx1112basic_stringIcSt11char_traitsIcESaIcEEESt4pairIKS5_mESt10_Select1stIS8_ESt4lessIS5_ESaIS8_EE12_M_rightmostEv:
function _ZNSt8_Rb_treeINSt7__cxx1112basic_stringIcSt11char_traitsIcESaIcEEESt4pairIKS5_mESt10_Select1stIS8_ESt4lessIS5_ESaIS8_EE12_M_rightmostEv called 0 returned 0% blocks executed 0%
    #####:  728:      _M_rightmost() _GLIBCXX_NOEXCEPT
    #####:  729:      { return this->_M_impl._M_header._M_right; }
    %%%%%:  729-block  0
------------------
        -:  730:
        -:  731:      _Const_Base_ptr
        -:  732:      _M_rightmost() const _GLIBCXX_NOEXCEPT
        -:  733:      { return this->_M_impl._M_header._M_right; }
        -:  734:
        -:  735:      _Link_type
    #####:  736:      _M_mbegin() const _GLIBCXX_NOEXCEPT
    #####:  737:      { return static_cast<_Link_type>(this->_M_impl._M_header._M_parent); }
------------------
_ZNKSt8_Rb_treeINSt7__cxx1112basic_stringIcSt11char_traitsIcESaIcEEESt4pairIKS5_N7testing8internal34TypeParameterizedTestSuiteRegistry30TypeParameterizedTestSuiteInfoEESt10_Select1stISC_ESt4lessIS5_ESaISC_EE9_M_mbeginEv:
function _ZNKSt8_Rb_treeINSt7__cxx1112basic_stringIcSt11char_traitsIcESaIcEEESt4pairIKS5_N7testing8internal34TypeParameterizedTestSuiteRegistry30TypeParameterizedTestSuiteInfoEESt10_Select1stISC_ESt4lessIS5_ESaISC_EE9_M_mbeginEv called 0 returned 0% blocks executed 0%
    #####:  736:      _M_mbegin() const _GLIBCXX_NOEXCEPT
    #####:  737:      { return static_cast<_Link_type>(this->_M_impl._M_header._M_parent); }
    %%%%%:  737-block  0
------------------
_ZNKSt8_Rb_treeINSt7__cxx1112basic_stringIcSt11char_traitsIcESaIcEEESt4pairIKS5_mESt10_Select1stIS8_ESt4lessIS5_ESaIS8_EE9_M_mbeginEv:
function _ZNKSt8_Rb_treeINSt7__cxx1112basic_stringIcSt11char_traitsIcESaIcEEESt4pairIKS5_mESt10_Select1stIS8_ESt4lessIS5_ESaIS8_EE9_M_mbeginEv called 0 returned 0% blocks executed 0%
    #####:  736:      _M_mbegin() const _GLIBCXX_NOEXCEPT
    #####:  737:      { return static_cast<_Link_type>(this->_M_impl._M_header._M_parent); }
    %%%%%:  737-block  0
------------------
_ZNKSt8_Rb_treeINSt7__cxx1112basic_stringIcSt11char_traitsIcESaIcEEES5_St9_IdentityIS5_ESt4lessIS5_ESaIS5_EE9_M_mbeginEv:
function _ZNKSt8_Rb_treeINSt7__cxx1112basic_stringIcSt11char_traitsIcESaIcEEES5_St9_IdentityIS5_ESt4lessIS5_ESaIS5_EE9_M_mbeginEv called 0 returned 0% blocks executed 0%
    #####:  736:      _M_mbegin() const _GLIBCXX_NOEXCEPT
    #####:  737:      { return static_cast<_Link_type>(this->_M_impl._M_header._M_parent); }
    %%%%%:  737-block  0
------------------
        -:  738:
        -:  739:      _Link_type
    #####:  740:      _M_begin() _GLIBCXX_NOEXCEPT
    #####:  741:      { return _M_mbegin(); }
------------------
_ZNSt8_Rb_treeINSt7__cxx1112basic_stringIcSt11char_traitsIcESaIcEEESt4pairIKS5_N7testing8internal34TypeParameterizedTestSuiteRegistry30TypeParameterizedTestSuiteInfoEESt10_Select1stISC_ESt4lessIS5_ESaISC_EE8_M_beginEv:
function _ZNSt8_Rb_treeINSt7__cxx1112basic_stringIcSt11char_traitsIcESaIcEEESt4pairIKS5_N7testing8internal34TypeParameterizedTestSuiteRegistry30TypeParameterizedTestSuiteInfoEESt10_Select1stISC_ESt4lessIS5_ESaISC_EE8_M_beginEv called 0 returned 0% blocks executed 0%
    #####:  740:      _M_begin() _GLIBCXX_NOEXCEPT
    #####:  741:      { return _M_mbegin(); }
    %%%%%:  741-block  0
call    0 never executed
------------------
_ZNSt8_Rb_treeINSt7__cxx1112basic_stringIcSt11char_traitsIcESaIcEEESt4pairIKS5_mESt10_Select1stIS8_ESt4lessIS5_ESaIS8_EE8_M_beginEv:
function _ZNSt8_Rb_treeINSt7__cxx1112basic_stringIcSt11char_traitsIcESaIcEEESt4pairIKS5_mESt10_Select1stIS8_ESt4lessIS5_ESaIS8_EE8_M_beginEv called 0 returned 0% blocks executed 0%
    #####:  740:      _M_begin() _GLIBCXX_NOEXCEPT
    #####:  741:      { return _M_mbegin(); }
    %%%%%:  741-block  0
call    0 never executed
------------------
_ZNSt8_Rb_treeINSt7__cxx1112basic_stringIcSt11char_traitsIcESaIcEEES5_St9_IdentityIS5_ESt4lessIS5_ESaIS5_EE8_M_beginEv:
function _ZNSt8_Rb_treeINSt7__cxx1112basic_stringIcSt11char_traitsIcESaIcEEES5_St9_IdentityIS5_ESt4lessIS5_ESaIS5_EE8_M_beginEv called 0 returned 0% blocks executed 0%
    #####:  740:      _M_begin() _GLIBCXX_NOEXCEPT
    #####:  741:      { return _M_mbegin(); }
    %%%%%:  741-block  0
call    0 never executed
------------------
        -:  742:
        -:  743:      _Const_Link_type
    #####:  744:      _M_begin() const _GLIBCXX_NOEXCEPT
        -:  745:      {
        -:  746:	return static_cast<_Const_Link_type>
    #####:  747:	  (this->_M_impl._M_header._M_parent);
        -:  748:      }
------------------
_ZNKSt8_Rb_treeINSt7__cxx1112basic_stringIcSt11char_traitsIcESaIcEEES5_St9_IdentityIS5_ESt4lessIS5_ESaIS5_EE8_M_beginEv:
function _ZNKSt8_Rb_treeINSt7__cxx1112basic_stringIcSt11char_traitsIcESaIcEEES5_St9_IdentityIS5_ESt4lessIS5_ESaIS5_EE8_M_beginEv called 0 returned 0% blocks executed 0%
    #####:  744:      _M_begin() const _GLIBCXX_NOEXCEPT
        -:  745:      {
        -:  746:	return static_cast<_Const_Link_type>
    #####:  747:	  (this->_M_impl._M_header._M_parent);
    %%%%%:  747-block  0
        -:  748:      }
------------------
_ZNKSt8_Rb_treeINSt7__cxx1112basic_stringIcSt11char_traitsIcESaIcEEESt4pairIKS5_N7testing8internal12CodeLocationEESt10_Select1stISB_ESt4lessIvESaISB_EE8_M_beginEv:
function _ZNKSt8_Rb_treeINSt7__cxx1112basic_stringIcSt11char_traitsIcESaIcEEESt4pairIKS5_N7testing8internal12CodeLocationEESt10_Select1stISB_ESt4lessIvESaISB_EE8_M_beginEv called 0 returned 0% blocks executed 0%
    #####:  744:      _M_begin() const _GLIBCXX_NOEXCEPT
        -:  745:      {
        -:  746:	return static_cast<_Const_Link_type>
    #####:  747:	  (this->_M_impl._M_header._M_parent);
    %%%%%:  747-block  0
        -:  748:      }
------------------
        -:  749:
        -:  750:      _Base_ptr
    #####:  751:      _M_end() _GLIBCXX_NOEXCEPT
[...]
    %%%%%: 2387-block  0
call    0 never executed
    #####: 2388:      ++_M_impl._M_node_count;
    #####: 2389:      return iterator(__z);
call    0 never executed
        -: 2390:    }
------------------
_ZNSt8_Rb_treeINSt7__cxx1112basic_stringIcSt11char_traitsIcESaIcEEESt4pairIKS5_N7testing8internal34TypeParameterizedTestSuiteRegistry30TypeParameterizedTestSuiteInfoEESt10_Select1stISC_ESt4lessIS5_ESaISC_EE14_M_insert_nodeEPSt18_Rb_tree_node_baseSK_PSt13_Rb_tree_nodeISC_E:
function _ZNSt8_Rb_treeINSt7__cxx1112basic_stringIcSt11char_traitsIcESaIcEEESt4pairIKS5_N7testing8internal34TypeParameterizedTestSuiteRegistry30TypeParameterizedTestSuiteInfoEESt10_Select1stISC_ESt4lessIS5_ESaISC_EE14_M_insert_nodeEPSt18_Rb_tree_node_baseSK_PSt13_Rb_tree_nodeISC_E called 0 returned 0% blocks executed 0%
    #####: 2378:    _Rb_tree<_Key, _Val, _KeyOfValue, _Compare, _Alloc>::
        -: 2379:    _M_insert_node(_Base_ptr __x, _Base_ptr __p, _Link_type __z)
        -: 2380:    -> iterator
        -: 2381:    {
    #####: 2382:      bool __insert_left = (__x != 0 || __p == _M_end()
    %%%%%: 2382-block  0
call    0 never executed
branch  1 never executed
branch  2 never executed
    #####: 2383:			    || _M_impl._M_key_compare(_S_key(__z),
    %%%%%: 2383-block  0
branch  0 never executed
branch  1 never executed
    %%%%%: 2383-block  1
call    2 never executed
call    3 never executed
call    4 never executed
branch  5 never executed
branch  6 never executed
    %%%%%: 2383-block  2
    %%%%%: 2383-block  3
        -: 2384:						      _S_key(__p)));
        -: 2385:
    #####: 2386:      _Rb_tree_insert_and_rebalance(__insert_left, __z, __p,
    #####: 2387:				    this->_M_impl._M_header);
    %%%%%: 2387-block  0
call    0 never executed
    #####: 2388:      ++_M_impl._M_node_count;
    #####: 2389:      return iterator(__z);
call    0 never executed
        -: 2390:    }
------------------
        -: 2391:
        -: 2392:  template<typename _Key, typename _Val, typename _KeyOfValue,
        -: 2393:	   typename _Compare, typename _Alloc>
        -: 2394:    auto
        -: 2395:    _Rb_tree<_Key, _Val, _KeyOfValue, _Compare, _Alloc>::
        -: 2396:    _M_insert_lower_node(_Base_ptr __p, _Link_type __z)
        -: 2397:    -> iterator
        -: 2398:    {
        -: 2399:      bool __insert_left = (__p == _M_end()
        -: 2400:			    || !_M_impl._M_key_compare(_S_key(__p),
        -: 2401:						       _S_key(__z)));
        -: 2402:
        -: 2403:      _Rb_tree_insert_and_rebalance(__insert_left, __z, __p,
        -: 2404:				    this->_M_impl._M_header);
        -: 2405:      ++_M_impl._M_node_count;
        -: 2406:      return iterator(__z);
        -: 2407:    }
        -: 2408:
        -: 2409:  template<typename _Key, typename _Val, typename _KeyOfValue,
        -: 2410:	   typename _Compare, typename _Alloc>
        -: 2411:    auto
        -: 2412:    _Rb_tree<_Key, _Val, _KeyOfValue, _Compare, _Alloc>::
        -: 2413:    _M_insert_equal_lower_node(_Link_type __z)
        -: 2414:    -> iterator
        -: 2415:    {
        -: 2416:      _Link_type __x = _M_begin();
        -: 2417:      _Base_ptr __y = _M_end();
        -: 2418:      while (__x != 0)
        -: 2419:	{
        -: 2420:	  __y = __x;
        -: 2421:	  __x = !_M_impl._M_key_compare(_S_key(__x), _S_key(__z)) ?
        -: 2422:		_S_left(__x) : _S_right(__x);
        -: 2423:	}
        -: 2424:      return _M_insert_lower_node(__y, __z);
        -: 2425:    }
        -: 2426:
        -: 2427:  template<typename _Key, typename _Val, typename _KeyOfValue,
        -: 2428:	   typename _Compare, typename _Alloc>
        -: 2429:    template<typename... _Args>
        -: 2430:      auto
        -: 2431:      _Rb_tree<_Key, _Val, _KeyOfValue, _Compare, _Alloc>::
        -: 2432:      _M_emplace_unique(_Args&&... __args)
        -: 2433:      -> pair<iterator, bool>
        -: 2434:      {
        -: 2435:	_Auto_node __z(*this, std::forward<_Args>(__args)...);
        -: 2436:	auto __res = _M_get_insert_unique_pos(__z._M_key());
        -: 2437:	if (__res.second)
        -: 2438:	  return {__z._M_insert(__res), true};
        -: 2439:	return {iterator(__res.first), false};
        -: 2440:      }
        -: 2441:
        -: 2442:  template<typename _Key, typename _Val, typename _KeyOfValue,
        -: 2443:	   typename _Compare, typename _Alloc>
        -: 2444:    template<typename... _Args>
        -: 2445:      auto
        -: 2446:      _Rb_tree<_Key, _Val, _KeyOfValue, _Compare, _Alloc>::
        -: 2447:      _M_emplace_equal(_Args&&... __args)
        -: 2448:      -> iterator
        -: 2449:      {
        -: 2450:	_Auto_node __z(*this, std::forward<_Args>(__args)...);
        -: 2451:	auto __res = _M_get_insert_equal_pos(__z._M_key());
        -: 2452:	return __z._M_insert(__res);
        -: 2453:      }
        -: 2454:
        -: 2455:  template<typename _Key, typename _Val, typename _KeyOfValue,
        -: 2456:	   typename _Compare, typename _Alloc>
        -: 2457:    template<typename... _Args>
        -: 2458:      auto
    #####: 2459:      _Rb_tree<_Key, _Val, _KeyOfValue, _Compare, _Alloc>::
        -: 2460:      _M_emplace_hint_unique(const_iterator __pos, _Args&&... __args)
        -: 2461:      -> iterator
        -: 2462:      {
    #####: 2463:	_Auto_node __z(*this, std::forward<_Args>(__args)...);
    #####: 2464:	auto __res = _M_get_insert_hint_unique_pos(__pos, __z._M_key());
    #####: 2465:	if (__res.second)
    #####: 2466:	  return __z._M_insert(__res);
    #####: 2467:	return iterator(__res.first);
    #####: 2468:      }
------------------
_ZNSt8_Rb_treeINSt7__cxx1112basic_stringIcSt11char_traitsIcESaIcEEESt4pairIKS5_N7testing8internal34TypeParameterizedTestSuiteRegistry30TypeParameterizedTestSuiteInfoEESt10_Select1stISC_ESt4lessIS5_ESaISC_EE22_M_emplace_hint_uniqueIJS5_SB_EEESt17_Rb_tree_iteratorISC_ESt23_Rb_tree_const_iteratorISC_EDpOT_:
function _ZNSt8_Rb_treeINSt7__cxx1112basic_stringIcSt11char_traitsIcESaIcEEESt4pairIKS5_N7testing8internal34TypeParameterizedTestSuiteRegistry30TypeParameterizedTestSuiteInfoEESt10_Select1stISC_ESt4lessIS5_ESaISC_EE22_M_emplace_hint_uniqueIJS5_SB_EEESt17_Rb_tree_iteratorISC_ESt23_Rb_tree_const_iteratorISC_EDpOT_ called 0 returned 0% blocks executed 0%
    #####: 2459:      _Rb_tree<_Key, _Val, _KeyOfValue, _Compare, _Alloc>::
        -: 2460:      _M_emplace_hint_unique(const_iterator __pos, _Args&&... __args)
        -: 2461:      -> iterator
        -: 2462:      {
    #####: 2463:	_Auto_node __z(*this, std::forward<_Args>(__args)...);
    %%%%%: 2463-block  0
call    0 never executed
call    1 never executed
call    2 never executed
branch  3 never executed
branch  4 never executed
    #####: 2464:	auto __res = _M_get_insert_hint_unique_pos(__pos, __z._M_key());
    %%%%%: 2464-block  0
call    0 never executed
branch  1 never executed
branch  2 never executed
    %%%%%: 2464-block  1
call    3 never executed
branch  4 never executed
branch  5 never executed
    #####: 2465:	if (__res.second)
    %%%%%: 2465-block  0
branch  0 never executed
branch  1 never executed
    #####: 2466:	  return __z._M_insert(__res);
    %%%%%: 2466-block  0
call    0 never executed
branch  1 never executed
branch  2 never executed
    %%%%%: 2466-block  1
    #####: 2467:	return iterator(__res.first);
    %%%%%: 2467-block  0
call    0 never executed
    #####: 2468:      }
    %%%%%: 2468-block  0
call    0 never executed
    $$$$$: 2468-block  1
call    1 never executed
------------------
_ZNSt8_Rb_treeINSt7__cxx1112basic_stringIcSt11char_traitsIcESaIcEEESt4pairIKS5_mESt10_Select1stIS8_ESt4lessIS5_ESaIS8_EE22_M_emplace_hint_uniqueIJRKSt21piecewise_construct_tSt5tupleIJRS7_EESJ_IJEEEEESt17_Rb_tree_iteratorIS8_ESt23_Rb_tree_const_iteratorIS8_EDpOT_:
function _ZNSt8_Rb_treeINSt7__cxx1112basic_stringIcSt11char_traitsIcESaIcEEESt4pairIKS5_mESt10_Select1stIS8_ESt4lessIS5_ESaIS8_EE22_M_emplace_hint_uniqueIJRKSt21piecewise_construct_tSt5tupleIJRS7_EESJ_IJEEEEESt17_Rb_tree_iteratorIS8_ESt23_Rb_tree_const_iteratorIS8_EDpOT_ called 0 returned 0% blocks executed 0%
    #####: 2459:      _Rb_tree<_Key, _Val, _KeyOfValue, _Compare, _Alloc>::
        -: 2460:      _M_emplace_hint_unique(const_iterator __pos, _Args&&... __args)
        -: 2461:      -> iterator
        -: 2462:      {
    #####: 2463:	_Auto_node __z(*this, std::forward<_Args>(__args)...);
    %%%%%: 2463-block  0
call    0 never executed
call    1 never executed
call    2 never executed
call    3 never executed
branch  4 never executed
branch  5 never executed
    #####: 2464:	auto __res = _M_get_insert_hint_unique_pos(__pos, __z._M_key());
    %%%%%: 2464-block  0
call    0 never executed
branch  1 never executed
branch  2 never executed
    %%%%%: 2464-block  1
call    3 never executed
branch  4 never executed
branch  5 never executed
    #####: 2465:	if (__res.second)
    %%%%%: 2465-block  0
branch  0 never executed
branch  1 never executed
    #####: 2466:	  return __z._M_insert(__res);
    %%%%%: 2466-block  0
call    0 never executed
branch  1 never executed
branch  2 never executed
    %%%%%: 2466-block  1
    #####: 2467:	return iterator(__res.first);
    %%%%%: 2467-block  0
call    0 never executed
    #####: 2468:      }
    %%%%%: 2468-block  0
call    0 never executed
    $$$$$: 2468-block  1
call    1 never executed
------------------
        -: 2469:
        -: 2470:  template<typename _Key, typename _Val, typename _KeyOfValue,
        -: 2471:	   typename _Compare, typename _Alloc>
        -: 2472:    template<typename... _Args>
        -: 2473:      auto
        -: 2474:      _Rb_tree<_Key, _Val, _KeyOfValue, _Compare, _Alloc>::
        -: 2475:      _M_emplace_hint_equal(const_iterator __pos, _Args&&... __args)
        -: 2476:      -> iterator
        -: 2477:      {
        -: 2478:	_Auto_node __z(*this, std::forward<_Args>(__args)...);
        -: 2479:	auto __res = _M_get_insert_hint_equal_pos(__pos, __z._M_key());
        -: 2480:	if (__res.second)
        -: 2481:	  return __z._M_insert(__res);
        -: 2482:	return __z._M_insert_equal_lower();
        -: 2483:      }
        -: 2484:#endif
        -: 2485:
        -: 2486:
        -: 2487:  template<typename _Key, typename _Val, typename _KeyOfValue,
        -: 2488:	   typename _Compare, typename _Alloc>
        -: 2489:    void
        -: 2490:    _Rb_tree<_Key, _Val, _KeyOfValue, _Compare, _Alloc>::
        -: 2491:    _M_erase_aux(const_iterator __position)
        -: 2492:    {
        -: 2493:      _Link_type __y =
        -: 2494:	static_cast<_Link_type>(_Rb_tree_rebalance_for_erase
        -: 2495:				(const_cast<_Base_ptr>(__position._M_node),
        -: 2496:				 this->_M_impl._M_header));
        -: 2497:      _M_drop_node(__y);
        -: 2498:      --_M_impl._M_node_count;
        -: 2499:    }
        -: 2500:
        -: 2501:  template<typename _Key, typename _Val, typename _KeyOfValue,
        -: 2502:	   typename _Compare, typename _Alloc>
        -: 2503:    void
        -: 2504:    _Rb_tree<_Key, _Val, _KeyOfValue, _Compare, _Alloc>::
        -: 2505:    _M_erase_aux(const_iterator __first, const_iterator __last)
        -: 2506:    {
        -: 2507:      if (__first == begin() && __last == end())
        -: 2508:	clear();
        -: 2509:      else
        -: 2510:	while (__first != __last)
        -: 2511:	  _M_erase_aux(__first++);
        -: 2512:    }
        -: 2513:
        -: 2514:  template<typename _Key, typename _Val, typename _KeyOfValue,
        -: 2515:	   typename _Compare, typename _Alloc>
        -: 2516:    typename _Rb_tree<_Key, _Val, _KeyOfValue, _Compare, _Alloc>::size_type
        -: 2517:    _Rb_tree<_Key, _Val, _KeyOfValue, _Compare, _Alloc>::
        -: 2518:    erase(const _Key& __x)
        -: 2519:    {
        -: 2520:      pair<iterator, iterator> __p = equal_range(__x);
        -: 2521:      const size_type __old_size = size();
        -: 2522:      _M_erase_aux(__p.first, __p.second);
        -: 2523:      return __old_size - size();
        -: 2524:    }
        -: 2525:
        -: 2526:  template<typename _Key, typename _Val, typename _KeyOfValue,
        -: 2527:	   typename _Compare, typename _Alloc>
        -: 2528:    typename _Rb_tree<_Key, _Val, _KeyOfValue,
        -: 2529:		      _Compare, _Alloc>::iterator
    #####: 2530:    _Rb_tree<_Key, _Val, _KeyOfValue, _Compare, _Alloc>::
        -: 2531:    find(const _Key& __k)
        -: 2532:    {
    #####: 2533:      iterator __j = _M_lower_bound(_M_begin(), _M_end(), __k);
    #####: 2534:      return (__j == end()
    #####: 2535:	      || _M_impl._M_key_compare(__k,
    #####: 2536:					_S_key(__j._M_node))) ? end() : __j;
        -: 2537:    }
------------------
_ZNSt8_Rb_treeINSt7__cxx1112basic_stringIcSt11char_traitsIcESaIcEEESt4pairIKS5_mESt10_Select1stIS8_ESt4lessIS5_ESaIS8_EE4findERS7_:
function _ZNSt8_Rb_treeINSt7__cxx1112basic_stringIcSt11char_traitsIcESaIcEEESt4pairIKS5_mESt10_Select1stIS8_ESt4lessIS5_ESaIS8_EE4findERS7_ called 0 returned 0% blocks executed 0%
    #####: 2530:    _Rb_tree<_Key, _Val, _KeyOfValue, _Compare, _Alloc>::
        -: 2531:    find(const _Key& __k)
        -: 2532:    {
    #####: 2533:      iterator __j = _M_lower_bound(_M_begin(), _M_end(), __k);
    %%%%%: 2533-block  0
call    0 never executed
call    1 never executed
call    2 never executed
branch  3 never executed
branch  4 never executed
    #####: 2534:      return (__j == end()
    %%%%%: 2534-block  0
call    0 never executed
call    1 never executed
    %%%%%: 2534-block  1
    $$$$$: 2534-block  2
    #####: 2535:	      || _M_impl._M_key_compare(__k,
    %%%%%: 2535-block  0
call    0 never executed
branch  1 never executed
branch  2 never executed
    #####: 2536:					_S_key(__j._M_node))) ? end() : __j;
branch  0 never executed
branch  1 never executed
    %%%%%: 2536-block  0
call    2 never executed
branch  3 never executed
branch  4 never executed
    %%%%%: 2536-block  1
call    5 never executed
    %%%%%: 2536-block  2
    %%%%%: 2536-block  3
        -: 2537:    }
------------------
_ZNSt8_Rb_treeINSt7__cxx1112basic_stringIcSt11char_traitsIcESaIcEEESt4pairIKS5_N7testing8internal34TypeParameterizedTestSuiteRegistry30TypeParameterizedTestSuiteInfoEESt10_Select1stISC_ESt4lessIS5_ESaISC_EE4findERS7_:
function _ZNSt8_Rb_treeINSt7__cxx1112basic_stringIcSt11char_traitsIcESaIcEEESt4pairIKS5_N7testing8internal34TypeParameterizedTestSuiteRegistry30TypeParameterizedTestSuiteInfoEESt10_Select1stISC_ESt4lessIS5_ESaISC_EE4findERS7_ called 0 returned 0% blocks executed 0%
    #####: 2530:    _Rb_tree<_Key, _Val, _KeyOfValue, _Compare, _Alloc>::
        -: 2531:    find(const _Key& __k)
        -: 2532:    {
    #####: 2533:      iterator __j = _M_lower_bound(_M_begin(), _M_end(), __k);
    %%%%%: 2533-block  0
call    0 never executed
call    1 never executed
call    2 never executed
branch  3 never executed
branch  4 never executed
    #####: 2534:      return (__j == end()
    %%%%%: 2534-block  0
call    0 never executed
call    1 never executed
    %%%%%: 2534-block  1
    $$$$$: 2534-block  2
    #####: 2535:	      || _M_impl._M_key_compare(__k,
    %%%%%: 2535-block  0
call    0 never executed
branch  1 never executed
branch  2 never executed
    #####: 2536:					_S_key(__j._M_node))) ? end() : __j;
branch  0 never executed
branch  1 never executed
    %%%%%: 2536-block  0
call    2 never executed
branch  3 never executed
branch  4 never executed
    %%%%%: 2536-block  1
call    5 never executed
    %%%%%: 2536-block  2
    %%%%%: 2536-block  3
        -: 2537:    }
------------------
        -: 2538:
        -: 2539:  template<typename _Key, typename _Val, typename _KeyOfValue,
        -: 2540:	   typename _Compare, typename _Alloc>
        -: 2541:    typename _Rb_tree<_Key, _Val, _KeyOfValue,
        -: 2542:		      _Compare, _Alloc>::const_iterator
    #####: 2543:    _Rb_tree<_Key, _Val, _KeyOfValue, _Compare, _Alloc>::
        -: 2544:    find(const _Key& __k) const
        -: 2545:    {
    #####: 2546:      const_iterator __j = _M_lower_bound(_M_begin(), _M_end(), __k);
    #####: 2547:      return (__j == end()
    #####: 2548:	      || _M_impl._M_key_compare(__k,
    #####: 2549:					_S_key(__j._M_node))) ? end() : __j;
        -: 2550:    }
        -: 2551:
        -: 2552:  template<typename _Key, typename _Val, typename _KeyOfValue,
        -: 2553:	   typename _Compare, typename _Alloc>
        -: 2554:    typename _Rb_tree<_Key, _Val, _KeyOfValue, _Compare, _Alloc>::size_type
        -: 2555:    _Rb_tree<_Key, _Val, _KeyOfValue, _Compare, _Alloc>::
        -: 2556:    count(const _Key& __k) const
        -: 2557:    {
        -: 2558:      pair<const_iterator, const_iterator> __p = equal_range(__k);
        -: 2559:      const size_type __n = std::distance(__p.first, __p.second);
        -: 2560:      return __n;
        -: 2561:    }
        -: 2562:
        -: 2563:  _GLIBCXX_PURE unsigned int
        -: 2564:  _Rb_tree_black_count(const _Rb_tree_node_base* __node,
        -: 2565:		       const _Rb_tree_node_base* __root) throw ();
        -: 2566:
        -: 2567:  template<typename _Key, typename _Val, typename _KeyOfValue,
        -: 2568:	   typename _Compare, typename _Alloc>
        -: 2569:    bool
        -: 2570:    _Rb_tree<_Key,_Val,_KeyOfValue,_Compare,_Alloc>::__rb_verify() const
        -: 2571:    {
        -: 2572:      if (_M_impl._M_node_count == 0 || begin() == end())
        -: 2573:	return _M_impl._M_node_count == 0 && begin() == end()
        -: 2574:	       && this->_M_impl._M_header._M_left == _M_end()
        -: 2575:	       && this->_M_impl._M_header._M_right == _M_end();
        -: 2576:
        -: 2577:      unsigned int __len = _Rb_tree_black_count(_M_leftmost(), _M_root());
        -: 2578:      for (const_iterator __it = begin(); __it != end(); ++__it)
        -: 2579:	{
        -: 2580:	  _Const_Link_type __x = static_cast<_Const_Link_type>(__it._M_node);
        -: 2581:	  _Const_Link_type __L = _S_left(__x);
        -: 2582:	  _Const_Link_type __R = _S_right(__x);
        -: 2583:
        -: 2584:	  if (__x->_M_color == _S_red)
        -: 2585:	    if ((__L && __L->_M_color == _S_red)
        -: 2586:		|| (__R && __R->_M_color == _S_red))
        -: 2587:	      return false;
        -: 2588:
        -: 2589:	  if (__L && _M_impl._M_key_compare(_S_key(__x), _S_key(__L)))
        -: 2590:	    return false;
        -: 2591:	  if (__R && _M_impl._M_key_compare(_S_key(__R), _S_key(__x)))
        -: 2592:	    return false;
        -: 2593:
        -: 2594:	  if (!__L && !__R && _Rb_tree_black_count(__x, _M_root()) != __len)
        -: 2595:	    return false;
        -: 2596:	}
        -: 2597:
        -: 2598:      if (_M_leftmost() != _Rb_tree_node_base::_S_minimum(_M_root()))
        -: 2599:	return false;
        -: 2600:      if (_M_rightmost() != _Rb_tree_node_base::_S_maximum(_M_root()))
        -: 2601:	return false;
        -: 2602:      return true;
        -: 2603:    }
        -: 2604:
        -: 2605:#if __cplusplus > 201402L
        -: 2606:  // Allow access to internals of compatible _Rb_tree specializations.
        -: 2607:  template<typename _Key, typename _Val, typename _Sel, typename _Cmp1,
        -: 2608:	   typename _Alloc, typename _Cmp2>
        -: 2609:    struct _Rb_tree_merge_helper<_Rb_tree<_Key, _Val, _Sel, _Cmp1, _Alloc>,
        -: 2610:				 _Cmp2>
        -: 2611:    {
        -: 2612:    private:
        -: 2613:      friend class _Rb_tree<_Key, _Val, _Sel, _Cmp1, _Alloc>;
        -: 2614:
        -: 2615:      static auto&
        -: 2616:      _S_get_impl(_Rb_tree<_Key, _Val, _Sel, _Cmp2, _Alloc>& __tree)
        -: 2617:      { return __tree._M_impl; }
        -: 2618:    };
        -: 2619:#endif // C++17
        -: 2620:
        -: 2621:_GLIBCXX_END_NAMESPACE_VERSION
        -: 2622:} // namespace
        -: 2623:
        -: 2624:#endif
