        -:    0:Source:/opt/homebrew/Cellar/gcc@12/12.4.0/include/c++/12/bits/basic_string.h
        -:    0:Graph:/Users/vadimleonov/Desktop/плюсы/SQL_lib/cmake-build-debug-coverage/lib/CMakeFiles/tests.dir/tests.cpp.gcno
        -:    0:Data:/Users/vadimleonov/Desktop/плюсы/SQL_lib/cmake-build-debug-coverage/lib/CMakeFiles/tests.dir/tests.cpp.gcda
        -:    0:Runs:1
        -:    1:// Components for manipulating sequences of characters -*- C++ -*-
        -:    2:
        -:    3:// Copyright (C) 1997-2022 Free Software Foundation, Inc.
        -:    4://
        -:    5:// This file is part of the GNU ISO C++ Library.  This library is free
        -:    6:// software; you can redistribute it and/or modify it under the
        -:    7:// terms of the GNU General Public License as published by the
        -:    8:// Free Software Foundation; either version 3, or (at your option)
        -:    9:// any later version.
        -:   10:
        -:   11:// This library is distributed in the hope that it will be useful,
        -:   12:// but WITHOUT ANY WARRANTY; without even the implied warranty of
        -:   13:// MERCHANTABILITY or FITNESS FOR A PARTICULAR PURPOSE.  See the
        -:   14:// GNU General Public License for more details.
        -:   15:
        -:   16:// Under Section 7 of GPL version 3, you are granted additional
        -:   17:// permissions described in the GCC Runtime Library Exception, version
        -:   18:// 3.1, as published by the Free Software Foundation.
        -:   19:
        -:   20:// You should have received a copy of the GNU General Public License and
        -:   21:// a copy of the GCC Runtime Library Exception along with this program;
        -:   22:// see the files COPYING3 and COPYING.RUNTIME respectively.  If not, see
        -:   23:// <http://www.gnu.org/licenses/>.
        -:   24:
        -:   25:/** @file bits/basic_string.h
        -:   26: *  This is an internal header file, included by other library headers.
        -:   27: *  Do not attempt to use it directly. @headername{string}
        -:   28: */
        -:   29:
        -:   30://
        -:   31:// ISO C++ 14882: 21 Strings library
        -:   32://
        -:   33:
        -:   34:#ifndef _BASIC_STRING_H
        -:   35:#define _BASIC_STRING_H 1
        -:   36:
        -:   37:#pragma GCC system_header
        -:   38:
        -:   39:#include <ext/alloc_traits.h>
        -:   40:#include <debug/debug.h>
        -:   41:
        -:   42:#if __cplusplus >= 201103L
        -:   43:#include <initializer_list>
        -:   44:#endif
        -:   45:
        -:   46:#if __cplusplus >= 201703L
        -:   47:# include <string_view>
        -:   48:#endif
        -:   49:
        -:   50:#if ! _GLIBCXX_USE_CXX11_ABI
        -:   51:# include "cow_string.h"
        -:   52:#else
        -:   53:namespace std _GLIBCXX_VISIBILITY(default)
        -:   54:{
        -:   55:_GLIBCXX_BEGIN_NAMESPACE_VERSION
        -:   56:_GLIBCXX_BEGIN_NAMESPACE_CXX11
        -:   57:
        -:   58:#ifdef __cpp_lib_is_constant_evaluated
        -:   59:// Support P0980R1 in C++20.
        -:   60:# define __cpp_lib_constexpr_string 201907L
        -:   61:#elif __cplusplus >= 201703L && _GLIBCXX_HAVE_IS_CONSTANT_EVALUATED
        -:   62:// Support P0426R1 changes to char_traits in C++17.
        -:   63:# define __cpp_lib_constexpr_string 201611L
        -:   64:#endif
        -:   65:
        -:   66:  /**
        -:   67:   *  @class basic_string basic_string.h <string>
        -:   68:   *  @brief  Managing sequences of characters and character-like objects.
        -:   69:   *
        -:   70:   *  @ingroup strings
        -:   71:   *  @ingroup sequences
        -:   72:   *  @headerfile string
        -:   73:   *  @since C++98
        -:   74:   *
        -:   75:   *  @tparam _CharT  Type of character
        -:   76:   *  @tparam _Traits  Traits for character type, defaults to
        -:   77:   *                   char_traits<_CharT>.
        -:   78:   *  @tparam _Alloc  Allocator type, defaults to allocator<_CharT>.
        -:   79:   *
        -:   80:   *  Meets the requirements of a <a href="tables.html#65">container</a>, a
        -:   81:   *  <a href="tables.html#66">reversible container</a>, and a
        -:   82:   *  <a href="tables.html#67">sequence</a>.  Of the
        -:   83:   *  <a href="tables.html#68">optional sequence requirements</a>, only
        -:   84:   *  @c push_back, @c at, and @c %array access are supported.
        -:   85:   */
        -:   86:  template<typename _CharT, typename _Traits, typename _Alloc>
        -:   87:    class basic_string
        -:   88:    {
        -:   89:      typedef typename __gnu_cxx::__alloc_traits<_Alloc>::template
        -:   90:	rebind<_CharT>::other _Char_alloc_type;
        -:   91:
        -:   92:#if __cpp_lib_constexpr_string < 201907L
        -:   93:      typedef __gnu_cxx::__alloc_traits<_Char_alloc_type> _Alloc_traits;
        -:   94:#else
        -:   95:      template<typename _Traits2, typename _Dummy_for_PR85282>
        -:   96:	struct _Alloc_traits_impl : __gnu_cxx::__alloc_traits<_Char_alloc_type>
        -:   97:	{
        -:   98:	  typedef __gnu_cxx::__alloc_traits<_Char_alloc_type> _Base;
        -:   99:
        -:  100:	  [[__gnu__::__always_inline__]]
        -:  101:	  static constexpr typename _Base::pointer
        -:  102:	  allocate(_Char_alloc_type& __a, typename _Base::size_type __n)
        -:  103:	  {
        -:  104:	    pointer __p = _Base::allocate(__a, __n);
        -:  105:	    if (std::is_constant_evaluated())
        -:  106:	      // Begin the lifetime of characters in allocated storage.
        -:  107:	      for (size_type __i = 0; __i < __n; ++__i)
        -:  108:		std::construct_at(__builtin_addressof(__p[__i]));
        -:  109:	    return __p;
        -:  110:	  }
        -:  111:	};
        -:  112:
        -:  113:      template<typename _Dummy_for_PR85282>
        -:  114:	struct _Alloc_traits_impl<char_traits<_CharT>, _Dummy_for_PR85282>
        -:  115:	: __gnu_cxx::__alloc_traits<_Char_alloc_type>
        -:  116:	{
        -:  117:	  // std::char_traits begins the lifetime of characters.
        -:  118:	};
        -:  119:
        -:  120:      using _Alloc_traits = _Alloc_traits_impl<_Traits, void>;
        -:  121:#endif
        -:  122:
        -:  123:      // Types:
        -:  124:    public:
        -:  125:      typedef _Traits					traits_type;
        -:  126:      typedef typename _Traits::char_type		value_type;
        -:  127:      typedef _Char_alloc_type				allocator_type;
        -:  128:      typedef typename _Alloc_traits::size_type		size_type;
        -:  129:      typedef typename _Alloc_traits::difference_type	difference_type;
        -:  130:      typedef typename _Alloc_traits::reference		reference;
        -:  131:      typedef typename _Alloc_traits::const_reference	const_reference;
        -:  132:      typedef typename _Alloc_traits::pointer		pointer;
        -:  133:      typedef typename _Alloc_traits::const_pointer	const_pointer;
        -:  134:      typedef __gnu_cxx::__normal_iterator<pointer, basic_string>  iterator;
        -:  135:      typedef __gnu_cxx::__normal_iterator<const_pointer, basic_string>
        -:  136:							const_iterator;
        -:  137:      typedef std::reverse_iterator<const_iterator>	const_reverse_iterator;
        -:  138:      typedef std::reverse_iterator<iterator>		reverse_iterator;
        -:  139:
        -:  140:      ///  Value returned by various member functions when they fail.
        -:  141:      static const size_type	npos = static_cast<size_type>(-1);
        -:  142:
        -:  143:    protected:
        -:  144:      // type used for positions in insert, erase etc.
        -:  145:#if __cplusplus < 201103L
        -:  146:      typedef iterator __const_iterator;
        -:  147:#else
        -:  148:      typedef const_iterator __const_iterator;
        -:  149:#endif
        -:  150:
        -:  151:    private:
        -:  152:#if __cplusplus >= 201703L
        -:  153:      // A helper type for avoiding boiler-plate.
        -:  154:      typedef basic_string_view<_CharT, _Traits> __sv_type;
        -:  155:
        -:  156:      template<typename _Tp, typename _Res>
        -:  157:	using _If_sv = enable_if_t<
        -:  158:	  __and_<is_convertible<const _Tp&, __sv_type>,
        -:  159:		 __not_<is_convertible<const _Tp*, const basic_string*>>,
        -:  160:		 __not_<is_convertible<const _Tp&, const _CharT*>>>::value,
        -:  161:	  _Res>;
        -:  162:
        -:  163:      // Allows an implicit conversion to __sv_type.
        -:  164:      _GLIBCXX20_CONSTEXPR
        -:  165:      static __sv_type
        -:  166:      _S_to_string_view(__sv_type __svt) noexcept
        -:  167:      { return __svt; }
        -:  168:
        -:  169:      // Wraps a string_view by explicit conversion and thus
        -:  170:      // allows to add an internal constructor that does not
        -:  171:      // participate in overload resolution when a string_view
        -:  172:      // is provided.
        -:  173:      struct __sv_wrapper
        -:  174:      {
        -:  175:	_GLIBCXX20_CONSTEXPR explicit
        -:  176:	__sv_wrapper(__sv_type __sv) noexcept : _M_sv(__sv) { }
        -:  177:
        -:  178:	__sv_type _M_sv;
        -:  179:      };
        -:  180:
        -:  181:      /**
        -:  182:       *  @brief  Only internally used: Construct string from a string view
        -:  183:       *          wrapper.
        -:  184:       *  @param  __svw  string view wrapper.
        -:  185:       *  @param  __a  Allocator to use.
        -:  186:       */
        -:  187:      _GLIBCXX20_CONSTEXPR
        -:  188:      explicit
        -:  189:      basic_string(__sv_wrapper __svw, const _Alloc& __a)
        -:  190:      : basic_string(__svw._M_sv.data(), __svw._M_sv.size(), __a) { }
        -:  191:#endif
        -:  192:
        -:  193:      // Use empty-base optimization: http://www.cantrip.org/emptyopt.html
        -:  194:      struct _Alloc_hider : allocator_type // TODO check __is_final
        -:  195:      {
        -:  196:#if __cplusplus < 201103L
        -:  197:	_Alloc_hider(pointer __dat, const _Alloc& __a = _Alloc())
        -:  198:	: allocator_type(__a), _M_p(__dat) { }
        -:  199:#else
        -:  200:	_GLIBCXX20_CONSTEXPR
function _ZNSt7__cxx1112basic_stringIcSt11char_traitsIcESaIcEE12_Alloc_hiderC1EPcRKS3_ called 28 returned 100% blocks executed 100%
       28:  201:	_Alloc_hider(pointer __dat, const _Alloc& __a)
       28:  202:	: allocator_type(__a), _M_p(__dat) { }
       28:  202-block  0
call    0 returned 28
        -:  203:
        -:  204:	_GLIBCXX20_CONSTEXPR
function _ZNSt7__cxx1112basic_stringIcSt11char_traitsIcESaIcEE12_Alloc_hiderC1EPcOS3_ called 154 returned 100% blocks executed 100%
      154:  205:	_Alloc_hider(pointer __dat, _Alloc&& __a = _Alloc())
      154:  206:	: allocator_type(std::move(__a)), _M_p(__dat) { }
      154:  206-block  0
call    0 returned 154
call    1 returned 154
        -:  207:#endif
        -:  208:
        -:  209:	pointer _M_p; // The actual data.
        -:  210:      };
        -:  211:
        -:  212:      _Alloc_hider	_M_dataplus;
        -:  213:      size_type		_M_string_length;
        -:  214:
        -:  215:      enum { _S_local_capacity = 15 / sizeof(_CharT) };
        -:  216:
        -:  217:      union
        -:  218:      {
        -:  219:	_CharT           _M_local_buf[_S_local_capacity + 1];
        -:  220:	size_type        _M_allocated_capacity;
        -:  221:      };
        -:  222:
        -:  223:      _GLIBCXX20_CONSTEXPR
        -:  224:      void
function _ZNSt7__cxx1112basic_stringIcSt11char_traitsIcESaIcEE7_M_dataEPc called 282 returned 100% blocks executed 100%
      282:  225:      _M_data(pointer __p)
      282:  226:      { _M_dataplus._M_p = __p; }
        -:  227:
        -:  228:      _GLIBCXX20_CONSTEXPR
        -:  229:      void
function _ZNSt7__cxx1112basic_stringIcSt11char_traitsIcESaIcEE9_M_lengthEm called 1664 returned 100% blocks executed 100%
     1664:  230:      _M_length(size_type __length)
     1664:  231:      { _M_string_length = __length; }
        -:  232:
        -:  233:      _GLIBCXX20_CONSTEXPR
        -:  234:      pointer
function _ZNKSt7__cxx1112basic_stringIcSt11char_traitsIcESaIcEE7_M_dataEv called 5786 returned 100% blocks executed 100%
     5786:  235:      _M_data() const
     5786:  236:      { return _M_dataplus._M_p; }
     5786:  236-block  0
        -:  237:
        -:  238:      _GLIBCXX20_CONSTEXPR
        -:  239:      pointer
function _ZNSt7__cxx1112basic_stringIcSt11char_traitsIcESaIcEE13_M_local_dataEv called 419 returned 100% blocks executed 100%
      419:  240:      _M_local_data()
        -:  241:      {
        -:  242:#if __cplusplus >= 201103L
      419:  243:	return std::pointer_traits<pointer>::pointer_to(*_M_local_buf);
      419:  243-block  0
call    0 returned 419
        -:  244:#else
        -:  245:	return pointer(_M_local_buf);
        -:  246:#endif
        -:  247:      }
        -:  248:
        -:  249:      _GLIBCXX20_CONSTEXPR
        -:  250:      const_pointer
function _ZNKSt7__cxx1112basic_stringIcSt11char_traitsIcESaIcEE13_M_local_dataEv called 1886 returned 100% blocks executed 100%
     1886:  251:      _M_local_data() const
        -:  252:      {
        -:  253:#if __cplusplus >= 201103L
     1886:  254:	return std::pointer_traits<const_pointer>::pointer_to(*_M_local_buf);
     1886:  254-block  0
call    0 returned 1886
        -:  255:#else
        -:  256:	return const_pointer(_M_local_buf);
        -:  257:#endif
        -:  258:      }
        -:  259:
        -:  260:      _GLIBCXX20_CONSTEXPR
        -:  261:      void
function _ZNSt7__cxx1112basic_stringIcSt11char_traitsIcESaIcEE11_M_capacityEm called 174 returned 100% blocks executed 100%
      174:  262:      _M_capacity(size_type __capacity)
      174:  263:      { _M_allocated_capacity = __capacity; }
        -:  264:
        -:  265:      _GLIBCXX20_CONSTEXPR
        -:  266:      void
function _ZNSt7__cxx1112basic_stringIcSt11char_traitsIcESaIcEE13_M_set_lengthEm called 1525 returned 100% blocks executed 100%
     1525:  267:      _M_set_length(size_type __n)
        -:  268:      {
     1525:  269:	_M_length(__n);
     1525:  269-block  0
call    0 returned 1525
     1525:  270:	traits_type::assign(_M_data()[__n], _CharT());
call    0 returned 1525
call    1 returned 1525
     1525:  271:      }
        -:  272:
        -:  273:      _GLIBCXX20_CONSTEXPR
        -:  274:      bool
function _ZNKSt7__cxx1112basic_stringIcSt11char_traitsIcESaIcEE11_M_is_localEv called 1886 returned 100% blocks executed 88%
     1886:  275:      _M_is_local() const
        -:  276:      {
     1886:  277:	if (_M_data() == _M_local_data())
     1886:  277-block  0
call    0 returned 1886
call    1 returned 1886
branch  2 taken 423 (fallthrough)
branch  3 taken 1463
        -:  278:	  {
      423:  279:	    if (_M_string_length > _S_local_capacity)
      423:  279-block  0
branch  0 taken 0 (fallthrough)
branch  1 taken 423
    #####:  280:	      __builtin_unreachable();
    %%%%%:  280-block  0
call    0 never executed
      423:  281:	    return true;
      423:  281-block  0
        -:  282:	  }
     1463:  283:	return false;
     1463:  283-block  0
        -:  284:      }
        -:  285:
        -:  286:      // Create & Destroy
        -:  287:      _GLIBCXX20_CONSTEXPR
        -:  288:      pointer
        -:  289:      _M_create(size_type&, size_type);
        -:  290:
        -:  291:      _GLIBCXX20_CONSTEXPR
        -:  292:      void
function _ZNSt7__cxx1112basic_stringIcSt11char_traitsIcESaIcEE10_M_disposeEv called 309 returned 100% blocks executed 100%
      309:  293:      _M_dispose()
        -:  294:      {
      309:  295:	if (!_M_is_local())
      309:  295-block  0
call    0 returned 309
branch  1 taken 98 (fallthrough)
branch  2 taken 211
       98:  296:	  _M_destroy(_M_allocated_capacity);
       98:  296-block  0
call    0 returned 98
      309:  297:      }
        -:  298:
        -:  299:      _GLIBCXX20_CONSTEXPR
        -:  300:      void
function _ZNSt7__cxx1112basic_stringIcSt11char_traitsIcESaIcEE10_M_destroyEm called 98 returned 100% blocks executed 100%
       98:  301:      _M_destroy(size_type __size) throw()
       98:  302:      { _Alloc_traits::deallocate(_M_get_allocator(), _M_data(), __size + 1); }
       98:  302-block  0
call    0 returned 98
call    1 returned 98
call    2 returned 98
        -:  303:
        -:  304:#if __cplusplus < 201103L || defined _GLIBCXX_DEFINING_STRING_INSTANTIATIONS
        -:  305:      // _M_construct_aux is used to implement the 21.3.1 para 15 which
        -:  306:      // requires special behaviour if _InIterator is an integral type
        -:  307:      template<typename _InIterator>
        -:  308:        void
        -:  309:        _M_construct_aux(_InIterator __beg, _InIterator __end,
        -:  310:			 std::__false_type)
        -:  311:	{
        -:  312:          typedef typename iterator_traits<_InIterator>::iterator_category _Tag;
        -:  313:          _M_construct(__beg, __end, _Tag());
        -:  314:	}
        -:  315:
        -:  316:      // _GLIBCXX_RESOLVE_LIB_DEFECTS
        -:  317:      // 438. Ambiguity in the "do the right thing" clause
        -:  318:      template<typename _Integer>
        -:  319:        void
        -:  320:        _M_construct_aux(_Integer __beg, _Integer __end, std::__true_type)
        -:  321:	{ _M_construct_aux_2(static_cast<size_type>(__beg), __end); }
        -:  322:
        -:  323:      void
        -:  324:      _M_construct_aux_2(size_type __req, _CharT __c)
        -:  325:      { _M_construct(__req, __c); }
        -:  326:#endif
        -:  327:
        -:  328:      // For Input Iterators, used in istreambuf_iterators, etc.
        -:  329:      template<typename _InIterator>
        -:  330:	_GLIBCXX20_CONSTEXPR
        -:  331:        void
        -:  332:        _M_construct(_InIterator __beg, _InIterator __end,
        -:  333:		     std::input_iterator_tag);
        -:  334:
        -:  335:      // For forward_iterators up to random_access_iterators, used for
        -:  336:      // string::iterator, _CharT*, etc.
        -:  337:      template<typename _FwdIterator>
        -:  338:	_GLIBCXX20_CONSTEXPR
        -:  339:        void
        -:  340:        _M_construct(_FwdIterator __beg, _FwdIterator __end,
        -:  341:		     std::forward_iterator_tag);
        -:  342:
        -:  343:      _GLIBCXX20_CONSTEXPR
        -:  344:      void
        -:  345:      _M_construct(size_type __req, _CharT __c);
        -:  346:
        -:  347:      _GLIBCXX20_CONSTEXPR
        -:  348:      allocator_type&
function _ZNSt7__cxx1112basic_stringIcSt11char_traitsIcESaIcEE16_M_get_allocatorEv called 342 returned 100% blocks executed 100%
      342:  349:      _M_get_allocator()
      342:  350:      { return _M_dataplus; }
      342:  350-block  0
        -:  351:
        -:  352:      _GLIBCXX20_CONSTEXPR
        -:  353:      const allocator_type&
function _ZNKSt7__cxx1112basic_stringIcSt11char_traitsIcESaIcEE16_M_get_allocatorEv called 208 returned 100% blocks executed 100%
      208:  354:      _M_get_allocator() const
      208:  355:      { return _M_dataplus; }
      208:  355-block  0
        -:  356:
        -:  357:      // Ensure that _M_local_buf is the active member of the union.
        -:  358:      __attribute__((__always_inline__))
        -:  359:      _GLIBCXX14_CONSTEXPR
        -:  360:      pointer
        -:  361:      _M_use_local_data() _GLIBCXX_NOEXCEPT
        -:  362:      {
        -:  363:#if __cpp_lib_is_constant_evaluated
     206*:  364:	if (std::is_constant_evaluated())
call    0 never executed
branch  1 never executed
branch  2 never executed
       28:  364-block  0
call    3 returned 28
branch  4 taken 0 (fallthrough)
branch  5 taken 28
        9:  364-block  1
call    6 returned 9
branch  7 taken 0 (fallthrough)
branch  8 taken 9
branch  9 taken 0 (fallthrough)
branch 10 taken 55
       38:  364-block  2
call   11 returned 38
branch 12 taken 0 (fallthrough)
branch 13 taken 38
call   14 returned 76
branch 15 taken 0 (fallthrough)
branch 16 taken 76
    #####:  365:	  for (size_type __i = 0; __i <= _S_local_capacity; ++__i)
    %%%%%:  365-block  0
    %%%%%:  365-block  1
branch  0 never executed
branch  1 never executed
    %%%%%:  365-block  2
    %%%%%:  365-block  3
branch  2 never executed
branch  3 never executed
    %%%%%:  365-block  4
    %%%%%:  365-block  5
branch  4 never executed
branch  5 never executed
    %%%%%:  365-block  6
    %%%%%:  365-block  7
branch  6 never executed
branch  7 never executed
    %%%%%:  365-block  8
    %%%%%:  365-block  9
branch  8 never executed
branch  9 never executed
    %%%%%:  365-block 10
    %%%%%:  365-block 11
branch 10 never executed
branch 11 never executed
    #####:  366:	    _M_local_buf[__i] = _CharT();
    %%%%%:  366-block  0
    %%%%%:  366-block  1
    %%%%%:  366-block  2
    %%%%%:  366-block  3
    %%%%%:  366-block  4
    %%%%%:  366-block  5
        -:  367:#endif
     206*:  368:	return _M_local_data();
    %%%%%:  368-block  0
call    0 never executed
       28:  368-block  1
call    1 returned 28
        9:  368-block  2
call    2 returned 9
       55:  368-block  3
call    3 returned 55
       38:  368-block  4
call    4 returned 38
       76:  368-block  5
call    5 returned 76
        -:  369:      }
        -:  370:
        -:  371:    private:
        -:  372:
        -:  373:#ifdef _GLIBCXX_DISAMBIGUATE_REPLACE_INST
        -:  374:      // The explicit instantiations in misc-inst.cc require this due to
        -:  375:      // https://gcc.gnu.org/bugzilla/show_bug.cgi?id=64063
        -:  376:      template<typename _Tp, bool _Requires =
        -:  377:	       !__are_same<_Tp, _CharT*>::__value
        -:  378:	       && !__are_same<_Tp, const _CharT*>::__value
        -:  379:	       && !__are_same<_Tp, iterator>::__value
        -:  380:	       && !__are_same<_Tp, const_iterator>::__value>
        -:  381:	struct __enable_if_not_native_iterator
        -:  382:	{ typedef basic_string& __type; };
        -:  383:      template<typename _Tp>
        -:  384:	struct __enable_if_not_native_iterator<_Tp, false> { };
        -:  385:#endif
        -:  386:
        -:  387:      _GLIBCXX20_CONSTEXPR
        -:  388:      size_type
        -:  389:      _M_check(size_type __pos, const char* __s) const
        -:  390:      {
        -:  391:	if (__pos > this->size())
        -:  392:	  __throw_out_of_range_fmt(__N("%s: __pos (which is %zu) > "
        -:  393:				       "this->size() (which is %zu)"),
        -:  394:				   __s, __pos, this->size());
        -:  395:	return __pos;
        -:  396:      }
        -:  397:
        -:  398:      _GLIBCXX20_CONSTEXPR
        -:  399:      void
        -:  400:      _M_check_length(size_type __n1, size_type __n2, const char* __s) const
        -:  401:      {
        -:  402:	if (this->max_size() - (this->size() - __n1) < __n2)
        -:  403:	  __throw_length_error(__N(__s));
        -:  404:      }
        -:  405:
        -:  406:
        -:  407:      // NB: _M_limit doesn't check for a bad __pos value.
        -:  408:      _GLIBCXX20_CONSTEXPR
        -:  409:      size_type
        -:  410:      _M_limit(size_type __pos, size_type __off) const _GLIBCXX_NOEXCEPT
        -:  411:      {
        -:  412:	const bool __testoff =  __off < this->size() - __pos;
        -:  413:	return __testoff ? __off : this->size() - __pos;
        -:  414:      }
        -:  415:
        -:  416:      // True if _Rep and source do not overlap.
        -:  417:      bool
        -:  418:      _M_disjunct(const _CharT* __s) const _GLIBCXX_NOEXCEPT
        -:  419:      {
        -:  420:	return (less<const _CharT*>()(__s, _M_data())
        -:  421:		|| less<const _CharT*>()(_M_data() + this->size(), __s));
        -:  422:      }
        -:  423:
        -:  424:      // When __n = 1 way faster than the general multichar
        -:  425:      // traits_type::copy/move/assign.
        -:  426:      _GLIBCXX20_CONSTEXPR
        -:  427:      static void
function _ZNSt7__cxx1112basic_stringIcSt11char_traitsIcESaIcEE7_S_copyEPcPKcm called 210 returned 100% blocks executed 100%
      210:  428:      _S_copy(_CharT* __d, const _CharT* __s, size_type __n)
        -:  429:      {
      210:  430:	if (__n == 1)
      210:  430-block  0
branch  0 taken 86 (fallthrough)
branch  1 taken 124
       86:  431:	  traits_type::assign(*__d, *__s);
       86:  431-block  0
call    0 returned 86
        -:  432:	else
      124:  433:	  traits_type::copy(__d, __s, __n);
      124:  433-block  0
call    0 returned 124
      210:  434:      }
        -:  435:
        -:  436:      _GLIBCXX20_CONSTEXPR
        -:  437:      static void
        -:  438:      _S_move(_CharT* __d, const _CharT* __s, size_type __n)
        -:  439:      {
        -:  440:	if (__n == 1)
        -:  441:	  traits_type::assign(*__d, *__s);
        -:  442:	else
        -:  443:	  traits_type::move(__d, __s, __n);
        -:  444:      }
        -:  445:
        -:  446:      _GLIBCXX20_CONSTEXPR
        -:  447:      static void
        -:  448:      _S_assign(_CharT* __d, size_type __n, _CharT __c)
        -:  449:      {
        -:  450:	if (__n == 1)
        -:  451:	  traits_type::assign(*__d, __c);
        -:  452:	else
        -:  453:	  traits_type::assign(__d, __n, __c);
        -:  454:      }
        -:  455:
        -:  456:      // _S_copy_chars is a separate template to permit specialization
        -:  457:      // to optimize for the common case of pointers as iterators.
        -:  458:      template<class _Iterator>
        -:  459:	_GLIBCXX20_CONSTEXPR
        -:  460:        static void
        -:  461:        _S_copy_chars(_CharT* __p, _Iterator __k1, _Iterator __k2)
        -:  462:        {
        -:  463:	  for (; __k1 != __k2; ++__k1, (void)++__p)
        -:  464:	    traits_type::assign(*__p, *__k1); // These types are off.
        -:  465:	}
        -:  466:
        -:  467:      _GLIBCXX20_CONSTEXPR
        -:  468:      static void
        -:  469:      _S_copy_chars(_CharT* __p, iterator __k1, iterator __k2) _GLIBCXX_NOEXCEPT
        -:  470:      { _S_copy_chars(__p, __k1.base(), __k2.base()); }
        -:  471:
        -:  472:      _GLIBCXX20_CONSTEXPR
        -:  473:      static void
        -:  474:      _S_copy_chars(_CharT* __p, const_iterator __k1, const_iterator __k2)
        -:  475:      _GLIBCXX_NOEXCEPT
        -:  476:      { _S_copy_chars(__p, __k1.base(), __k2.base()); }
        -:  477:
        -:  478:      _GLIBCXX20_CONSTEXPR
        -:  479:      static void
function _ZNSt7__cxx1112basic_stringIcSt11char_traitsIcESaIcEE13_S_copy_charsEPcS5_S5_ called 13 returned 100% blocks executed 100%
       13:  480:      _S_copy_chars(_CharT* __p, _CharT* __k1, _CharT* __k2) _GLIBCXX_NOEXCEPT
       13:  481:      { _S_copy(__p, __k1, __k2 - __k1); }
       13:  481-block  0
call    0 returned 13
        -:  482:
        -:  483:      _GLIBCXX20_CONSTEXPR
        -:  484:      static void
function _ZNSt7__cxx1112basic_stringIcSt11char_traitsIcESaIcEE13_S_copy_charsEPcPKcS7_ called 38 returned 100% blocks executed 100%
       38:  485:      _S_copy_chars(_CharT* __p, const _CharT* __k1, const _CharT* __k2)
        -:  486:      _GLIBCXX_NOEXCEPT
       38:  487:      { _S_copy(__p, __k1, __k2 - __k1); }
       38:  487-block  0
call    0 returned 38
        -:  488:
        -:  489:      _GLIBCXX20_CONSTEXPR
        -:  490:      static int
function _ZNSt7__cxx1112basic_stringIcSt11char_traitsIcESaIcEE10_S_compareEmm called 2 returned 100% blocks executed 67%
        2:  491:      _S_compare(size_type __n1, size_type __n2) _GLIBCXX_NOEXCEPT
        -:  492:      {
        2:  493:	const difference_type __d = difference_type(__n1 - __n2);
        -:  494:
        2:  495:	if (__d > __gnu_cxx::__numeric_traits<int>::__max)
        2:  495-block  0
branch  0 taken 0 (fallthrough)
branch  1 taken 2
    #####:  496:	  return __gnu_cxx::__numeric_traits<int>::__max;
    %%%%%:  496-block  0
        2:  497:	else if (__d < __gnu_cxx::__numeric_traits<int>::__min)
        2:  497-block  0
branch  0 taken 0 (fallthrough)
branch  1 taken 2
    #####:  498:	  return __gnu_cxx::__numeric_traits<int>::__min;
    %%%%%:  498-block  0
        -:  499:	else
        2:  500:	  return int(__d);
        2:  500-block  0
        -:  501:      }
        -:  502:
        -:  503:      _GLIBCXX20_CONSTEXPR
        -:  504:      void
        -:  505:      _M_assign(const basic_string&);
        -:  506:
        -:  507:      _GLIBCXX20_CONSTEXPR
        -:  508:      void
        -:  509:      _M_mutate(size_type __pos, size_type __len1, const _CharT* __s,
        -:  510:		size_type __len2);
        -:  511:
        -:  512:      _GLIBCXX20_CONSTEXPR
        -:  513:      void
        -:  514:      _M_erase(size_type __pos, size_type __n);
        -:  515:
        -:  516:    public:
        -:  517:      // Construct/copy/destroy:
        -:  518:      // NB: We overload ctors in some cases instead of using default
        -:  519:      // arguments, per 17.4.4.4 para. 2 item 2.
        -:  520:
        -:  521:      /**
        -:  522:       *  @brief  Default constructor creates an empty string.
        -:  523:       */
        -:  524:      _GLIBCXX20_CONSTEXPR
function _ZNSt7__cxx1112basic_stringIcSt11char_traitsIcESaIcEEC1Ev called 55 returned 100% blocks executed 77%
       55:  525:      basic_string()
        -:  526:      _GLIBCXX_NOEXCEPT_IF(is_nothrow_default_constructible<_Alloc>::value)
       55:  527:      : _M_dataplus(_M_local_data())
       55:  527-block  0
call    0 returned 55
call    1 returned 55
call    2 returned 55
call    3 returned 55
call    4 returned 55
        -:  528:      {
        -:  529:	_M_use_local_data();
       55:  530:	_M_set_length(0);
       55:  530-block  0
call    0 returned 55
       55:  531:      }
        -:  532:
        -:  533:      /**
        -:  534:       *  @brief  Construct an empty string using allocator @a a.
        -:  535:       */
        -:  536:      _GLIBCXX20_CONSTEXPR
        -:  537:      explicit
        -:  538:      basic_string(const _Alloc& __a) _GLIBCXX_NOEXCEPT
        -:  539:      : _M_dataplus(_M_local_data(), __a)
        -:  540:      {
        -:  541:	_M_use_local_data();
        -:  542:	_M_set_length(0);
        -:  543:      }
        -:  544:
        -:  545:      /**
        -:  546:       *  @brief  Construct string with copy of value of @a __str.
        -:  547:       *  @param  __str  Source string.
        -:  548:       */
        -:  549:      _GLIBCXX20_CONSTEXPR
function _ZNSt7__cxx1112basic_stringIcSt11char_traitsIcESaIcEEC1ERKS4_ called 13 returned 100% blocks executed 85%
       13:  550:      basic_string(const basic_string& __str)
       26:  551:      : _M_dataplus(_M_local_data(),
       13:  551-block  0
call    0 returned 13
call    1 returned 13
branch  2 taken 13 (fallthrough)
branch  3 taken 0 (throw)
       13:  551-block  1
call    4 returned 13
call    5 returned 13
    $$$$$:  551-block  2
call    6 never executed
       13:  552:		    _Alloc_traits::_S_select_on_copy(__str._M_get_allocator()))
call    0 returned 13
        -:  553:      {
       13:  554:	_M_construct(__str._M_data(), __str._M_data() + __str.length(),
call    0 returned 13
call    1 returned 13
call    2 returned 13
call    3 returned 13
branch  4 taken 13 (fallthrough)
branch  5 taken 0 (throw)
        -:  555:		     std::forward_iterator_tag());
       13:  556:      }
       13:  556-block  0
    $$$$$:  556-block  1
call    0 never executed
        -:  557:
        -:  558:      // _GLIBCXX_RESOLVE_LIB_DEFECTS
        -:  559:      // 2583. no way to supply an allocator for basic_string(str, pos)
        -:  560:      /**
        -:  561:       *  @brief  Construct string as copy of a substring.
        -:  562:       *  @param  __str  Source string.
        -:  563:       *  @param  __pos  Index of first character to copy from.
        -:  564:       *  @param  __a  Allocator to use.
        -:  565:       */
        -:  566:      _GLIBCXX20_CONSTEXPR
        -:  567:      basic_string(const basic_string& __str, size_type __pos,
        -:  568:		   const _Alloc& __a = _Alloc())
        -:  569:      : _M_dataplus(_M_local_data(), __a)
        -:  570:      {
        -:  571:	const _CharT* __start = __str._M_data()
        -:  572:	  + __str._M_check(__pos, "basic_string::basic_string");
        -:  573:	_M_construct(__start, __start + __str._M_limit(__pos, npos),
        -:  574:		     std::forward_iterator_tag());
        -:  575:      }
        -:  576:
        -:  577:      /**
        -:  578:       *  @brief  Construct string as copy of a substring.
        -:  579:       *  @param  __str  Source string.
        -:  580:       *  @param  __pos  Index of first character to copy from.
        -:  581:       *  @param  __n  Number of characters to copy.
        -:  582:       */
        -:  583:      _GLIBCXX20_CONSTEXPR
        -:  584:      basic_string(const basic_string& __str, size_type __pos,
        -:  585:		   size_type __n)
        -:  586:      : _M_dataplus(_M_local_data())
        -:  587:      {
        -:  588:	const _CharT* __start = __str._M_data()
        -:  589:	  + __str._M_check(__pos, "basic_string::basic_string");
        -:  590:	_M_construct(__start, __start + __str._M_limit(__pos, __n),
        -:  591:		     std::forward_iterator_tag());
        -:  592:      }
        -:  593:
        -:  594:      /**
        -:  595:       *  @brief  Construct string as copy of a substring.
        -:  596:       *  @param  __str  Source string.
        -:  597:       *  @param  __pos  Index of first character to copy from.
        -:  598:       *  @param  __n  Number of characters to copy.
        -:  599:       *  @param  __a  Allocator to use.
        -:  600:       */
        -:  601:      _GLIBCXX20_CONSTEXPR
        -:  602:      basic_string(const basic_string& __str, size_type __pos,
        -:  603:		   size_type __n, const _Alloc& __a)
        -:  604:      : _M_dataplus(_M_local_data(), __a)
        -:  605:      {
        -:  606:	const _CharT* __start
        -:  607:	  = __str._M_data() + __str._M_check(__pos, "string::string");
        -:  608:	_M_construct(__start, __start + __str._M_limit(__pos, __n),
        -:  609:		     std::forward_iterator_tag());
        -:  610:      }
        -:  611:
        -:  612:      /**
        -:  613:       *  @brief  Construct string initialized by a character %array.
        -:  614:       *  @param  __s  Source character %array.
        -:  615:       *  @param  __n  Number of characters to copy.
        -:  616:       *  @param  __a  Allocator to use (default is default allocator).
        -:  617:       *
        -:  618:       *  NB: @a __s must have at least @a __n characters, &apos;\\0&apos;
        -:  619:       *  has no special meaning.
        -:  620:       */
        -:  621:      _GLIBCXX20_CONSTEXPR
        -:  622:      basic_string(const _CharT* __s, size_type __n,
        -:  623:		   const _Alloc& __a = _Alloc())
        -:  624:      : _M_dataplus(_M_local_data(), __a)
        -:  625:      {
        -:  626:	// NB: Not required, but considered best practice.
        -:  627:	if (__s == 0 && __n > 0)
        -:  628:	  std::__throw_logic_error(__N("basic_string: "
        -:  629:				       "construction from null is not valid"));
        -:  630:	_M_construct(__s, __s + __n, std::forward_iterator_tag());
        -:  631:      }
        -:  632:
        -:  633:      /**
        -:  634:       *  @brief  Construct string as copy of a C string.
        -:  635:       *  @param  __s  Source C string.
        -:  636:       *  @param  __a  Allocator to use (default is default allocator).
        -:  637:       */
        -:  638:#if __cpp_deduction_guides && ! defined _GLIBCXX_DEFINING_STRING_INSTANTIATIONS
        -:  639:      // _GLIBCXX_RESOLVE_LIB_DEFECTS
        -:  640:      // 3076. basic_string CTAD ambiguity
        -:  641:      template<typename = _RequireAllocator<_Alloc>>
        -:  642:#endif
        -:  643:      _GLIBCXX20_CONSTEXPR
function _ZNSt7__cxx1112basic_stringIcSt11char_traitsIcESaIcEEC1IS3_EEPKcRKS3_ called 28 returned 100% blocks executed 78%
       28:  644:      basic_string(const _CharT* __s, const _Alloc& __a = _Alloc())
       28:  645:      : _M_dataplus(_M_local_data(), __a)
       28:  645-block  0
call    0 returned 28
call    1 returned 28
        -:  646:      {
        -:  647:	// NB: Not required, but considered best practice.
       28:  648:	if (__s == 0)
branch  0 taken 0 (fallthrough)
branch  1 taken 28
    #####:  649:	  std::__throw_logic_error(__N("basic_string: "
    %%%%%:  649-block  0
call    0 never executed
        -:  650:				       "construction from null is not valid"));
       28:  651:	const _CharT* __end = __s + traits_type::length(__s);
       28:  651-block  0
call    0 returned 28
branch  1 taken 28 (fallthrough)
branch  2 taken 0 (throw)
       28:  652:	_M_construct(__s, __end, forward_iterator_tag());
       28:  652-block  0
call    0 returned 28
branch  1 taken 28 (fallthrough)
branch  2 taken 0 (throw)
       28:  653:      }
       28:  653-block  0
    $$$$$:  653-block  1
call    0 never executed
        -:  654:
        -:  655:      /**
        -:  656:       *  @brief  Construct string as multiple characters.
        -:  657:       *  @param  __n  Number of characters.
        -:  658:       *  @param  __c  Character to use.
        -:  659:       *  @param  __a  Allocator to use (default is default allocator).
        -:  660:       */
        -:  661:#if __cpp_deduction_guides && ! defined _GLIBCXX_DEFINING_STRING_INSTANTIATIONS
        -:  662:      // _GLIBCXX_RESOLVE_LIB_DEFECTS
        -:  663:      // 3076. basic_string CTAD ambiguity
        -:  664:      template<typename = _RequireAllocator<_Alloc>>
        -:  665:#endif
        -:  666:      _GLIBCXX20_CONSTEXPR
        -:  667:      basic_string(size_type __n, _CharT __c, const _Alloc& __a = _Alloc())
        -:  668:      : _M_dataplus(_M_local_data(), __a)
        -:  669:      { _M_construct(__n, __c); }
        -:  670:
        -:  671:#if __cplusplus >= 201103L
        -:  672:      /**
        -:  673:       *  @brief  Move construct string.
        -:  674:       *  @param  __str  Source string.
        -:  675:       *
        -:  676:       *  The newly-created string contains the exact contents of @a __str.
        -:  677:       *  @a __str is a valid, but unspecified string.
        -:  678:       */
        -:  679:      _GLIBCXX20_CONSTEXPR
function _ZNSt7__cxx1112basic_stringIcSt11char_traitsIcESaIcEEC1EOS4_ called 76 returned 100% blocks executed 80%
       76:  680:      basic_string(basic_string&& __str) noexcept
       76:  681:      : _M_dataplus(_M_local_data(), std::move(__str._M_get_allocator()))
       76:  681-block  0
call    0 returned 76
call    1 returned 76
call    2 returned 76
call    3 returned 76
        -:  682:      {
       76:  683:	if (__str._M_is_local())
call    0 returned 76
branch  1 taken 38 (fallthrough)
branch  2 taken 38
        -:  684:	  {
        -:  685:	    (void)_M_use_local_data();
       38:  686:	    traits_type::copy(_M_local_buf, __str._M_local_buf,
call    0 returned 38
       38:  687:			      __str.length() + 1);
       38:  687-block  0
call    0 returned 38
        -:  688:	  }
        -:  689:	else
        -:  690:	  {
       38:  691:	    _M_data(__str._M_data());
       38:  691-block  0
call    0 returned 38
call    1 returned 38
       38:  692:	    _M_capacity(__str._M_allocated_capacity);
call    0 returned 38
        -:  693:	  }
        -:  694:
        -:  695:	// Must use _M_length() here not _M_set_length() because
        -:  696:	// basic_stringbuf relies on writing into unallocated capacity so
        -:  697:	// we mess up the contents if we put a '\0' in the string.
       76:  698:	_M_length(__str.length());
       76:  698-block  0
call    0 returned 76
call    1 returned 76
       76:  699:	__str._M_data(__str._M_use_local_data());
       76:  699-block  0
call    0 returned 76
       76:  700:	__str._M_set_length(0);
call    0 returned 76
       76:  701:      }
        -:  702:
        -:  703:      /**
        -:  704:       *  @brief  Construct string from an initializer %list.
        -:  705:       *  @param  __l  std::initializer_list of characters.
        -:  706:       *  @param  __a  Allocator to use (default is default allocator).
        -:  707:       */
        -:  708:      _GLIBCXX20_CONSTEXPR
        -:  709:      basic_string(initializer_list<_CharT> __l, const _Alloc& __a = _Alloc())
        -:  710:      : _M_dataplus(_M_local_data(), __a)
        -:  711:      { _M_construct(__l.begin(), __l.end(), std::forward_iterator_tag()); }
        -:  712:
        -:  713:      _GLIBCXX20_CONSTEXPR
        -:  714:      basic_string(const basic_string& __str, const _Alloc& __a)
        -:  715:      : _M_dataplus(_M_local_data(), __a)
        -:  716:      { _M_construct(__str.begin(), __str.end(), std::forward_iterator_tag()); }
        -:  717:
        -:  718:      _GLIBCXX20_CONSTEXPR
        -:  719:      basic_string(basic_string&& __str, const _Alloc& __a)
        -:  720:      noexcept(_Alloc_traits::_S_always_equal())
        -:  721:      : _M_dataplus(_M_local_data(), __a)
        -:  722:      {
        -:  723:	if (__str._M_is_local())
        -:  724:	  {
        -:  725:	    (void)_M_use_local_data();
        -:  726:	    traits_type::copy(_M_local_buf, __str._M_local_buf,
        -:  727:			      __str.length() + 1);
        -:  728:	    _M_length(__str.length());
        -:  729:	    __str._M_set_length(0);
        -:  730:	  }
        -:  731:	else if (_Alloc_traits::_S_always_equal()
        -:  732:	    || __str.get_allocator() == __a)
        -:  733:	  {
        -:  734:	    _M_data(__str._M_data());
        -:  735:	    _M_length(__str.length());
        -:  736:	    _M_capacity(__str._M_allocated_capacity);
        -:  737:	    __str._M_data(__str._M_use_local_data());
        -:  738:	    __str._M_set_length(0);
        -:  739:	  }
        -:  740:	else
        -:  741:	  _M_construct(__str.begin(), __str.end(), std::forward_iterator_tag());
        -:  742:      }
        -:  743:#endif // C++11
        -:  744:
        -:  745:#if __cplusplus >= 202100L
        -:  746:      basic_string(nullptr_t) = delete;
        -:  747:      basic_string& operator=(nullptr_t) = delete;
        -:  748:#endif // C++23
        -:  749:
        -:  750:      /**
        -:  751:       *  @brief  Construct string as copy of a range.
        -:  752:       *  @param  __beg  Start of range.
        -:  753:       *  @param  __end  End of range.
        -:  754:       *  @param  __a  Allocator to use (default is default allocator).
        -:  755:       */
        -:  756:#if __cplusplus >= 201103L
        -:  757:      template<typename _InputIterator,
        -:  758:	       typename = std::_RequireInputIter<_InputIterator>>
        -:  759:#else
        -:  760:      template<typename _InputIterator>
        -:  761:#endif
        -:  762:	_GLIBCXX20_CONSTEXPR
        -:  763:        basic_string(_InputIterator __beg, _InputIterator __end,
        -:  764:		     const _Alloc& __a = _Alloc())
        -:  765:	: _M_dataplus(_M_local_data(), __a), _M_string_length(0)
        -:  766:	{
        -:  767:#if __cplusplus >= 201103L
        -:  768:	  _M_construct(__beg, __end, std::__iterator_category(__beg));
        -:  769:#else
        -:  770:	  typedef typename std::__is_integer<_InputIterator>::__type _Integral;
        -:  771:	  _M_construct_aux(__beg, __end, _Integral());
        -:  772:#endif
        -:  773:	}
        -:  774:
        -:  775:#if __cplusplus >= 201703L
        -:  776:      /**
        -:  777:       *  @brief  Construct string from a substring of a string_view.
        -:  778:       *  @param  __t   Source object convertible to string view.
        -:  779:       *  @param  __pos The index of the first character to copy from __t.
        -:  780:       *  @param  __n   The number of characters to copy from __t.
        -:  781:       *  @param  __a   Allocator to use.
        -:  782:       */
        -:  783:      template<typename _Tp,
        -:  784:	       typename = enable_if_t<is_convertible_v<const _Tp&, __sv_type>>>
        -:  785:	_GLIBCXX20_CONSTEXPR
        -:  786:	basic_string(const _Tp& __t, size_type __pos, size_type __n,
        -:  787:		     const _Alloc& __a = _Alloc())
        -:  788:	: basic_string(_S_to_string_view(__t).substr(__pos, __n), __a) { }
        -:  789:
        -:  790:      /**
        -:  791:       *  @brief  Construct string from a string_view.
        -:  792:       *  @param  __t  Source object convertible to string view.
        -:  793:       *  @param  __a  Allocator to use (default is default allocator).
        -:  794:       */
        -:  795:      template<typename _Tp, typename = _If_sv<_Tp, void>>
        -:  796:	_GLIBCXX20_CONSTEXPR
        -:  797:	explicit
        -:  798:	basic_string(const _Tp& __t, const _Alloc& __a = _Alloc())
        -:  799:	: basic_string(__sv_wrapper(_S_to_string_view(__t)), __a) { }
        -:  800:#endif // C++17
        -:  801:
        -:  802:      /**
        -:  803:       *  @brief  Destroy the string instance.
        -:  804:       */
        -:  805:      _GLIBCXX20_CONSTEXPR
function _ZNSt7__cxx1112basic_stringIcSt11char_traitsIcESaIcEED1Ev called 219 returned 100% blocks executed 100%
      219:  806:      ~basic_string()
      219:  807:      { _M_dispose(); }
      219:  807-block  0
call    0 returned 219
call    1 returned 219
        -:  808:
        -:  809:      /**
        -:  810:       *  @brief  Assign the value of @a str to this string.
        -:  811:       *  @param  __str  Source string.
        -:  812:       */
        -:  813:      _GLIBCXX20_CONSTEXPR
        -:  814:      basic_string&
function _ZNSt7__cxx1112basic_stringIcSt11char_traitsIcESaIcEEaSERKS4_ called 2 returned 100% blocks executed 100%
        2:  815:      operator=(const basic_string& __str)
        -:  816:      {
        2:  817:	return this->assign(__str);
        2:  817-block  0
call    0 returned 2
        -:  818:      }
        -:  819:
        -:  820:      /**
        -:  821:       *  @brief  Copy contents of @a s into this string.
        -:  822:       *  @param  __s  Source null-terminated string.
        -:  823:       */
        -:  824:      _GLIBCXX20_CONSTEXPR
        -:  825:      basic_string&
        -:  826:      operator=(const _CharT* __s)
        -:  827:      { return this->assign(__s); }
        -:  828:
        -:  829:      /**
        -:  830:       *  @brief  Set value to string of length 1.
        -:  831:       *  @param  __c  Source character.
        -:  832:       *
        -:  833:       *  Assigning to a character makes this string length 1 and
        -:  834:       *  (*this)[0] == @a c.
        -:  835:       */
        -:  836:      _GLIBCXX20_CONSTEXPR
        -:  837:      basic_string&
        -:  838:      operator=(_CharT __c)
        -:  839:      {
        -:  840:	this->assign(1, __c);
        -:  841:	return *this;
        -:  842:      }
        -:  843:
        -:  844:#if __cplusplus >= 201103L
        -:  845:      /**
        -:  846:       *  @brief  Move assign the value of @a str to this string.
        -:  847:       *  @param  __str  Source string.
        -:  848:       *
        -:  849:       *  The contents of @a str are moved into this string (without copying).
        -:  850:       *  @a str is a valid, but unspecified string.
        -:  851:       */
        -:  852:      // _GLIBCXX_RESOLVE_LIB_DEFECTS
        -:  853:      // 2063. Contradictory requirements for string move assignment
        -:  854:      _GLIBCXX20_CONSTEXPR
        -:  855:      basic_string&
        -:  856:      operator=(basic_string&& __str)
        -:  857:      noexcept(_Alloc_traits::_S_nothrow_move())
        -:  858:      {
        -:  859:	if (!_M_is_local() && _Alloc_traits::_S_propagate_on_move_assign()
        -:  860:	    && !_Alloc_traits::_S_always_equal()
        -:  861:	    && _M_get_allocator() != __str._M_get_allocator())
        -:  862:	  {
        -:  863:	    // Destroy existing storage before replacing allocator.
        -:  864:	    _M_destroy(_M_allocated_capacity);
        -:  865:	    _M_data(_M_local_data());
        -:  866:	    _M_set_length(0);
        -:  867:	  }
        -:  868:	// Replace allocator if POCMA is true.
        -:  869:	std::__alloc_on_move(_M_get_allocator(), __str._M_get_allocator());
        -:  870:
        -:  871:	if (__str._M_is_local())
        -:  872:	  {
        -:  873:	    // We've always got room for a short string, just copy it
        -:  874:	    // (unless this is a self-move, because that would violate the
        -:  875:	    // char_traits::copy precondition that the ranges don't overlap).
        -:  876:	    if (__builtin_expect(std::__addressof(__str) != this, true))
        -:  877:	      {
        -:  878:		if (__str.size())
        -:  879:		  this->_S_copy(_M_data(), __str._M_data(), __str.size());
        -:  880:		_M_set_length(__str.size());
        -:  881:	      }
        -:  882:	  }
        -:  883:	else if (_Alloc_traits::_S_propagate_on_move_assign()
        -:  884:	    || _Alloc_traits::_S_always_equal()
        -:  885:	    || _M_get_allocator() == __str._M_get_allocator())
        -:  886:	  {
        -:  887:	    // Just move the allocated pointer, our allocator can free it.
        -:  888:	    pointer __data = nullptr;
        -:  889:	    size_type __capacity;
        -:  890:	    if (!_M_is_local())
        -:  891:	      {
        -:  892:		if (_Alloc_traits::_S_always_equal())
        -:  893:		  {
        -:  894:		    // __str can reuse our existing storage.
        -:  895:		    __data = _M_data();
        -:  896:		    __capacity = _M_allocated_capacity;
        -:  897:		  }
        -:  898:		else // __str can't use it, so free it.
        -:  899:		  _M_destroy(_M_allocated_capacity);
        -:  900:	      }
        -:  901:
        -:  902:	    _M_data(__str._M_data());
        -:  903:	    _M_length(__str.length());
        -:  904:	    _M_capacity(__str._M_allocated_capacity);
        -:  905:	    if (__data)
        -:  906:	      {
        -:  907:		__str._M_data(__data);
        -:  908:		__str._M_capacity(__capacity);
        -:  909:	      }
        -:  910:	    else
        -:  911:	      __str._M_data(__str._M_local_buf);
        -:  912:	  }
        -:  913:	else // Need to do a deep copy
        -:  914:	  assign(__str);
        -:  915:	__str.clear();
        -:  916:	return *this;
        -:  917:      }
        -:  918:
        -:  919:      /**
        -:  920:       *  @brief  Set value to string constructed from initializer %list.
        -:  921:       *  @param  __l  std::initializer_list.
        -:  922:       */
        -:  923:      _GLIBCXX20_CONSTEXPR
        -:  924:      basic_string&
        -:  925:      operator=(initializer_list<_CharT> __l)
        -:  926:      {
        -:  927:	this->assign(__l.begin(), __l.size());
        -:  928:	return *this;
        -:  929:      }
        -:  930:#endif // C++11
        -:  931:
        -:  932:#if __cplusplus >= 201703L
        -:  933:      /**
        -:  934:       *  @brief  Set value to string constructed from a string_view.
        -:  935:       *  @param  __svt  An object convertible to string_view.
        -:  936:       */
        -:  937:     template<typename _Tp>
        -:  938:       _GLIBCXX20_CONSTEXPR
        -:  939:       _If_sv<_Tp, basic_string&>
        -:  940:       operator=(const _Tp& __svt)
        -:  941:       { return this->assign(__svt); }
        -:  942:
        -:  943:      /**
        -:  944:       *  @brief  Convert to a string_view.
        -:  945:       *  @return A string_view.
        -:  946:       */
        -:  947:      _GLIBCXX20_CONSTEXPR
        -:  948:      operator __sv_type() const noexcept
        -:  949:      { return __sv_type(data(), size()); }
        -:  950:#endif // C++17
        -:  951:
        -:  952:      // Iterators:
        -:  953:      /**
        -:  954:       *  Returns a read/write iterator that points to the first character in
        -:  955:       *  the %string.
        -:  956:       */
        -:  957:      _GLIBCXX20_CONSTEXPR
        -:  958:      iterator
        -:  959:      begin() _GLIBCXX_NOEXCEPT
        -:  960:      { return iterator(_M_data()); }
        -:  961:
        -:  962:      /**
        -:  963:       *  Returns a read-only (constant) iterator that points to the first
        -:  964:       *  character in the %string.
        -:  965:       */
        -:  966:      _GLIBCXX20_CONSTEXPR
        -:  967:      const_iterator
        -:  968:      begin() const _GLIBCXX_NOEXCEPT
        -:  969:      { return const_iterator(_M_data()); }
        -:  970:
        -:  971:      /**
        -:  972:       *  Returns a read/write iterator that points one past the last
        -:  973:       *  character in the %string.
        -:  974:       */
        -:  975:      _GLIBCXX20_CONSTEXPR
        -:  976:      iterator
        -:  977:      end() _GLIBCXX_NOEXCEPT
        -:  978:      { return iterator(_M_data() + this->size()); }
        -:  979:
        -:  980:      /**
        -:  981:       *  Returns a read-only (constant) iterator that points one past the
        -:  982:       *  last character in the %string.
        -:  983:       */
        -:  984:      _GLIBCXX20_CONSTEXPR
        -:  985:      const_iterator
        -:  986:      end() const _GLIBCXX_NOEXCEPT
        -:  987:      { return const_iterator(_M_data() + this->size()); }
        -:  988:
        -:  989:      /**
        -:  990:       *  Returns a read/write reverse iterator that points to the last
        -:  991:       *  character in the %string.  Iteration is done in reverse element
        -:  992:       *  order.
        -:  993:       */
        -:  994:      _GLIBCXX20_CONSTEXPR
        -:  995:      reverse_iterator
        -:  996:      rbegin() _GLIBCXX_NOEXCEPT
        -:  997:      { return reverse_iterator(this->end()); }
        -:  998:
        -:  999:      /**
        -: 1000:       *  Returns a read-only (constant) reverse iterator that points
        -: 1001:       *  to the last character in the %string.  Iteration is done in
        -: 1002:       *  reverse element order.
        -: 1003:       */
        -: 1004:      _GLIBCXX20_CONSTEXPR
        -: 1005:      const_reverse_iterator
        -: 1006:      rbegin() const _GLIBCXX_NOEXCEPT
        -: 1007:      { return const_reverse_iterator(this->end()); }
        -: 1008:
        -: 1009:      /**
        -: 1010:       *  Returns a read/write reverse iterator that points to one before the
        -: 1011:       *  first character in the %string.  Iteration is done in reverse
        -: 1012:       *  element order.
        -: 1013:       */
        -: 1014:      _GLIBCXX20_CONSTEXPR
        -: 1015:      reverse_iterator
        -: 1016:      rend() _GLIBCXX_NOEXCEPT
        -: 1017:      { return reverse_iterator(this->begin()); }
        -: 1018:
        -: 1019:      /**
        -: 1020:       *  Returns a read-only (constant) reverse iterator that points
        -: 1021:       *  to one before the first character in the %string.  Iteration
        -: 1022:       *  is done in reverse element order.
        -: 1023:       */
        -: 1024:      _GLIBCXX20_CONSTEXPR
        -: 1025:      const_reverse_iterator
        -: 1026:      rend() const _GLIBCXX_NOEXCEPT
        -: 1027:      { return const_reverse_iterator(this->begin()); }
        -: 1028:
        -: 1029:#if __cplusplus >= 201103L
        -: 1030:      /**
        -: 1031:       *  Returns a read-only (constant) iterator that points to the first
        -: 1032:       *  character in the %string.
        -: 1033:       */
        -: 1034:      _GLIBCXX20_CONSTEXPR
        -: 1035:      const_iterator
        -: 1036:      cbegin() const noexcept
        -: 1037:      { return const_iterator(this->_M_data()); }
        -: 1038:
        -: 1039:      /**
        -: 1040:       *  Returns a read-only (constant) iterator that points one past the
        -: 1041:       *  last character in the %string.
        -: 1042:       */
        -: 1043:      _GLIBCXX20_CONSTEXPR
        -: 1044:      const_iterator
        -: 1045:      cend() const noexcept
        -: 1046:      { return const_iterator(this->_M_data() + this->size()); }
        -: 1047:
        -: 1048:      /**
        -: 1049:       *  Returns a read-only (constant) reverse iterator that points
        -: 1050:       *  to the last character in the %string.  Iteration is done in
        -: 1051:       *  reverse element order.
        -: 1052:       */
        -: 1053:      _GLIBCXX20_CONSTEXPR
        -: 1054:      const_reverse_iterator
        -: 1055:      crbegin() const noexcept
        -: 1056:      { return const_reverse_iterator(this->end()); }
        -: 1057:
        -: 1058:      /**
        -: 1059:       *  Returns a read-only (constant) reverse iterator that points
        -: 1060:       *  to one before the first character in the %string.  Iteration
        -: 1061:       *  is done in reverse element order.
        -: 1062:       */
        -: 1063:      _GLIBCXX20_CONSTEXPR
        -: 1064:      const_reverse_iterator
        -: 1065:      crend() const noexcept
        -: 1066:      { return const_reverse_iterator(this->begin()); }
        -: 1067:#endif
        -: 1068:
        -: 1069:    public:
        -: 1070:      // Capacity:
        -: 1071:      ///  Returns the number of characters in the string, not including any
        -: 1072:      ///  null-termination.
        -: 1073:      _GLIBCXX20_CONSTEXPR
        -: 1074:      size_type
function _ZNKSt7__cxx1112basic_stringIcSt11char_traitsIcESaIcEE4sizeEv called 1612 returned 100% blocks executed 100%
     1612: 1075:      size() const _GLIBCXX_NOEXCEPT
     1612: 1076:      { return _M_string_length; }
     1612: 1076-block  0
        -: 1077:
        -: 1078:      ///  Returns the number of characters in the string, not including any
        -: 1079:      ///  null-termination.
        -: 1080:      _GLIBCXX20_CONSTEXPR
        -: 1081:      size_type
function _ZNKSt7__cxx1112basic_stringIcSt11char_traitsIcESaIcEE6lengthEv called 824 returned 100% blocks executed 100%
      824: 1082:      length() const _GLIBCXX_NOEXCEPT
      824: 1083:      { return _M_string_length; }
      824: 1083-block  0
        -: 1084:
        -: 1085:      ///  Returns the size() of the largest possible %string.
        -: 1086:      _GLIBCXX20_CONSTEXPR
        -: 1087:      size_type
function _ZNKSt7__cxx1112basic_stringIcSt11char_traitsIcESaIcEE8max_sizeEv called 195 returned 100% blocks executed 100%
      195: 1088:      max_size() const _GLIBCXX_NOEXCEPT
      195: 1089:      { return (_Alloc_traits::max_size(_M_get_allocator()) - 1) / 2; }
      195: 1089-block  0
call    0 returned 195
call    1 returned 195
        -: 1090:
        -: 1091:      /**
        -: 1092:       *  @brief  Resizes the %string to the specified number of characters.
        -: 1093:       *  @param  __n  Number of characters the %string should contain.
        -: 1094:       *  @param  __c  Character to fill any new elements.
        -: 1095:       *
        -: 1096:       *  This function will %resize the %string to the specified
        -: 1097:       *  number of characters.  If the number is smaller than the
        -: 1098:       *  %string's current size the %string is truncated, otherwise
        -: 1099:       *  the %string is extended and new elements are %set to @a __c.
        -: 1100:       */
        -: 1101:      _GLIBCXX20_CONSTEXPR
        -: 1102:      void
        -: 1103:      resize(size_type __n, _CharT __c);
        -: 1104:
        -: 1105:      /**
        -: 1106:       *  @brief  Resizes the %string to the specified number of characters.
        -: 1107:       *  @param  __n  Number of characters the %string should contain.
        -: 1108:       *
        -: 1109:       *  This function will resize the %string to the specified length.  If
        -: 1110:       *  the new size is smaller than the %string's current size the %string
        -: 1111:       *  is truncated, otherwise the %string is extended and new characters
        -: 1112:       *  are default-constructed.  For basic types such as char, this means
        -: 1113:       *  setting them to 0.
        -: 1114:       */
        -: 1115:      _GLIBCXX20_CONSTEXPR
        -: 1116:      void
        -: 1117:      resize(size_type __n)
        -: 1118:      { this->resize(__n, _CharT()); }
        -: 1119:
        -: 1120:#if __cplusplus >= 201103L
        -: 1121:#pragma GCC diagnostic push
        -: 1122:#pragma GCC diagnostic ignored "-Wdeprecated-declarations"
        -: 1123:      ///  A non-binding request to reduce capacity() to size().
        -: 1124:      _GLIBCXX20_CONSTEXPR
        -: 1125:      void
        -: 1126:      shrink_to_fit() noexcept
        -: 1127:      { reserve(); }
        -: 1128:#pragma GCC diagnostic pop
        -: 1129:#endif
        -: 1130:
        -: 1131:#if __cplusplus > 202002L
        -: 1132:#define __cpp_lib_string_resize_and_overwrite 202110L
        -: 1133:      template<typename _Operation>
        -: 1134:	constexpr void
        -: 1135:	resize_and_overwrite(size_type __n, _Operation __op);
        -: 1136:#endif
        -: 1137:
        -: 1138:      /**
        -: 1139:       *  Returns the total number of characters that the %string can hold
        -: 1140:       *  before needing to allocate more memory.
        -: 1141:       */
        -: 1142:      _GLIBCXX20_CONSTEXPR
        -: 1143:      size_type
function _ZNKSt7__cxx1112basic_stringIcSt11char_traitsIcESaIcEE8capacityEv called 1436 returned 100% blocks executed 100%
     1436: 1144:      capacity() const _GLIBCXX_NOEXCEPT
        -: 1145:      {
     1436: 1146:	return _M_is_local() ? size_type(_S_local_capacity)
     1436: 1146-block  0
call    0 returned 1436
branch  1 taken 141 (fallthrough)
branch  2 taken 1295
      141: 1146-block  1
     1295: 1146-block  2
     1436: 1147:	                     : _M_allocated_capacity;
     1436: 1147-block  0
        -: 1148:      }
        -: 1149:
        -: 1150:      /**
        -: 1151:       *  @brief  Attempt to preallocate enough memory for specified number of
        -: 1152:       *          characters.
        -: 1153:       *  @param  __res_arg  Number of characters required.
        -: 1154:       *  @throw  std::length_error  If @a __res_arg exceeds @c max_size().
        -: 1155:       *
        -: 1156:       *  This function attempts to reserve enough memory for the
        -: 1157:       *  %string to hold the specified number of characters.  If the
        -: 1158:       *  number requested is more than max_size(), length_error is
        -: 1159:       *  thrown.
        -: 1160:       *
        -: 1161:       *  The advantage of this function is that if optimal code is a
        -: 1162:       *  necessity and the user can determine the string length that will be
        -: 1163:       *  required, the user can reserve the memory in %advance, and thus
        -: 1164:       *  prevent a possible reallocation of memory and copying of %string
        -: 1165:       *  data.
        -: 1166:       */
        -: 1167:      _GLIBCXX20_CONSTEXPR
        -: 1168:      void
        -: 1169:      reserve(size_type __res_arg);
        -: 1170:
        -: 1171:      /**
        -: 1172:       *  Equivalent to shrink_to_fit().
        -: 1173:       */
        -: 1174:#if __cplusplus > 201703L
        -: 1175:      [[deprecated("use shrink_to_fit() instead")]]
        -: 1176:#endif
        -: 1177:      _GLIBCXX20_CONSTEXPR
        -: 1178:      void
        -: 1179:      reserve();
        -: 1180:
        -: 1181:      /**
        -: 1182:       *  Erases the string, making it empty.
        -: 1183:       */
        -: 1184:      _GLIBCXX20_CONSTEXPR
        -: 1185:      void
        -: 1186:      clear() _GLIBCXX_NOEXCEPT
        -: 1187:      { _M_set_length(0); }
        -: 1188:
        -: 1189:      /**
        -: 1190:       *  Returns true if the %string is empty.  Equivalent to 
        -: 1191:       *  <code>*this == ""</code>.
        -: 1192:       */
        -: 1193:      _GLIBCXX_NODISCARD _GLIBCXX20_CONSTEXPR
        -: 1194:      bool
        -: 1195:      empty() const _GLIBCXX_NOEXCEPT
        -: 1196:      { return this->size() == 0; }
        -: 1197:
        -: 1198:      // Element access:
        -: 1199:      /**
        -: 1200:       *  @brief  Subscript access to the data contained in the %string.
        -: 1201:       *  @param  __pos  The index of the character to access.
        -: 1202:       *  @return  Read-only (constant) reference to the character.
        -: 1203:       *
        -: 1204:       *  This operator allows for easy, array-style, data access.
        -: 1205:       *  Note that data access with this operator is unchecked and
        -: 1206:       *  out_of_range lookups are not defined. (For checked lookups
        -: 1207:       *  see at().)
        -: 1208:       */
        -: 1209:      _GLIBCXX20_CONSTEXPR
        -: 1210:      const_reference
        -: 1211:      operator[] (size_type __pos) const _GLIBCXX_NOEXCEPT
        -: 1212:      {
        -: 1213:	__glibcxx_assert(__pos <= size());
        -: 1214:	return _M_data()[__pos];
        -: 1215:      }
        -: 1216:
        -: 1217:      /**
        -: 1218:       *  @brief  Subscript access to the data contained in the %string.
        -: 1219:       *  @param  __pos  The index of the character to access.
        -: 1220:       *  @return  Read/write reference to the character.
        -: 1221:       *
        -: 1222:       *  This operator allows for easy, array-style, data access.
        -: 1223:       *  Note that data access with this operator is unchecked and
        -: 1224:       *  out_of_range lookups are not defined. (For checked lookups
        -: 1225:       *  see at().)
        -: 1226:       */
        -: 1227:      _GLIBCXX20_CONSTEXPR
        -: 1228:      reference
        -: 1229:      operator[](size_type __pos)
        -: 1230:      {
        -: 1231:        // Allow pos == size() both in C++98 mode, as v3 extension,
        -: 1232:	// and in C++11 mode.
        -: 1233:	__glibcxx_assert(__pos <= size());
        -: 1234:        // In pedantic mode be strict in C++98 mode.
        -: 1235:	_GLIBCXX_DEBUG_PEDASSERT(__cplusplus >= 201103L || __pos < size());
        -: 1236:	return _M_data()[__pos];
        -: 1237:      }
        -: 1238:
        -: 1239:      /**
        -: 1240:       *  @brief  Provides access to the data contained in the %string.
        -: 1241:       *  @param __n The index of the character to access.
        -: 1242:       *  @return  Read-only (const) reference to the character.
        -: 1243:       *  @throw  std::out_of_range  If @a n is an invalid index.
        -: 1244:       *
        -: 1245:       *  This function provides for safer data access.  The parameter is
        -: 1246:       *  first checked that it is in the range of the string.  The function
        -: 1247:       *  throws out_of_range if the check fails.
        -: 1248:       */
        -: 1249:      _GLIBCXX20_CONSTEXPR
        -: 1250:      const_reference
        -: 1251:      at(size_type __n) const
        -: 1252:      {
        -: 1253:	if (__n >= this->size())
        -: 1254:	  __throw_out_of_range_fmt(__N("basic_string::at: __n "
        -: 1255:				       "(which is %zu) >= this->size() "
        -: 1256:				       "(which is %zu)"),
        -: 1257:				   __n, this->size());
        -: 1258:	return _M_data()[__n];
        -: 1259:      }
        -: 1260:
        -: 1261:      /**
        -: 1262:       *  @brief  Provides access to the data contained in the %string.
        -: 1263:       *  @param __n The index of the character to access.
        -: 1264:       *  @return  Read/write reference to the character.
        -: 1265:       *  @throw  std::out_of_range  If @a n is an invalid index.
        -: 1266:       *
        -: 1267:       *  This function provides for safer data access.  The parameter is
        -: 1268:       *  first checked that it is in the range of the string.  The function
        -: 1269:       *  throws out_of_range if the check fails.
        -: 1270:       */
        -: 1271:      _GLIBCXX20_CONSTEXPR
        -: 1272:      reference
        -: 1273:      at(size_type __n)
        -: 1274:      {
        -: 1275:	if (__n >= size())
        -: 1276:	  __throw_out_of_range_fmt(__N("basic_string::at: __n "
        -: 1277:				       "(which is %zu) >= this->size() "
        -: 1278:				       "(which is %zu)"),
        -: 1279:				   __n, this->size());
        -: 1280:	return _M_data()[__n];
        -: 1281:      }
        -: 1282:
        -: 1283:#if __cplusplus >= 201103L
        -: 1284:      /**
        -: 1285:       *  Returns a read/write reference to the data at the first
        -: 1286:       *  element of the %string.
        -: 1287:       */
        -: 1288:      _GLIBCXX20_CONSTEXPR
        -: 1289:      reference
        -: 1290:      front() noexcept
        -: 1291:      {
        -: 1292:	__glibcxx_assert(!empty());
        -: 1293:	return operator[](0);
        -: 1294:      }
        -: 1295:
        -: 1296:      /**
        -: 1297:       *  Returns a read-only (constant) reference to the data at the first
        -: 1298:       *  element of the %string.
        -: 1299:       */
        -: 1300:      _GLIBCXX20_CONSTEXPR
        -: 1301:      const_reference
        -: 1302:      front() const noexcept
        -: 1303:      {
        -: 1304:	__glibcxx_assert(!empty());
        -: 1305:	return operator[](0);
        -: 1306:      }
        -: 1307:
        -: 1308:      /**
        -: 1309:       *  Returns a read/write reference to the data at the last
        -: 1310:       *  element of the %string.
        -: 1311:       */
        -: 1312:      _GLIBCXX20_CONSTEXPR
        -: 1313:      reference
        -: 1314:      back() noexcept
        -: 1315:      {
        -: 1316:	__glibcxx_assert(!empty());
        -: 1317:	return operator[](this->size() - 1);
        -: 1318:      }
        -: 1319:
        -: 1320:      /**
        -: 1321:       *  Returns a read-only (constant) reference to the data at the
        -: 1322:       *  last element of the %string.
        -: 1323:       */
        -: 1324:      _GLIBCXX20_CONSTEXPR
        -: 1325:      const_reference
        -: 1326:      back() const noexcept
        -: 1327:      {
        -: 1328:	__glibcxx_assert(!empty());
        -: 1329:	return operator[](this->size() - 1);
        -: 1330:      }
        -: 1331:#endif
        -: 1332:
        -: 1333:      // Modifiers:
        -: 1334:      /**
        -: 1335:       *  @brief  Append a string to this string.
        -: 1336:       *  @param __str  The string to append.
        -: 1337:       *  @return  Reference to this string.
        -: 1338:       */
        -: 1339:      _GLIBCXX20_CONSTEXPR
        -: 1340:      basic_string&
        -: 1341:      operator+=(const basic_string& __str)
        -: 1342:      { return this->append(__str); }
        -: 1343:
        -: 1344:      /**
        -: 1345:       *  @brief  Append a C string.
        -: 1346:       *  @param __s  The C string to append.
        -: 1347:       *  @return  Reference to this string.
        -: 1348:       */
        -: 1349:      _GLIBCXX20_CONSTEXPR
        -: 1350:      basic_string&
        -: 1351:      operator+=(const _CharT* __s)
        -: 1352:      { return this->append(__s); }
        -: 1353:
        -: 1354:      /**
        -: 1355:       *  @brief  Append a character.
        -: 1356:       *  @param __c  The character to append.
        -: 1357:       *  @return  Reference to this string.
        -: 1358:       */
        -: 1359:      _GLIBCXX20_CONSTEXPR
        -: 1360:      basic_string&
        -: 1361:      operator+=(_CharT __c)
        -: 1362:      {
        -: 1363:	this->push_back(__c);
        -: 1364:	return *this;
        -: 1365:      }
        -: 1366:
        -: 1367:#if __cplusplus >= 201103L
        -: 1368:      /**
        -: 1369:       *  @brief  Append an initializer_list of characters.
        -: 1370:       *  @param __l  The initializer_list of characters to be appended.
        -: 1371:       *  @return  Reference to this string.
        -: 1372:       */
        -: 1373:      _GLIBCXX20_CONSTEXPR
        -: 1374:      basic_string&
        -: 1375:      operator+=(initializer_list<_CharT> __l)
        -: 1376:      { return this->append(__l.begin(), __l.size()); }
        -: 1377:#endif // C++11
        -: 1378:
        -: 1379:#if __cplusplus >= 201703L
        -: 1380:      /**
        -: 1381:       *  @brief  Append a string_view.
        -: 1382:       *  @param __svt  An object convertible to string_view to be appended.
        -: 1383:       *  @return  Reference to this string.
        -: 1384:       */
        -: 1385:      template<typename _Tp>
        -: 1386:	_GLIBCXX20_CONSTEXPR
        -: 1387:	_If_sv<_Tp, basic_string&>
        -: 1388:	operator+=(const _Tp& __svt)
        -: 1389:	{ return this->append(__svt); }
        -: 1390:#endif // C++17
        -: 1391:
        -: 1392:      /**
        -: 1393:       *  @brief  Append a string to this string.
        -: 1394:       *  @param __str  The string to append.
        -: 1395:       *  @return  Reference to this string.
        -: 1396:       */
        -: 1397:      _GLIBCXX20_CONSTEXPR
        -: 1398:      basic_string&
        -: 1399:      append(const basic_string& __str)
        -: 1400:      { return this->append(__str._M_data(), __str.size()); }
        -: 1401:
        -: 1402:      /**
        -: 1403:       *  @brief  Append a substring.
        -: 1404:       *  @param __str  The string to append.
        -: 1405:       *  @param __pos  Index of the first character of str to append.
        -: 1406:       *  @param __n  The number of characters to append.
        -: 1407:       *  @return  Reference to this string.
        -: 1408:       *  @throw  std::out_of_range if @a __pos is not a valid index.
        -: 1409:       *
        -: 1410:       *  This function appends @a __n characters from @a __str
        -: 1411:       *  starting at @a __pos to this string.  If @a __n is is larger
        -: 1412:       *  than the number of available characters in @a __str, the
        -: 1413:       *  remainder of @a __str is appended.
        -: 1414:       */
        -: 1415:      _GLIBCXX20_CONSTEXPR
        -: 1416:      basic_string&
        -: 1417:      append(const basic_string& __str, size_type __pos, size_type __n = npos)
        -: 1418:      { return this->append(__str._M_data()
        -: 1419:			    + __str._M_check(__pos, "basic_string::append"),
        -: 1420:			    __str._M_limit(__pos, __n)); }
        -: 1421:
        -: 1422:      /**
        -: 1423:       *  @brief  Append a C substring.
        -: 1424:       *  @param __s  The C string to append.
        -: 1425:       *  @param __n  The number of characters to append.
        -: 1426:       *  @return  Reference to this string.
        -: 1427:       */
        -: 1428:      _GLIBCXX20_CONSTEXPR
        -: 1429:      basic_string&
        -: 1430:      append(const _CharT* __s, size_type __n)
        -: 1431:      {
        -: 1432:	__glibcxx_requires_string_len(__s, __n);
        -: 1433:	_M_check_length(size_type(0), __n, "basic_string::append");
        -: 1434:	return _M_append(__s, __n);
        -: 1435:      }
        -: 1436:
        -: 1437:      /**
        -: 1438:       *  @brief  Append a C string.
        -: 1439:       *  @param __s  The C string to append.
        -: 1440:       *  @return  Reference to this string.
        -: 1441:       */
        -: 1442:      _GLIBCXX20_CONSTEXPR
        -: 1443:      basic_string&
        -: 1444:      append(const _CharT* __s)
        -: 1445:      {
        -: 1446:	__glibcxx_requires_string(__s);
        -: 1447:	const size_type __n = traits_type::length(__s);
        -: 1448:	_M_check_length(size_type(0), __n, "basic_string::append");
        -: 1449:	return _M_append(__s, __n);
        -: 1450:      }
        -: 1451:
        -: 1452:      /**
        -: 1453:       *  @brief  Append multiple characters.
        -: 1454:       *  @param __n  The number of characters to append.
        -: 1455:       *  @param __c  The character to use.
        -: 1456:       *  @return  Reference to this string.
        -: 1457:       *
        -: 1458:       *  Appends __n copies of __c to this string.
        -: 1459:       */
        -: 1460:      _GLIBCXX20_CONSTEXPR
        -: 1461:      basic_string&
        -: 1462:      append(size_type __n, _CharT __c)
        -: 1463:      { return _M_replace_aux(this->size(), size_type(0), __n, __c); }
        -: 1464:
        -: 1465:#if __cplusplus >= 201103L
        -: 1466:      /**
        -: 1467:       *  @brief  Append an initializer_list of characters.
        -: 1468:       *  @param __l  The initializer_list of characters to append.
        -: 1469:       *  @return  Reference to this string.
        -: 1470:       */
        -: 1471:      _GLIBCXX20_CONSTEXPR
        -: 1472:      basic_string&
        -: 1473:      append(initializer_list<_CharT> __l)
        -: 1474:      { return this->append(__l.begin(), __l.size()); }
        -: 1475:#endif // C++11
        -: 1476:
        -: 1477:      /**
        -: 1478:       *  @brief  Append a range of characters.
        -: 1479:       *  @param __first  Iterator referencing the first character to append.
        -: 1480:       *  @param __last  Iterator marking the end of the range.
        -: 1481:       *  @return  Reference to this string.
        -: 1482:       *
        -: 1483:       *  Appends characters in the range [__first,__last) to this string.
        -: 1484:       */
        -: 1485:#if __cplusplus >= 201103L
        -: 1486:      template<class _InputIterator,
        -: 1487:	       typename = std::_RequireInputIter<_InputIterator>>
        -: 1488:	_GLIBCXX20_CONSTEXPR
        -: 1489:#else
        -: 1490:      template<class _InputIterator>
        -: 1491:#endif
        -: 1492:        basic_string&
        -: 1493:        append(_InputIterator __first, _InputIterator __last)
        -: 1494:        { return this->replace(end(), end(), __first, __last); }
        -: 1495:
        -: 1496:#if __cplusplus >= 201703L
        -: 1497:      /**
        -: 1498:       *  @brief  Append a string_view.
        -: 1499:       *  @param __svt  An object convertible to string_view to be appended.
        -: 1500:       *  @return  Reference to this string.
        -: 1501:       */
        -: 1502:      template<typename _Tp>
        -: 1503:	_GLIBCXX20_CONSTEXPR
[...]
        -: 3953:#endif
        -: 3954:
        -: 3955:  template<>
        -: 3956:    basic_istream<char>&
        -: 3957:    getline(basic_istream<char>& __in, basic_string<char>& __str,
        -: 3958:	    char __delim);
        -: 3959:
        -: 3960:#ifdef _GLIBCXX_USE_WCHAR_T
        -: 3961:  template<>
        -: 3962:    basic_istream<wchar_t>&
        -: 3963:    getline(basic_istream<wchar_t>& __in, basic_string<wchar_t>& __str,
        -: 3964:	    wchar_t __delim);
        -: 3965:#endif  
        -: 3966:
        -: 3967:_GLIBCXX_END_NAMESPACE_VERSION
        -: 3968:} // namespace
        -: 3969:
        -: 3970:#if __cplusplus >= 201103L
        -: 3971:
        -: 3972:#include <ext/string_conversions.h>
        -: 3973:#include <bits/charconv.h>
        -: 3974:
        -: 3975:namespace std _GLIBCXX_VISIBILITY(default)
        -: 3976:{
        -: 3977:_GLIBCXX_BEGIN_NAMESPACE_VERSION
        -: 3978:_GLIBCXX_BEGIN_NAMESPACE_CXX11
        -: 3979:
        -: 3980:#if _GLIBCXX_USE_C99_STDLIB
        -: 3981:  // 21.4 Numeric Conversions [string.conversions].
        -: 3982:  inline int
        -: 3983:  stoi(const string& __str, size_t* __idx = 0, int __base = 10)
        -: 3984:  { return __gnu_cxx::__stoa<long, int>(&std::strtol, "stoi", __str.c_str(),
        -: 3985:					__idx, __base); }
        -: 3986:
        -: 3987:  inline long
        -: 3988:  stol(const string& __str, size_t* __idx = 0, int __base = 10)
        -: 3989:  { return __gnu_cxx::__stoa(&std::strtol, "stol", __str.c_str(),
        -: 3990:			     __idx, __base); }
        -: 3991:
        -: 3992:  inline unsigned long
        -: 3993:  stoul(const string& __str, size_t* __idx = 0, int __base = 10)
        -: 3994:  { return __gnu_cxx::__stoa(&std::strtoul, "stoul", __str.c_str(),
        -: 3995:			     __idx, __base); }
        -: 3996:
        -: 3997:  inline long long
        -: 3998:  stoll(const string& __str, size_t* __idx = 0, int __base = 10)
        -: 3999:  { return __gnu_cxx::__stoa(&std::strtoll, "stoll", __str.c_str(),
        -: 4000:			     __idx, __base); }
        -: 4001:
        -: 4002:  inline unsigned long long
        -: 4003:  stoull(const string& __str, size_t* __idx = 0, int __base = 10)
        -: 4004:  { return __gnu_cxx::__stoa(&std::strtoull, "stoull", __str.c_str(),
        -: 4005:			     __idx, __base); }
        -: 4006:
        -: 4007:  // NB: strtof vs strtod.
        -: 4008:  inline float
        -: 4009:  stof(const string& __str, size_t* __idx = 0)
        -: 4010:  { return __gnu_cxx::__stoa(&std::strtof, "stof", __str.c_str(), __idx); }
        -: 4011:
        -: 4012:  inline double
        -: 4013:  stod(const string& __str, size_t* __idx = 0)
        -: 4014:  { return __gnu_cxx::__stoa(&std::strtod, "stod", __str.c_str(), __idx); }
        -: 4015:
        -: 4016:  inline long double
        -: 4017:  stold(const string& __str, size_t* __idx = 0)
        -: 4018:  { return __gnu_cxx::__stoa(&std::strtold, "stold", __str.c_str(), __idx); }
        -: 4019:#endif // _GLIBCXX_USE_C99_STDLIB
        -: 4020:
        -: 4021:  // DR 1261. Insufficent overloads for to_string / to_wstring
        -: 4022:
        -: 4023:  inline string
        -: 4024:  to_string(int __val)
        -: 4025:#if _GLIBCXX_USE_CXX11_ABI && (__CHAR_BIT__ * __SIZEOF_INT__) <= 32
        -: 4026:  noexcept // any 32-bit value fits in the SSO buffer
        -: 4027:#endif
        -: 4028:  {
        -: 4029:    const bool __neg = __val < 0;
        -: 4030:    const unsigned __uval = __neg ? (unsigned)~__val + 1u : __val;
        -: 4031:    const auto __len = __detail::__to_chars_len(__uval);
        -: 4032:    string __str(__neg + __len, '-');
        -: 4033:    __detail::__to_chars_10_impl(&__str[__neg], __len, __uval);
        -: 4034:    return __str;
        -: 4035:  }
        -: 4036:
        -: 4037:  inline string
        -: 4038:  to_string(unsigned __val)
        -: 4039:#if _GLIBCXX_USE_CXX11_ABI && (__CHAR_BIT__ * __SIZEOF_INT__) <= 32
        -: 4040:  noexcept // any 32-bit value fits in the SSO buffer
        -: 4041:#endif
        -: 4042:  {
        -: 4043:    string __str(__detail::__to_chars_len(__val), '\0');
        -: 4044:    __detail::__to_chars_10_impl(&__str[0], __str.size(), __val);
        -: 4045:    return __str;
        -: 4046:  }
        -: 4047:
        -: 4048:  inline string
        -: 4049:  to_string(long __val)
        -: 4050:#if _GLIBCXX_USE_CXX11_ABI && (__CHAR_BIT__ * __SIZEOF_LONG__) <= 32
        -: 4051:  noexcept // any 32-bit value fits in the SSO buffer
        -: 4052:#endif
        -: 4053:  {
        -: 4054:    const bool __neg = __val < 0;
        -: 4055:    const unsigned long __uval = __neg ? (unsigned long)~__val + 1ul : __val;
        -: 4056:    const auto __len = __detail::__to_chars_len(__uval);
        -: 4057:    string __str(__neg + __len, '-');
        -: 4058:    __detail::__to_chars_10_impl(&__str[__neg], __len, __uval);
        -: 4059:    return __str;
        -: 4060:  }
        -: 4061:
        -: 4062:  inline string
        -: 4063:  to_string(unsigned long __val)
        -: 4064:#if _GLIBCXX_USE_CXX11_ABI && (__CHAR_BIT__ * __SIZEOF_LONG__) <= 32
        -: 4065:  noexcept // any 32-bit value fits in the SSO buffer
        -: 4066:#endif
        -: 4067:  {
        -: 4068:    string __str(__detail::__to_chars_len(__val), '\0');
        -: 4069:    __detail::__to_chars_10_impl(&__str[0], __str.size(), __val);
        -: 4070:    return __str;
        -: 4071:  }
        -: 4072:
        -: 4073:  inline string
        -: 4074:  to_string(long long __val)
        -: 4075:  {
        -: 4076:    const bool __neg = __val < 0;
        -: 4077:    const unsigned long long __uval
        -: 4078:      = __neg ? (unsigned long long)~__val + 1ull : __val;
        -: 4079:    const auto __len = __detail::__to_chars_len(__uval);
        -: 4080:    string __str(__neg + __len, '-');
        -: 4081:    __detail::__to_chars_10_impl(&__str[__neg], __len, __uval);
        -: 4082:    return __str;
        -: 4083:  }
        -: 4084:
        -: 4085:  inline string
        -: 4086:  to_string(unsigned long long __val)
        -: 4087:  {
        -: 4088:    string __str(__detail::__to_chars_len(__val), '\0');
        -: 4089:    __detail::__to_chars_10_impl(&__str[0], __str.size(), __val);
        -: 4090:    return __str;
        -: 4091:  }
        -: 4092:
        -: 4093:#if _GLIBCXX_USE_C99_STDIO
        -: 4094:  // NB: (v)snprintf vs sprintf.
        -: 4095:
        -: 4096:  inline string
        -: 4097:  to_string(float __val)
        -: 4098:  {
        -: 4099:    const int __n = 
        -: 4100:      __gnu_cxx::__numeric_traits<float>::__max_exponent10 + 20;
        -: 4101:    return __gnu_cxx::__to_xstring<string>(&std::vsnprintf, __n,
        -: 4102:					   "%f", __val);
        -: 4103:  }
        -: 4104:
        -: 4105:  inline string
        -: 4106:  to_string(double __val)
        -: 4107:  {
        -: 4108:    const int __n = 
        -: 4109:      __gnu_cxx::__numeric_traits<double>::__max_exponent10 + 20;
        -: 4110:    return __gnu_cxx::__to_xstring<string>(&std::vsnprintf, __n,
        -: 4111:					   "%f", __val);
        -: 4112:  }
        -: 4113:
        -: 4114:  inline string
        -: 4115:  to_string(long double __val)
        -: 4116:  {
        -: 4117:    const int __n = 
        -: 4118:      __gnu_cxx::__numeric_traits<long double>::__max_exponent10 + 20;
        -: 4119:    return __gnu_cxx::__to_xstring<string>(&std::vsnprintf, __n,
        -: 4120:					   "%Lf", __val);
        -: 4121:  }
        -: 4122:#endif // _GLIBCXX_USE_C99_STDIO
        -: 4123:
        -: 4124:#if defined(_GLIBCXX_USE_WCHAR_T) && _GLIBCXX_USE_C99_WCHAR
        -: 4125:  inline int 
        -: 4126:  stoi(const wstring& __str, size_t* __idx = 0, int __base = 10)
        -: 4127:  { return __gnu_cxx::__stoa<long, int>(&std::wcstol, "stoi", __str.c_str(),
        -: 4128:					__idx, __base); }
        -: 4129:
        -: 4130:  inline long 
        -: 4131:  stol(const wstring& __str, size_t* __idx = 0, int __base = 10)
        -: 4132:  { return __gnu_cxx::__stoa(&std::wcstol, "stol", __str.c_str(),
        -: 4133:			     __idx, __base); }
        -: 4134:
        -: 4135:  inline unsigned long
        -: 4136:  stoul(const wstring& __str, size_t* __idx = 0, int __base = 10)
        -: 4137:  { return __gnu_cxx::__stoa(&std::wcstoul, "stoul", __str.c_str(),
        -: 4138:			     __idx, __base); }
        -: 4139:
        -: 4140:  inline long long
        -: 4141:  stoll(const wstring& __str, size_t* __idx = 0, int __base = 10)
        -: 4142:  { return __gnu_cxx::__stoa(&std::wcstoll, "stoll", __str.c_str(),
        -: 4143:			     __idx, __base); }
        -: 4144:
        -: 4145:  inline unsigned long long
        -: 4146:  stoull(const wstring& __str, size_t* __idx = 0, int __base = 10)
        -: 4147:  { return __gnu_cxx::__stoa(&std::wcstoull, "stoull", __str.c_str(),
        -: 4148:			     __idx, __base); }
        -: 4149:
        -: 4150:  // NB: wcstof vs wcstod.
        -: 4151:  inline float
        -: 4152:  stof(const wstring& __str, size_t* __idx = 0)
        -: 4153:  { return __gnu_cxx::__stoa(&std::wcstof, "stof", __str.c_str(), __idx); }
        -: 4154:
        -: 4155:  inline double
        -: 4156:  stod(const wstring& __str, size_t* __idx = 0)
        -: 4157:  { return __gnu_cxx::__stoa(&std::wcstod, "stod", __str.c_str(), __idx); }
        -: 4158:
        -: 4159:  inline long double
        -: 4160:  stold(const wstring& __str, size_t* __idx = 0)
        -: 4161:  { return __gnu_cxx::__stoa(&std::wcstold, "stold", __str.c_str(), __idx); }
        -: 4162:
        -: 4163:#ifndef _GLIBCXX_HAVE_BROKEN_VSWPRINTF
        -: 4164:  // DR 1261.
        -: 4165:  inline wstring
        -: 4166:  to_wstring(int __val)
        -: 4167:  { return __gnu_cxx::__to_xstring<wstring>(&std::vswprintf, 4 * sizeof(int),
        -: 4168:					    L"%d", __val); }
        -: 4169:
        -: 4170:  inline wstring
        -: 4171:  to_wstring(unsigned __val)
        -: 4172:  { return __gnu_cxx::__to_xstring<wstring>(&std::vswprintf,
        -: 4173:					    4 * sizeof(unsigned),
        -: 4174:					    L"%u", __val); }
        -: 4175:
        -: 4176:  inline wstring
        -: 4177:  to_wstring(long __val)
        -: 4178:  { return __gnu_cxx::__to_xstring<wstring>(&std::vswprintf, 4 * sizeof(long),
        -: 4179:					    L"%ld", __val); }
        -: 4180:
        -: 4181:  inline wstring
        -: 4182:  to_wstring(unsigned long __val)
        -: 4183:  { return __gnu_cxx::__to_xstring<wstring>(&std::vswprintf,
        -: 4184:					    4 * sizeof(unsigned long),
        -: 4185:					    L"%lu", __val); }
        -: 4186:
        -: 4187:  inline wstring
        -: 4188:  to_wstring(long long __val)
        -: 4189:  { return __gnu_cxx::__to_xstring<wstring>(&std::vswprintf,
        -: 4190:					    4 * sizeof(long long),
        -: 4191:					    L"%lld", __val); }
        -: 4192:
        -: 4193:  inline wstring
        -: 4194:  to_wstring(unsigned long long __val)
        -: 4195:  { return __gnu_cxx::__to_xstring<wstring>(&std::vswprintf,
        -: 4196:					    4 * sizeof(unsigned long long),
        -: 4197:					    L"%llu", __val); }
        -: 4198:
        -: 4199:  inline wstring
        -: 4200:  to_wstring(float __val)
        -: 4201:  {
        -: 4202:    const int __n =
        -: 4203:      __gnu_cxx::__numeric_traits<float>::__max_exponent10 + 20;
        -: 4204:    return __gnu_cxx::__to_xstring<wstring>(&std::vswprintf, __n,
        -: 4205:					    L"%f", __val);
        -: 4206:  }
        -: 4207:
        -: 4208:  inline wstring
        -: 4209:  to_wstring(double __val)
        -: 4210:  {
        -: 4211:    const int __n =
        -: 4212:      __gnu_cxx::__numeric_traits<double>::__max_exponent10 + 20;
        -: 4213:    return __gnu_cxx::__to_xstring<wstring>(&std::vswprintf, __n,
        -: 4214:					    L"%f", __val);
        -: 4215:  }
        -: 4216:
        -: 4217:  inline wstring
        -: 4218:  to_wstring(long double __val)
        -: 4219:  {
        -: 4220:    const int __n =
        -: 4221:      __gnu_cxx::__numeric_traits<long double>::__max_exponent10 + 20;
        -: 4222:    return __gnu_cxx::__to_xstring<wstring>(&std::vswprintf, __n,
        -: 4223:					    L"%Lf", __val);
        -: 4224:  }
        -: 4225:#endif // _GLIBCXX_HAVE_BROKEN_VSWPRINTF
        -: 4226:#endif // _GLIBCXX_USE_WCHAR_T && _GLIBCXX_USE_C99_WCHAR
        -: 4227:
        -: 4228:_GLIBCXX_END_NAMESPACE_CXX11
        -: 4229:_GLIBCXX_END_NAMESPACE_VERSION
        -: 4230:} // namespace
        -: 4231:
        -: 4232:#endif /* C++11 */
        -: 4233:
        -: 4234:#if __cplusplus >= 201103L
        -: 4235:
        -: 4236:#include <bits/functional_hash.h>
        -: 4237:
        -: 4238:namespace std _GLIBCXX_VISIBILITY(default)
        -: 4239:{
        -: 4240:_GLIBCXX_BEGIN_NAMESPACE_VERSION
        -: 4241:
        -: 4242:  // DR 1182.
        -: 4243:
        -: 4244:#ifndef _GLIBCXX_COMPATIBILITY_CXX0X
        -: 4245:  /// std::hash specialization for string.
        -: 4246:  template<>
        -: 4247:    struct hash<string>
        -: 4248:    : public __hash_base<size_t, string>
        -: 4249:    {
        -: 4250:      size_t
        -: 4251:      operator()(const string& __s) const noexcept
        -: 4252:      { return std::_Hash_impl::hash(__s.data(), __s.length()); }
        -: 4253:    };
        -: 4254:
        -: 4255:  template<>
        -: 4256:    struct __is_fast_hash<hash<string>> : std::false_type
        -: 4257:    { };
        -: 4258:
        -: 4259:  /// std::hash specialization for wstring.
        -: 4260:  template<>
        -: 4261:    struct hash<wstring>
        -: 4262:    : public __hash_base<size_t, wstring>
        -: 4263:    {
        -: 4264:      size_t
        -: 4265:      operator()(const wstring& __s) const noexcept
        -: 4266:      { return std::_Hash_impl::hash(__s.data(),
        -: 4267:                                     __s.length() * sizeof(wchar_t)); }
        -: 4268:    };
        -: 4269:
        -: 4270:  template<>
        -: 4271:    struct __is_fast_hash<hash<wstring>> : std::false_type
        -: 4272:    { };
        -: 4273:#endif /* _GLIBCXX_COMPATIBILITY_CXX0X */
        -: 4274:
        -: 4275:#ifdef _GLIBCXX_USE_CHAR8_T
        -: 4276:  /// std::hash specialization for u8string.
        -: 4277:  template<>
        -: 4278:    struct hash<u8string>
        -: 4279:    : public __hash_base<size_t, u8string>
        -: 4280:    {
        -: 4281:      size_t
        -: 4282:      operator()(const u8string& __s) const noexcept
        -: 4283:      { return std::_Hash_impl::hash(__s.data(),
        -: 4284:                                     __s.length() * sizeof(char8_t)); }
        -: 4285:    };
        -: 4286:
        -: 4287:  template<>
        -: 4288:    struct __is_fast_hash<hash<u8string>> : std::false_type
        -: 4289:    { };
        -: 4290:#endif
        -: 4291:
        -: 4292:  /// std::hash specialization for u16string.
        -: 4293:  template<>
        -: 4294:    struct hash<u16string>
        -: 4295:    : public __hash_base<size_t, u16string>
        -: 4296:    {
        -: 4297:      size_t
        -: 4298:      operator()(const u16string& __s) const noexcept
        -: 4299:      { return std::_Hash_impl::hash(__s.data(),
        -: 4300:                                     __s.length() * sizeof(char16_t)); }
        -: 4301:    };
        -: 4302:
        -: 4303:  template<>
        -: 4304:    struct __is_fast_hash<hash<u16string>> : std::false_type
        -: 4305:    { };
        -: 4306:
        -: 4307:  /// std::hash specialization for u32string.
        -: 4308:  template<>
        -: 4309:    struct hash<u32string>
        -: 4310:    : public __hash_base<size_t, u32string>
        -: 4311:    {
        -: 4312:      size_t
        -: 4313:      operator()(const u32string& __s) const noexcept
        -: 4314:      { return std::_Hash_impl::hash(__s.data(),
        -: 4315:                                     __s.length() * sizeof(char32_t)); }
        -: 4316:    };
        -: 4317:
        -: 4318:  template<>
        -: 4319:    struct __is_fast_hash<hash<u32string>> : std::false_type
        -: 4320:    { };
        -: 4321:
        -: 4322:#if __cplusplus >= 201402L
        -: 4323:
        -: 4324:#define __cpp_lib_string_udls 201304L
        -: 4325:
        -: 4326:  inline namespace literals
        -: 4327:  {
        -: 4328:  inline namespace string_literals
        -: 4329:  {
        -: 4330:#pragma GCC diagnostic push
        -: 4331:#pragma GCC diagnostic ignored "-Wliteral-suffix"
        -: 4332:
        -: 4333:#if __cpp_lib_constexpr_string >= 201907L
        -: 4334:# define _GLIBCXX_STRING_CONSTEXPR constexpr
        -: 4335:#else
        -: 4336:# define _GLIBCXX_STRING_CONSTEXPR
        -: 4337:#endif
        -: 4338:
        -: 4339:    _GLIBCXX_DEFAULT_ABI_TAG _GLIBCXX_STRING_CONSTEXPR
        -: 4340:    inline basic_string<char>
        -: 4341:    operator""s(const char* __str, size_t __len)
        -: 4342:    { return basic_string<char>{__str, __len}; }
        -: 4343:
        -: 4344:    _GLIBCXX_DEFAULT_ABI_TAG _GLIBCXX_STRING_CONSTEXPR
        -: 4345:    inline basic_string<wchar_t>
        -: 4346:    operator""s(const wchar_t* __str, size_t __len)
        -: 4347:    { return basic_string<wchar_t>{__str, __len}; }
        -: 4348:
        -: 4349:#ifdef _GLIBCXX_USE_CHAR8_T
        -: 4350:    _GLIBCXX_DEFAULT_ABI_TAG _GLIBCXX_STRING_CONSTEXPR
        -: 4351:    inline basic_string<char8_t>
        -: 4352:    operator""s(const char8_t* __str, size_t __len)
        -: 4353:    { return basic_string<char8_t>{__str, __len}; }
        -: 4354:#endif
        -: 4355:
        -: 4356:    _GLIBCXX_DEFAULT_ABI_TAG _GLIBCXX_STRING_CONSTEXPR
        -: 4357:    inline basic_string<char16_t>
        -: 4358:    operator""s(const char16_t* __str, size_t __len)
        -: 4359:    { return basic_string<char16_t>{__str, __len}; }
        -: 4360:
        -: 4361:    _GLIBCXX_DEFAULT_ABI_TAG _GLIBCXX_STRING_CONSTEXPR
        -: 4362:    inline basic_string<char32_t>
        -: 4363:    operator""s(const char32_t* __str, size_t __len)
        -: 4364:    { return basic_string<char32_t>{__str, __len}; }
        -: 4365:
        -: 4366:#undef _GLIBCXX_STRING_CONSTEXPR
        -: 4367:#pragma GCC diagnostic pop
        -: 4368:  } // inline namespace string_literals
        -: 4369:  } // inline namespace literals
        -: 4370:
        -: 4371:#if __cplusplus >= 201703L
        -: 4372:  namespace __detail::__variant
        -: 4373:  {
        -: 4374:    template<typename> struct _Never_valueless_alt; // see <variant>
        -: 4375:
        -: 4376:    // Provide the strong exception-safety guarantee when emplacing a
        -: 4377:    // basic_string into a variant, but only if moving the string cannot throw.
        -: 4378:    template<typename _Tp, typename _Traits, typename _Alloc>
        -: 4379:      struct _Never_valueless_alt<std::basic_string<_Tp, _Traits, _Alloc>>
        -: 4380:      : __and_<
        -: 4381:	is_nothrow_move_constructible<std::basic_string<_Tp, _Traits, _Alloc>>,
        -: 4382:	is_nothrow_move_assignable<std::basic_string<_Tp, _Traits, _Alloc>>
        -: 4383:	>::type
        -: 4384:      { };
        -: 4385:  }  // namespace __detail::__variant
        -: 4386:#endif // C++17
        -: 4387:#endif // C++14
        -: 4388:
        -: 4389:_GLIBCXX_END_NAMESPACE_VERSION
        -: 4390:} // namespace std
        -: 4391:
        -: 4392:#endif // C++11
        -: 4393:
        -: 4394:#endif /* _BASIC_STRING_H */
